2017-04-04 09:39:45-main--INFO -com.ctaf.accelerators.TestEngine:Starting browser : chrome
2017-04-04 09:40:33-main--INFO -com.ctaf.accelerators.TestEngine:Current Test : TC57_Detail_Setting_Project_Desc
2017-04-04 09:40:33-main--INFO -com.ctaf.accelerators.TestEngine:in login
2017-04-04 09:40:33-main--INFO -com.ctaf.accelerators.TestEngine:Successfully click on Click on Home Page Login
2017-04-04 09:40:33-main--INFO -com.ctaf.accelerators.TestEngine:Type  autosm2017@gmail.com in Email address
2017-04-04 09:40:33-main--INFO -com.ctaf.accelerators.TestEngine:Type  Automation2017 in Password
2017-04-04 09:40:33-main--INFO -com.ctaf.accelerators.TestEngine:Successfully click on Login button
2017-04-04 09:40:48-main--INFO -com.ctaf.accelerators.TestEngine:in navigateConsultation
2017-04-04 09:41:42-main--INFO -com.ctaf.accelerators.TestEngine:Successfully click on Selected Project
2017-04-04 09:41:42-main--INFO -com.ctaf.accelerators.TestEngine:Element By.xpath: //li[contains(text(),'Testing on Chrome Browser - do not delete')] is present
2017-04-04 09:41:52-main--INFO -com.ctaf.accelerators.TestEngine:in navigateToSetting
2017-04-04 09:42:03-main--INFO -com.ctaf.accelerators.TestEngine:Successfully click on Settings
2017-04-04 09:42:13-main--INFO -com.ctaf.accelerators.TestEngine:in getRandomString
2017-04-04 09:42:13-main--INFO -com.ctaf.accelerators.TestEngine:in getRandomString
2017-04-04 09:42:15-main--INFO -com.ctaf.accelerators.TestEngine:Type  Testing on Chrome Browser - do not delete - Enex - Io in Project Desc
2017-04-04 10:07:59-main--INFO -com.ctaf.accelerators.TestEngine:Starting browser : chrome
2017-04-04 10:08:34-main--INFO -com.ctaf.accelerators.TestEngine:Current Test : TC83_Design_Site_Sub_Page_Template
2017-04-04 10:08:34-main--INFO -com.ctaf.accelerators.TestEngine:in login
2017-04-04 10:08:35-main--INFO -com.ctaf.accelerators.TestEngine:Successfully click on Click on Home Page Login
2017-04-04 10:08:35-main--INFO -com.ctaf.accelerators.TestEngine:Type  autosm2017@gmail.com in Email address
2017-04-04 10:08:35-main--INFO -com.ctaf.accelerators.TestEngine:Type  Automation2017 in Password
2017-04-04 10:08:35-main--INFO -com.ctaf.accelerators.TestEngine:Successfully click on Login button
2017-04-04 10:08:50-main--INFO -com.ctaf.accelerators.TestEngine:in navigateToSiteSubPage
2017-04-04 10:09:11-main--INFO -com.ctaf.accelerators.TestEngine:Successfully click on Page
2017-04-04 10:09:41-main--INFO -com.ctaf.accelerators.TestEngine:Successfully click on More
2017-04-04 10:09:57-main--INFO -com.ctaf.accelerators.TestEngine:Successfully click on Site Sub Page
2017-04-04 10:10:07-main--INFO -com.ctaf.accelerators.TestEngine:Successfully click on Page Name
2017-04-04 10:10:12-main--INFO -com.ctaf.accelerators.TestEngine:Type  Testing Design in Project Name
2017-04-04 10:11:02-main--INFO -com.ctaf.accelerators.TestEngine:Successfully click on Design
2017-04-04 10:11:13-main--INFO -com.ctaf.accelerators.TestEngine:Successfully click on Expand
2017-04-04 10:11:15-main--INFO -com.ctaf.accelerators.TestEngine:Successfully click on Full
2017-04-04 10:11:15-main--INFO -com.ctaf.accelerators.TestEngine:Successfully click on SaveChanges
2017-04-04 10:11:37-main--INFO -com.ctaf.accelerators.TestEngine:Successfully click on Save Page
2017-04-04 10:11:42-main--INFO -com.ctaf.accelerators.TestEngine:in workflow
2017-04-04 10:11:42-main--INFO -com.ctaf.accelerators.TestEngine:in sumbitWorkflow
2017-04-04 10:11:47-main--INFO -com.ctaf.accelerators.TestEngine:Type  Testing Template in Version Comment
2017-04-04 10:28:13-main--INFO -com.ctaf.accelerators.TestEngine:Starting browser : chrome
2017-04-04 10:28:54-main--INFO -com.ctaf.accelerators.TestEngine:Current Test : TC84_Detail_Site_Sub_Page_Project
2017-04-04 10:28:54-main--INFO -com.ctaf.accelerators.TestEngine:in login
2017-04-04 10:28:55-main--INFO -com.ctaf.accelerators.TestEngine:Successfully click on Click on Home Page Login
2017-04-04 10:28:55-main--INFO -com.ctaf.accelerators.TestEngine:Type  autosm2017@gmail.com in Email address
2017-04-04 10:28:55-main--INFO -com.ctaf.accelerators.TestEngine:Type  Automation2017 in Password
2017-04-04 10:28:55-main--INFO -com.ctaf.accelerators.TestEngine:Successfully click on Login button
2017-04-04 10:29:10-main--INFO -com.ctaf.accelerators.TestEngine:in navigateToSiteSubPage
2017-04-04 10:29:37-main--INFO -com.ctaf.accelerators.TestEngine:Successfully click on Page
2017-04-04 10:30:08-main--INFO -com.ctaf.accelerators.TestEngine:Successfully click on More
2017-04-04 10:30:25-main--INFO -com.ctaf.accelerators.TestEngine:Successfully click on Site Sub Page
2017-04-04 10:30:35-main--INFO -com.ctaf.accelerators.TestEngine:in getRandomString
2017-04-04 10:30:35-main--INFO -com.ctaf.accelerators.TestEngine:Successfully click on Details
2017-04-04 10:30:40-main--INFO -com.ctaf.accelerators.TestEngine:Successfully click on Project Name
2017-04-04 10:30:40-main--INFO -com.ctaf.accelerators.TestEngine:Type  Testing on Chrome Browser - do not delete - UgLf in Project Name
2017-04-04 10:31:00-main--INFO -com.ctaf.accelerators.TestEngine:Successfully click on Submit
2017-04-04 10:31:10-main--INFO -com.ctaf.accelerators.TestEngine:Successfully click on Save Page
2017-04-04 10:31:15-main--INFO -com.ctaf.accelerators.TestEngine:in workflow
2017-04-04 10:31:15-main--INFO -com.ctaf.accelerators.TestEngine:in sumbitWorkflow
2017-04-04 10:31:21-main--INFO -com.ctaf.accelerators.TestEngine:Type  Testing Details in Version Comment
2017-04-04 10:38:41-main--INFO -com.ctaf.accelerators.TestEngine:Starting browser : chrome
2017-04-04 10:39:50-main--INFO -com.ctaf.accelerators.TestEngine:Starting browser : chrome
2017-04-04 10:40:24-main--INFO -com.ctaf.accelerators.TestEngine:Current Test : TC83_Design_Site_Sub_Page_Template
2017-04-04 10:40:24-main--INFO -com.ctaf.accelerators.TestEngine:in login
2017-04-04 10:40:24-main--INFO -com.ctaf.accelerators.TestEngine:Successfully click on Click on Home Page Login
2017-04-04 10:40:25-main--INFO -com.ctaf.accelerators.TestEngine:Type  autosm2017@gmail.com in Email address
2017-04-04 10:40:25-main--INFO -com.ctaf.accelerators.TestEngine:Type  Automation2017 in Password
2017-04-04 10:40:25-main--INFO -com.ctaf.accelerators.TestEngine:Successfully click on Login button
2017-04-04 10:40:40-main--INFO -com.ctaf.accelerators.TestEngine:in navigateToSiteSubPage
2017-04-04 10:41:04-main--INFO -com.ctaf.accelerators.TestEngine:Successfully click on Page
2017-04-04 10:41:34-main--INFO -com.ctaf.accelerators.TestEngine:Successfully click on More
2017-04-04 10:41:50-main--INFO -com.ctaf.accelerators.TestEngine:Successfully click on Site Sub Page
2017-04-04 10:42:13-main--INFO -com.ctaf.accelerators.TestEngine:Successfully click on Page Name
2017-04-04 10:42:26-main--INFO -com.ctaf.accelerators.TestEngine:Type  Testing Design in Project Name
2017-04-04 10:43:35-main--INFO -com.ctaf.accelerators.TestEngine:Successfully click on Design
2017-04-04 10:44:00-main--INFO -com.ctaf.accelerators.TestEngine:Successfully click on Expand
2017-04-04 10:44:05-main--INFO -com.ctaf.accelerators.TestEngine:Successfully click on Full
2017-04-04 10:44:09-main--INFO -com.ctaf.accelerators.TestEngine:Successfully click on SaveChanges
2017-04-04 10:44:57-main--INFO -com.ctaf.accelerators.TestEngine:Successfully click on Save Page
2017-04-04 10:45:08-main--INFO -com.ctaf.accelerators.TestEngine:in workflow
2017-04-04 10:45:10-main--INFO -com.ctaf.accelerators.TestEngine:in sumbitWorkflow
2017-04-04 10:45:15-main--INFO -com.ctaf.accelerators.TestEngine:Type  Testing Template in Version Comment
2017-04-04 10:55:48-main--INFO -com.ctaf.accelerators.TestEngine:Starting browser : chrome
2017-04-04 10:56:32-main--INFO -com.ctaf.accelerators.TestEngine:Current Test : TC90_Design_Page_News_Page_Template
2017-04-04 10:56:32-main--INFO -com.ctaf.accelerators.TestEngine:in login
2017-04-04 10:56:32-main--INFO -com.ctaf.accelerators.TestEngine:Successfully click on Click on Home Page Login
2017-04-04 10:56:32-main--INFO -com.ctaf.accelerators.TestEngine:Type  autosm2017@gmail.com in Email address
2017-04-04 10:56:32-main--INFO -com.ctaf.accelerators.TestEngine:Type  Automation2017 in Password
2017-04-04 10:56:32-main--INFO -com.ctaf.accelerators.TestEngine:Successfully click on Login button
2017-04-04 10:56:47-main--INFO -com.ctaf.accelerators.TestEngine:in navigateToNewsPage
2017-04-04 10:57:09-main--INFO -com.ctaf.accelerators.TestEngine:Successfully click on Page
2017-04-04 10:57:39-main--INFO -com.ctaf.accelerators.TestEngine:Successfully click on More
2017-04-04 10:58:00-main--INFO -com.ctaf.accelerators.TestEngine:Successfully click on News Page
2017-04-04 10:58:10-main--INFO -com.ctaf.accelerators.TestEngine:Type  Testing Design in Project Name
2017-04-04 10:58:51-main--INFO -com.ctaf.accelerators.TestEngine:Successfully click on Design
2017-04-04 10:59:01-main--INFO -com.ctaf.accelerators.TestEngine:News Full is displaying
2017-04-04 10:59:01-main--INFO -com.ctaf.accelerators.TestEngine:Successfully click on SaveChanges
2017-04-04 10:59:17-main--INFO -com.ctaf.accelerators.TestEngine:Successfully click on Save Page
2017-04-04 10:59:22-main--INFO -com.ctaf.accelerators.TestEngine:in workflow
2017-04-04 10:59:22-main--INFO -com.ctaf.accelerators.TestEngine:in sumbitWorkflow
2017-04-04 10:59:28-main--INFO -com.ctaf.accelerators.TestEngine:Type  Testing Template in Version Comment
2017-04-04 11:00:25-main--INFO -com.ctaf.accelerators.TestEngine:Starting browser : chrome
2017-04-04 11:03:08-main--INFO -com.ctaf.accelerators.TestEngine:Current Test : TC90_Design_Page_News_Page_Template
2017-04-04 11:03:08-main--INFO -com.ctaf.accelerators.TestEngine:in login
2017-04-04 11:03:08-main--INFO -com.ctaf.accelerators.TestEngine:Successfully click on Click on Home Page Login
2017-04-04 11:03:08-main--INFO -com.ctaf.accelerators.TestEngine:Type  autosm2017@gmail.com in Email address
2017-04-04 11:03:09-main--INFO -com.ctaf.accelerators.TestEngine:Type  Automation2017 in Password
2017-04-04 11:03:09-main--INFO -com.ctaf.accelerators.TestEngine:Successfully click on Login button
2017-04-04 11:03:24-main--INFO -com.ctaf.accelerators.TestEngine:in navigateToNewsPage
2017-04-04 11:03:50-main--INFO -com.ctaf.accelerators.TestEngine:Successfully click on Page
2017-04-04 11:04:21-main--INFO -com.ctaf.accelerators.TestEngine:Successfully click on More
2017-04-04 11:04:41-main--INFO -com.ctaf.accelerators.TestEngine:Successfully click on News Page
2017-04-04 11:04:51-main--INFO -com.ctaf.accelerators.TestEngine:Type  Testing Design in Project Name
2017-04-04 11:18:58-main--INFO -com.ctaf.accelerators.TestEngine:Starting browser : chrome
2017-04-04 11:19:38-main--INFO -com.ctaf.accelerators.TestEngine:Current Test : TC94_Verify_Page_Sitemap_Links
2017-04-04 11:19:38-main--INFO -com.ctaf.accelerators.TestEngine:in login
2017-04-04 11:19:38-main--INFO -com.ctaf.accelerators.TestEngine:Successfully click on Click on Home Page Login
2017-04-04 11:19:39-main--INFO -com.ctaf.accelerators.TestEngine:Type  autosm2017@gmail.com in Email address
2017-04-04 11:19:39-main--INFO -com.ctaf.accelerators.TestEngine:Type  Automation2017 in Password
2017-04-04 11:19:39-main--INFO -com.ctaf.accelerators.TestEngine:Successfully click on Login button
2017-04-04 11:20:30-main--INFO -com.ctaf.accelerators.TestEngine:Successfully click on Authroing/Page
2017-04-04 11:21:54-main--INFO -com.ctaf.accelerators.TestEngine:Successfully click on Expand Sitemap
2017-04-04 11:22:21-main--INFO -com.ctaf.accelerators.TestEngine:Successfully click on Page/Sitemap/Home
2017-04-04 11:34:02-main--INFO -com.ctaf.accelerators.TestEngine:Starting browser : chrome
2017-04-04 11:34:40-main--INFO -com.ctaf.accelerators.TestEngine:Current Test : TC94_Verify_Page_Sitemap_Links
2017-04-04 11:34:40-main--INFO -com.ctaf.accelerators.TestEngine:in login
2017-04-04 11:34:41-main--INFO -com.ctaf.accelerators.TestEngine:Successfully click on Click on Home Page Login
2017-04-04 11:34:41-main--INFO -com.ctaf.accelerators.TestEngine:Type  autosm2017@gmail.com in Email address
2017-04-04 11:34:41-main--INFO -com.ctaf.accelerators.TestEngine:Type  Automation2017 in Password
2017-04-04 11:34:41-main--INFO -com.ctaf.accelerators.TestEngine:Successfully click on Login button
2017-04-04 11:35:22-main--INFO -com.ctaf.accelerators.TestEngine:Successfully click on Authroing/Page
2017-04-04 11:37:19-main--INFO -com.ctaf.accelerators.TestEngine:Successfully click on Expand Sitemap
2017-04-04 11:37:49-main--INFO -com.ctaf.accelerators.TestEngine:Successfully click on Page/Sitemap/Home
2017-04-04 11:50:35-main--INFO -com.ctaf.accelerators.TestEngine:Starting browser : chrome
2017-04-04 11:51:20-main--INFO -com.ctaf.accelerators.TestEngine:Current Test : TC94_Verify_Page_Sitemap_Links
2017-04-04 11:51:20-main--INFO -com.ctaf.accelerators.TestEngine:in login
2017-04-04 11:51:20-main--INFO -com.ctaf.accelerators.TestEngine:Successfully click on Click on Home Page Login
2017-04-04 11:51:21-main--INFO -com.ctaf.accelerators.TestEngine:Type  autosm2017@gmail.com in Email address
2017-04-04 11:51:21-main--INFO -com.ctaf.accelerators.TestEngine:Type  Automation2017 in Password
2017-04-04 11:51:21-main--INFO -com.ctaf.accelerators.TestEngine:Successfully click on Login button
2017-04-04 11:53:33-main--INFO -com.ctaf.accelerators.TestEngine:Starting browser : chrome
2017-04-04 11:54:13-main--INFO -com.ctaf.accelerators.TestEngine:Current Test : TC94_Verify_Page_Sitemap_Links
2017-04-04 11:54:13-main--INFO -com.ctaf.accelerators.TestEngine:in login
2017-04-04 11:54:13-main--INFO -com.ctaf.accelerators.TestEngine:Successfully click on Click on Home Page Login
2017-04-04 11:54:13-main--INFO -com.ctaf.accelerators.TestEngine:Type  autosm2017@gmail.com in Email address
2017-04-04 11:54:13-main--INFO -com.ctaf.accelerators.TestEngine:Type  Automation2017 in Password
2017-04-04 11:54:14-main--INFO -com.ctaf.accelerators.TestEngine:Successfully click on Login button
2017-04-04 11:54:56-main--INFO -com.ctaf.accelerators.TestEngine:Successfully click on Authroing/Page
2017-04-04 11:56:12-main--INFO -com.ctaf.accelerators.TestEngine:Successfully click on Expand Sitemap
2017-04-04 11:56:58-main--INFO -com.ctaf.accelerators.TestEngine:Successfully click on Page/Sitemap/Home
2017-04-04 11:57:08-main--INFO -com.ctaf.accelerators.TestEngine:Successfully click on Authroing/Page
2017-04-04 11:58:35-main--INFO -com.ctaf.accelerators.TestEngine:Successfully click on Page/Sitemap/Privacy
2017-04-04 11:58:43-main--INFO -com.ctaf.accelerators.TestEngine:Element By.xpath: //h1[@class='mod-lg' and contains(text(),'Privacy Policy')] is present
2017-04-04 11:58:43-main--INFO -com.ctaf.accelerators.TestEngine:Successfully click on Authroing/Page
2017-04-04 12:02:52-main--INFO -com.ctaf.accelerators.TestEngine:Starting browser : chrome
2017-04-04 12:03:33-main--INFO -com.ctaf.accelerators.TestEngine:Current Test : TC94_Verify_Page_Sitemap_Links
2017-04-04 12:03:33-main--INFO -com.ctaf.accelerators.TestEngine:in login
2017-04-04 12:03:34-main--INFO -com.ctaf.accelerators.TestEngine:Successfully click on Click on Home Page Login
2017-04-04 12:03:34-main--INFO -com.ctaf.accelerators.TestEngine:Type  autosm2017@gmail.com in Email address
2017-04-04 12:03:34-main--INFO -com.ctaf.accelerators.TestEngine:Type  Automation2017 in Password
2017-04-04 12:03:34-main--INFO -com.ctaf.accelerators.TestEngine:Successfully click on Login button
2017-04-04 12:04:14-main--INFO -com.ctaf.accelerators.TestEngine:Successfully click on Authroing/Page
2017-04-04 12:05:25-main--INFO -com.ctaf.accelerators.TestEngine:Successfully click on Expand Sitemap
2017-04-04 12:05:25-main--INFO -com.ctaf.accelerators.TestEngine:Successfully click on Page/Sitemap/Home
2017-04-04 12:05:30-main--INFO -com.ctaf.accelerators.TestEngine:Successfully click on Authroing/Page
2017-04-04 12:06:45-main--INFO -com.ctaf.accelerators.TestEngine:Starting browser : chrome
2017-04-04 12:07:23-main--INFO -com.ctaf.accelerators.TestEngine:Current Test : TC94_Verify_Page_Sitemap_Links
2017-04-04 12:07:23-main--INFO -com.ctaf.accelerators.TestEngine:in login
2017-04-04 12:07:23-main--INFO -com.ctaf.accelerators.TestEngine:Successfully click on Click on Home Page Login
2017-04-04 12:07:23-main--INFO -com.ctaf.accelerators.TestEngine:Type  autosm2017@gmail.com in Email address
2017-04-04 12:07:23-main--INFO -com.ctaf.accelerators.TestEngine:Type  Automation2017 in Password
2017-04-04 12:07:23-main--INFO -com.ctaf.accelerators.TestEngine:Successfully click on Login button
2017-04-04 12:08:06-main--INFO -com.ctaf.accelerators.TestEngine:Successfully click on Authroing/Page
2017-04-04 12:09:20-main--INFO -com.ctaf.accelerators.TestEngine:Successfully click on Expand Sitemap
2017-04-04 12:09:48-main--INFO -com.ctaf.accelerators.TestEngine:Successfully click on Page/Sitemap/Home
2017-04-04 12:09:53-main--INFO -com.ctaf.accelerators.TestEngine:Successfully click on Authroing/Page
2017-04-04 12:11:22-main--INFO -com.ctaf.accelerators.TestEngine:Successfully click on Page/Sitemap/Privacy
2017-04-04 18:30:23-main--INFO -com.ctaf.accelerators.TestEngine:Starting browser : chrome
2017-04-04 18:31:05-main--INFO -com.ctaf.accelerators.TestEngine:Current Test : TC107_Create_New_Project_Dashboard_Project
2017-04-04 18:31:05-main--INFO -com.ctaf.accelerators.TestEngine:in login
2017-04-04 18:31:05-main--INFO -com.ctaf.accelerators.TestEngine:Successfully click on Click on Home Page Login
2017-04-04 18:31:05-main--INFO -com.ctaf.accelerators.TestEngine:Type  autosm2017@gmail.com in Email address
2017-04-04 18:31:05-main--INFO -com.ctaf.accelerators.TestEngine:Type  Automation2017 in Password
2017-04-04 18:31:05-main--INFO -com.ctaf.accelerators.TestEngine:Successfully click on Login button
2017-04-04 18:31:52-main--INFO -com.ctaf.accelerators.TestEngine:Successfully click on Dashboard
2017-04-04 18:33:06-main--INFO -com.ctaf.accelerators.TestEngine:Successfully click on Dashboard/Project
2017-04-04 18:33:16-main--INFO -com.ctaf.accelerators.TestEngine:Successfully click on Launch New Project
2017-04-04 18:33:16-main--INFO -com.ctaf.accelerators.TestEngine:in getRandomString
2017-04-04 18:33:16-main--INFO -com.ctaf.accelerators.TestEngine:Type  Automation Project - mbGO in Project Name
2017-04-04 18:33:17-main--INFO -com.ctaf.accelerators.TestEngine:Type  This is Automation Project in Project Description
2017-04-04 18:34:07-main--INFO -com.ctaf.accelerators.TestEngine:Successfully click on Next Button
2017-04-04 18:34:12-main--INFO -com.ctaf.accelerators.TestEngine:in scrollandClick
2017-04-04 18:34:12-main--INFO -com.ctaf.accelerators.TestEngine:Select Department of Education and Training from Project Department
2017-04-04 18:34:12-main--INFO -com.ctaf.accelerators.TestEngine:Select Public from Project Type
2017-04-04 18:34:12-main--INFO -com.ctaf.accelerators.TestEngine:Select Active from Project Status
2017-04-04 18:34:12-main--INFO -com.ctaf.accelerators.TestEngine:in clickTo
2017-04-04 18:34:17-main--INFO -com.ctaf.accelerators.TestEngine:Successfully Click on By.xpath: //div[@class='ccm-file-selector-choose-new']
2017-04-04 18:34:48-main--INFO -com.ctaf.accelerators.TestEngine:Successfully click on Select project image
2017-04-04 18:34:53-main--INFO -com.ctaf.accelerators.TestEngine:in clickTo
2017-04-04 18:34:58-main--INFO -com.ctaf.accelerators.TestEngine:Successfully Click on By.xpath: //div[6]/div/fieldset/div[1]/ul/li[1]/span/span[2]
2017-04-04 18:34:58-main--INFO -com.ctaf.accelerators.TestEngine:in clickTo
2017-04-04 18:35:03-main--INFO -com.ctaf.accelerators.TestEngine:Successfully Click on By.xpath: //div[7]/div/fieldset/div[1]/ul/li[1]/span/span[2]
2017-04-04 18:35:03-main--INFO -com.ctaf.accelerators.TestEngine:in clickTo
2017-04-04 18:35:08-main--INFO -com.ctaf.accelerators.TestEngine:Successfully Click on By.xpath: //label/input[@value='1']
2017-04-04 18:35:08-main--INFO -com.ctaf.accelerators.TestEngine:in clickTo
2017-04-04 18:35:13-main--INFO -com.ctaf.accelerators.TestEngine:Successfully Click on By.xpath: //div[contains(@data-file-selector, 'ccm-file-akID-35')]/div[@class='ccm-file-selector-choose-new']
2017-04-04 18:35:19-main--INFO -com.ctaf.accelerators.TestEngine:Successfully click on Select Project logo
2017-04-04 18:35:19-main--INFO -com.ctaf.accelerators.TestEngine:Successfully click on Anothter Partnership
2017-04-04 18:35:19-main--INFO -com.ctaf.accelerators.TestEngine:Successfully click on Next Button
2017-04-04 18:35:19-main--INFO -com.ctaf.accelerators.TestEngine:Type  autoconmanager in Project user name
2017-04-04 18:35:22-main--INFO -com.ctaf.accelerators.TestEngine:Successfully click on User
2017-04-04 18:35:25-main--INFO -com.ctaf.accelerators.TestEngine:Select Consultation Manager from User Role
2017-04-04 18:35:26-main--INFO -com.ctaf.accelerators.TestEngine:Type  autoprauthor in Project user name
2017-04-04 18:35:29-main--INFO -com.ctaf.accelerators.TestEngine:Successfully click on User
2017-04-04 18:35:32-main--INFO -com.ctaf.accelerators.TestEngine:Select Project Author from User Role
2017-04-04 18:35:57-main--INFO -com.ctaf.accelerators.TestEngine:Successfully click on Launch Project
2017-04-04 18:35:57-main--INFO -com.ctaf.accelerators.TestEngine:Page Draft popup is displaying
2017-04-04 18:36:15-main--INFO -com.ctaf.accelerators.TestEngine:Successfully click on Submit for approval
2017-04-04 18:36:20-main--INFO -com.ctaf.accelerators.TestEngine:in signOut
2017-04-04 18:36:21-main--INFO -com.ctaf.accelerators.TestEngine:Successfully click on Click on Avatar
2017-04-04 18:36:49-main--INFO -com.ctaf.accelerators.TestEngine:Successfully click on Avatar/Sign Out
