2017-12-05 16:45:19-main--INFO -com.ctaf.accelerators.TestEngine:Starting browser : chrome
2017-12-05 16:45:38-main--INFO -com.ctaf.accelerators.TestEngine:Current Test : TC_005
2017-12-05 16:45:38-main--INFO -com.ctaf.accelerators.TestEngine:in Indigo_Login()
2017-12-05 16:45:39-main--INFO -com.ctaf.accelerators.TestEngine:Type  seema.rani in username
2017-12-05 16:45:39-main--INFO -com.ctaf.accelerators.TestEngine:Type  Test@123 in password
2017-12-05 16:45:40-main--INFO -com.ctaf.accelerators.TestEngine:Successfully clicked on Log In
2017-12-05 16:45:40-main--INFO -com.ctaf.accelerators.TestEngine:in ClickMenuOptions()
2017-12-05 16:45:41-main--INFO -com.ctaf.accelerators.TestEngine:Successfully clicked on Menu Options
2017-12-05 16:45:41-main--INFO -com.ctaf.accelerators.TestEngine:in ClickMainMenu()
2017-12-05 16:45:41-main--INFO -com.ctaf.accelerators.TestEngine:Successfully clicked on Main Menu 	OCC
2017-12-05 16:45:41-main--INFO -com.ctaf.accelerators.TestEngine:in ClickSubMenu()
2017-12-05 16:45:48-main--INFO -com.ctaf.accelerators.TestEngine:Successfully clicked on Sub Menu 	AIMS Uploader
2017-12-05 16:45:48-main--INFO -com.ctaf.accelerators.TestEngine:in AU_SelectFirstFlight()
2017-12-05 16:45:48-main--INFO -com.ctaf.accelerators.TestEngine:in AU_GetFlightDetails()
2017-12-05 16:45:49-main--INFO -com.ctaf.accelerators.TestEngine:in SelectReason()
2017-12-05 16:45:50-main--INFO -com.ctaf.accelerators.TestEngine:Successfully clicked on Delay Reason
2017-12-05 16:45:51-main--INFO -com.ctaf.accelerators.TestEngine:Successfully clicked on Select Reason
2017-12-05 16:45:51-main--INFO -com.ctaf.accelerators.TestEngine:in SelectAffectedStation()
2017-12-05 16:45:52-main--INFO -com.ctaf.accelerators.TestEngine:in SelectCommunicationOption()
2017-12-05 16:45:53-main--INFO -com.ctaf.accelerators.TestEngine:in ClickSendButton()
2017-12-05 16:45:54-main--INFO -com.ctaf.accelerators.TestEngine: Able to get TscreenShot
2017-12-05 16:47:18-main--INFO -com.ctaf.accelerators.TestEngine:Starting browser : chrome
2017-12-05 16:47:25-main--INFO -com.ctaf.accelerators.TestEngine:Current Test : TC_005
2017-12-05 16:47:25-main--INFO -com.ctaf.accelerators.TestEngine:in Indigo_Login()
2017-12-05 16:47:25-main--INFO -com.ctaf.accelerators.TestEngine:Type  seema.rani in username
2017-12-05 16:47:26-main--INFO -com.ctaf.accelerators.TestEngine:Type  Test@123 in password
2017-12-05 16:47:27-main--INFO -com.ctaf.accelerators.TestEngine:Successfully clicked on Log In
2017-12-05 16:47:27-main--INFO -com.ctaf.accelerators.TestEngine:in ClickMenuOptions()
2017-12-05 16:47:27-main--INFO -com.ctaf.accelerators.TestEngine:Successfully clicked on Menu Options
2017-12-05 16:47:27-main--INFO -com.ctaf.accelerators.TestEngine:in ClickMainMenu()
2017-12-05 16:47:27-main--INFO -com.ctaf.accelerators.TestEngine:Successfully clicked on Main Menu 	OCC
2017-12-05 16:47:27-main--INFO -com.ctaf.accelerators.TestEngine:in ClickSubMenu()
2017-12-05 16:47:31-main--INFO -com.ctaf.accelerators.TestEngine:Successfully clicked on Sub Menu 	AIMS Uploader
2017-12-05 16:47:31-main--INFO -com.ctaf.accelerators.TestEngine:in AU_SelectFirstFlight()
2017-12-05 16:47:31-main--INFO -com.ctaf.accelerators.TestEngine:in AU_GetFlightDetails()
2017-12-05 16:47:33-main--INFO -com.ctaf.accelerators.TestEngine:in SelectReason()
2017-12-05 16:47:33-main--INFO -com.ctaf.accelerators.TestEngine:Successfully clicked on Delay Reason
2017-12-05 16:47:34-main--INFO -com.ctaf.accelerators.TestEngine:Successfully clicked on Select Reason
2017-12-05 16:47:34-main--INFO -com.ctaf.accelerators.TestEngine:in SelectAffectedStation()
2017-12-05 16:47:35-main--INFO -com.ctaf.accelerators.TestEngine:in SelectCommunicationOption()
2017-12-05 16:47:36-main--INFO -com.ctaf.accelerators.TestEngine:in ClickSendButton()
2017-12-05 16:47:36-main--INFO -com.ctaf.accelerators.TestEngine:Successfully clicked on Send Button
2017-12-05 16:47:36-main--INFO -com.ctaf.accelerators.TestEngine:in VerifyConfirmation()
2017-12-05 16:59:06-main--INFO -com.ctaf.accelerators.TestEngine:Starting browser : chrome
2017-12-05 16:59:12-main--INFO -com.ctaf.accelerators.TestEngine:Current Test : TC_010
2017-12-05 16:59:12-main--INFO -com.ctaf.accelerators.TestEngine:in Indigo_Login()
2017-12-05 16:59:13-main--INFO -com.ctaf.accelerators.TestEngine:Type  seema.rani in username
2017-12-05 16:59:13-main--INFO -com.ctaf.accelerators.TestEngine:Type  Test@123 in password
2017-12-05 16:59:14-main--INFO -com.ctaf.accelerators.TestEngine:Successfully clicked on Log In
2017-12-05 16:59:14-main--INFO -com.ctaf.accelerators.TestEngine:in ClickMenuOptions()
2017-12-05 16:59:14-main--INFO -com.ctaf.accelerators.TestEngine:Successfully clicked on Menu Options
2017-12-05 16:59:14-main--INFO -com.ctaf.accelerators.TestEngine:in ClickMainMenu()
2017-12-05 16:59:14-main--INFO -com.ctaf.accelerators.TestEngine:Successfully clicked on Main Menu 	OCC
2017-12-05 16:59:14-main--INFO -com.ctaf.accelerators.TestEngine:in ClickSubMenu()
2017-12-05 16:59:18-main--INFO -com.ctaf.accelerators.TestEngine:Successfully clicked on Sub Menu 	Pax SMS/IVR Manual
2017-12-05 16:59:18-main--INFO -com.ctaf.accelerators.TestEngine:in SelectFromDate()
2017-12-05 16:59:21-main--INFO -com.ctaf.accelerators.TestEngine:in SelectToDate()
2017-12-05 16:59:23-main--INFO -com.ctaf.accelerators.TestEngine:in PAX_Origin()
2017-12-05 16:59:25-main--INFO -com.ctaf.accelerators.TestEngine:Successfully clicked on Origin
2017-12-05 16:59:26-main--INFO -com.ctaf.accelerators.TestEngine:Successfully clicked on Origin Place 	BKK
2017-12-05 16:59:26-main--INFO -com.ctaf.accelerators.TestEngine:in PAX_SelectFlightNo()
2017-12-05 16:59:28-main--INFO -com.ctaf.accelerators.TestEngine:Successfully clicked on Origin
2017-12-05 16:59:29-main--INFO -com.ctaf.accelerators.TestEngine:Successfully clicked on Select Flight no 	
2017-12-05 16:59:29-main--INFO -com.ctaf.accelerators.TestEngine:in ClickGenerate()
2017-12-05 17:08:19-main--INFO -com.ctaf.accelerators.TestEngine:Starting browser : chrome
2017-12-05 17:08:25-main--INFO -com.ctaf.accelerators.TestEngine:Current Test : TC_018_VerifySchedulePassengerMessageTable
2017-12-05 17:08:25-main--INFO -com.ctaf.accelerators.TestEngine:in Indigo_Login()
2017-12-05 17:08:25-main--INFO -com.ctaf.accelerators.TestEngine:Type  seema.rani in username
2017-12-05 17:08:25-main--INFO -com.ctaf.accelerators.TestEngine:Type  Test@123 in password
2017-12-05 17:08:26-main--INFO -com.ctaf.accelerators.TestEngine:Successfully clicked on Log In
2017-12-05 17:08:26-main--INFO -com.ctaf.accelerators.TestEngine:in ClickMenuOptions()
2017-12-05 17:08:27-main--INFO -com.ctaf.accelerators.TestEngine:Successfully clicked on Menu Options
2017-12-05 17:08:27-main--INFO -com.ctaf.accelerators.TestEngine:in ClickMainMenu()
2017-12-05 17:08:27-main--INFO -com.ctaf.accelerators.TestEngine:Successfully clicked on Main Menu 	OCC
2017-12-05 17:08:27-main--INFO -com.ctaf.accelerators.TestEngine:in ClickSubMenu()
2017-12-05 17:09:28-main--INFO -com.ctaf.accelerators.TestEngine:Starting browser : chrome
2017-12-05 17:09:35-main--INFO -com.ctaf.accelerators.TestEngine:Current Test : TC_001
2017-12-05 17:09:35-main--INFO -com.ctaf.accelerators.TestEngine:in Indigo_Login()
2017-12-05 17:09:35-main--INFO -com.ctaf.accelerators.TestEngine:Type  seema.rani in username
2017-12-05 17:09:35-main--INFO -com.ctaf.accelerators.TestEngine:Type  Test@123 in password
2017-12-05 17:09:38-main--INFO -com.ctaf.accelerators.TestEngine:Successfully clicked on Log In
2017-12-05 17:09:38-main--INFO -com.ctaf.accelerators.TestEngine:in ClickMenuOptions()
2017-12-05 17:09:38-main--INFO -com.ctaf.accelerators.TestEngine:Successfully clicked on Menu Options
2017-12-05 17:09:38-main--INFO -com.ctaf.accelerators.TestEngine:in ClickMainMenu()
2017-12-05 17:09:38-main--INFO -com.ctaf.accelerators.TestEngine:Successfully clicked on Main Menu 	OCC
2017-12-05 17:09:38-main--INFO -com.ctaf.accelerators.TestEngine:in ClickSubMenu()
2017-12-05 17:09:40-main--INFO -com.ctaf.accelerators.TestEngine:Successfully clicked on Sub Menu 	Manual Flight Cancellation
2017-12-05 17:09:40-main--INFO -com.ctaf.accelerators.TestEngine:in SelectFromDate()
2017-12-05 17:09:43-main--INFO -com.ctaf.accelerators.TestEngine:in SelectToDate()
2017-12-05 17:09:45-main--INFO -com.ctaf.accelerators.TestEngine:in SelectOrigin()
2017-12-05 17:09:45-main--INFO -com.ctaf.accelerators.TestEngine:Successfully clicked on Origin
2017-12-05 17:09:46-main--INFO -com.ctaf.accelerators.TestEngine:Successfully clicked on Origin Place 	CCU
2017-12-05 17:09:46-main--INFO -com.ctaf.accelerators.TestEngine:in SelectDestination()
2017-12-05 17:09:49-main--INFO -com.ctaf.accelerators.TestEngine:Successfully clicked on Destination
2017-12-05 17:09:49-main--INFO -com.ctaf.accelerators.TestEngine:Successfully clicked on Destination Place 	HYD
2017-12-05 17:09:49-main--INFO -com.ctaf.accelerators.TestEngine:in SelectFlightNo()
2017-12-05 17:09:53-main--INFO -com.ctaf.accelerators.TestEngine:Successfully clicked on Flight no
2017-12-05 17:09:54-main--INFO -com.ctaf.accelerators.TestEngine:Successfully clicked on Flight no 	Select All
2017-12-05 17:09:54-main--INFO -com.ctaf.accelerators.TestEngine:in ClickGenerate()
2017-12-05 17:09:57-main--INFO -com.ctaf.accelerators.TestEngine:Successfully clicked on Generate Button
2017-12-05 17:09:57-main--INFO -com.ctaf.accelerators.TestEngine:in SelectAllFlightsCheckbox()
2017-12-05 17:10:00-main--INFO -com.ctaf.accelerators.TestEngine:in getFlightInfo()
2017-12-05 17:10:00-main--INFO -com.ctaf.accelerators.TestEngine:in GetTailNo()
2017-12-05 17:10:55-main--INFO -com.ctaf.accelerators.TestEngine:Starting browser : chrome
2017-12-05 17:11:03-main--INFO -com.ctaf.accelerators.TestEngine:Current Test : TC_001
2017-12-05 17:11:03-main--INFO -com.ctaf.accelerators.TestEngine:in Indigo_Login()
2017-12-05 17:11:03-main--INFO -com.ctaf.accelerators.TestEngine:Type  seema.rani in username
2017-12-05 17:11:04-main--INFO -com.ctaf.accelerators.TestEngine:Type  Test@123 in password
2017-12-05 17:11:05-main--INFO -com.ctaf.accelerators.TestEngine:Successfully clicked on Log In
2017-12-05 17:11:05-main--INFO -com.ctaf.accelerators.TestEngine:in ClickMenuOptions()
2017-12-05 17:11:05-main--INFO -com.ctaf.accelerators.TestEngine:Successfully clicked on Menu Options
2017-12-05 17:11:05-main--INFO -com.ctaf.accelerators.TestEngine:in ClickMainMenu()
2017-12-05 17:11:05-main--INFO -com.ctaf.accelerators.TestEngine:Successfully clicked on Main Menu 	OCC
2017-12-05 17:11:05-main--INFO -com.ctaf.accelerators.TestEngine:in ClickSubMenu()
2017-12-05 17:11:08-main--INFO -com.ctaf.accelerators.TestEngine:Successfully clicked on Sub Menu 	Manual Flight Cancellation
2017-12-05 17:11:08-main--INFO -com.ctaf.accelerators.TestEngine:in SelectFromDate()
2017-12-05 17:11:09-main--INFO -com.ctaf.accelerators.TestEngine:in SelectToDate()
2017-12-05 17:11:11-main--INFO -com.ctaf.accelerators.TestEngine:in SelectOrigin()
2017-12-05 17:11:11-main--INFO -com.ctaf.accelerators.TestEngine:Successfully clicked on Origin
2017-12-05 17:11:26-main--INFO -com.ctaf.accelerators.TestEngine:Successfully clicked on Origin Place 	CCU
2017-12-05 17:11:26-main--INFO -com.ctaf.accelerators.TestEngine:in SelectDestination()
2017-12-05 17:11:29-main--INFO -com.ctaf.accelerators.TestEngine:Successfully clicked on Destination
2017-12-05 17:11:29-main--INFO -com.ctaf.accelerators.TestEngine:Successfully clicked on Destination Place 	HYD
2017-12-05 17:11:29-main--INFO -com.ctaf.accelerators.TestEngine:in SelectFlightNo()
2017-12-05 17:11:32-main--INFO -com.ctaf.accelerators.TestEngine:Successfully clicked on Flight no
2017-12-05 17:11:33-main--INFO -com.ctaf.accelerators.TestEngine:Successfully clicked on Flight no 	Select All
2017-12-05 17:11:33-main--INFO -com.ctaf.accelerators.TestEngine:in ClickGenerate()
2017-12-05 17:11:36-main--INFO -com.ctaf.accelerators.TestEngine:Successfully clicked on Generate Button
2017-12-05 17:11:36-main--INFO -com.ctaf.accelerators.TestEngine:in SelectAllFlightsCheckbox()
2017-12-05 17:11:39-main--INFO -com.ctaf.accelerators.TestEngine:in getFlightInfo()
2017-12-05 17:11:39-main--INFO -com.ctaf.accelerators.TestEngine:in GetTailNo()
2017-12-05 17:11:39-main--INFO -com.ctaf.accelerators.TestEngine:in getETD()
2017-12-05 17:11:39-main--INFO -com.ctaf.accelerators.TestEngine:in SelectReason()
2017-12-05 17:11:40-main--INFO -com.ctaf.accelerators.TestEngine:Successfully clicked on Delay Reason
2017-12-05 17:11:41-main--INFO -com.ctaf.accelerators.TestEngine:Successfully clicked on Select Reason
2017-12-05 17:11:41-main--INFO -com.ctaf.accelerators.TestEngine:in SelectAffectedStation()
2017-12-05 17:11:42-main--INFO -com.ctaf.accelerators.TestEngine:in SelectCommunicationOption()
2017-12-05 17:11:43-main--INFO -com.ctaf.accelerators.TestEngine:in ClickSendButton()
2017-12-05 17:11:43-main--INFO -com.ctaf.accelerators.TestEngine:Successfully clicked on Send Button
2017-12-05 17:11:43-main--INFO -com.ctaf.accelerators.TestEngine:in VerifyConfirmation()
2017-12-05 17:12:00-main--INFO -com.ctaf.accelerators.TestEngine: Able to get TscreenShot
2017-12-05 17:12:01-main--INFO -com.ctaf.accelerators.TestEngine: Able to get TscreenShot
2017-12-05 17:12:44-main--INFO -com.ctaf.accelerators.TestEngine: Able to get TscreenShot
2017-12-05 17:14:57-main--INFO -com.ctaf.accelerators.TestEngine:Starting browser : chrome
2017-12-05 17:15:03-main--INFO -com.ctaf.accelerators.TestEngine:Current Test : TC_005
2017-12-05 17:15:03-main--INFO -com.ctaf.accelerators.TestEngine:in Indigo_Login()
2017-12-05 17:15:03-main--INFO -com.ctaf.accelerators.TestEngine:Type  seema.rani in username
2017-12-05 17:15:03-main--INFO -com.ctaf.accelerators.TestEngine:Type  Test@123 in password
2017-12-05 17:15:04-main--INFO -com.ctaf.accelerators.TestEngine:Successfully clicked on Log In
2017-12-05 17:15:04-main--INFO -com.ctaf.accelerators.TestEngine:in ClickMenuOptions()
2017-12-05 17:15:34-main--INFO -com.ctaf.accelerators.TestEngine:Starting browser : chrome
2017-12-05 17:15:42-main--INFO -com.ctaf.accelerators.TestEngine:Current Test : TC_005
2017-12-05 17:15:42-main--INFO -com.ctaf.accelerators.TestEngine:in Indigo_Login()
2017-12-05 17:15:42-main--INFO -com.ctaf.accelerators.TestEngine:Type  seema.rani in username
2017-12-05 17:15:42-main--INFO -com.ctaf.accelerators.TestEngine:Type  Test@123 in password
2017-12-05 17:15:43-main--INFO -com.ctaf.accelerators.TestEngine:Successfully clicked on Log In
2017-12-05 17:15:43-main--INFO -com.ctaf.accelerators.TestEngine:in ClickMenuOptions()
2017-12-05 17:17:44-main--INFO -com.ctaf.accelerators.TestEngine: Able to get TscreenShot
2017-12-05 18:32:41-main--INFO -com.ctaf.accelerators.TestEngine:Starting browser : chrome
2017-12-05 18:33:25-main--INFO -com.ctaf.accelerators.TestEngine:Starting browser : chrome
2017-12-05 18:33:38-main--INFO -com.ctaf.accelerators.TestEngine:Current Test : TC_021
2017-12-05 18:33:38-main--INFO -com.ctaf.accelerators.TestEngine:in Indigo_Login()
2017-12-05 18:33:39-main--INFO -com.ctaf.accelerators.TestEngine:Type  seema.rani in username
2017-12-05 18:33:39-main--INFO -com.ctaf.accelerators.TestEngine:Type  Test@123 in password
2017-12-05 18:33:40-main--INFO -com.ctaf.accelerators.TestEngine:Successfully clicked on Log In
2017-12-05 18:33:40-main--INFO -com.ctaf.accelerators.TestEngine:in ClickMenuOptions()
2017-12-05 18:33:41-main--INFO -com.ctaf.accelerators.TestEngine:Successfully clicked on Menu Options
2017-12-05 18:33:41-main--INFO -com.ctaf.accelerators.TestEngine:in ClickMainMenu()
2017-12-05 18:33:41-main--INFO -com.ctaf.accelerators.TestEngine:Successfully clicked on Main Menu 	OCC
2017-12-05 18:33:41-main--INFO -com.ctaf.accelerators.TestEngine:in ClickSubMenu()
2017-12-05 18:33:47-main--INFO -com.ctaf.accelerators.TestEngine:Successfully clicked on Sub Menu 	AIMS Uploader
2017-12-05 18:33:47-main--INFO -com.ctaf.accelerators.TestEngine:in AU_ClickTailReason()
2017-12-05 18:33:52-main--INFO -com.ctaf.accelerators.TestEngine:in AU_SelectTailNo()
2017-12-05 18:34:40-main--INFO -com.ctaf.accelerators.TestEngine:Starting browser : chrome
2017-12-05 18:34:48-main--INFO -com.ctaf.accelerators.TestEngine:Current Test : TC_021
2017-12-05 18:34:48-main--INFO -com.ctaf.accelerators.TestEngine:in Indigo_Login()
2017-12-05 18:34:48-main--INFO -com.ctaf.accelerators.TestEngine:Type  seema.rani in username
2017-12-05 18:34:48-main--INFO -com.ctaf.accelerators.TestEngine:Type  Test@123 in password
2017-12-05 18:34:49-main--INFO -com.ctaf.accelerators.TestEngine:Successfully clicked on Log In
2017-12-05 18:34:49-main--INFO -com.ctaf.accelerators.TestEngine:in ClickMenuOptions()
2017-12-05 18:34:49-main--INFO -com.ctaf.accelerators.TestEngine:Successfully clicked on Menu Options
2017-12-05 18:34:49-main--INFO -com.ctaf.accelerators.TestEngine:in ClickMainMenu()
2017-12-05 18:34:50-main--INFO -com.ctaf.accelerators.TestEngine:Successfully clicked on Main Menu 	OCC
2017-12-05 18:34:50-main--INFO -com.ctaf.accelerators.TestEngine:in ClickSubMenu()
2017-12-05 18:34:54-main--INFO -com.ctaf.accelerators.TestEngine:Successfully clicked on Sub Menu 	AIMS Uploader
2017-12-05 18:34:54-main--INFO -com.ctaf.accelerators.TestEngine:in AU_ClickTailReason()
2017-12-05 18:35:06-main--INFO -com.ctaf.accelerators.TestEngine:in AU_SelectTailNo()
2017-12-05 18:35:37-main--INFO -com.ctaf.accelerators.TestEngine:Starting browser : chrome
2017-12-05 18:35:50-main--INFO -com.ctaf.accelerators.TestEngine:Current Test : TC_021
2017-12-05 18:35:50-main--INFO -com.ctaf.accelerators.TestEngine:in Indigo_Login()
2017-12-05 18:35:50-main--INFO -com.ctaf.accelerators.TestEngine:Type  seema.rani in username
2017-12-05 18:35:51-main--INFO -com.ctaf.accelerators.TestEngine:Type  Test@123 in password
2017-12-05 18:35:53-main--INFO -com.ctaf.accelerators.TestEngine:Successfully clicked on Log In
2017-12-05 18:35:53-main--INFO -com.ctaf.accelerators.TestEngine:in ClickMenuOptions()
2017-12-05 18:35:53-main--INFO -com.ctaf.accelerators.TestEngine:Successfully clicked on Menu Options
2017-12-05 18:35:53-main--INFO -com.ctaf.accelerators.TestEngine:in ClickMainMenu()
2017-12-05 18:35:54-main--INFO -com.ctaf.accelerators.TestEngine:Successfully clicked on Main Menu 	OCC
2017-12-05 18:35:54-main--INFO -com.ctaf.accelerators.TestEngine:in ClickSubMenu()
2017-12-05 18:36:02-main--INFO -com.ctaf.accelerators.TestEngine:Successfully clicked on Sub Menu 	AIMS Uploader
2017-12-05 18:36:02-main--INFO -com.ctaf.accelerators.TestEngine:in AU_ClickTailReason()
2017-12-05 18:36:09-main--INFO -com.ctaf.accelerators.TestEngine:in AU_SelectTailNo()
2017-12-05 18:36:09-main--INFO -com.ctaf.accelerators.TestEngine:Successfully clicked on Tail Number
2017-12-05 18:36:10-main--INFO -com.ctaf.accelerators.TestEngine:Successfully clicked on Tail Number 	VTIDG
2017-12-05 18:36:10-main--INFO -com.ctaf.accelerators.TestEngine:in AU_ClickSearch()
2017-12-05 18:36:11-main--INFO -com.ctaf.accelerators.TestEngine:Successfully clicked on Search button 	
2017-12-05 18:36:11-main--INFO -com.ctaf.accelerators.TestEngine:in AU_SelectTailReason()
2017-12-05 18:37:56-main--INFO -com.ctaf.accelerators.TestEngine:Starting browser : chrome
2017-12-05 18:38:39-main--INFO -com.ctaf.accelerators.TestEngine:Current Test : TC_021
2017-12-05 18:38:39-main--INFO -com.ctaf.accelerators.TestEngine:in Indigo_Login()
2017-12-05 18:38:39-main--INFO -com.ctaf.accelerators.TestEngine:Type  seema.rani in username
2017-12-05 18:38:39-main--INFO -com.ctaf.accelerators.TestEngine:Type  Test@123 in password
2017-12-05 18:38:45-main--INFO -com.ctaf.accelerators.TestEngine:Successfully clicked on Log In
2017-12-05 18:38:45-main--INFO -com.ctaf.accelerators.TestEngine:in ClickMenuOptions()
2017-12-05 18:38:45-main--INFO -com.ctaf.accelerators.TestEngine:Successfully clicked on Menu Options
2017-12-05 18:38:45-main--INFO -com.ctaf.accelerators.TestEngine:in ClickMainMenu()
2017-12-05 18:38:46-main--INFO -com.ctaf.accelerators.TestEngine:Successfully clicked on Main Menu 	OCC
2017-12-05 18:38:46-main--INFO -com.ctaf.accelerators.TestEngine:in ClickSubMenu()
2017-12-05 18:38:54-main--INFO -com.ctaf.accelerators.TestEngine:Successfully clicked on Sub Menu 	AIMS Uploader
2017-12-05 18:38:54-main--INFO -com.ctaf.accelerators.TestEngine:in AU_ClickTailReason()
2017-12-05 18:39:08-main--INFO -com.ctaf.accelerators.TestEngine:in AU_SelectTailNo()
2017-12-05 18:39:14-main--INFO -com.ctaf.accelerators.TestEngine:Successfully clicked on Tail Number
2017-12-05 18:39:18-main--INFO -com.ctaf.accelerators.TestEngine: Unable to get TscreenShot
2017-12-05 18:39:48-main--INFO -com.ctaf.accelerators.TestEngine:Starting browser : chrome
2017-12-05 18:40:09-main--INFO -com.ctaf.accelerators.TestEngine:Current Test : TC_021
2017-12-05 18:40:09-main--INFO -com.ctaf.accelerators.TestEngine:in Indigo_Login()
2017-12-05 18:40:09-main--INFO -com.ctaf.accelerators.TestEngine:Type  seema.rani in username
2017-12-05 18:40:10-main--INFO -com.ctaf.accelerators.TestEngine:Type  Test@123 in password
2017-12-05 18:40:12-main--INFO -com.ctaf.accelerators.TestEngine:Successfully clicked on Log In
2017-12-05 18:40:12-main--INFO -com.ctaf.accelerators.TestEngine:in ClickMenuOptions()
2017-12-05 18:40:12-main--INFO -com.ctaf.accelerators.TestEngine:Successfully clicked on Menu Options
2017-12-05 18:40:12-main--INFO -com.ctaf.accelerators.TestEngine:in ClickMainMenu()
2017-12-05 18:40:12-main--INFO -com.ctaf.accelerators.TestEngine:Successfully clicked on Main Menu 	OCC
2017-12-05 18:40:12-main--INFO -com.ctaf.accelerators.TestEngine:in ClickSubMenu()
2017-12-05 18:40:22-main--INFO -com.ctaf.accelerators.TestEngine:Successfully clicked on Sub Menu 	AIMS Uploader
2017-12-05 18:40:22-main--INFO -com.ctaf.accelerators.TestEngine:in AU_ClickTailReason()
2017-12-05 18:40:31-main--INFO -com.ctaf.accelerators.TestEngine:in AU_SelectTailNo()
2017-12-05 18:40:33-main--INFO -com.ctaf.accelerators.TestEngine:Successfully clicked on Tail Number
2017-12-05 18:40:44-main--INFO -com.ctaf.accelerators.TestEngine:Successfully clicked on Tail Number 	VTIDG
2017-12-05 18:40:52-main--INFO -com.ctaf.accelerators.TestEngine:in AU_ClickSearch()
2017-12-05 18:40:55-main--INFO -com.ctaf.accelerators.TestEngine:Successfully clicked on Search button 	
2017-12-05 18:41:02-main--INFO -com.ctaf.accelerators.TestEngine:in AU_SelectTailReason()
2017-12-05 18:41:15-main--INFO -com.ctaf.accelerators.TestEngine:Successfully clicked on Reason 	Reason: Your flight is delayed as ground operation are adversely affected by Ramp Congestion at {XXX} airport.
2017-12-05 18:41:24-main--INFO -com.ctaf.accelerators.TestEngine:in AU_SelectAffectedStation()
2017-12-05 18:41:30-main--INFO -com.ctaf.accelerators.TestEngine:Successfully clicked on Affected Station 	Ahmedabad
2017-12-05 18:41:33-main--INFO -com.ctaf.accelerators.TestEngine:in AU_ClickSave()
2017-12-05 18:41:35-main--INFO -com.ctaf.accelerators.TestEngine:Successfully clicked on Save button 	
2017-12-05 18:41:47-main--INFO -com.ctaf.accelerators.TestEngine:in VerifyConfirmation()
2017-12-05 18:43:51-main--INFO -com.ctaf.accelerators.TestEngine:Starting browser : chrome
2017-12-05 18:44:00-main--INFO -com.ctaf.accelerators.TestEngine:Current Test : TC_021
2017-12-05 18:44:00-main--INFO -com.ctaf.accelerators.TestEngine:in Indigo_Login()
2017-12-05 18:44:00-main--INFO -com.ctaf.accelerators.TestEngine:Type  seema.rani in username
2017-12-05 18:44:00-main--INFO -com.ctaf.accelerators.TestEngine:Type  Test@123 in password
2017-12-05 18:44:02-main--INFO -com.ctaf.accelerators.TestEngine:Successfully clicked on Log In
2017-12-05 18:44:02-main--INFO -com.ctaf.accelerators.TestEngine:in ClickMenuOptions()
2017-12-05 18:44:02-main--INFO -com.ctaf.accelerators.TestEngine:Successfully clicked on Menu Options
2017-12-05 18:44:02-main--INFO -com.ctaf.accelerators.TestEngine:in ClickMainMenu()
2017-12-05 18:44:03-main--INFO -com.ctaf.accelerators.TestEngine:Successfully clicked on Main Menu 	OCC
2017-12-05 18:44:03-main--INFO -com.ctaf.accelerators.TestEngine:in ClickSubMenu()
2017-12-05 18:44:07-main--INFO -com.ctaf.accelerators.TestEngine:Successfully clicked on Sub Menu 	AIMS Uploader
2017-12-05 18:44:07-main--INFO -com.ctaf.accelerators.TestEngine:in AU_ClickTailReason()
2017-12-05 18:44:11-main--INFO -com.ctaf.accelerators.TestEngine:in AU_SelectTailNo()
2017-12-05 18:44:11-main--INFO -com.ctaf.accelerators.TestEngine:Successfully clicked on Tail Number
2017-12-05 18:44:13-main--INFO -com.ctaf.accelerators.TestEngine:Successfully clicked on Tail Number 	VTIDG
2017-12-05 18:44:13-main--INFO -com.ctaf.accelerators.TestEngine:in AU_ClickSearch()
2017-12-05 18:44:13-main--INFO -com.ctaf.accelerators.TestEngine:Successfully clicked on Search button 	
2017-12-05 18:44:13-main--INFO -com.ctaf.accelerators.TestEngine:in AU_SelectTailReason()
2017-12-05 18:46:06-main--INFO -com.ctaf.accelerators.TestEngine:Starting browser : chrome
2017-12-05 18:46:23-main--INFO -com.ctaf.accelerators.TestEngine:Starting browser : chrome
2017-12-05 18:46:31-main--INFO -com.ctaf.accelerators.TestEngine:Current Test : TC_021
2017-12-05 18:46:31-main--INFO -com.ctaf.accelerators.TestEngine:in Indigo_Login()
2017-12-05 18:46:31-main--INFO -com.ctaf.accelerators.TestEngine:Type  seema.rani in username
2017-12-05 18:46:31-main--INFO -com.ctaf.accelerators.TestEngine:Type  Test@123 in password
2017-12-05 18:46:32-main--INFO -com.ctaf.accelerators.TestEngine:Successfully clicked on Log In
2017-12-05 18:46:32-main--INFO -com.ctaf.accelerators.TestEngine:in ClickMenuOptions()
2017-12-05 18:46:32-main--INFO -com.ctaf.accelerators.TestEngine:Successfully clicked on Menu Options
2017-12-05 18:46:32-main--INFO -com.ctaf.accelerators.TestEngine:in ClickMainMenu()
2017-12-05 18:46:33-main--INFO -com.ctaf.accelerators.TestEngine:Successfully clicked on Main Menu 	OCC
2017-12-05 18:46:33-main--INFO -com.ctaf.accelerators.TestEngine:in ClickSubMenu()
2017-12-05 18:46:39-main--INFO -com.ctaf.accelerators.TestEngine:Successfully clicked on Sub Menu 	AIMS Uploader
2017-12-05 18:46:39-main--INFO -com.ctaf.accelerators.TestEngine:in AU_ClickTailReason()
2017-12-05 18:46:44-main--INFO -com.ctaf.accelerators.TestEngine:in AU_SelectTailNo()
2017-12-05 18:46:44-main--INFO -com.ctaf.accelerators.TestEngine:Successfully clicked on Tail Number
2017-12-05 18:46:45-main--INFO -com.ctaf.accelerators.TestEngine:Successfully clicked on Tail Number 	VTIDG
2017-12-05 18:46:45-main--INFO -com.ctaf.accelerators.TestEngine:in AU_ClickSearch()
2017-12-05 18:46:45-main--INFO -com.ctaf.accelerators.TestEngine:Successfully clicked on Search button 	
2017-12-05 18:46:45-main--INFO -com.ctaf.accelerators.TestEngine:in AU_SelectTailReason()
2017-12-05 18:46:48-main--INFO -com.ctaf.accelerators.TestEngine:Successfully clicked on Reason 	Reason: Your flight is delayed as ground operation are adversely affected by Ramp Congestion at {XXX} airport.
2017-12-05 18:46:48-main--INFO -com.ctaf.accelerators.TestEngine:in AU_SelectAffectedStation()
2017-12-05 18:46:51-main--INFO -com.ctaf.accelerators.TestEngine:Successfully clicked on Affected Station 	Ahmedabad
2017-12-05 18:46:51-main--INFO -com.ctaf.accelerators.TestEngine:in AU_ClickSave()
2017-12-05 18:46:54-main--INFO -com.ctaf.accelerators.TestEngine:Successfully clicked on Save button 	
2017-12-05 18:46:54-main--INFO -com.ctaf.accelerators.TestEngine:in VerifyConfirmation()
2017-12-05 19:15:36-main--INFO -com.ctaf.accelerators.TestEngine:Starting browser : chrome
2017-12-05 19:15:57-main--INFO -com.ctaf.accelerators.TestEngine:Current Test : TC_018_VerifySchedulePassengerMessageTable
2017-12-05 19:15:57-main--INFO -com.ctaf.accelerators.TestEngine:in Indigo_Login()
2017-12-05 19:15:57-main--INFO -com.ctaf.accelerators.TestEngine:Type  seema.rani in username
2017-12-05 19:15:57-main--INFO -com.ctaf.accelerators.TestEngine:Type  Test@123 in password
2017-12-05 19:15:59-main--INFO -com.ctaf.accelerators.TestEngine:Successfully clicked on Log In
2017-12-05 19:15:59-main--INFO -com.ctaf.accelerators.TestEngine:in ClickMenuOptions()
2017-12-05 19:15:59-main--INFO -com.ctaf.accelerators.TestEngine:Successfully clicked on Menu Options
2017-12-05 19:15:59-main--INFO -com.ctaf.accelerators.TestEngine:in ClickMainMenu()
2017-12-05 19:15:59-main--INFO -com.ctaf.accelerators.TestEngine:Successfully clicked on Main Menu 	OCC
2017-12-05 19:15:59-main--INFO -com.ctaf.accelerators.TestEngine:in ClickSubMenu()
2017-12-05 19:16:00-main--INFO -com.ctaf.accelerators.TestEngine:Successfully clicked on Sub Menu 	Scheduled Passenger
2017-12-05 19:16:00-main--INFO -com.ctaf.accelerators.TestEngine:in SPMM_ClickSearch()
2017-12-05 19:16:01-main--INFO -com.ctaf.accelerators.TestEngine:Type  BOM in Search parameter
2017-12-05 19:16:02-main--INFO -com.ctaf.accelerators.TestEngine:Successfully clicked on Search Button
2017-12-05 19:16:03-main--INFO -com.ctaf.accelerators.TestEngine:in VerifySchedulePassengerMessage()
2017-12-05 19:17:23-main--INFO -com.ctaf.accelerators.TestEngine:Starting browser : chrome
2017-12-05 19:17:29-main--INFO -com.ctaf.accelerators.TestEngine:Current Test : TC_018_VerifySchedulePassengerMessageTable
2017-12-05 19:17:29-main--INFO -com.ctaf.accelerators.TestEngine:in Indigo_Login()
2017-12-05 19:17:29-main--INFO -com.ctaf.accelerators.TestEngine:Type  seema.rani in username
2017-12-05 19:17:29-main--INFO -com.ctaf.accelerators.TestEngine:Type  Test@123 in password
2017-12-05 19:17:31-main--INFO -com.ctaf.accelerators.TestEngine:Successfully clicked on Log In
2017-12-05 19:17:31-main--INFO -com.ctaf.accelerators.TestEngine:in ClickMenuOptions()
2017-12-05 19:17:31-main--INFO -com.ctaf.accelerators.TestEngine:Successfully clicked on Menu Options
2017-12-05 19:17:31-main--INFO -com.ctaf.accelerators.TestEngine:in ClickMainMenu()
2017-12-05 19:17:32-main--INFO -com.ctaf.accelerators.TestEngine:Successfully clicked on Main Menu 	OCC
2017-12-05 19:17:32-main--INFO -com.ctaf.accelerators.TestEngine:in ClickSubMenu()
2017-12-05 19:17:33-main--INFO -com.ctaf.accelerators.TestEngine:Successfully clicked on Sub Menu 	Scheduled Passenger
2017-12-05 19:17:33-main--INFO -com.ctaf.accelerators.TestEngine:in SPMM_ClickSearch()
2017-12-05 19:17:33-main--INFO -com.ctaf.accelerators.TestEngine:Type  BOM in Search parameter
2017-12-05 19:17:34-main--INFO -com.ctaf.accelerators.TestEngine:Successfully clicked on Search Button
