2017-11-14 11:32:52-main--INFO -com.ctaf.accelerators.TestEngine:Starting browser : Chrome
2017-11-14 11:33:55-main--INFO -com.ctaf.accelerators.TestEngine:Current Test : TC_Web_010
2017-11-14 11:33:55-main--INFO -com.ctaf.accelerators.TestEngine:in verifyAdultsDropdown()
2017-11-14 11:33:59-main--INFO -com.ctaf.accelerators.TestEngine: Unable to get TscreenShot
2017-11-14 13:25:36-main--INFO -com.ctaf.accelerators.TestEngine:Starting browser : Chrome
2017-11-14 13:28:00-main--INFO -com.ctaf.accelerators.TestEngine:Starting browser : Chrome
2017-11-14 13:29:13-main--INFO -com.ctaf.accelerators.TestEngine:Current Test : TC_Web_001
2017-11-14 13:29:13-main--INFO -com.ctaf.accelerators.TestEngine:in verifyHomePage
2017-11-14 13:31:07-main--INFO -com.ctaf.accelerators.TestEngine:Starting browser : Chrome
2017-11-14 13:32:09-main--INFO -com.ctaf.accelerators.TestEngine:Current Test : TC_Web_001
2017-11-14 13:32:09-main--INFO -com.ctaf.accelerators.TestEngine:in verifyHomePage
2017-11-14 13:32:25-main--INFO -com.ctaf.accelerators.TestEngine:Starting browser : Chrome
2017-11-14 13:32:39-main--INFO -com.ctaf.accelerators.TestEngine:Current Test : TC_Web_002
2017-11-14 13:32:39-main--INFO -com.ctaf.accelerators.TestEngine:in verifyMenuItems()
2017-11-14 13:32:40-main--INFO -com.ctaf.accelerators.TestEngine:Our Hotels Menu is displaying
2017-11-14 13:32:40-main--INFO -com.ctaf.accelerators.TestEngine:Promotions Menu is displaying
2017-11-14 13:32:40-main--INFO -com.ctaf.accelerators.TestEngine:Contact Us is displaying
2017-11-14 13:32:40-main--INFO -com.ctaf.accelerators.TestEngine:My Account Menu is displaying
2017-11-14 13:32:40-main--INFO -com.ctaf.accelerators.TestEngine:Sign In is displaying
2017-11-14 13:45:29-main--INFO -com.ctaf.accelerators.TestEngine:Starting browser : chrome
2017-11-14 13:45:43-main--INFO -com.ctaf.accelerators.TestEngine:Current Test : TC_Web_Home_035
2017-11-14 13:45:43-main--INFO -com.ctaf.accelerators.TestEngine:in SelectCountry()
2017-11-14 13:45:45-main--INFO -com.ctaf.accelerators.TestEngine:in SelectCheckInDate()
2017-11-14 13:45:48-main--INFO -com.ctaf.accelerators.TestEngine:in SelectCheckOutDate()
2017-11-14 13:45:50-main--INFO -com.ctaf.accelerators.TestEngine:in SelectCity()
2017-11-14 13:45:51-main--INFO -com.ctaf.accelerators.TestEngine:in SelectRoom()
2017-11-14 13:45:51-main--INFO -com.ctaf.accelerators.TestEngine:Successfully clicked on Rooms
2017-11-14 13:45:51-main--INFO -com.ctaf.accelerators.TestEngine:Successfully clicked on No of rooms
2017-11-14 13:45:51-main--INFO -com.ctaf.accelerators.TestEngine:in SelectAdults()
2017-11-14 13:45:51-main--INFO -com.ctaf.accelerators.TestEngine:Successfully clicked on Adults
2017-11-14 13:45:51-main--INFO -com.ctaf.accelerators.TestEngine:Successfully clicked on No of adults
2017-11-14 13:45:51-main--INFO -com.ctaf.accelerators.TestEngine:in SelectKids()
2017-11-14 13:45:52-main--INFO -com.ctaf.accelerators.TestEngine:Successfully clicked on Kids
2017-11-14 13:45:52-main--INFO -com.ctaf.accelerators.TestEngine:Successfully clicked on No of kids
2017-11-14 13:45:52-main--INFO -com.ctaf.accelerators.TestEngine:in ClickSearch()
2017-11-14 13:45:52-main--INFO -com.ctaf.accelerators.TestEngine:Successfully clicked on Search Button
2017-11-14 13:45:52-main--INFO -com.ctaf.accelerators.TestEngine:in VerifyViewOnMapLink()
2017-11-14 14:54:35-main--INFO -com.ctaf.accelerators.TestEngine:Starting browser : chrome
2017-11-14 14:54:55-main--INFO -com.ctaf.accelerators.TestEngine:Current Test : TC_Web_006
2017-11-14 14:54:55-main--INFO -com.ctaf.accelerators.TestEngine:in verifyTonight()
2017-11-14 14:55:25-main--INFO -com.ctaf.accelerators.TestEngine:Starting browser : chrome
2017-11-14 14:55:38-main--INFO -com.ctaf.accelerators.TestEngine:Current Test : TC_Web_Home_015
2017-11-14 14:55:38-main--INFO -com.ctaf.accelerators.TestEngine:in SelectCountry()
2017-11-14 14:55:38-main--INFO -com.ctaf.accelerators.TestEngine:in SelectCheckInDate()
2017-11-14 14:55:41-main--INFO -com.ctaf.accelerators.TestEngine:in SelectCheckOutDate()
2017-11-14 14:55:43-main--INFO -com.ctaf.accelerators.TestEngine:in SelectCity()
2017-11-14 14:55:43-main--INFO -com.ctaf.accelerators.TestEngine:in SelectRoom()
2017-11-14 14:55:43-main--INFO -com.ctaf.accelerators.TestEngine:Successfully clicked on Rooms
2017-11-14 14:55:43-main--INFO -com.ctaf.accelerators.TestEngine:Successfully clicked on No of rooms
2017-11-14 14:55:43-main--INFO -com.ctaf.accelerators.TestEngine:in SelectAdults()
2017-11-14 14:55:44-main--INFO -com.ctaf.accelerators.TestEngine:Successfully clicked on Adults
2017-11-14 14:55:44-main--INFO -com.ctaf.accelerators.TestEngine:Successfully clicked on No of adults
2017-11-14 14:55:44-main--INFO -com.ctaf.accelerators.TestEngine:in SelectKids()
2017-11-14 14:55:44-main--INFO -com.ctaf.accelerators.TestEngine:Successfully clicked on Kids
2017-11-14 14:55:44-main--INFO -com.ctaf.accelerators.TestEngine:Successfully clicked on No of kids
2017-11-14 14:55:44-main--INFO -com.ctaf.accelerators.TestEngine:in ClickSearch()
2017-11-14 14:55:44-main--INFO -com.ctaf.accelerators.TestEngine:Successfully clicked on Search Button
2017-11-14 14:55:44-main--INFO -com.ctaf.accelerators.TestEngine:in VerifyHotelInfoSreen()
2017-11-14 14:55:45-main--INFO -com.ctaf.accelerators.TestEngine:HotelInfoPage is displaying
2017-11-14 14:55:45-main--INFO -com.ctaf.accelerators.TestEngine:ContinueButton is displaying
2017-11-14 14:55:45-main--INFO -com.ctaf.accelerators.TestEngine:HotelInfoPage is displaying
2017-11-14 14:55:45-main--INFO -com.ctaf.accelerators.TestEngine:HotelDescription is displaying
2017-11-14 14:55:47-main--INFO -com.ctaf.accelerators.TestEngine:Maps is displaying
2017-11-14 14:55:47-main--INFO -com.ctaf.accelerators.TestEngine:Dining is displaying
2017-11-14 14:55:47-main--INFO -com.ctaf.accelerators.TestEngine:Attractions is displaying
2017-11-14 14:55:47-main--INFO -com.ctaf.accelerators.TestEngine:NightLife is displaying
2017-11-14 14:55:47-main--INFO -com.ctaf.accelerators.TestEngine:Rate per Day is displaying
2017-11-14 14:55:48-main--INFO -com.ctaf.accelerators.TestEngine:in VerifyNextButtons()
2017-11-14 14:55:48-main--INFO -com.ctaf.accelerators.TestEngine:Successfully clicked on Slider Left button
2017-11-14 14:56:06-main--INFO -com.ctaf.accelerators.TestEngine:Starting browser : ie
2017-11-14 14:56:24-main--INFO -com.ctaf.accelerators.TestEngine:Current Test : TC_Web_Home_015
2017-11-14 14:56:24-main--INFO -com.ctaf.accelerators.TestEngine:in SelectCountry()
2017-11-14 14:56:25-main--INFO -com.ctaf.accelerators.TestEngine:in SelectCheckInDate()
2017-11-14 14:56:47-main--INFO -com.ctaf.accelerators.TestEngine:in SelectCheckOutDate()
2017-11-14 14:57:05-main--INFO -com.ctaf.accelerators.TestEngine:in SelectCity()
2017-11-14 14:57:06-main--INFO -com.ctaf.accelerators.TestEngine:in SelectRoom()
2017-11-14 14:57:07-main--INFO -com.ctaf.accelerators.TestEngine:Successfully clicked on Rooms
2017-11-14 14:57:08-main--INFO -com.ctaf.accelerators.TestEngine:Successfully clicked on No of rooms
2017-11-14 14:57:08-main--INFO -com.ctaf.accelerators.TestEngine:in SelectAdults()
2017-11-14 14:57:09-main--INFO -com.ctaf.accelerators.TestEngine:Successfully clicked on Adults
2017-11-14 14:57:10-main--INFO -com.ctaf.accelerators.TestEngine:Successfully clicked on No of adults
2017-11-14 14:57:10-main--INFO -com.ctaf.accelerators.TestEngine:in SelectKids()
2017-11-14 14:57:11-main--INFO -com.ctaf.accelerators.TestEngine:Successfully clicked on Kids
2017-11-14 14:57:13-main--INFO -com.ctaf.accelerators.TestEngine:Successfully clicked on No of kids
2017-11-14 14:57:13-main--INFO -com.ctaf.accelerators.TestEngine:in ClickSearch()
2017-11-14 14:57:13-main--INFO -com.ctaf.accelerators.TestEngine:Successfully clicked on Search Button
2017-11-14 14:57:13-main--INFO -com.ctaf.accelerators.TestEngine:in VerifyHotelInfoSreen()
2017-11-14 14:57:16-main--INFO -com.ctaf.accelerators.TestEngine:HotelInfoPage is displaying
2017-11-14 14:57:17-main--INFO -com.ctaf.accelerators.TestEngine:ContinueButton is displaying
2017-11-14 14:57:17-main--INFO -com.ctaf.accelerators.TestEngine:HotelInfoPage is displaying
2017-11-14 14:57:17-main--INFO -com.ctaf.accelerators.TestEngine:HotelDescription is displaying
2017-11-14 14:57:17-main--INFO -com.ctaf.accelerators.TestEngine:Maps is displaying
2017-11-14 14:57:18-main--INFO -com.ctaf.accelerators.TestEngine:Dining is displaying
2017-11-14 14:57:18-main--INFO -com.ctaf.accelerators.TestEngine:Attractions is displaying
2017-11-14 14:57:18-main--INFO -com.ctaf.accelerators.TestEngine:NightLife is displaying
2017-11-14 14:57:18-main--INFO -com.ctaf.accelerators.TestEngine:Rate per Day is displaying
2017-11-14 14:57:19-main--INFO -com.ctaf.accelerators.TestEngine:in VerifyNextButtons()
2017-11-14 14:57:20-main--INFO -com.ctaf.accelerators.TestEngine:Successfully clicked on Slider Left button
2017-11-14 14:57:21-main--INFO -com.ctaf.accelerators.TestEngine:Successfully clicked on Slider Right button
2017-11-14 15:01:14-main--INFO -com.ctaf.accelerators.TestEngine:Starting browser : firefox
2017-11-14 15:03:36-main--INFO -com.ctaf.accelerators.TestEngine:Starting browser : firefox
2017-11-14 15:09:47-main--INFO -com.ctaf.accelerators.TestEngine:Starting browser : firefox
2017-11-14 15:10:09-main--INFO -com.ctaf.accelerators.TestEngine:Starting browser : Firefox
2017-11-14 15:10:55-main--INFO -com.ctaf.accelerators.TestEngine:Starting browser : Firefox
2017-11-14 15:11:36-main--INFO -com.ctaf.accelerators.TestEngine:Starting browser : Firefox
2017-11-14 15:24:20-main--INFO -com.ctaf.accelerators.TestEngine:Starting browser : Firefox
2017-11-14 15:26:11-main--INFO -com.ctaf.accelerators.TestEngine:Starting browser : Firefox
2017-11-14 15:28:29-main--INFO -com.ctaf.accelerators.TestEngine:Starting browser : Firefox
2017-11-14 15:30:40-main--INFO -com.ctaf.accelerators.TestEngine:Starting browser : Firefox
2017-11-14 15:34:06-main--INFO -com.ctaf.accelerators.TestEngine:Starting browser : Firefox
2017-11-14 15:50:06-main--INFO -com.ctaf.accelerators.TestEngine:Starting browser : Firefox
2017-11-14 15:51:00-main--INFO -com.ctaf.accelerators.TestEngine:Starting browser : Firefox
2017-11-14 15:52:30-main--INFO -com.ctaf.accelerators.TestEngine:Starting browser : Firefox
2017-11-14 15:54:19-main--INFO -com.ctaf.accelerators.TestEngine:Starting browser : Firefox
2017-11-14 15:55:40-main--INFO -com.ctaf.accelerators.TestEngine:Starting browser : Firefox
2017-11-14 15:58:21-main--INFO -com.ctaf.accelerators.TestEngine:Starting browser : Firefox
2017-11-14 16:00:23-main--INFO -com.ctaf.accelerators.TestEngine:Starting browser : Firefox
2017-11-14 16:00:45-main--INFO -com.ctaf.accelerators.TestEngine:Starting browser : firefox
2017-11-14 16:05:44-main--INFO -com.ctaf.accelerators.TestEngine:Starting browser : firefox
2017-11-14 16:11:00-main--INFO -com.ctaf.accelerators.TestEngine:Starting browser : firefox
2017-11-14 16:11:37-main--INFO -com.ctaf.accelerators.TestEngine:Current Test : TC_Web_012
2017-11-14 16:11:37-main--INFO -com.ctaf.accelerators.TestEngine:in verifyCheckInCheckOut()
2017-11-14 16:12:07-main--INFO -com.ctaf.accelerators.TestEngine:Starting browser : firefox
2017-11-14 16:12:48-main--INFO -com.ctaf.accelerators.TestEngine:Current Test : TC_Web_011
2017-11-14 16:12:48-main--INFO -com.ctaf.accelerators.TestEngine:in verifyKidsDropdown()
2017-11-14 16:12:51-main--INFO -com.ctaf.accelerators.TestEngine: Unable to get TscreenShot
2017-11-14 16:13:28-main--INFO -com.ctaf.accelerators.TestEngine:Starting browser : firefox
2017-11-14 16:13:52-main--INFO -com.ctaf.accelerators.TestEngine:Current Test : TC_Web_Home_077
2017-11-14 16:13:52-main--INFO -com.ctaf.accelerators.TestEngine:in SelectCountry()
2017-11-14 16:13:53-main--INFO -com.ctaf.accelerators.TestEngine:in SelectCheckInDate()
2017-11-14 16:14:36-main--INFO -com.ctaf.accelerators.TestEngine:in SelectCheckOutDate()
2017-11-14 16:14:38-main--INFO -com.ctaf.accelerators.TestEngine:in SelectCity()
2017-11-14 16:14:38-main--INFO -com.ctaf.accelerators.TestEngine:in SelectRoom()
2017-11-14 16:14:38-main--INFO -com.ctaf.accelerators.TestEngine:Successfully clicked on Rooms
2017-11-14 16:14:38-main--INFO -com.ctaf.accelerators.TestEngine:Successfully clicked on No of rooms
2017-11-14 16:14:38-main--INFO -com.ctaf.accelerators.TestEngine:in SelectAdults()
2017-11-14 16:14:38-main--INFO -com.ctaf.accelerators.TestEngine:Successfully clicked on Adults
2017-11-14 16:14:38-main--INFO -com.ctaf.accelerators.TestEngine:Successfully clicked on No of adults
2017-11-14 16:14:38-main--INFO -com.ctaf.accelerators.TestEngine:in SelectKids()
2017-11-14 16:14:38-main--INFO -com.ctaf.accelerators.TestEngine:Successfully clicked on Kids
2017-11-14 16:14:38-main--INFO -com.ctaf.accelerators.TestEngine:Successfully clicked on No of kids
2017-11-14 16:14:38-main--INFO -com.ctaf.accelerators.TestEngine:in ClickSearch()
2017-11-14 16:14:38-main--INFO -com.ctaf.accelerators.TestEngine:Successfully clicked on Search Button
2017-11-14 16:14:38-main--INFO -com.ctaf.accelerators.TestEngine:in ClickHotelInfoContinueButton()
2017-11-14 16:14:40-main--INFO -com.ctaf.accelerators.TestEngine:Successfully clicked on Continue Button
2017-11-14 16:14:41-main--INFO -com.ctaf.accelerators.TestEngine:Sect Your Room Page is displaying
2017-11-14 16:14:41-main--INFO -com.ctaf.accelerators.TestEngine:in UncheckJoinRemembered()
2017-11-14 16:14:41-main--INFO -com.ctaf.accelerators.TestEngine:in SelectRooms()
2017-11-14 16:14:45-main--INFO -com.ctaf.accelerators.TestEngine:Successfully clicked on select no of rooms
2017-11-14 16:14:45-main--INFO -com.ctaf.accelerators.TestEngine:Successfully clicked on The number of 	DOUBLE ROOM	 is selected as 2
2017-11-14 16:14:45-main--INFO -com.ctaf.accelerators.TestEngine:Successfully clicked on select no of rooms
2017-11-14 16:14:45-main--INFO -com.ctaf.accelerators.TestEngine:Successfully clicked on The number of 	TWIN ROOM	 is selected as 1
2017-11-14 16:14:45-main--INFO -com.ctaf.accelerators.TestEngine:Successfully clicked on select no of rooms
2017-11-14 16:14:45-main--INFO -com.ctaf.accelerators.TestEngine:Successfully clicked on The number of 	ACCESSIBLE ROOM	 is selected as 1
2017-11-14 16:14:45-main--INFO -com.ctaf.accelerators.TestEngine:in Click_SelectYourRoom_ContinueButton()
2017-11-14 16:14:45-main--INFO -com.ctaf.accelerators.TestEngine:Successfully clicked on Click_SelectYourRoom_ContinueButton
2017-11-14 16:14:46-main--INFO -com.ctaf.accelerators.TestEngine:Type  andy in First name field
2017-11-14 16:14:47-main--INFO -com.ctaf.accelerators.TestEngine:Type  murray in First name field
2017-11-14 16:14:47-main--INFO -com.ctaf.accelerators.TestEngine:in ProvidePhone()
2017-11-14 16:14:48-main--INFO -com.ctaf.accelerators.TestEngine:Type  8963256895 in phone
2017-11-14 16:14:48-main--INFO -com.ctaf.accelerators.TestEngine:in ProvideEmail()
2017-11-14 16:14:48-main--INFO -com.ctaf.accelerators.TestEngine:Type  pol@ew.com in email
2017-11-14 16:14:48-main--INFO -com.ctaf.accelerators.TestEngine:in ClickContinuePersonaDetails()
2017-11-14 16:14:50-main--INFO -com.ctaf.accelerators.TestEngine:Successfully clicked on PersonalDetailsPage_Continue
2017-11-14 16:14:50-main--INFO -com.ctaf.accelerators.TestEngine:in ClickPayAtHotel()
2017-11-14 16:14:50-main--INFO -com.ctaf.accelerators.TestEngine:in ClickConfirmAndPay()
2017-11-14 16:14:57-main--INFO -com.ctaf.accelerators.TestEngine:Confirmation page heading 	PACK YOUR BAGS is displaying
2017-11-14 16:14:57-main--INFO -com.ctaf.accelerators.TestEngine:in VerifyConfirmationScreen()
2017-11-14 16:14:57-main--INFO -com.ctaf.accelerators.TestEngine:Confirmation screen heading	YOUR HOTEL HAS BEEN BOOKED! is displaying
2017-11-14 16:14:57-main--INFO -com.ctaf.accelerators.TestEngine:Email Confirmation message	We've emailed you your booking confirmation. is displaying
2017-11-14 16:14:57-main--INFO -com.ctaf.accelerators.TestEngine:Confirmation page check in date	TUE, 21 NOV 2017 is displaying
2017-11-14 16:14:57-main--INFO -com.ctaf.accelerators.TestEngine:Confirmation page check out date	WED, 22 NOV 2017 is displaying
2017-11-14 16:14:57-main--INFO -com.ctaf.accelerators.TestEngine: Hotel details in confirmation page	Don Juico Avenue, Malabanias
Pampanga, Angeles City 2009
Philippines
+63 45 459 08 88
frontdesk.angeles@redplanethotels.com is displaying
2017-11-14 16:14:57-main--INFO -com.ctaf.accelerators.TestEngine: Hotel name in confirmation page	Red Planet	Angeles City is displaying
2017-11-14 16:14:57-main--INFO -com.ctaf.accelerators.TestEngine: Adults in confirmation page	4 is displaying
2017-11-14 16:14:57-main--INFO -com.ctaf.accelerators.TestEngine: Total Cost in confirmation page	PHP 7,260 is displaying
2017-11-14 16:14:57-main--INFO -com.ctaf.accelerators.TestEngine:Facebook icon is displaying
2017-11-14 16:14:57-main--INFO -com.ctaf.accelerators.TestEngine:Twitter Icon is displaying
2017-11-14 16:14:57-main--INFO -com.ctaf.accelerators.TestEngine:in VerifyConfirmationScreen()
2017-11-14 16:19:16-main--INFO -com.ctaf.accelerators.TestEngine:Starting browser : firefox
2017-11-14 16:20:22-main--INFO -com.ctaf.accelerators.TestEngine:Starting browser : firefox
2017-11-14 16:20:35-main--INFO -com.ctaf.accelerators.TestEngine:Current Test : TC_Web_Home_077
2017-11-14 16:20:35-main--INFO -com.ctaf.accelerators.TestEngine:in SelectCountry()
2017-11-14 16:20:35-main--INFO -com.ctaf.accelerators.TestEngine:in SelectCheckInDate()
2017-11-14 16:21:00-main--INFO -com.ctaf.accelerators.TestEngine:in SelectCheckOutDate()
2017-11-14 16:21:01-main--INFO -com.ctaf.accelerators.TestEngine:in SelectCity()
2017-11-14 16:21:01-main--INFO -com.ctaf.accelerators.TestEngine:in SelectRoom()
2017-11-14 16:21:02-main--INFO -com.ctaf.accelerators.TestEngine:Successfully clicked on Rooms
2017-11-14 16:21:02-main--INFO -com.ctaf.accelerators.TestEngine:Successfully clicked on No of rooms
2017-11-14 16:21:02-main--INFO -com.ctaf.accelerators.TestEngine:in SelectAdults()
2017-11-14 16:21:02-main--INFO -com.ctaf.accelerators.TestEngine:Successfully clicked on Adults
2017-11-14 16:21:02-main--INFO -com.ctaf.accelerators.TestEngine:Successfully clicked on No of adults
2017-11-14 16:21:02-main--INFO -com.ctaf.accelerators.TestEngine:in SelectKids()
2017-11-14 16:21:02-main--INFO -com.ctaf.accelerators.TestEngine:Successfully clicked on Kids
2017-11-14 16:21:02-main--INFO -com.ctaf.accelerators.TestEngine:Successfully clicked on No of kids
2017-11-14 16:21:02-main--INFO -com.ctaf.accelerators.TestEngine:in ClickSearch()
2017-11-14 16:21:02-main--INFO -com.ctaf.accelerators.TestEngine:Successfully clicked on Search Button
2017-11-14 16:21:02-main--INFO -com.ctaf.accelerators.TestEngine:in ClickHotelInfoContinueButton()
2017-11-14 16:21:03-main--INFO -com.ctaf.accelerators.TestEngine:Successfully clicked on Continue Button
2017-11-14 16:21:05-main--INFO -com.ctaf.accelerators.TestEngine:Sect Your Room Page is displaying
2017-11-14 16:21:05-main--INFO -com.ctaf.accelerators.TestEngine:in UncheckJoinRemembered()
2017-11-14 16:21:05-main--INFO -com.ctaf.accelerators.TestEngine:in SelectRooms()
2017-11-14 16:21:08-main--INFO -com.ctaf.accelerators.TestEngine:Successfully clicked on select no of rooms
2017-11-14 16:21:08-main--INFO -com.ctaf.accelerators.TestEngine:Successfully clicked on The number of 	DOUBLE ROOM	 is selected as 2
2017-11-14 16:21:09-main--INFO -com.ctaf.accelerators.TestEngine:Successfully clicked on select no of rooms
2017-11-14 16:21:09-main--INFO -com.ctaf.accelerators.TestEngine:Successfully clicked on The number of 	TWIN ROOM	 is selected as 1
2017-11-14 16:21:09-main--INFO -com.ctaf.accelerators.TestEngine:Successfully clicked on select no of rooms
2017-11-14 16:21:09-main--INFO -com.ctaf.accelerators.TestEngine:Successfully clicked on The number of 	ACCESSIBLE ROOM	 is selected as 1
2017-11-14 16:21:09-main--INFO -com.ctaf.accelerators.TestEngine:in Click_SelectYourRoom_ContinueButton()
2017-11-14 16:21:09-main--INFO -com.ctaf.accelerators.TestEngine:Successfully clicked on Click_SelectYourRoom_ContinueButton
2017-11-14 16:21:10-main--INFO -com.ctaf.accelerators.TestEngine:Type  andy in First name field
2017-11-14 16:21:10-main--INFO -com.ctaf.accelerators.TestEngine:Type  murray in First name field
2017-11-14 16:21:10-main--INFO -com.ctaf.accelerators.TestEngine:in ProvidePhone()
2017-11-14 16:21:11-main--INFO -com.ctaf.accelerators.TestEngine:Type  8963256895 in phone
2017-11-14 16:21:11-main--INFO -com.ctaf.accelerators.TestEngine:in ProvideEmail()
2017-11-14 16:21:11-main--INFO -com.ctaf.accelerators.TestEngine:Type  pol@ew.com in email
2017-11-14 16:21:11-main--INFO -com.ctaf.accelerators.TestEngine:in ClickContinuePersonaDetails()
2017-11-14 16:21:13-main--INFO -com.ctaf.accelerators.TestEngine:Successfully clicked on PersonalDetailsPage_Continue
2017-11-14 16:21:13-main--INFO -com.ctaf.accelerators.TestEngine:in ClickPayAtHotel()
2017-11-14 16:21:13-main--INFO -com.ctaf.accelerators.TestEngine:in ClickConfirmAndPay()
2017-11-14 16:21:20-main--INFO -com.ctaf.accelerators.TestEngine:Confirmation page heading 	PACK YOUR BAGS is displaying
2017-11-14 16:21:20-main--INFO -com.ctaf.accelerators.TestEngine:in VerifyConfirmationScreen()
2017-11-14 16:21:20-main--INFO -com.ctaf.accelerators.TestEngine:Confirmation screen heading	YOUR HOTEL HAS BEEN BOOKED! is displaying
2017-11-14 16:21:20-main--INFO -com.ctaf.accelerators.TestEngine:Email Confirmation message	We've emailed you your booking confirmation. is displaying
2017-11-14 16:21:20-main--INFO -com.ctaf.accelerators.TestEngine:Confirmation page check in date	TUE, 21 NOV 2017 is displaying
2017-11-14 16:21:20-main--INFO -com.ctaf.accelerators.TestEngine:Confirmation page check out date	WED, 22 NOV 2017 is displaying
2017-11-14 16:21:20-main--INFO -com.ctaf.accelerators.TestEngine: Hotel details in confirmation page	Don Juico Avenue, Malabanias
Pampanga, Angeles City 2009
Philippines
+63 45 459 08 88
frontdesk.angeles@redplanethotels.com is displaying
2017-11-14 16:21:20-main--INFO -com.ctaf.accelerators.TestEngine: Hotel name in confirmation page	Red Planet	Angeles City is displaying
2017-11-14 16:21:20-main--INFO -com.ctaf.accelerators.TestEngine: Adults in confirmation page	4 is displaying
2017-11-14 16:21:20-main--INFO -com.ctaf.accelerators.TestEngine: Total Cost in confirmation page	PHP 7,260 is displaying
2017-11-14 16:21:20-main--INFO -com.ctaf.accelerators.TestEngine:Facebook icon is displaying
2017-11-14 16:21:20-main--INFO -com.ctaf.accelerators.TestEngine:Twitter Icon is displaying
2017-11-14 16:21:20-main--INFO -com.ctaf.accelerators.TestEngine:in VerifyConfirmationScreen()
2017-11-14 16:22:37-main--INFO -com.ctaf.accelerators.TestEngine:Starting browser : ie
2017-11-14 16:23:45-main--INFO -com.ctaf.accelerators.TestEngine:Current Test : TC_Web_Home_078
2017-11-14 16:23:45-main--INFO -com.ctaf.accelerators.TestEngine:in ClickLogin()
2017-11-14 16:23:48-main--INFO -com.ctaf.accelerators.TestEngine:Successfully clicked on Log In
2017-11-14 16:23:48-main--INFO -com.ctaf.accelerators.TestEngine:in Login()
2017-11-14 16:25:05-main--INFO -com.ctaf.accelerators.TestEngine:Type  roger@gmail.com in username
2017-11-14 16:26:07-main--INFO -com.ctaf.accelerators.TestEngine:Type  rogerfederer in password
2017-11-14 16:26:15-main--INFO -com.ctaf.accelerators.TestEngine:Starting browser : ie
2017-11-14 16:26:33-main--INFO -com.ctaf.accelerators.TestEngine:Current Test : TC_Web_Home_077
2017-11-14 16:26:33-main--INFO -com.ctaf.accelerators.TestEngine:in SelectCountry()
2017-11-14 16:26:34-main--INFO -com.ctaf.accelerators.TestEngine:in SelectCheckInDate()
2017-11-14 16:27:05-main--INFO -com.ctaf.accelerators.TestEngine:in SelectCheckOutDate()
2017-11-14 16:27:38-main--INFO -com.ctaf.accelerators.TestEngine:in SelectCity()
2017-11-14 16:27:39-main--INFO -com.ctaf.accelerators.TestEngine:in SelectRoom()
2017-11-14 16:27:41-main--INFO -com.ctaf.accelerators.TestEngine:Successfully clicked on Rooms
2017-11-14 16:27:45-main--INFO -com.ctaf.accelerators.TestEngine:Successfully clicked on No of rooms
2017-11-14 16:27:45-main--INFO -com.ctaf.accelerators.TestEngine:in SelectAdults()
2017-11-14 16:27:47-main--INFO -com.ctaf.accelerators.TestEngine:Successfully clicked on Adults
2017-11-14 16:27:51-main--INFO -com.ctaf.accelerators.TestEngine:Successfully clicked on No of adults
2017-11-14 16:27:51-main--INFO -com.ctaf.accelerators.TestEngine:in SelectKids()
2017-11-14 16:27:54-main--INFO -com.ctaf.accelerators.TestEngine:Successfully clicked on Kids
2017-11-14 16:27:58-main--INFO -com.ctaf.accelerators.TestEngine:Successfully clicked on No of kids
2017-11-14 16:27:58-main--INFO -com.ctaf.accelerators.TestEngine:in ClickSearch()
2017-11-14 16:28:00-main--INFO -com.ctaf.accelerators.TestEngine:Successfully clicked on Search Button
2017-11-14 16:28:00-main--INFO -com.ctaf.accelerators.TestEngine:in ClickHotelInfoContinueButton()
2017-11-14 16:28:07-main--INFO -com.ctaf.accelerators.TestEngine:Successfully clicked on Continue Button
2017-11-14 16:28:08-main--INFO -com.ctaf.accelerators.TestEngine:Sect Your Room Page is displaying
2017-11-14 16:28:08-main--INFO -com.ctaf.accelerators.TestEngine:in UncheckJoinRemembered()
2017-11-14 16:28:09-main--INFO -com.ctaf.accelerators.TestEngine:in SelectRooms()
2017-11-14 16:28:14-main--INFO -com.ctaf.accelerators.TestEngine:Successfully clicked on select no of rooms
2017-11-14 16:29:52-main--INFO -com.ctaf.accelerators.TestEngine:Starting browser : ie
2017-11-14 16:31:44-main--INFO -com.ctaf.accelerators.TestEngine:Starting browser : ie
2017-11-14 16:32:10-main--INFO -com.ctaf.accelerators.TestEngine:Current Test : TC_Web_Home_077
2017-11-14 16:32:10-main--INFO -com.ctaf.accelerators.TestEngine:in SelectCountry()
2017-11-14 16:32:13-main--INFO -com.ctaf.accelerators.TestEngine:in SelectCheckInDate()
2017-11-14 16:32:27-main--INFO -com.ctaf.accelerators.TestEngine:in SelectCheckOutDate()
2017-11-14 16:32:35-main--INFO -com.ctaf.accelerators.TestEngine:in SelectCity()
2017-11-14 16:32:35-main--INFO -com.ctaf.accelerators.TestEngine:in SelectRoom()
2017-11-14 16:32:37-main--INFO -com.ctaf.accelerators.TestEngine:Successfully clicked on Rooms
2017-11-14 16:32:38-main--INFO -com.ctaf.accelerators.TestEngine:Successfully clicked on No of rooms
2017-11-14 16:32:38-main--INFO -com.ctaf.accelerators.TestEngine:in SelectAdults()
2017-11-14 16:32:39-main--INFO -com.ctaf.accelerators.TestEngine:Successfully clicked on Adults
2017-11-14 16:35:32-main--INFO -com.ctaf.accelerators.TestEngine:Starting browser : chrome
2017-11-14 16:36:16-main--INFO -com.ctaf.accelerators.TestEngine:Current Test : TC_Web_Home_057
2017-11-14 16:36:16-main--INFO -com.ctaf.accelerators.TestEngine:in SelectCountry()
2017-11-14 16:37:06-main--INFO -com.ctaf.accelerators.TestEngine:Starting browser : chrome
2017-11-14 16:37:39-main--INFO -com.ctaf.accelerators.TestEngine:Current Test : TC_Web_Home_078
2017-11-14 16:37:39-main--INFO -com.ctaf.accelerators.TestEngine:in ClickLogin()
2017-11-14 16:38:28-main--INFO -com.ctaf.accelerators.TestEngine:Successfully clicked on Log In
2017-11-14 16:38:28-main--INFO -com.ctaf.accelerators.TestEngine:in Login()
2017-11-14 16:38:29-main--INFO -com.ctaf.accelerators.TestEngine:Type  roger@gmail.com in username
2017-11-14 16:38:29-main--INFO -com.ctaf.accelerators.TestEngine:Type  rogerfederer in password
2017-11-14 16:38:29-main--INFO -com.ctaf.accelerators.TestEngine:Successfully clicked on Log In
2017-11-14 16:38:30-main--INFO -com.ctaf.accelerators.TestEngine:in SelectCountry()
2017-11-14 16:38:30-main--INFO -com.ctaf.accelerators.TestEngine:in SelectCheckInDate()
2017-11-14 16:38:32-main--INFO -com.ctaf.accelerators.TestEngine:in SelectCheckOutDate()
2017-11-14 16:38:34-main--INFO -com.ctaf.accelerators.TestEngine:in SelectCity()
2017-11-14 16:38:34-main--INFO -com.ctaf.accelerators.TestEngine:in SelectRoom()
2017-11-14 16:38:35-main--INFO -com.ctaf.accelerators.TestEngine:Successfully clicked on Rooms
2017-11-14 16:38:35-main--INFO -com.ctaf.accelerators.TestEngine:Successfully clicked on No of rooms
2017-11-14 16:38:35-main--INFO -com.ctaf.accelerators.TestEngine:in SelectAdults()
2017-11-14 16:38:35-main--INFO -com.ctaf.accelerators.TestEngine:Successfully clicked on Adults
2017-11-14 16:38:35-main--INFO -com.ctaf.accelerators.TestEngine:Successfully clicked on No of adults
2017-11-14 16:38:35-main--INFO -com.ctaf.accelerators.TestEngine:in SelectKids()
2017-11-14 16:38:35-main--INFO -com.ctaf.accelerators.TestEngine:Successfully clicked on Kids
2017-11-14 16:38:35-main--INFO -com.ctaf.accelerators.TestEngine:Successfully clicked on No of kids
2017-11-14 16:38:35-main--INFO -com.ctaf.accelerators.TestEngine:in ClickSearch()
2017-11-14 16:38:35-main--INFO -com.ctaf.accelerators.TestEngine:Successfully clicked on Search Button
2017-11-14 16:38:35-main--INFO -com.ctaf.accelerators.TestEngine:in ClickHotelInfoContinueButton()
2017-11-14 16:38:36-main--INFO -com.ctaf.accelerators.TestEngine:Successfully clicked on Continue Button
2017-11-14 16:38:37-main--INFO -com.ctaf.accelerators.TestEngine:Sect Your Room Page is displaying
2017-11-14 16:38:37-main--INFO -com.ctaf.accelerators.TestEngine:in SelectRooms()
2017-11-14 16:38:41-main--INFO -com.ctaf.accelerators.TestEngine:Successfully clicked on select no of rooms
2017-11-14 16:38:41-main--INFO -com.ctaf.accelerators.TestEngine:Successfully clicked on The number of 	DOUBLE ROOM	 is selected as 2
2017-11-14 16:38:41-main--INFO -com.ctaf.accelerators.TestEngine:Successfully clicked on select no of rooms
2017-11-14 16:38:41-main--INFO -com.ctaf.accelerators.TestEngine:Successfully clicked on The number of 	TWIN ROOM	 is selected as 1
2017-11-14 16:38:41-main--INFO -com.ctaf.accelerators.TestEngine:Successfully clicked on select no of rooms
2017-11-14 16:38:41-main--INFO -com.ctaf.accelerators.TestEngine:Successfully clicked on The number of 	ACCESSIBLE ROOM	 is selected as 1
2017-11-14 16:38:41-main--INFO -com.ctaf.accelerators.TestEngine:in Click_SelectYourRoom_ContinueButton()
2017-11-14 16:38:41-main--INFO -com.ctaf.accelerators.TestEngine:Successfully clicked on Click_SelectYourRoom_ContinueButton
2017-11-14 16:38:41-main--INFO -com.ctaf.accelerators.TestEngine:in ClickContinuePersonaDetails()
2017-11-14 16:38:43-main--INFO -com.ctaf.accelerators.TestEngine:Successfully clicked on PersonalDetailsPage_Continue
2017-11-14 16:38:43-main--INFO -com.ctaf.accelerators.TestEngine:in ClickPayAtHotel()
2017-11-14 16:38:44-main--INFO -com.ctaf.accelerators.TestEngine:in ClickConfirmAndPay()
2017-11-14 16:38:50-main--INFO -com.ctaf.accelerators.TestEngine:Confirmation page heading 	PACK YOUR BAGS is displaying
2017-11-14 16:38:50-main--INFO -com.ctaf.accelerators.TestEngine:in VerifyConfirmationScreen()
2017-11-14 16:38:50-main--INFO -com.ctaf.accelerators.TestEngine:Confirmation screen heading	YOUR HOTEL HAS BEEN BOOKED! is displaying
2017-11-14 16:38:50-main--INFO -com.ctaf.accelerators.TestEngine:Email Confirmation message	We've emailed you your booking confirmation. is displaying
2017-11-14 16:38:50-main--INFO -com.ctaf.accelerators.TestEngine:Confirmation page check in date	TUE, 21 NOV 2017 is displaying
2017-11-14 16:38:50-main--INFO -com.ctaf.accelerators.TestEngine:Confirmation page check out date	WED, 22 NOV 2017 is displaying
2017-11-14 16:38:50-main--INFO -com.ctaf.accelerators.TestEngine: Hotel details in confirmation page	Don Juico Avenue, Malabanias
Pampanga, Angeles City 2009
Philippines
+63 45 459 08 88
frontdesk.angeles@redplanethotels.com is displaying
2017-11-14 16:38:50-main--INFO -com.ctaf.accelerators.TestEngine: Hotel name in confirmation page	Red Planet	Angeles City is displaying
2017-11-14 16:38:50-main--INFO -com.ctaf.accelerators.TestEngine: Adults in confirmation page	4 is displaying
2017-11-14 16:38:51-main--INFO -com.ctaf.accelerators.TestEngine: Total Cost in confirmation page	PHP 6,536 is displaying
2017-11-14 16:38:51-main--INFO -com.ctaf.accelerators.TestEngine:Facebook icon is displaying
2017-11-14 16:38:51-main--INFO -com.ctaf.accelerators.TestEngine:Twitter Icon is displaying
2017-11-14 16:38:51-main--INFO -com.ctaf.accelerators.TestEngine:in VerifyConfirmationScreen()
2017-11-14 16:42:18-main--INFO -com.ctaf.accelerators.TestEngine:Starting browser : Firefox
2017-11-14 16:46:03-main--INFO -com.ctaf.accelerators.TestEngine:Starting browser : Firefox
2017-11-14 16:46:19-main--INFO -com.ctaf.accelerators.TestEngine:Current Test : TC_Web_Home_077
2017-11-14 16:46:19-main--INFO -com.ctaf.accelerators.TestEngine:in SelectCountry()
2017-11-14 16:46:19-main--INFO -com.ctaf.accelerators.TestEngine:in SelectCheckInDate()
2017-11-14 16:48:20-main--INFO -com.ctaf.accelerators.TestEngine:in SelectCheckOutDate()
2017-11-14 16:49:41-main--INFO -com.ctaf.accelerators.TestEngine:Starting browser : Firefox
2017-11-14 16:49:56-main--INFO -com.ctaf.accelerators.TestEngine:Current Test : TC_Web_Home_056
2017-11-14 16:49:56-main--INFO -com.ctaf.accelerators.TestEngine:in SelectCountry()
2017-11-14 16:49:56-main--INFO -com.ctaf.accelerators.TestEngine:in SelectCheckInDate()
2017-11-14 16:50:14-main--INFO -com.ctaf.accelerators.TestEngine:in SelectCheckOutDate()
2017-11-14 16:50:15-main--INFO -com.ctaf.accelerators.TestEngine:in SelectCity()
2017-11-14 16:50:15-main--INFO -com.ctaf.accelerators.TestEngine:in SelectRoom()
2017-11-14 16:50:15-main--INFO -com.ctaf.accelerators.TestEngine:Successfully clicked on Rooms
2017-11-14 16:50:15-main--INFO -com.ctaf.accelerators.TestEngine:Successfully clicked on No of rooms
2017-11-14 16:50:15-main--INFO -com.ctaf.accelerators.TestEngine:in SelectAdults()
2017-11-14 16:50:16-main--INFO -com.ctaf.accelerators.TestEngine:Successfully clicked on Adults
2017-11-14 16:50:16-main--INFO -com.ctaf.accelerators.TestEngine:Successfully clicked on No of adults
2017-11-14 16:50:16-main--INFO -com.ctaf.accelerators.TestEngine:in SelectKids()
2017-11-14 16:50:16-main--INFO -com.ctaf.accelerators.TestEngine:Successfully clicked on Kids
2017-11-14 16:50:16-main--INFO -com.ctaf.accelerators.TestEngine:Successfully clicked on No of kids
2017-11-14 16:50:16-main--INFO -com.ctaf.accelerators.TestEngine:in ClickSearch()
2017-11-14 16:50:16-main--INFO -com.ctaf.accelerators.TestEngine:Successfully clicked on Search Button
2017-11-14 16:50:16-main--INFO -com.ctaf.accelerators.TestEngine:in ClickHotelInfoContinueButton()
2017-11-14 16:50:17-main--INFO -com.ctaf.accelerators.TestEngine:Successfully clicked on Continue Button
2017-11-14 16:50:19-main--INFO -com.ctaf.accelerators.TestEngine:Sect Your Room Page is displaying
2017-11-14 16:50:19-main--INFO -com.ctaf.accelerators.TestEngine:in SelectRooms()
2017-11-14 16:50:22-main--INFO -com.ctaf.accelerators.TestEngine:Successfully clicked on select no of rooms
2017-11-14 16:50:22-main--INFO -com.ctaf.accelerators.TestEngine:Successfully clicked on The number of 	DOUBLE ROOM	 is selected as 2
2017-11-14 16:50:23-main--INFO -com.ctaf.accelerators.TestEngine:Successfully clicked on select no of rooms
2017-11-14 16:50:23-main--INFO -com.ctaf.accelerators.TestEngine:Successfully clicked on The number of 	TWIN ROOM	 is selected as 1
2017-11-14 16:50:23-main--INFO -com.ctaf.accelerators.TestEngine:Successfully clicked on select no of rooms
2017-11-14 16:50:23-main--INFO -com.ctaf.accelerators.TestEngine:Successfully clicked on The number of 	ACCESSIBLE ROOM	 is selected as 1
2017-11-14 16:50:23-main--INFO -com.ctaf.accelerators.TestEngine:in Click_SelectYourRoom_ContinueButton()
2017-11-14 16:50:23-main--INFO -com.ctaf.accelerators.TestEngine:Successfully clicked on Click_SelectYourRoom_ContinueButton
2017-11-14 16:50:24-main--INFO -com.ctaf.accelerators.TestEngine:Type  andy in First name field
2017-11-14 16:50:25-main--INFO -com.ctaf.accelerators.TestEngine:Type  murray in First name field
2017-11-14 16:50:25-main--INFO -com.ctaf.accelerators.TestEngine:in ProvideCountry()
2017-11-14 16:55:33-main--INFO -com.ctaf.accelerators.TestEngine:Starting browser : Firefox
2017-11-14 16:56:37-main--INFO -com.ctaf.accelerators.TestEngine:Current Test : TC_Web_Home_059
2017-11-14 16:56:37-main--INFO -com.ctaf.accelerators.TestEngine:in SelectCountry()
2017-11-14 16:56:42-main--INFO -com.ctaf.accelerators.TestEngine:in SelectCheckInDate()
2017-11-14 16:58:05-main--INFO -com.ctaf.accelerators.TestEngine:Starting browser : Firefox
2017-11-14 17:00:42-main--INFO -com.ctaf.accelerators.TestEngine:Starting browser : chrome
2017-11-14 17:01:05-main--INFO -com.ctaf.accelerators.TestEngine:Current Test : TC_Web_Home_077
2017-11-14 17:01:05-main--INFO -com.ctaf.accelerators.TestEngine:in SelectCountry()
2017-11-14 17:01:05-main--INFO -com.ctaf.accelerators.TestEngine:in SelectCheckInDate()
2017-11-14 17:01:10-main--INFO -com.ctaf.accelerators.TestEngine:in SelectCheckOutDate()
2017-11-14 17:01:12-main--INFO -com.ctaf.accelerators.TestEngine:in SelectCity()
2017-11-14 17:01:12-main--INFO -com.ctaf.accelerators.TestEngine:in SelectRoom()
2017-11-14 17:01:12-main--INFO -com.ctaf.accelerators.TestEngine:Successfully clicked on Rooms
2017-11-14 17:01:18-main--INFO -com.ctaf.accelerators.TestEngine:Successfully clicked on No of rooms
2017-11-14 17:01:18-main--INFO -com.ctaf.accelerators.TestEngine:in SelectAdults()
2017-11-14 17:01:44-main--INFO -com.ctaf.accelerators.TestEngine:Starting browser : Firefox
2017-11-14 17:02:00-main--INFO -com.ctaf.accelerators.TestEngine:Current Test : TC_Web_Home_078
2017-11-14 17:02:00-main--INFO -com.ctaf.accelerators.TestEngine:in ClickLogin()
2017-11-14 17:02:00-main--INFO -com.ctaf.accelerators.TestEngine:Successfully clicked on Log In
2017-11-14 17:02:00-main--INFO -com.ctaf.accelerators.TestEngine:in Login()
2017-11-14 17:02:01-main--INFO -com.ctaf.accelerators.TestEngine:Type  roger@gmail.com in username
2017-11-14 17:02:01-main--INFO -com.ctaf.accelerators.TestEngine:Type  rogerfederer in password
2017-11-14 17:02:01-main--INFO -com.ctaf.accelerators.TestEngine:Successfully clicked on Log In
2017-11-14 17:02:02-main--INFO -com.ctaf.accelerators.TestEngine:in SelectCountry()
2017-11-14 17:02:03-main--INFO -com.ctaf.accelerators.TestEngine:in SelectCheckInDate()
2017-11-14 17:02:55-main--INFO -com.ctaf.accelerators.TestEngine:Starting browser : Firefox
2017-11-14 17:03:48-main--INFO -com.ctaf.accelerators.TestEngine:Starting browser : Firefox
2017-11-14 17:04:36-main--INFO -com.ctaf.accelerators.TestEngine:Current Test : TC_Web_Home_078
2017-11-14 17:04:36-main--INFO -com.ctaf.accelerators.TestEngine:in ClickLogin()
2017-11-14 17:04:41-main--INFO -com.ctaf.accelerators.TestEngine:Successfully clicked on Log In
2017-11-14 17:04:41-main--INFO -com.ctaf.accelerators.TestEngine:in Login()
2017-11-14 17:04:46-main--INFO -com.ctaf.accelerators.TestEngine:Type  roger@gmail.com in username
2017-11-14 17:04:48-main--INFO -com.ctaf.accelerators.TestEngine:Type  rogerfederer in password
2017-11-14 17:04:51-main--INFO -com.ctaf.accelerators.TestEngine:Successfully clicked on Log In
2017-11-14 17:04:53-main--INFO -com.ctaf.accelerators.TestEngine:in SelectCountry()
2017-11-14 17:05:04-main--INFO -com.ctaf.accelerators.TestEngine:in SelectCheckInDate()
2017-11-14 17:07:08-main--INFO -com.ctaf.accelerators.TestEngine:Starting browser : Firefox
2017-11-14 17:08:17-main--INFO -com.ctaf.accelerators.TestEngine:Starting browser : Firefox
2017-11-14 17:08:30-main--INFO -com.ctaf.accelerators.TestEngine:Current Test : TC_Web_Home_051
2017-11-14 17:08:30-main--INFO -com.ctaf.accelerators.TestEngine:in SelectCountry()
2017-11-14 17:08:30-main--INFO -com.ctaf.accelerators.TestEngine:in SelectCheckInDate()
2017-11-14 17:10:31-main--INFO -com.ctaf.accelerators.TestEngine:in SelectCheckOutDate()
2017-11-14 17:10:46-main--INFO -com.ctaf.accelerators.TestEngine:Starting browser : Firefox
2017-11-14 17:11:01-main--INFO -com.ctaf.accelerators.TestEngine:Current Test : TC_Web_Home_051
2017-11-14 17:11:01-main--INFO -com.ctaf.accelerators.TestEngine:in SelectCountry()
2017-11-14 17:11:02-main--INFO -com.ctaf.accelerators.TestEngine:in SelectCheckInDate()
2017-11-14 17:12:13-main--INFO -com.ctaf.accelerators.TestEngine:Starting browser : Firefox
2017-11-14 17:12:30-main--INFO -com.ctaf.accelerators.TestEngine:Current Test : TC_Web_Home_051
2017-11-14 17:12:30-main--INFO -com.ctaf.accelerators.TestEngine:in SelectCountry()
2017-11-14 17:12:30-main--INFO -com.ctaf.accelerators.TestEngine:in SelectCheckInDate()
2017-11-14 17:12:47-main--INFO -com.ctaf.accelerators.TestEngine:in SelectCheckOutDate()
2017-11-14 17:12:48-main--INFO -com.ctaf.accelerators.TestEngine:in SelectCity()
2017-11-14 17:12:49-main--INFO -com.ctaf.accelerators.TestEngine:in SelectRoom()
2017-11-14 17:12:49-main--INFO -com.ctaf.accelerators.TestEngine:Successfully clicked on Rooms
2017-11-14 17:12:49-main--INFO -com.ctaf.accelerators.TestEngine:Successfully clicked on No of rooms
2017-11-14 17:12:49-main--INFO -com.ctaf.accelerators.TestEngine:in SelectAdults()
2017-11-14 17:12:49-main--INFO -com.ctaf.accelerators.TestEngine:Successfully clicked on Adults
2017-11-14 17:12:49-main--INFO -com.ctaf.accelerators.TestEngine:Successfully clicked on No of adults
2017-11-14 17:12:49-main--INFO -com.ctaf.accelerators.TestEngine:in SelectKids()
2017-11-14 17:12:49-main--INFO -com.ctaf.accelerators.TestEngine:Successfully clicked on Kids
2017-11-14 17:12:49-main--INFO -com.ctaf.accelerators.TestEngine:Successfully clicked on No of kids
2017-11-14 17:12:49-main--INFO -com.ctaf.accelerators.TestEngine:in ClickSearch()
2017-11-14 17:12:49-main--INFO -com.ctaf.accelerators.TestEngine:Successfully clicked on Search Button
2017-11-14 17:12:49-main--INFO -com.ctaf.accelerators.TestEngine:in ClickHotelInfoContinueButton()
2017-11-14 17:12:52-main--INFO -com.ctaf.accelerators.TestEngine:Successfully clicked on Continue Button
2017-11-14 17:12:53-main--INFO -com.ctaf.accelerators.TestEngine:in SelectRooms()
2017-11-14 17:13:36-main--INFO -com.ctaf.accelerators.TestEngine:Starting browser : Firefox
2017-11-14 17:14:39-main--INFO -com.ctaf.accelerators.TestEngine:Starting browser : Firefox
2017-11-14 17:14:59-main--INFO -com.ctaf.accelerators.TestEngine:Current Test : TC_Web_Home_067
2017-11-14 17:14:59-main--INFO -com.ctaf.accelerators.TestEngine:in SelectCountry()
2017-11-14 17:14:59-main--INFO -com.ctaf.accelerators.TestEngine:in SelectCheckInDate()
2017-11-14 17:15:42-main--INFO -com.ctaf.accelerators.TestEngine:Starting browser : Firefox
2017-11-14 17:17:14-main--INFO -com.ctaf.accelerators.TestEngine:Starting browser : Firefox
2017-11-14 17:17:26-main--INFO -com.ctaf.accelerators.TestEngine:Current Test : TC_Web_Home_067
2017-11-14 17:17:26-main--INFO -com.ctaf.accelerators.TestEngine:in SelectCountry()
2017-11-14 17:17:26-main--INFO -com.ctaf.accelerators.TestEngine:in SelectCheckInDate()
2017-11-14 17:17:37-main--INFO -com.ctaf.accelerators.TestEngine:in SelectCheckOutDate()
2017-11-14 17:17:38-main--INFO -com.ctaf.accelerators.TestEngine:in SelectCity()
2017-11-14 17:17:39-main--INFO -com.ctaf.accelerators.TestEngine:in SelectRoom()
2017-11-14 17:17:39-main--INFO -com.ctaf.accelerators.TestEngine:Successfully clicked on Rooms
2017-11-14 17:17:39-main--INFO -com.ctaf.accelerators.TestEngine:Successfully clicked on No of rooms
2017-11-14 17:17:39-main--INFO -com.ctaf.accelerators.TestEngine:in SelectAdults()
2017-11-14 17:17:39-main--INFO -com.ctaf.accelerators.TestEngine:Successfully clicked on Adults
2017-11-14 17:17:39-main--INFO -com.ctaf.accelerators.TestEngine:Successfully clicked on No of adults
2017-11-14 17:17:39-main--INFO -com.ctaf.accelerators.TestEngine:in SelectKids()
2017-11-14 17:17:39-main--INFO -com.ctaf.accelerators.TestEngine:Successfully clicked on Kids
2017-11-14 17:17:39-main--INFO -com.ctaf.accelerators.TestEngine:Successfully clicked on No of kids
2017-11-14 17:17:39-main--INFO -com.ctaf.accelerators.TestEngine:in ClickSearch()
2017-11-14 17:17:39-main--INFO -com.ctaf.accelerators.TestEngine:Successfully clicked on Search Button
2017-11-14 17:17:39-main--INFO -com.ctaf.accelerators.TestEngine:in ClickHotelInfoContinueButton()
2017-11-14 17:17:40-main--INFO -com.ctaf.accelerators.TestEngine:Successfully clicked on Continue Button
2017-11-14 17:17:41-main--INFO -com.ctaf.accelerators.TestEngine:Sect Your Room Page is displaying
2017-11-14 17:17:41-main--INFO -com.ctaf.accelerators.TestEngine:in SelectRooms()
2017-11-14 17:17:51-main--INFO -com.ctaf.accelerators.TestEngine:Starting browser : Firefox
2017-11-14 17:18:03-main--INFO -com.ctaf.accelerators.TestEngine:Current Test : TC_Web_Home_067
2017-11-14 17:18:03-main--INFO -com.ctaf.accelerators.TestEngine:in SelectCountry()
2017-11-14 17:18:03-main--INFO -com.ctaf.accelerators.TestEngine:in SelectCheckInDate()
2017-11-14 17:18:36-main--INFO -com.ctaf.accelerators.TestEngine:in SelectCheckOutDate()
2017-11-14 17:25:29-main--INFO -com.ctaf.accelerators.TestEngine:Starting browser : Firefox
2017-11-14 17:26:09-main--INFO -com.ctaf.accelerators.TestEngine:Current Test : TC_Web_Home_048
2017-11-14 17:26:09-main--INFO -com.ctaf.accelerators.TestEngine:in SelectCountry()
2017-11-14 17:26:09-main--INFO -com.ctaf.accelerators.TestEngine:in SelectCheckInDate()
2017-11-14 17:26:10-main--INFO -com.ctaf.accelerators.TestEngine: Able to get TscreenShot
2017-11-14 17:28:07-main--INFO -com.ctaf.accelerators.TestEngine:Starting browser : Firefox
2017-11-14 17:29:46-main--INFO -com.ctaf.accelerators.TestEngine:Starting browser : Firefox
2017-11-14 17:30:53-main--INFO -com.ctaf.accelerators.TestEngine:Starting browser : Firefox
2017-11-14 17:31:27-main--INFO -com.ctaf.accelerators.TestEngine:Current Test : TC_Web_Home_056
2017-11-14 17:31:27-main--INFO -com.ctaf.accelerators.TestEngine:in SelectCountry()
2017-11-14 17:31:28-main--INFO -com.ctaf.accelerators.TestEngine:in SelectCheckInDate()
2017-11-14 17:31:58-main--INFO -com.ctaf.accelerators.TestEngine:in SelectCheckOutDate()
2017-11-14 17:31:59-main--INFO -com.ctaf.accelerators.TestEngine:in SelectCity()
2017-11-14 17:31:59-main--INFO -com.ctaf.accelerators.TestEngine:in SelectRoom()
2017-11-14 17:32:00-main--INFO -com.ctaf.accelerators.TestEngine:Successfully clicked on Rooms
2017-11-14 17:32:00-main--INFO -com.ctaf.accelerators.TestEngine:Successfully clicked on No of rooms
2017-11-14 17:32:00-main--INFO -com.ctaf.accelerators.TestEngine:in SelectAdults()
2017-11-14 17:32:00-main--INFO -com.ctaf.accelerators.TestEngine:Successfully clicked on Adults
2017-11-14 17:32:00-main--INFO -com.ctaf.accelerators.TestEngine:Successfully clicked on No of adults
2017-11-14 17:32:00-main--INFO -com.ctaf.accelerators.TestEngine:in SelectKids()
2017-11-14 17:32:01-main--INFO -com.ctaf.accelerators.TestEngine:Successfully clicked on Kids
2017-11-14 17:32:01-main--INFO -com.ctaf.accelerators.TestEngine:Successfully clicked on No of kids
2017-11-14 17:32:01-main--INFO -com.ctaf.accelerators.TestEngine:in ClickSearch()
2017-11-14 17:32:04-main--INFO -com.ctaf.accelerators.TestEngine:Successfully clicked on Search Button
2017-11-14 17:32:04-main--INFO -com.ctaf.accelerators.TestEngine:in ClickHotelInfoContinueButton()
2017-11-14 17:32:05-main--INFO -com.ctaf.accelerators.TestEngine:Successfully clicked on Continue Button
2017-11-14 17:32:08-main--INFO -com.ctaf.accelerators.TestEngine:Sect Your Room Page is displaying
2017-11-14 17:32:08-main--INFO -com.ctaf.accelerators.TestEngine:in SelectRooms()
2017-11-14 17:32:12-main--INFO -com.ctaf.accelerators.TestEngine:Successfully clicked on select no of rooms
2017-11-14 17:32:12-main--INFO -com.ctaf.accelerators.TestEngine:Successfully clicked on The number of 	DOUBLE ROOM	 is selected as 2
2017-11-14 17:32:12-main--INFO -com.ctaf.accelerators.TestEngine:Successfully clicked on select no of rooms
2017-11-14 17:32:12-main--INFO -com.ctaf.accelerators.TestEngine:Successfully clicked on The number of 	TWIN ROOM	 is selected as 1
2017-11-14 17:32:12-main--INFO -com.ctaf.accelerators.TestEngine:Successfully clicked on select no of rooms
2017-11-14 17:32:12-main--INFO -com.ctaf.accelerators.TestEngine:Successfully clicked on The number of 	ACCESSIBLE ROOM	 is selected as 1
2017-11-14 17:32:12-main--INFO -com.ctaf.accelerators.TestEngine:in Click_SelectYourRoom_ContinueButton()
2017-11-14 17:32:12-main--INFO -com.ctaf.accelerators.TestEngine:Successfully clicked on Click_SelectYourRoom_ContinueButton
2017-11-14 17:32:13-main--INFO -com.ctaf.accelerators.TestEngine:Type  andy in First name field
2017-11-14 17:32:15-main--INFO -com.ctaf.accelerators.TestEngine:Type  murray in First name field
2017-11-14 17:32:15-main--INFO -com.ctaf.accelerators.TestEngine:in ProvideCountry()
2017-11-14 17:34:48-main--INFO -com.ctaf.accelerators.TestEngine:Starting browser : Firefox
2017-11-14 17:35:33-main--INFO -com.ctaf.accelerators.TestEngine:Current Test : TC_Web_Home_056
2017-11-14 17:35:33-main--INFO -com.ctaf.accelerators.TestEngine:in SelectCountry()
2017-11-14 17:35:56-main--INFO -com.ctaf.accelerators.TestEngine:in SelectCheckInDate()
2017-11-14 17:38:41-main--INFO -com.ctaf.accelerators.TestEngine:Starting browser : Firefox
2017-11-14 17:39:02-main--INFO -com.ctaf.accelerators.TestEngine:Current Test : TC_Web_Home_056
2017-11-14 17:39:02-main--INFO -com.ctaf.accelerators.TestEngine:in SelectCountry()
2017-11-14 17:39:02-main--INFO -com.ctaf.accelerators.TestEngine:in SelectCheckInDate()
2017-11-14 17:39:07-main--INFO -com.ctaf.accelerators.TestEngine:in SelectCheckOutDate()
2017-11-14 17:39:09-main--INFO -com.ctaf.accelerators.TestEngine:in SelectCity()
2017-11-14 17:39:09-main--INFO -com.ctaf.accelerators.TestEngine:in SelectRoom()
2017-11-14 17:39:09-main--INFO -com.ctaf.accelerators.TestEngine:Successfully clicked on Rooms
2017-11-14 17:39:09-main--INFO -com.ctaf.accelerators.TestEngine:Successfully clicked on No of rooms
2017-11-14 17:39:09-main--INFO -com.ctaf.accelerators.TestEngine:in SelectAdults()
2017-11-14 17:39:09-main--INFO -com.ctaf.accelerators.TestEngine:Successfully clicked on Adults
2017-11-14 17:39:09-main--INFO -com.ctaf.accelerators.TestEngine:Successfully clicked on No of adults
2017-11-14 17:39:09-main--INFO -com.ctaf.accelerators.TestEngine:in SelectKids()
2017-11-14 17:39:10-main--INFO -com.ctaf.accelerators.TestEngine:Successfully clicked on Kids
2017-11-14 17:39:10-main--INFO -com.ctaf.accelerators.TestEngine:Successfully clicked on No of kids
2017-11-14 17:39:10-main--INFO -com.ctaf.accelerators.TestEngine:in ClickSearch()
2017-11-14 17:39:10-main--INFO -com.ctaf.accelerators.TestEngine:Successfully clicked on Search Button
2017-11-14 17:39:10-main--INFO -com.ctaf.accelerators.TestEngine:in ClickHotelInfoContinueButton()
2017-11-14 17:39:11-main--INFO -com.ctaf.accelerators.TestEngine:Successfully clicked on Continue Button
2017-11-14 17:39:12-main--INFO -com.ctaf.accelerators.TestEngine:Sect Your Room Page is displaying
2017-11-14 17:39:12-main--INFO -com.ctaf.accelerators.TestEngine:in SelectRooms()
2017-11-14 17:39:15-main--INFO -com.ctaf.accelerators.TestEngine:Successfully clicked on select no of rooms
2017-11-14 17:39:15-main--INFO -com.ctaf.accelerators.TestEngine:Successfully clicked on The number of 	DOUBLE ROOM	 is selected as 2
2017-11-14 17:39:15-main--INFO -com.ctaf.accelerators.TestEngine:Successfully clicked on select no of rooms
2017-11-14 17:39:15-main--INFO -com.ctaf.accelerators.TestEngine:Successfully clicked on The number of 	TWIN ROOM	 is selected as 1
2017-11-14 17:39:15-main--INFO -com.ctaf.accelerators.TestEngine:Successfully clicked on select no of rooms
2017-11-14 17:39:15-main--INFO -com.ctaf.accelerators.TestEngine:Successfully clicked on The number of 	ACCESSIBLE ROOM	 is selected as 1
2017-11-14 17:39:15-main--INFO -com.ctaf.accelerators.TestEngine:in Click_SelectYourRoom_ContinueButton()
2017-11-14 17:39:15-main--INFO -com.ctaf.accelerators.TestEngine:Successfully clicked on Click_SelectYourRoom_ContinueButton
2017-11-14 17:39:16-main--INFO -com.ctaf.accelerators.TestEngine:Type  andy in First name field
2017-11-14 17:39:17-main--INFO -com.ctaf.accelerators.TestEngine:Type  murray in First name field
2017-11-14 17:39:17-main--INFO -com.ctaf.accelerators.TestEngine:in ProvideCountry()
2017-11-14 18:11:26-main--INFO -com.ctaf.accelerators.TestEngine:Starting browser : Firefox
2017-11-14 18:12:06-main--INFO -com.ctaf.accelerators.TestEngine:Current Test : TC_Web_Home_056
2017-11-14 18:12:06-main--INFO -com.ctaf.accelerators.TestEngine:in SelectCountry()
2017-11-14 18:12:09-main--INFO -com.ctaf.accelerators.TestEngine:in SelectCheckInDate()
2017-11-14 18:13:31-main--INFO -com.ctaf.accelerators.TestEngine:Starting browser : Firefox
2017-11-14 18:14:25-main--INFO -com.ctaf.accelerators.TestEngine:Starting browser : Firefox
2017-11-14 18:15:31-main--INFO -com.ctaf.accelerators.TestEngine:Starting browser : Firefox
2017-11-14 18:17:26-main--INFO -com.ctaf.accelerators.TestEngine:Starting browser : Firefox
2017-11-14 18:17:40-main--INFO -com.ctaf.accelerators.TestEngine:Current Test : TC_Web_Home_054
2017-11-14 18:17:40-main--INFO -com.ctaf.accelerators.TestEngine:in SelectCountry()
2017-11-14 18:17:40-main--INFO -com.ctaf.accelerators.TestEngine:in SelectCheckInDate()
2017-11-14 18:18:14-main--INFO -com.ctaf.accelerators.TestEngine:in SelectCheckOutDate()
2017-11-14 18:18:15-main--INFO -com.ctaf.accelerators.TestEngine:in SelectCity()
2017-11-14 18:18:15-main--INFO -com.ctaf.accelerators.TestEngine:in SelectRoom()
2017-11-14 18:18:16-main--INFO -com.ctaf.accelerators.TestEngine:Successfully clicked on Rooms
2017-11-14 18:18:16-main--INFO -com.ctaf.accelerators.TestEngine:Successfully clicked on No of rooms
2017-11-14 18:18:16-main--INFO -com.ctaf.accelerators.TestEngine:in SelectAdults()
2017-11-14 18:18:16-main--INFO -com.ctaf.accelerators.TestEngine:Successfully clicked on Adults
2017-11-14 18:18:16-main--INFO -com.ctaf.accelerators.TestEngine:Successfully clicked on No of adults
2017-11-14 18:18:16-main--INFO -com.ctaf.accelerators.TestEngine:in SelectKids()
2017-11-14 18:18:16-main--INFO -com.ctaf.accelerators.TestEngine:Successfully clicked on Kids
2017-11-14 18:18:16-main--INFO -com.ctaf.accelerators.TestEngine:Successfully clicked on No of kids
2017-11-14 18:18:16-main--INFO -com.ctaf.accelerators.TestEngine:in ClickSearch()
2017-11-14 18:18:16-main--INFO -com.ctaf.accelerators.TestEngine:Successfully clicked on Search Button
2017-11-14 18:18:16-main--INFO -com.ctaf.accelerators.TestEngine:in ClickHotelInfoContinueButton()
2017-11-14 18:18:17-main--INFO -com.ctaf.accelerators.TestEngine:Successfully clicked on Continue Button
2017-11-14 18:18:59-main--INFO -com.ctaf.accelerators.TestEngine:Sect Your Room Page is displaying
2017-11-14 18:18:59-main--INFO -com.ctaf.accelerators.TestEngine:in SelectRooms()
2017-11-14 18:32:01-main--INFO -com.ctaf.accelerators.TestEngine:Starting browser : Firefox
2017-11-14 18:32:42-main--INFO -com.ctaf.accelerators.TestEngine:Current Test : TC_Web_Home_054
2017-11-14 18:32:42-main--INFO -com.ctaf.accelerators.TestEngine:in SelectCountry()
2017-11-14 18:32:44-main--INFO -com.ctaf.accelerators.TestEngine:in SelectCheckInDate()
2017-11-14 18:38:41-main--INFO -com.ctaf.accelerators.TestEngine:Starting browser : Firefox
2017-11-14 18:39:40-main--INFO -com.ctaf.accelerators.TestEngine:Current Test : TC_Web_Home_054
2017-11-14 18:39:40-main--INFO -com.ctaf.accelerators.TestEngine:in SelectCountry()
2017-11-14 18:39:54-main--INFO -com.ctaf.accelerators.TestEngine:in SelectCheckInDate()
2017-11-14 18:44:30-main--INFO -com.ctaf.accelerators.TestEngine:Starting browser : Firefox
2017-11-14 18:46:06-main--INFO -com.ctaf.accelerators.TestEngine:Starting browser : Firefox
2017-11-14 18:46:36-main--INFO -com.ctaf.accelerators.TestEngine:Current Test : TC_Web_Home_057
2017-11-14 18:46:36-main--INFO -com.ctaf.accelerators.TestEngine:in SelectCountry()
2017-11-14 18:46:36-main--INFO -com.ctaf.accelerators.TestEngine:in SelectCheckInDate()
2017-11-14 18:47:55-main--INFO -com.ctaf.accelerators.TestEngine:Starting browser : Firefox
2017-11-14 18:48:39-main--INFO -com.ctaf.accelerators.TestEngine:in SelectCheckOutDate()
2017-11-14 18:50:41-main--INFO -com.ctaf.accelerators.TestEngine:in SelectCity()
2017-11-14 18:50:41-main--INFO -com.ctaf.accelerators.TestEngine:in SelectRoom()
2017-11-14 18:50:41-main--INFO -com.ctaf.accelerators.TestEngine:Successfully clicked on Rooms
2017-11-14 18:50:42-main--INFO -com.ctaf.accelerators.TestEngine:Successfully clicked on No of rooms
2017-11-14 18:50:42-main--INFO -com.ctaf.accelerators.TestEngine:in SelectAdults()
2017-11-14 18:50:42-main--INFO -com.ctaf.accelerators.TestEngine:Successfully clicked on Adults
2017-11-14 18:50:42-main--INFO -com.ctaf.accelerators.TestEngine:Successfully clicked on No of adults
2017-11-14 18:50:42-main--INFO -com.ctaf.accelerators.TestEngine:in SelectKids()
2017-11-14 18:50:42-main--INFO -com.ctaf.accelerators.TestEngine:Successfully clicked on Kids
2017-11-14 18:50:42-main--INFO -com.ctaf.accelerators.TestEngine:Successfully clicked on No of kids
2017-11-14 18:50:42-main--INFO -com.ctaf.accelerators.TestEngine:in ClickSearch()
2017-11-14 18:50:43-main--INFO -com.ctaf.accelerators.TestEngine:Successfully clicked on Search Button
2017-11-14 18:50:43-main--INFO -com.ctaf.accelerators.TestEngine:in ClickHotelInfoContinueButton()
2017-11-14 18:52:45-main--INFO -com.ctaf.accelerators.TestEngine: Able to get TscreenShot
2017-11-14 18:53:17-main--INFO -com.ctaf.accelerators.TestEngine:Starting browser : Firefox
2017-11-14 19:00:59-main--INFO -com.ctaf.accelerators.TestEngine:Starting browser : Firefox
2017-11-14 19:01:46-main--INFO -com.ctaf.accelerators.TestEngine:Starting browser : chrome
2017-11-14 19:02:46-main--INFO -com.ctaf.accelerators.TestEngine:Current Test : TC_Web_011
2017-11-14 19:02:46-main--INFO -com.ctaf.accelerators.TestEngine:in verifyKidsDropdown()
2017-11-14 19:02:47-main--INFO -com.ctaf.accelerators.TestEngine: Unable to get TscreenShot
2017-11-14 19:03:10-main--INFO -com.ctaf.accelerators.TestEngine:Starting browser : chrome
2017-11-14 19:03:27-main--INFO -com.ctaf.accelerators.TestEngine:Current Test : TC_Web_Home_013
2017-11-14 19:03:27-main--INFO -com.ctaf.accelerators.TestEngine:in SelectCountry()
2017-11-14 19:03:50-main--INFO -com.ctaf.accelerators.TestEngine:Starting browser : chrome
2017-11-14 19:05:28-main--INFO -com.ctaf.accelerators.TestEngine:Current Test : TC_Web_Home_013
2017-11-14 19:05:28-main--INFO -com.ctaf.accelerators.TestEngine:in SelectCountry()
2017-11-14 19:05:40-main--INFO -com.ctaf.accelerators.TestEngine:Starting browser : chrome
2017-11-14 19:05:53-main--INFO -com.ctaf.accelerators.TestEngine:Current Test : TC_Web_Home_050
2017-11-14 19:05:53-main--INFO -com.ctaf.accelerators.TestEngine:in SelectCountry()
2017-11-14 19:05:53-main--INFO -com.ctaf.accelerators.TestEngine:in SelectCheckInDate()
2017-11-14 19:05:55-main--INFO -com.ctaf.accelerators.TestEngine:in SelectCheckOutDate()
2017-11-14 19:05:57-main--INFO -com.ctaf.accelerators.TestEngine:in SelectCity()
2017-11-14 19:05:57-main--INFO -com.ctaf.accelerators.TestEngine:in SelectRoom()
2017-11-14 19:05:57-main--INFO -com.ctaf.accelerators.TestEngine:Successfully clicked on Rooms
2017-11-14 19:05:57-main--INFO -com.ctaf.accelerators.TestEngine:Successfully clicked on No of rooms
2017-11-14 19:05:57-main--INFO -com.ctaf.accelerators.TestEngine:in SelectAdults()
2017-11-14 19:05:58-main--INFO -com.ctaf.accelerators.TestEngine:Successfully clicked on Adults
2017-11-14 19:05:58-main--INFO -com.ctaf.accelerators.TestEngine:Successfully clicked on No of adults
2017-11-14 19:05:58-main--INFO -com.ctaf.accelerators.TestEngine:in SelectKids()
2017-11-14 19:05:58-main--INFO -com.ctaf.accelerators.TestEngine:Successfully clicked on Kids
2017-11-14 19:05:58-main--INFO -com.ctaf.accelerators.TestEngine:Successfully clicked on No of kids
2017-11-14 19:05:58-main--INFO -com.ctaf.accelerators.TestEngine:in ClickSearch()
2017-11-14 19:05:58-main--INFO -com.ctaf.accelerators.TestEngine:Successfully clicked on Search Button
2017-11-14 19:05:58-main--INFO -com.ctaf.accelerators.TestEngine:in ClickHotelInfoContinueButton()
2017-11-14 19:06:00-main--INFO -com.ctaf.accelerators.TestEngine:Successfully clicked on Continue Button
2017-11-14 19:06:04-main--INFO -com.ctaf.accelerators.TestEngine:Sect Your Room Page is displaying
2017-11-14 19:06:04-main--INFO -com.ctaf.accelerators.TestEngine:in SelectRooms()
2017-11-14 19:06:08-main--INFO -com.ctaf.accelerators.TestEngine:Successfully clicked on select no of rooms
2017-11-14 19:06:08-main--INFO -com.ctaf.accelerators.TestEngine:Successfully clicked on The number of 	DOUBLE ROOM	 is selected as 2
2017-11-14 19:06:08-main--INFO -com.ctaf.accelerators.TestEngine:Successfully clicked on select no of rooms
2017-11-14 19:06:08-main--INFO -com.ctaf.accelerators.TestEngine:Successfully clicked on The number of 	TWIN ROOM	 is selected as 1
2017-11-14 19:06:08-main--INFO -com.ctaf.accelerators.TestEngine:Successfully clicked on select no of rooms
2017-11-14 19:06:08-main--INFO -com.ctaf.accelerators.TestEngine:Successfully clicked on The number of 	ACCESSIBLE ROOM	 is selected as 1
2017-11-14 19:06:08-main--INFO -com.ctaf.accelerators.TestEngine:in Click_SelectYourRoom_ContinueButton()
2017-11-14 19:06:08-main--INFO -com.ctaf.accelerators.TestEngine:Successfully clicked on Click_SelectYourRoom_ContinueButton
2017-11-14 19:06:10-main--INFO -com.ctaf.accelerators.TestEngine:Type  andy in First name field
2017-11-14 19:06:10-main--INFO -com.ctaf.accelerators.TestEngine:Type  murray in First name field
2017-11-14 19:06:10-main--INFO -com.ctaf.accelerators.TestEngine:in ProvideBirthday()
2017-11-14 19:06:10-main--INFO -com.ctaf.accelerators.TestEngine:in ProvideCountry()
2017-11-14 19:06:11-main--INFO -com.ctaf.accelerators.TestEngine:in ProvidePhone()
2017-11-14 19:06:11-main--INFO -com.ctaf.accelerators.TestEngine:Type  8907756985 in phone
2017-11-14 19:06:11-main--INFO -com.ctaf.accelerators.TestEngine:in ProvideEmail()
2017-11-14 19:06:12-main--INFO -com.ctaf.accelerators.TestEngine:Type  hgjhgjj in email
2017-11-14 19:06:12-main--INFO -com.ctaf.accelerators.TestEngine:in ClickContinuePersonaDetails()
