2017-11-13 11:10:28-main--INFO -com.ctaf.accelerators.TestEngine:Starting browser : chrome
2017-11-13 11:11:05-main--INFO -com.ctaf.accelerators.TestEngine:Current Test : TC_Web_Home_079
2017-11-13 11:11:05-main--INFO -com.ctaf.accelerators.TestEngine:in SelectCountry()
2017-11-13 11:11:10-main--INFO -com.ctaf.accelerators.TestEngine:in ClickSearch()
2017-11-13 11:11:11-main--INFO -com.ctaf.accelerators.TestEngine:Successfully clicked on Search Button
2017-11-13 11:11:11-main--INFO -com.ctaf.accelerators.TestEngine:in VerifyHomeScreen_DirectSearchFlow()
2017-11-13 11:11:20-main--INFO -com.ctaf.accelerators.TestEngine:Country dropdown is displaying
2017-11-13 11:11:20-main--INFO -com.ctaf.accelerators.TestEngine:City dropdown is displaying
2017-11-13 11:11:20-main--INFO -com.ctaf.accelerators.TestEngine:CheckIn and CheckOut Dates is displaying
2017-11-13 11:11:20-main--INFO -com.ctaf.accelerators.TestEngine:List Of hotels is displaying
2017-11-13 11:11:21-main--INFO -com.ctaf.accelerators.TestEngine:Maps is displaying
2017-11-13 11:21:10-main--INFO -com.ctaf.accelerators.TestEngine:Starting browser : chrome
2017-11-13 11:21:53-main--INFO -com.ctaf.accelerators.TestEngine:Current Test : TC_Web_Home_093
2017-11-13 11:21:53-main--INFO -com.ctaf.accelerators.TestEngine:in ClickSearch()
2017-11-13 11:21:54-main--INFO -com.ctaf.accelerators.TestEngine:Successfully clicked on Search Button
2017-11-13 11:21:54-main--INFO -com.ctaf.accelerators.TestEngine:in SelectCountryCity_DirectSearchFlow()
2017-11-13 11:22:01-main--INFO -com.ctaf.accelerators.TestEngine:Successfully clicked on Country
2017-11-13 11:22:02-main--INFO -com.ctaf.accelerators.TestEngine:Successfully clicked on Indonesia
2017-11-13 11:22:09-main--INFO -com.ctaf.accelerators.TestEngine:in ClickBookNow_DirectSearchFlow()
2017-11-13 11:22:09-main--INFO -com.ctaf.accelerators.TestEngine:Successfully clicked on Book Now
2017-11-13 11:22:09-main--INFO -com.ctaf.accelerators.TestEngine:in UncheckJoinRemembered()
2017-11-13 11:22:12-main--INFO -com.ctaf.accelerators.TestEngine:in SelectRooms()
2017-11-13 11:22:15-main--INFO -com.ctaf.accelerators.TestEngine:Successfully clicked on select no of rooms
2017-11-13 11:22:15-main--INFO -com.ctaf.accelerators.TestEngine:Successfully clicked on The number of 	DOUBLE ROOM	 is selected as 2
2017-11-13 11:22:15-main--INFO -com.ctaf.accelerators.TestEngine:Successfully clicked on select no of rooms
2017-11-13 11:22:16-main--INFO -com.ctaf.accelerators.TestEngine:Successfully clicked on The number of 	TWIN ROOM	 is selected as 1
2017-11-13 11:22:16-main--INFO -com.ctaf.accelerators.TestEngine:Successfully clicked on select no of rooms
2017-11-13 11:22:16-main--INFO -com.ctaf.accelerators.TestEngine:Successfully clicked on The number of 	ACCESSIBLE ROOM	 is selected as 1
2017-11-13 11:22:16-main--INFO -com.ctaf.accelerators.TestEngine:in Click_SelectYourRoom_ContinueButton()
2017-11-13 11:22:16-main--INFO -com.ctaf.accelerators.TestEngine:Successfully clicked on Click_SelectYourRoom_ContinueButton
2017-11-13 11:22:18-main--INFO -com.ctaf.accelerators.TestEngine:Type  thanku in First name field
2017-11-13 11:22:18-main--INFO -com.ctaf.accelerators.TestEngine:Type  murray in First name field
2017-11-13 11:22:18-main--INFO -com.ctaf.accelerators.TestEngine:in ProvidePhone()
2017-11-13 11:22:18-main--INFO -com.ctaf.accelerators.TestEngine:Type  8963256895 in phone
2017-11-13 11:22:18-main--INFO -com.ctaf.accelerators.TestEngine:in ProvideEmail()
2017-11-13 11:22:19-main--INFO -com.ctaf.accelerators.TestEngine:Type  qwpo@ee.com in email
2017-11-13 11:22:19-main--INFO -com.ctaf.accelerators.TestEngine:in ClickContinuePersonaDetails()
2017-11-13 11:22:21-main--INFO -com.ctaf.accelerators.TestEngine:Successfully clicked on PersonalDetailsPage_Continue
2017-11-13 11:22:21-main--INFO -com.ctaf.accelerators.TestEngine:in ClickPayAtHotel()
2017-11-13 11:22:22-main--INFO -com.ctaf.accelerators.TestEngine:in ClickConfirmAndPay()
2017-11-13 11:22:29-main--INFO -com.ctaf.accelerators.TestEngine:Confirmation page heading 	PACK YOUR BAGS is displaying
2017-11-13 11:22:29-main--INFO -com.ctaf.accelerators.TestEngine:in VerifyConfirmationScreen()
2017-11-13 11:22:29-main--INFO -com.ctaf.accelerators.TestEngine:Confirmation screen heading	YOUR HOTEL HAS BEEN BOOKED! is displaying
2017-11-13 11:22:29-main--INFO -com.ctaf.accelerators.TestEngine:Email Confirmation message	We've emailed you your booking confirmation. is displaying
2017-11-13 11:22:29-main--INFO -com.ctaf.accelerators.TestEngine:Confirmation page check in date	TUE, 14 NOV 2017 is displaying
2017-11-13 11:22:30-main--INFO -com.ctaf.accelerators.TestEngine:Confirmation page check out date	WED, 15 NOV 2017 is displaying
2017-11-13 11:22:30-main--INFO -com.ctaf.accelerators.TestEngine: Hotel details in confirmation page	Jl. Chairil Anwar No 26-37 Kav. 28 - 36
Bekasi Timur 17113
Indonesia
+62 21 2968 9222
frontdesk.bekasi@redplanethotels.com is displaying
2017-11-13 11:22:30-main--INFO -com.ctaf.accelerators.TestEngine: Hotel name in confirmation page	Red Planet	Bekasi is displaying
2017-11-13 11:22:30-main--INFO -com.ctaf.accelerators.TestEngine: Adults in confirmation page	4 is displaying
2017-11-13 11:22:30-main--INFO -com.ctaf.accelerators.TestEngine: Total Cost in confirmation page	IDR 1,379,600 is displaying
2017-11-13 11:22:30-main--INFO -com.ctaf.accelerators.TestEngine:Facebook icon is displaying
2017-11-13 11:22:30-main--INFO -com.ctaf.accelerators.TestEngine:Twitter Icon is displaying
2017-11-13 11:30:06-main--INFO -com.ctaf.accelerators.TestEngine:Starting browser : chrome
2017-11-13 11:30:19-main--INFO -com.ctaf.accelerators.TestEngine:Current Test : TC_Web_Home_103
2017-11-13 11:30:19-main--INFO -com.ctaf.accelerators.TestEngine:in SelectCountry()
2017-11-13 11:30:23-main--INFO -com.ctaf.accelerators.TestEngine:in ClickSearch()
2017-11-13 11:30:23-main--INFO -com.ctaf.accelerators.TestEngine:Successfully clicked on Search Button
2017-11-13 11:30:23-main--INFO -com.ctaf.accelerators.TestEngine:in SelectCountry()
2017-11-13 11:30:23-main--INFO -com.ctaf.accelerators.TestEngine:in ClickBookNow_DirectSearchFlow()
2017-11-13 11:30:28-main--INFO -com.ctaf.accelerators.TestEngine:Successfully clicked on Book Now
2017-11-13 11:30:28-main--INFO -com.ctaf.accelerators.TestEngine:in UncheckJoinRemembered()
2017-11-13 11:30:33-main--INFO -com.ctaf.accelerators.TestEngine:in SelectRooms()
2017-11-13 11:30:36-main--INFO -com.ctaf.accelerators.TestEngine:Successfully clicked on select no of rooms
2017-11-13 11:30:37-main--INFO -com.ctaf.accelerators.TestEngine:Successfully clicked on The number of 	DOUBLE ROOM	 is selected as 2
2017-11-13 11:30:37-main--INFO -com.ctaf.accelerators.TestEngine:Successfully clicked on select no of rooms
2017-11-13 11:30:37-main--INFO -com.ctaf.accelerators.TestEngine:Successfully clicked on The number of 	TWIN ROOM	 is selected as 1
2017-11-13 11:30:37-main--INFO -com.ctaf.accelerators.TestEngine:Successfully clicked on select no of rooms
2017-11-13 11:30:37-main--INFO -com.ctaf.accelerators.TestEngine:Successfully clicked on The number of 	ACCESSIBLE ROOM	 is selected as 1
2017-11-13 11:30:37-main--INFO -com.ctaf.accelerators.TestEngine:in Click_SelectYourRoom_ContinueButton()
2017-11-13 11:30:37-main--INFO -com.ctaf.accelerators.TestEngine:Successfully clicked on Click_SelectYourRoom_ContinueButton
2017-11-13 11:30:40-main--INFO -com.ctaf.accelerators.TestEngine:Type  thanku in First name field
2017-11-13 11:30:40-main--INFO -com.ctaf.accelerators.TestEngine:Type  nadal in First name field
2017-11-13 11:30:40-main--INFO -com.ctaf.accelerators.TestEngine:in ProvidePhone()
2017-11-13 11:30:40-main--INFO -com.ctaf.accelerators.TestEngine:Type  8963256895 in phone
2017-11-13 11:30:40-main--INFO -com.ctaf.accelerators.TestEngine:in ProvideEmail()
2017-11-13 11:30:41-main--INFO -com.ctaf.accelerators.TestEngine:Type  qwpo@ee.com in email
2017-11-13 11:30:41-main--INFO -com.ctaf.accelerators.TestEngine:in ClickContinuePersonaDetails()
2017-11-13 11:30:43-main--INFO -com.ctaf.accelerators.TestEngine:Successfully clicked on PersonalDetailsPage_Continue
2017-11-13 11:30:43-main--INFO -com.ctaf.accelerators.TestEngine:in ClickPayAtHotel()
2017-11-13 11:30:48-main--INFO -com.ctaf.accelerators.TestEngine:in ClickConfirmAndPay()
2017-11-13 11:30:58-main--INFO -com.ctaf.accelerators.TestEngine:Confirmation page heading 	PACK YOUR BAGS is displaying
2017-11-13 11:30:58-main--INFO -com.ctaf.accelerators.TestEngine:in VerifyConfirmationScreen()
2017-11-13 11:30:58-main--INFO -com.ctaf.accelerators.TestEngine:Confirmation screen heading	YOUR HOTEL HAS BEEN BOOKED! is displaying
2017-11-13 11:30:58-main--INFO -com.ctaf.accelerators.TestEngine:Email Confirmation message	We've emailed you your booking confirmation. is displaying
2017-11-13 11:30:58-main--INFO -com.ctaf.accelerators.TestEngine:Confirmation page check in date	TUE, 14 NOV 2017 is displaying
2017-11-13 11:30:58-main--INFO -com.ctaf.accelerators.TestEngine:Confirmation page check out date	WED, 15 NOV 2017 is displaying
2017-11-13 11:30:58-main--INFO -com.ctaf.accelerators.TestEngine: Hotel details in confirmation page	Jl. KH Samanhudi No. 25
Pasar Baru Jakarta 10710
Indonesia
+62 21 3890 2222
frontdesk.pasarbaru@redplanethotels.com is displaying
2017-11-13 11:32:39-main--INFO -com.ctaf.accelerators.TestEngine:Starting browser : chrome
2017-11-13 11:32:59-main--INFO -com.ctaf.accelerators.TestEngine:Current Test : TC_Web_Home_103
2017-11-13 11:32:59-main--INFO -com.ctaf.accelerators.TestEngine:in SelectCountry()
2017-11-13 11:32:59-main--INFO -com.ctaf.accelerators.TestEngine:in ClickSearch()
2017-11-13 11:32:59-main--INFO -com.ctaf.accelerators.TestEngine:Successfully clicked on Search Button
2017-11-13 11:32:59-main--INFO -com.ctaf.accelerators.TestEngine:in SelectCountry()
2017-11-13 11:32:59-main--INFO -com.ctaf.accelerators.TestEngine:in ClickBookNow_DirectSearchFlow()
2017-11-13 11:33:09-main--INFO -com.ctaf.accelerators.TestEngine:Successfully clicked on Book Now
2017-11-13 11:33:09-main--INFO -com.ctaf.accelerators.TestEngine:in UncheckJoinRemembered()
2017-11-13 11:33:12-main--INFO -com.ctaf.accelerators.TestEngine:in SelectRooms()
2017-11-13 11:33:16-main--INFO -com.ctaf.accelerators.TestEngine:Successfully clicked on select no of rooms
2017-11-13 11:33:16-main--INFO -com.ctaf.accelerators.TestEngine:Successfully clicked on The number of 	DELUXE ROOM	 is selected as 2
2017-11-13 11:33:16-main--INFO -com.ctaf.accelerators.TestEngine:Successfully clicked on select no of rooms
2017-11-13 11:33:16-main--INFO -com.ctaf.accelerators.TestEngine:Successfully clicked on The number of 	TWIN ROOM	 is selected as 1
2017-11-13 11:33:17-main--INFO -com.ctaf.accelerators.TestEngine: Able to get TscreenShot
2017-11-13 11:47:26-main--INFO -com.ctaf.accelerators.TestEngine:Starting browser : chrome
2017-11-13 11:47:48-main--INFO -com.ctaf.accelerators.TestEngine:Current Test : TC_Web_Home_103
2017-11-13 11:47:48-main--INFO -com.ctaf.accelerators.TestEngine:in SelectCountry()
2017-11-13 11:47:55-main--INFO -com.ctaf.accelerators.TestEngine:in ClickSearch()
2017-11-13 11:47:55-main--INFO -com.ctaf.accelerators.TestEngine:Successfully clicked on Search Button
2017-11-13 11:47:55-main--INFO -com.ctaf.accelerators.TestEngine:in SelectCountry()
2017-11-13 11:47:55-main--INFO -com.ctaf.accelerators.TestEngine:in ClickBookNow_DirectSearchFlow()
2017-11-13 11:48:05-main--INFO -com.ctaf.accelerators.TestEngine:Successfully clicked on Book Now
2017-11-13 11:48:05-main--INFO -com.ctaf.accelerators.TestEngine:in UncheckJoinRemembered()
2017-11-13 11:48:07-main--INFO -com.ctaf.accelerators.TestEngine:in SelectRooms()
2017-11-13 11:48:11-main--INFO -com.ctaf.accelerators.TestEngine:Successfully clicked on select no of rooms
2017-11-13 11:48:11-main--INFO -com.ctaf.accelerators.TestEngine:Successfully clicked on The number of 	DELUXE ROOM	 is selected as 2
2017-11-13 11:48:12-main--INFO -com.ctaf.accelerators.TestEngine:Successfully clicked on select no of rooms
2017-11-13 11:48:12-main--INFO -com.ctaf.accelerators.TestEngine:Successfully clicked on The number of 	TWIN ROOM	 is selected as 1
2017-11-13 11:48:14-main--INFO -com.ctaf.accelerators.TestEngine: Able to get TscreenShot
2017-11-13 11:52:18-main--INFO -com.ctaf.accelerators.TestEngine:Starting browser : chrome
2017-11-13 11:52:30-main--INFO -com.ctaf.accelerators.TestEngine:Current Test : TC_Web_Home_103
2017-11-13 11:52:30-main--INFO -com.ctaf.accelerators.TestEngine:in SelectCountry()
2017-11-13 11:52:30-main--INFO -com.ctaf.accelerators.TestEngine:in ClickSearch()
2017-11-13 11:52:30-main--INFO -com.ctaf.accelerators.TestEngine:Successfully clicked on Search Button
2017-11-13 11:52:30-main--INFO -com.ctaf.accelerators.TestEngine:in SelectCountry()
2017-11-13 11:52:30-main--INFO -com.ctaf.accelerators.TestEngine:in ClickBookNow_DirectSearchFlow()
2017-11-13 11:52:32-main--INFO -com.ctaf.accelerators.TestEngine:Successfully clicked on Book Now
2017-11-13 11:52:32-main--INFO -com.ctaf.accelerators.TestEngine:in UncheckJoinRemembered()
2017-11-13 11:52:33-main--INFO -com.ctaf.accelerators.TestEngine:in SelectRooms()
2017-11-13 11:52:36-main--INFO -com.ctaf.accelerators.TestEngine:Successfully clicked on select no of rooms
2017-11-13 11:52:36-main--INFO -com.ctaf.accelerators.TestEngine:Successfully clicked on The number of 	DELUXE ROOM	 is selected as 2
2017-11-13 11:52:36-main--INFO -com.ctaf.accelerators.TestEngine:Successfully clicked on select no of rooms
2017-11-13 11:52:37-main--INFO -com.ctaf.accelerators.TestEngine:Successfully clicked on The number of 	TWIN ROOM	 is selected as 1
2017-11-13 11:52:37-main--INFO -com.ctaf.accelerators.TestEngine: Able to get TscreenShot
2017-11-13 11:53:09-main--INFO -com.ctaf.accelerators.TestEngine:Starting browser : chrome
2017-11-13 11:53:46-main--INFO -com.ctaf.accelerators.TestEngine:Current Test : TC_Web_Home_103
2017-11-13 11:53:46-main--INFO -com.ctaf.accelerators.TestEngine:in SelectCountry()
2017-11-13 11:53:47-main--INFO -com.ctaf.accelerators.TestEngine:in ClickSearch()
2017-11-13 11:53:47-main--INFO -com.ctaf.accelerators.TestEngine:Successfully clicked on Search Button
2017-11-13 11:53:47-main--INFO -com.ctaf.accelerators.TestEngine:in ClickBookNow_DirectSearchFlow()
2017-11-13 11:53:50-main--INFO -com.ctaf.accelerators.TestEngine:Successfully clicked on Book Now
2017-11-13 11:53:50-main--INFO -com.ctaf.accelerators.TestEngine:in UncheckJoinRemembered()
2017-11-13 11:54:10-main--INFO -com.ctaf.accelerators.TestEngine:in SelectRooms()
2017-11-13 11:54:23-main--INFO -com.ctaf.accelerators.TestEngine:Successfully clicked on select no of rooms
2017-11-13 11:54:28-main--INFO -com.ctaf.accelerators.TestEngine:Successfully clicked on The number of 	DELUXE ROOM	 is selected as 2
2017-11-13 11:54:33-main--INFO -com.ctaf.accelerators.TestEngine:Successfully clicked on select no of rooms
2017-11-13 11:54:38-main--INFO -com.ctaf.accelerators.TestEngine:Successfully clicked on The number of 	TWIN ROOM	 is selected as 1
2017-11-13 11:54:41-main--INFO -com.ctaf.accelerators.TestEngine: Able to get TscreenShot
2017-11-13 11:54:54-main--INFO -com.ctaf.accelerators.TestEngine:Starting browser : chrome
2017-11-13 11:55:06-main--INFO -com.ctaf.accelerators.TestEngine:Current Test : TC_Web_Home_103
2017-11-13 11:55:06-main--INFO -com.ctaf.accelerators.TestEngine:in SelectCountry()
2017-11-13 11:55:06-main--INFO -com.ctaf.accelerators.TestEngine:in ClickSearch()
2017-11-13 11:55:07-main--INFO -com.ctaf.accelerators.TestEngine:Successfully clicked on Search Button
2017-11-13 11:55:07-main--INFO -com.ctaf.accelerators.TestEngine:in ClickBookNow_DirectSearchFlow()
2017-11-13 11:55:08-main--INFO -com.ctaf.accelerators.TestEngine:Successfully clicked on Book Now
2017-11-13 11:55:08-main--INFO -com.ctaf.accelerators.TestEngine:in UncheckJoinRemembered()
2017-11-13 11:55:09-main--INFO -com.ctaf.accelerators.TestEngine:in SelectRooms()
2017-11-13 11:55:13-main--INFO -com.ctaf.accelerators.TestEngine:Successfully clicked on select no of rooms
2017-11-13 11:55:13-main--INFO -com.ctaf.accelerators.TestEngine:Successfully clicked on The number of 	DELUXE ROOM	 is selected as 2
2017-11-13 11:55:13-main--INFO -com.ctaf.accelerators.TestEngine:Successfully clicked on select no of rooms
2017-11-13 11:55:13-main--INFO -com.ctaf.accelerators.TestEngine:Successfully clicked on The number of 	TWIN ROOM	 is selected as 1
2017-11-13 11:55:14-main--INFO -com.ctaf.accelerators.TestEngine: Able to get TscreenShot
2017-11-13 11:56:40-main--INFO -com.ctaf.accelerators.TestEngine:Starting browser : chrome
2017-11-13 11:57:53-main--INFO -com.ctaf.accelerators.TestEngine:Current Test : TC_Web_Home_103
2017-11-13 11:57:54-main--INFO -com.ctaf.accelerators.TestEngine:in SelectCountry()
2017-11-13 11:57:59-main--INFO -com.ctaf.accelerators.TestEngine:in ClickSearch()
2017-11-13 11:58:05-main--INFO -com.ctaf.accelerators.TestEngine:Successfully clicked on Search Button
2017-11-13 11:58:05-main--INFO -com.ctaf.accelerators.TestEngine:in ClickBookNow_DirectSearchFlow()
2017-11-13 12:03:31-main--INFO -com.ctaf.accelerators.TestEngine:Starting browser : chrome
2017-11-13 12:03:48-main--INFO -com.ctaf.accelerators.TestEngine:Current Test : TC_Web_Home_103
2017-11-13 12:03:48-main--INFO -com.ctaf.accelerators.TestEngine:in SelectCountry()
2017-11-13 12:03:48-main--INFO -com.ctaf.accelerators.TestEngine:in ClickSearch()
2017-11-13 12:03:48-main--INFO -com.ctaf.accelerators.TestEngine:Successfully clicked on Search Button
2017-11-13 12:03:48-main--INFO -com.ctaf.accelerators.TestEngine:in ClickBookNow_DirectSearchFlow()
2017-11-13 12:03:50-main--INFO -com.ctaf.accelerators.TestEngine:Successfully clicked on Book Now
2017-11-13 12:03:50-main--INFO -com.ctaf.accelerators.TestEngine:in UncheckJoinRemembered()
2017-11-13 12:03:53-main--INFO -com.ctaf.accelerators.TestEngine:in SelectRooms()
2017-11-13 12:03:56-main--INFO -com.ctaf.accelerators.TestEngine:Successfully clicked on select no of rooms
2017-11-13 12:03:56-main--INFO -com.ctaf.accelerators.TestEngine:Successfully clicked on The number of 	DOUBLE ROOM WITH VIEW	 is selected as 2
2017-11-13 12:03:57-main--INFO -com.ctaf.accelerators.TestEngine: Able to get TscreenShot
2017-11-13 12:04:28-main--INFO -com.ctaf.accelerators.TestEngine:Starting browser : chrome
2017-11-13 12:04:43-main--INFO -com.ctaf.accelerators.TestEngine:Current Test : TC_Web_Home_103
2017-11-13 12:04:43-main--INFO -com.ctaf.accelerators.TestEngine:in SelectCountry()
2017-11-13 12:04:43-main--INFO -com.ctaf.accelerators.TestEngine:in ClickSearch()
2017-11-13 12:04:43-main--INFO -com.ctaf.accelerators.TestEngine:Successfully clicked on Search Button
2017-11-13 12:04:43-main--INFO -com.ctaf.accelerators.TestEngine:in ClickBookNow_DirectSearchFlow()
2017-11-13 12:04:46-main--INFO -com.ctaf.accelerators.TestEngine:Successfully clicked on Book Now
2017-11-13 12:04:46-main--INFO -com.ctaf.accelerators.TestEngine:in UncheckJoinRemembered()
2017-11-13 12:04:48-main--INFO -com.ctaf.accelerators.TestEngine:in SelectRooms()
2017-11-13 12:04:51-main--INFO -com.ctaf.accelerators.TestEngine:Successfully clicked on select no of rooms
2017-11-13 12:04:51-main--INFO -com.ctaf.accelerators.TestEngine:Successfully clicked on The number of 	DOUBLE ROOM WITH VIEW	 is selected as 2
2017-11-13 12:04:52-main--INFO -com.ctaf.accelerators.TestEngine: Able to get TscreenShot
2017-11-13 12:06:26-main--INFO -com.ctaf.accelerators.TestEngine:Starting browser : chrome
2017-11-13 12:06:39-main--INFO -com.ctaf.accelerators.TestEngine:Current Test : TC_Web_Home_103
2017-11-13 12:06:39-main--INFO -com.ctaf.accelerators.TestEngine:in SelectCountry()
2017-11-13 12:06:39-main--INFO -com.ctaf.accelerators.TestEngine:in ClickSearch()
2017-11-13 12:06:39-main--INFO -com.ctaf.accelerators.TestEngine:Successfully clicked on Search Button
2017-11-13 12:06:39-main--INFO -com.ctaf.accelerators.TestEngine:in ClickBookNow_DirectSearchFlow()
2017-11-13 12:06:42-main--INFO -com.ctaf.accelerators.TestEngine:Successfully clicked on Book Now
2017-11-13 12:06:42-main--INFO -com.ctaf.accelerators.TestEngine:in UncheckJoinRemembered()
2017-11-13 12:06:43-main--INFO -com.ctaf.accelerators.TestEngine:in SelectRooms()
2017-11-13 12:06:46-main--INFO -com.ctaf.accelerators.TestEngine:Successfully clicked on select no of rooms
2017-11-13 12:06:47-main--INFO -com.ctaf.accelerators.TestEngine:Successfully clicked on The number of 	DOUBLE ROOM	 is selected as 2
2017-11-13 12:06:47-main--INFO -com.ctaf.accelerators.TestEngine:Successfully clicked on select no of rooms
2017-11-13 12:06:47-main--INFO -com.ctaf.accelerators.TestEngine:Successfully clicked on The number of 	TWIN ROOM	 is selected as 1
2017-11-13 12:06:47-main--INFO -com.ctaf.accelerators.TestEngine:Successfully clicked on select no of rooms
2017-11-13 12:06:47-main--INFO -com.ctaf.accelerators.TestEngine:Successfully clicked on The number of 	ACCESSIBLE ROOM	 is selected as 1
2017-11-13 12:06:47-main--INFO -com.ctaf.accelerators.TestEngine:in Click_SelectYourRoom_ContinueButton()
2017-11-13 12:06:47-main--INFO -com.ctaf.accelerators.TestEngine:Successfully clicked on Click_SelectYourRoom_ContinueButton
2017-11-13 12:06:48-main--INFO -com.ctaf.accelerators.TestEngine:Type  thanku in First name field
2017-11-13 12:06:49-main--INFO -com.ctaf.accelerators.TestEngine:Type  nadal in First name field
2017-11-13 12:06:49-main--INFO -com.ctaf.accelerators.TestEngine:in ProvidePhone()
2017-11-13 12:06:49-main--INFO -com.ctaf.accelerators.TestEngine:Type  8963256895 in phone
2017-11-13 12:06:49-main--INFO -com.ctaf.accelerators.TestEngine:in ProvideEmail()
2017-11-13 12:06:49-main--INFO -com.ctaf.accelerators.TestEngine:Type  qwpo@ee.com in email
2017-11-13 12:06:49-main--INFO -com.ctaf.accelerators.TestEngine:in ClickContinuePersonaDetails()
2017-11-13 12:06:51-main--INFO -com.ctaf.accelerators.TestEngine:Successfully clicked on PersonalDetailsPage_Continue
2017-11-13 12:06:51-main--INFO -com.ctaf.accelerators.TestEngine:in ClickPayAtHotel()
2017-11-13 12:06:52-main--INFO -com.ctaf.accelerators.TestEngine:in ClickConfirmAndPay()
2017-11-13 12:06:58-main--INFO -com.ctaf.accelerators.TestEngine:Confirmation page heading 	PACK YOUR BAGS is displaying
2017-11-13 12:06:58-main--INFO -com.ctaf.accelerators.TestEngine:in VerifyConfirmationScreen()
2017-11-13 12:06:58-main--INFO -com.ctaf.accelerators.TestEngine:Confirmation screen heading	YOUR HOTEL HAS BEEN BOOKED! is displaying
2017-11-13 12:06:58-main--INFO -com.ctaf.accelerators.TestEngine:Email Confirmation message	We've emailed you your booking confirmation. is displaying
2017-11-13 12:06:58-main--INFO -com.ctaf.accelerators.TestEngine:Confirmation page check in date	TUE, 14 NOV 2017 is displaying
2017-11-13 12:06:58-main--INFO -com.ctaf.accelerators.TestEngine:Confirmation page check out date	WED, 15 NOV 2017 is displaying
2017-11-13 12:06:58-main--INFO -com.ctaf.accelerators.TestEngine: Hotel details in confirmation page	Jl. KH Samanhudi No. 25
Pasar Baru Jakarta 10710
Indonesia
+62 21 3890 2222
frontdesk.pasarbaru@redplanethotels.com is displaying
2017-11-13 12:07:30-main--INFO -com.ctaf.accelerators.TestEngine:Starting browser : chrome
2017-11-13 12:07:40-main--INFO -com.ctaf.accelerators.TestEngine:Current Test : TC_Web_Home_103
2017-11-13 12:07:40-main--INFO -com.ctaf.accelerators.TestEngine:in SelectCountry()
2017-11-13 12:07:43-main--INFO -com.ctaf.accelerators.TestEngine:in ClickSearch()
2017-11-13 12:07:44-main--INFO -com.ctaf.accelerators.TestEngine:Successfully clicked on Search Button
2017-11-13 12:07:44-main--INFO -com.ctaf.accelerators.TestEngine:in ClickBookNow_DirectSearchFlow()
2017-11-13 12:07:45-main--INFO -com.ctaf.accelerators.TestEngine:Successfully clicked on Book Now
2017-11-13 12:07:45-main--INFO -com.ctaf.accelerators.TestEngine:in UncheckJoinRemembered()
2017-11-13 12:07:46-main--INFO -com.ctaf.accelerators.TestEngine:in SelectRooms()
2017-11-13 12:07:50-main--INFO -com.ctaf.accelerators.TestEngine:Successfully clicked on select no of rooms
2017-11-13 12:07:50-main--INFO -com.ctaf.accelerators.TestEngine:Successfully clicked on The number of 	DOUBLE ROOM	 is selected as 2
2017-11-13 12:07:50-main--INFO -com.ctaf.accelerators.TestEngine:Successfully clicked on select no of rooms
2017-11-13 12:07:50-main--INFO -com.ctaf.accelerators.TestEngine:Successfully clicked on The number of 	TWIN ROOM	 is selected as 1
2017-11-13 12:07:50-main--INFO -com.ctaf.accelerators.TestEngine:Successfully clicked on select no of rooms
2017-11-13 12:07:50-main--INFO -com.ctaf.accelerators.TestEngine:Successfully clicked on The number of 	ACCESSIBLE ROOM	 is selected as 1
2017-11-13 12:07:50-main--INFO -com.ctaf.accelerators.TestEngine:in Click_SelectYourRoom_ContinueButton()
2017-11-13 12:07:51-main--INFO -com.ctaf.accelerators.TestEngine:Successfully clicked on Click_SelectYourRoom_ContinueButton
2017-11-13 12:07:52-main--INFO -com.ctaf.accelerators.TestEngine:Type  thanku in First name field
2017-11-13 12:07:52-main--INFO -com.ctaf.accelerators.TestEngine:Type  nadal in First name field
2017-11-13 12:07:52-main--INFO -com.ctaf.accelerators.TestEngine:in ProvidePhone()
2017-11-13 12:07:53-main--INFO -com.ctaf.accelerators.TestEngine:Type  8963256895 in phone
2017-11-13 12:07:53-main--INFO -com.ctaf.accelerators.TestEngine:in ProvideEmail()
2017-11-13 12:07:53-main--INFO -com.ctaf.accelerators.TestEngine:Type  qwpo@ee.com in email
2017-11-13 12:07:53-main--INFO -com.ctaf.accelerators.TestEngine:in ClickContinuePersonaDetails()
2017-11-13 12:07:55-main--INFO -com.ctaf.accelerators.TestEngine:Successfully clicked on PersonalDetailsPage_Continue
2017-11-13 12:07:55-main--INFO -com.ctaf.accelerators.TestEngine:in ClickPayAtHotel()
2017-11-13 12:07:55-main--INFO -com.ctaf.accelerators.TestEngine:in ClickConfirmAndPay()
2017-11-13 12:08:44-main--INFO -com.ctaf.accelerators.TestEngine:Starting browser : chrome
2017-11-13 12:08:56-main--INFO -com.ctaf.accelerators.TestEngine:Current Test : TC_Web_Home_103
2017-11-13 12:08:56-main--INFO -com.ctaf.accelerators.TestEngine:in SelectCountry()
2017-11-13 12:08:56-main--INFO -com.ctaf.accelerators.TestEngine:in ClickSearch()
2017-11-13 12:08:57-main--INFO -com.ctaf.accelerators.TestEngine:Successfully clicked on Search Button
2017-11-13 12:08:57-main--INFO -com.ctaf.accelerators.TestEngine:in ClickBookNow_DirectSearchFlow()
2017-11-13 12:09:04-main--INFO -com.ctaf.accelerators.TestEngine:Successfully clicked on Book Now
2017-11-13 12:09:04-main--INFO -com.ctaf.accelerators.TestEngine:in UncheckJoinRemembered()
2017-11-13 12:09:05-main--INFO -com.ctaf.accelerators.TestEngine:in SelectRooms()
2017-11-13 12:09:09-main--INFO -com.ctaf.accelerators.TestEngine:Successfully clicked on select no of rooms
2017-11-13 12:09:09-main--INFO -com.ctaf.accelerators.TestEngine:Successfully clicked on The number of 	DOUBLE ROOM	 is selected as 2
2017-11-13 12:09:09-main--INFO -com.ctaf.accelerators.TestEngine:Successfully clicked on select no of rooms
2017-11-13 12:09:09-main--INFO -com.ctaf.accelerators.TestEngine:Successfully clicked on The number of 	TWIN ROOM	 is selected as 1
2017-11-13 12:09:09-main--INFO -com.ctaf.accelerators.TestEngine:Successfully clicked on select no of rooms
2017-11-13 12:09:09-main--INFO -com.ctaf.accelerators.TestEngine:Successfully clicked on The number of 	ACCESSIBLE ROOM	 is selected as 1
2017-11-13 12:09:09-main--INFO -com.ctaf.accelerators.TestEngine:in Click_SelectYourRoom_ContinueButton()
2017-11-13 12:09:09-main--INFO -com.ctaf.accelerators.TestEngine:Successfully clicked on Click_SelectYourRoom_ContinueButton
2017-11-13 12:09:11-main--INFO -com.ctaf.accelerators.TestEngine:Type  lopi in First name field
2017-11-13 12:09:11-main--INFO -com.ctaf.accelerators.TestEngine:Type  nadal in First name field
2017-11-13 12:09:11-main--INFO -com.ctaf.accelerators.TestEngine:in ProvidePhone()
2017-11-13 12:09:11-main--INFO -com.ctaf.accelerators.TestEngine:Type  8.965325647E9 in phone
2017-11-13 12:09:11-main--INFO -com.ctaf.accelerators.TestEngine:in ProvideEmail()
2017-11-13 12:09:11-main--INFO -com.ctaf.accelerators.TestEngine:Type  poty@wer.com in email
2017-11-13 12:09:11-main--INFO -com.ctaf.accelerators.TestEngine:in ClickContinuePersonaDetails()
2017-11-13 12:09:14-main--INFO -com.ctaf.accelerators.TestEngine:Successfully clicked on PersonalDetailsPage_Continue
2017-11-13 12:09:14-main--INFO -com.ctaf.accelerators.TestEngine:in ClickPayAtHotel()
2017-11-13 12:09:14-main--INFO -com.ctaf.accelerators.TestEngine:in ClickConfirmAndPay()
2017-11-13 12:09:21-main--INFO -com.ctaf.accelerators.TestEngine:Confirmation page heading 	PACK YOUR BAGS is displaying
2017-11-13 12:09:21-main--INFO -com.ctaf.accelerators.TestEngine:in VerifyConfirmationScreen()
2017-11-13 12:09:21-main--INFO -com.ctaf.accelerators.TestEngine:Confirmation screen heading	YOUR HOTEL HAS BEEN BOOKED! is displaying
2017-11-13 12:09:21-main--INFO -com.ctaf.accelerators.TestEngine:Email Confirmation message	We've emailed you your booking confirmation. is displaying
2017-11-13 12:09:21-main--INFO -com.ctaf.accelerators.TestEngine:Confirmation page check in date	TUE, 14 NOV 2017 is displaying
2017-11-13 12:09:21-main--INFO -com.ctaf.accelerators.TestEngine:Confirmation page check out date	WED, 15 NOV 2017 is displaying
2017-11-13 12:09:21-main--INFO -com.ctaf.accelerators.TestEngine: Hotel details in confirmation page	Jl. KH Samanhudi No. 25
Pasar Baru Jakarta 10710
Indonesia
+62 21 3890 2222
frontdesk.pasarbaru@redplanethotels.com is displaying
2017-11-13 12:15:20-main--INFO -com.ctaf.accelerators.TestEngine:Starting browser : chrome
2017-11-13 12:15:44-main--INFO -com.ctaf.accelerators.TestEngine:Current Test : TC_Web_Home_104
2017-11-13 12:15:44-main--INFO -com.ctaf.accelerators.TestEngine:in ClickLogin()
2017-11-13 12:15:45-main--INFO -com.ctaf.accelerators.TestEngine:Successfully clicked on Log In
2017-11-13 12:15:45-main--INFO -com.ctaf.accelerators.TestEngine:in Login()
2017-11-13 12:15:46-main--INFO -com.ctaf.accelerators.TestEngine:Type  roger@gmail.com in username
2017-11-13 12:15:46-main--INFO -com.ctaf.accelerators.TestEngine:Type  rogerfederer in password
2017-11-13 12:15:46-main--INFO -com.ctaf.accelerators.TestEngine:Successfully clicked on Log In
2017-11-13 12:15:47-main--INFO -com.ctaf.accelerators.TestEngine:in SelectCountry()
2017-11-13 12:15:47-main--INFO -com.ctaf.accelerators.TestEngine:in ClickSearch()
2017-11-13 12:15:47-main--INFO -com.ctaf.accelerators.TestEngine:Successfully clicked on Search Button
2017-11-13 12:15:47-main--INFO -com.ctaf.accelerators.TestEngine:in ClickBookNow_DirectSearchFlow()
2017-11-13 12:15:50-main--INFO -com.ctaf.accelerators.TestEngine:Successfully clicked on Book Now
2017-11-13 12:15:50-main--INFO -com.ctaf.accelerators.TestEngine:in SelectRooms()
2017-11-13 12:15:56-main--INFO -com.ctaf.accelerators.TestEngine:Successfully clicked on select no of rooms
2017-11-13 12:15:56-main--INFO -com.ctaf.accelerators.TestEngine:Successfully clicked on The number of 	DOUBLE ROOM	 is selected as 2
2017-11-13 12:15:56-main--INFO -com.ctaf.accelerators.TestEngine:Successfully clicked on select no of rooms
2017-11-13 12:15:56-main--INFO -com.ctaf.accelerators.TestEngine:Successfully clicked on The number of 	TWIN ROOM	 is selected as 1
2017-11-13 12:15:56-main--INFO -com.ctaf.accelerators.TestEngine:Successfully clicked on select no of rooms
2017-11-13 12:15:56-main--INFO -com.ctaf.accelerators.TestEngine:Successfully clicked on The number of 	ACCESSIBLE ROOM	 is selected as 1
2017-11-13 12:15:56-main--INFO -com.ctaf.accelerators.TestEngine:in Click_SelectYourRoom_ContinueButton()
2017-11-13 12:15:56-main--INFO -com.ctaf.accelerators.TestEngine:Successfully clicked on Click_SelectYourRoom_ContinueButton
2017-11-13 12:15:56-main--INFO -com.ctaf.accelerators.TestEngine:in ClickContinuePersonaDetails()
2017-11-13 12:15:59-main--INFO -com.ctaf.accelerators.TestEngine:Successfully clicked on PersonalDetailsPage_Continue
2017-11-13 12:15:59-main--INFO -com.ctaf.accelerators.TestEngine:in ClickPayAtHotel()
2017-11-13 12:16:42-main--INFO -com.ctaf.accelerators.TestEngine:in ClickConfirmAndPay()
2017-11-13 12:16:49-main--INFO -com.ctaf.accelerators.TestEngine:Confirmation page heading 	PACK YOUR BAGS is displaying
2017-11-13 12:16:49-main--INFO -com.ctaf.accelerators.TestEngine:in VerifyConfirmationScreen()
2017-11-13 12:16:50-main--INFO -com.ctaf.accelerators.TestEngine:Confirmation screen heading	YOUR HOTEL HAS BEEN BOOKED! is displaying
2017-11-13 12:16:50-main--INFO -com.ctaf.accelerators.TestEngine:Email Confirmation message	We've emailed you your booking confirmation. is displaying
2017-11-13 12:16:50-main--INFO -com.ctaf.accelerators.TestEngine:Confirmation page check in date	TUE, 14 NOV 2017 is displaying
2017-11-13 12:16:50-main--INFO -com.ctaf.accelerators.TestEngine:Confirmation page check out date	WED, 15 NOV 2017 is displaying
2017-11-13 12:16:50-main--INFO -com.ctaf.accelerators.TestEngine: Hotel details in confirmation page	Jl. KH Samanhudi No. 25
Pasar Baru Jakarta 10710
Indonesia
+62 21 3890 2222
frontdesk.pasarbaru@redplanethotels.com is displaying
2017-11-13 12:17:05-main--INFO -com.ctaf.accelerators.TestEngine:Starting browser : chrome
2017-11-13 12:17:25-main--INFO -com.ctaf.accelerators.TestEngine:Current Test : TC_Web_Home_104
2017-11-13 12:17:26-main--INFO -com.ctaf.accelerators.TestEngine:in ClickLogin()
2017-11-13 12:17:31-main--INFO -com.ctaf.accelerators.TestEngine:Successfully clicked on Log In
2017-11-13 12:17:31-main--INFO -com.ctaf.accelerators.TestEngine:in Login()
2017-11-13 12:17:42-main--INFO -com.ctaf.accelerators.TestEngine:Type  roger@gmail.com in username
2017-11-13 12:17:43-main--INFO -com.ctaf.accelerators.TestEngine:Type  rogerfederer in password
2017-11-13 12:17:45-main--INFO -com.ctaf.accelerators.TestEngine:Successfully clicked on Log In
2017-11-13 12:17:46-main--INFO -com.ctaf.accelerators.TestEngine:in SelectCountry()
2017-11-13 12:17:46-main--INFO -com.ctaf.accelerators.TestEngine:in ClickSearch()
2017-11-13 12:17:47-main--INFO -com.ctaf.accelerators.TestEngine:Successfully clicked on Search Button
2017-11-13 12:17:47-main--INFO -com.ctaf.accelerators.TestEngine:in ClickBookNow_DirectSearchFlow()
2017-11-13 12:17:58-main--INFO -com.ctaf.accelerators.TestEngine:Successfully clicked on Book Now
2017-11-13 12:17:58-main--INFO -com.ctaf.accelerators.TestEngine:in SelectRooms()
2017-11-13 12:18:09-main--INFO -com.ctaf.accelerators.TestEngine:Successfully clicked on select no of rooms
2017-11-13 12:18:09-main--INFO -com.ctaf.accelerators.TestEngine:Successfully clicked on The number of 	DOUBLE ROOM	 is selected as 2
2017-11-13 12:18:09-main--INFO -com.ctaf.accelerators.TestEngine:Successfully clicked on select no of rooms
2017-11-13 12:18:10-main--INFO -com.ctaf.accelerators.TestEngine:Successfully clicked on The number of 	TWIN ROOM	 is selected as 1
2017-11-13 12:18:10-main--INFO -com.ctaf.accelerators.TestEngine:Successfully clicked on select no of rooms
2017-11-13 12:18:10-main--INFO -com.ctaf.accelerators.TestEngine:Successfully clicked on The number of 	ACCESSIBLE ROOM	 is selected as 1
2017-11-13 12:18:10-main--INFO -com.ctaf.accelerators.TestEngine:in Click_SelectYourRoom_ContinueButton()
2017-11-13 12:18:10-main--INFO -com.ctaf.accelerators.TestEngine:Successfully clicked on Click_SelectYourRoom_ContinueButton
2017-11-13 12:18:10-main--INFO -com.ctaf.accelerators.TestEngine:in ClickContinuePersonaDetails()
2017-11-13 12:18:13-main--INFO -com.ctaf.accelerators.TestEngine:Successfully clicked on PersonalDetailsPage_Continue
2017-11-13 12:18:13-main--INFO -com.ctaf.accelerators.TestEngine:in ClickPayAtHotel()
2017-11-13 12:18:14-main--INFO -com.ctaf.accelerators.TestEngine:in ClickConfirmAndPay()
2017-11-13 12:20:17-main--INFO -com.ctaf.accelerators.TestEngine: Able to get TscreenShot
2017-11-13 12:20:18-main--INFO -com.ctaf.accelerators.TestEngine: Able to get TscreenShot
2017-11-13 12:21:19-main--INFO -com.ctaf.accelerators.TestEngine:Starting browser : chrome
2017-11-13 12:21:36-main--INFO -com.ctaf.accelerators.TestEngine:Current Test : TC_Web_Home_079
2017-11-13 12:21:36-main--INFO -com.ctaf.accelerators.TestEngine:in SelectCountry()
2017-11-13 12:21:36-main--INFO -com.ctaf.accelerators.TestEngine:in SelectCity()
2017-11-13 12:21:37-main--INFO -com.ctaf.accelerators.TestEngine:in ClickSearch()
2017-11-13 12:21:37-main--INFO -com.ctaf.accelerators.TestEngine:Successfully clicked on Search Button
2017-11-13 12:21:37-main--INFO -com.ctaf.accelerators.TestEngine:in VerifyHomeScreen_DirectSearchFlow()
2017-11-13 12:23:39-main--INFO -com.ctaf.accelerators.TestEngine: Able to get TscreenShot
2017-11-13 12:23:39-main--INFO -com.ctaf.accelerators.TestEngine: Able to get TscreenShot
2017-11-13 12:45:45-main--INFO -com.ctaf.accelerators.TestEngine:Starting browser : chrome
2017-11-13 12:46:15-main--INFO -com.ctaf.accelerators.TestEngine:Current Test : TC_Web_Home_105
2017-11-13 12:46:15-main--INFO -com.ctaf.accelerators.TestEngine:in SelectCountry()
2017-11-13 12:46:19-main--INFO -com.ctaf.accelerators.TestEngine:in SelectCity()
2017-11-13 12:46:19-main--INFO -com.ctaf.accelerators.TestEngine:in ClickSearch()
2017-11-13 12:46:19-main--INFO -com.ctaf.accelerators.TestEngine:Successfully clicked on Search Button
2017-11-13 12:46:19-main--INFO -com.ctaf.accelerators.TestEngine:in VerifyHomeScreen_DirectSearchFlow()
2017-11-13 12:51:27-main--INFO -com.ctaf.accelerators.TestEngine:Starting browser : chrome
2017-11-13 12:51:38-main--INFO -com.ctaf.accelerators.TestEngine:Current Test : TC_Web_Home_105
2017-11-13 12:51:38-main--INFO -com.ctaf.accelerators.TestEngine:in SelectCountry()
2017-11-13 12:51:39-main--INFO -com.ctaf.accelerators.TestEngine:in SelectCity()
2017-11-13 12:51:39-main--INFO -com.ctaf.accelerators.TestEngine:in ClickSearch()
2017-11-13 12:51:39-main--INFO -com.ctaf.accelerators.TestEngine:Successfully clicked on Search Button
2017-11-13 12:51:39-main--INFO -com.ctaf.accelerators.TestEngine:in VerifyHotelInfoSreen()
2017-11-13 12:51:41-main--INFO -com.ctaf.accelerators.TestEngine:HotelInfoPage is displaying
2017-11-13 12:51:41-main--INFO -com.ctaf.accelerators.TestEngine:ContinueButton is displaying
2017-11-13 12:51:41-main--INFO -com.ctaf.accelerators.TestEngine:HotelInfoPage is displaying
2017-11-13 12:51:41-main--INFO -com.ctaf.accelerators.TestEngine:HotelDescription is displaying
2017-11-13 12:51:42-main--INFO -com.ctaf.accelerators.TestEngine: Able to get TscreenShot
2017-11-13 12:52:31-main--INFO -com.ctaf.accelerators.TestEngine:Starting browser : chrome
2017-11-13 12:52:40-main--INFO -com.ctaf.accelerators.TestEngine:Current Test : TC_Web_Home_105
2017-11-13 12:52:40-main--INFO -com.ctaf.accelerators.TestEngine:in SelectCountry()
2017-11-13 12:52:40-main--INFO -com.ctaf.accelerators.TestEngine:in SelectCity()
2017-11-13 12:52:40-main--INFO -com.ctaf.accelerators.TestEngine:in ClickSearch()
2017-11-13 12:52:40-main--INFO -com.ctaf.accelerators.TestEngine:Successfully clicked on Search Button
2017-11-13 12:52:40-main--INFO -com.ctaf.accelerators.TestEngine:in VerifyHotelInfoSreen()
2017-11-13 12:52:41-main--INFO -com.ctaf.accelerators.TestEngine:HotelInfoPage is displaying
2017-11-13 12:52:41-main--INFO -com.ctaf.accelerators.TestEngine:ContinueButton is displaying
2017-11-13 12:52:41-main--INFO -com.ctaf.accelerators.TestEngine:HotelInfoPage is displaying
2017-11-13 12:52:41-main--INFO -com.ctaf.accelerators.TestEngine:HotelDescription is displaying
2017-11-13 12:52:42-main--INFO -com.ctaf.accelerators.TestEngine: Able to get TscreenShot
2017-11-13 12:53:46-main--INFO -com.ctaf.accelerators.TestEngine:Starting browser : chrome
2017-11-13 12:54:29-main--INFO -com.ctaf.accelerators.TestEngine:Current Test : TC_Web_Home_105
2017-11-13 12:54:29-main--INFO -com.ctaf.accelerators.TestEngine:in SelectCountry()
2017-11-13 12:54:29-main--INFO -com.ctaf.accelerators.TestEngine:in SelectCity()
2017-11-13 12:54:30-main--INFO -com.ctaf.accelerators.TestEngine:in ClickSearch()
2017-11-13 12:54:30-main--INFO -com.ctaf.accelerators.TestEngine:Successfully clicked on Search Button
2017-11-13 12:54:42-main--INFO -com.ctaf.accelerators.TestEngine:in VerifyHotelInfoSreen()
2017-11-13 12:54:46-main--INFO -com.ctaf.accelerators.TestEngine:HotelInfoPage is displaying
2017-11-13 12:54:58-main--INFO -com.ctaf.accelerators.TestEngine:ContinueButton is displaying
2017-11-13 12:55:00-main--INFO -com.ctaf.accelerators.TestEngine:HotelInfoPage is displaying
2017-11-13 12:55:03-main--INFO -com.ctaf.accelerators.TestEngine:HotelDescription is displaying
2017-11-13 12:55:08-main--INFO -com.ctaf.accelerators.TestEngine: Able to get TscreenShot
2017-11-13 12:56:55-main--INFO -com.ctaf.accelerators.TestEngine:Starting browser : chrome
2017-11-13 12:57:23-main--INFO -com.ctaf.accelerators.TestEngine:Current Test : TC_Web_Home_105
2017-11-13 12:57:23-main--INFO -com.ctaf.accelerators.TestEngine:in SelectCountry()
2017-11-13 12:57:31-main--INFO -com.ctaf.accelerators.TestEngine:in SelectCity()
2017-11-13 12:57:33-main--INFO -com.ctaf.accelerators.TestEngine:in ClickSearch()
2017-11-13 12:57:36-main--INFO -com.ctaf.accelerators.TestEngine:Successfully clicked on Search Button
2017-11-13 12:57:36-main--INFO -com.ctaf.accelerators.TestEngine:in VerifyHotelInfoSreen()
2017-11-13 12:57:47-main--INFO -com.ctaf.accelerators.TestEngine:HotelInfoPage is displaying
2017-11-13 12:57:50-main--INFO -com.ctaf.accelerators.TestEngine:ContinueButton is displaying
2017-11-13 12:57:50-main--INFO -com.ctaf.accelerators.TestEngine:HotelInfoPage is displaying
2017-11-13 12:57:50-main--INFO -com.ctaf.accelerators.TestEngine:HotelDescription is displaying
2017-11-13 12:57:51-main--INFO -com.ctaf.accelerators.TestEngine:Maps is displaying
2017-11-13 12:57:52-main--INFO -com.ctaf.accelerators.TestEngine:Dining is displaying
2017-11-13 12:57:52-main--INFO -com.ctaf.accelerators.TestEngine:Attractions is displaying
2017-11-13 12:57:53-main--INFO -com.ctaf.accelerators.TestEngine:NightLife is displaying
2017-11-13 12:57:54-main--INFO -com.ctaf.accelerators.TestEngine:Rate per Day is displaying
2017-11-13 13:25:28-main--INFO -com.ctaf.accelerators.TestEngine:Starting browser : chrome
2017-11-13 13:25:58-main--INFO -com.ctaf.accelerators.TestEngine:Starting browser : chrome
2017-11-13 13:26:29-main--INFO -com.ctaf.accelerators.TestEngine:Starting browser : chrome
2017-11-13 13:26:56-main--INFO -com.ctaf.accelerators.TestEngine:Current Test : TC_Web_Home_107
2017-11-13 13:26:56-main--INFO -com.ctaf.accelerators.TestEngine:in SelectCountry()
2017-11-13 13:27:00-main--INFO -com.ctaf.accelerators.TestEngine:in SelectCity()
2017-11-13 13:27:00-main--INFO -com.ctaf.accelerators.TestEngine:in ClickSearch()
2017-11-13 13:27:00-main--INFO -com.ctaf.accelerators.TestEngine:Successfully clicked on Search Button
2017-11-13 13:27:00-main--INFO -com.ctaf.accelerators.TestEngine:in VerifyListOfHotels_DirectSearchFlow()
2017-11-13 13:29:01-main--INFO -com.ctaf.accelerators.TestEngine:Starting browser : chrome
2017-11-13 13:29:32-main--INFO -com.ctaf.accelerators.TestEngine:Current Test : TC_Web_Home_107
2017-11-13 13:29:32-main--INFO -com.ctaf.accelerators.TestEngine:in SelectCountry()
2017-11-13 13:29:33-main--INFO -com.ctaf.accelerators.TestEngine:in SelectCity()
2017-11-13 13:29:33-main--INFO -com.ctaf.accelerators.TestEngine:in ClickSearch()
2017-11-13 13:29:34-main--INFO -com.ctaf.accelerators.TestEngine:Successfully clicked on Search Button
2017-11-13 13:29:34-main--INFO -com.ctaf.accelerators.TestEngine:in VerifyListOfHotels_DirectSearchFlow()
2017-11-13 13:34:28-main--INFO -com.ctaf.accelerators.TestEngine:Starting browser : chrome
2017-11-13 13:34:39-main--INFO -com.ctaf.accelerators.TestEngine:Current Test : TC_Web_Home_107
2017-11-13 13:34:39-main--INFO -com.ctaf.accelerators.TestEngine:in SelectCountry()
2017-11-13 13:34:51-main--INFO -com.ctaf.accelerators.TestEngine:in SelectCity()
2017-11-13 13:34:51-main--INFO -com.ctaf.accelerators.TestEngine:in ClickSearch()
2017-11-13 13:34:51-main--INFO -com.ctaf.accelerators.TestEngine:Successfully clicked on Search Button
2017-11-13 13:34:51-main--INFO -com.ctaf.accelerators.TestEngine:in VerifyListOfHotels_DirectSearchFlow()
2017-11-13 13:37:43-main--INFO -com.ctaf.accelerators.TestEngine:Starting browser : chrome
2017-11-13 13:39:27-main--INFO -com.ctaf.accelerators.TestEngine:Current Test : TC_Web_Home_107
2017-11-13 13:39:28-main--INFO -com.ctaf.accelerators.TestEngine:in SelectCountry()
2017-11-13 13:39:29-main--INFO -com.ctaf.accelerators.TestEngine:in SelectCity()
2017-11-13 13:39:30-main--INFO -com.ctaf.accelerators.TestEngine:in ClickSearch()
2017-11-13 13:39:31-main--INFO -com.ctaf.accelerators.TestEngine:Successfully clicked on Search Button
2017-11-13 13:39:53-main--INFO -com.ctaf.accelerators.TestEngine:in VerifyListOfHotels_DirectSearchFlow()
2017-11-13 13:50:45-main--INFO -com.ctaf.accelerators.TestEngine:Starting browser : chrome
2017-11-13 13:51:32-main--INFO -com.ctaf.accelerators.TestEngine:Current Test : TC_Web_Home_107
2017-11-13 13:51:32-main--INFO -com.ctaf.accelerators.TestEngine:in SelectCountry()
2017-11-13 13:51:33-main--INFO -com.ctaf.accelerators.TestEngine:in SelectCity()
2017-11-13 13:51:33-main--INFO -com.ctaf.accelerators.TestEngine:in ClickSearch()
2017-11-13 13:51:34-main--INFO -com.ctaf.accelerators.TestEngine:Successfully clicked on Search Button
2017-11-13 13:52:09-main--INFO -com.ctaf.accelerators.TestEngine:in VerifyListOfHotels_DirectSearchFlow()
2017-11-13 13:54:03-main--INFO -com.ctaf.accelerators.TestEngine:Starting browser : chrome
2017-11-13 13:54:19-main--INFO -com.ctaf.accelerators.TestEngine:Current Test : TC_Web_Home_107
2017-11-13 13:54:19-main--INFO -com.ctaf.accelerators.TestEngine:in SelectCountry()
2017-11-13 13:54:19-main--INFO -com.ctaf.accelerators.TestEngine:in SelectCity()
2017-11-13 13:54:19-main--INFO -com.ctaf.accelerators.TestEngine:in ClickSearch()
2017-11-13 13:54:19-main--INFO -com.ctaf.accelerators.TestEngine:Successfully clicked on Search Button
2017-11-13 13:54:19-main--INFO -com.ctaf.accelerators.TestEngine:in VerifyListOfHotels_DirectSearchFlow()
2017-11-13 13:55:53-main--INFO -com.ctaf.accelerators.TestEngine:Starting browser : chrome
2017-11-13 13:56:03-main--INFO -com.ctaf.accelerators.TestEngine:Current Test : TC_Web_Home_107
2017-11-13 13:56:03-main--INFO -com.ctaf.accelerators.TestEngine:in SelectCountry()
2017-11-13 13:56:04-main--INFO -com.ctaf.accelerators.TestEngine:in SelectCity()
2017-11-13 13:56:04-main--INFO -com.ctaf.accelerators.TestEngine:in ClickSearch()
2017-11-13 13:56:04-main--INFO -com.ctaf.accelerators.TestEngine:Successfully clicked on Search Button
2017-11-13 13:56:04-main--INFO -com.ctaf.accelerators.TestEngine:in VerifyListOfHotels_DirectSearchFlow()
2017-11-13 15:29:04-main--INFO -com.ctaf.accelerators.TestEngine:Starting browser : chrome
2017-11-13 15:29:51-main--INFO -com.ctaf.accelerators.TestEngine:Current Test : TC_Web_Home_109
2017-11-13 15:29:51-main--INFO -com.ctaf.accelerators.TestEngine:in SelectCountry()
2017-11-13 15:29:52-main--INFO -com.ctaf.accelerators.TestEngine:in SelectCity()
2017-11-13 15:29:52-main--INFO -com.ctaf.accelerators.TestEngine:in ClickSearch()
2017-11-13 15:29:52-main--INFO -com.ctaf.accelerators.TestEngine:Successfully clicked on Search Button
2017-11-13 15:29:52-main--INFO -com.ctaf.accelerators.TestEngine:in ClickBookNow_DirectSearchFlow()
2017-11-13 15:30:00-main--INFO -com.ctaf.accelerators.TestEngine:Successfully clicked on Book Now
2017-11-13 15:30:00-main--INFO -com.ctaf.accelerators.TestEngine:in SelectRooms()
2017-11-13 15:30:05-main--INFO -com.ctaf.accelerators.TestEngine:Successfully clicked on select no of rooms
2017-11-13 15:30:05-main--INFO -com.ctaf.accelerators.TestEngine:Successfully clicked on The number of 	DELUXE ROOM	 is selected as 2
2017-11-13 15:30:05-main--INFO -com.ctaf.accelerators.TestEngine:Successfully clicked on select no of rooms
2017-11-13 15:30:06-main--INFO -com.ctaf.accelerators.TestEngine:Successfully clicked on The number of 	TWIN ROOM	 is selected as 1
2017-11-13 15:30:07-main--INFO -com.ctaf.accelerators.TestEngine: Able to get TscreenShot
2017-11-13 15:31:19-main--INFO -com.ctaf.accelerators.TestEngine:Starting browser : chrome
2017-11-13 15:31:30-main--INFO -com.ctaf.accelerators.TestEngine:Current Test : TC_Web_Home_109
2017-11-13 15:31:30-main--INFO -com.ctaf.accelerators.TestEngine:in SelectCountry()
2017-11-13 15:31:30-main--INFO -com.ctaf.accelerators.TestEngine:in SelectCity()
2017-11-13 15:31:30-main--INFO -com.ctaf.accelerators.TestEngine:in ClickSearch()
2017-11-13 15:31:30-main--INFO -com.ctaf.accelerators.TestEngine:Successfully clicked on Search Button
2017-11-13 15:31:30-main--INFO -com.ctaf.accelerators.TestEngine:in ClickBookNow_DirectSearchFlow()
2017-11-13 15:31:52-main--INFO -com.ctaf.accelerators.TestEngine:Successfully clicked on Book Now
2017-11-13 15:31:52-main--INFO -com.ctaf.accelerators.TestEngine:in SelectRooms()
2017-11-13 15:31:56-main--INFO -com.ctaf.accelerators.TestEngine:Successfully clicked on select no of rooms
2017-11-13 15:31:57-main--INFO -com.ctaf.accelerators.TestEngine:Successfully clicked on The number of 	DELUXE ROOM	 is selected as 2
2017-11-13 15:31:57-main--INFO -com.ctaf.accelerators.TestEngine:Successfully clicked on select no of rooms
2017-11-13 15:31:57-main--INFO -com.ctaf.accelerators.TestEngine:Successfully clicked on The number of 	TWIN ROOM	 is selected as 1
2017-11-13 15:31:57-main--INFO -com.ctaf.accelerators.TestEngine: Able to get TscreenShot
2017-11-13 15:34:07-main--INFO -com.ctaf.accelerators.TestEngine:Starting browser : chrome
2017-11-13 15:34:17-main--INFO -com.ctaf.accelerators.TestEngine:Current Test : TC_Web_Home_109
2017-11-13 15:34:17-main--INFO -com.ctaf.accelerators.TestEngine:in SelectCountry()
2017-11-13 15:34:18-main--INFO -com.ctaf.accelerators.TestEngine:in SelectCity()
2017-11-13 15:34:47-main--INFO -com.ctaf.accelerators.TestEngine:Starting browser : chrome
2017-11-13 15:35:03-main--INFO -com.ctaf.accelerators.TestEngine:Current Test : TC_Web_Home_109
2017-11-13 15:35:03-main--INFO -com.ctaf.accelerators.TestEngine:in SelectCountry()
2017-11-13 15:35:03-main--INFO -com.ctaf.accelerators.TestEngine:in SelectCity()
2017-11-13 15:35:04-main--INFO -com.ctaf.accelerators.TestEngine:in ClickSearch()
2017-11-13 15:35:04-main--INFO -com.ctaf.accelerators.TestEngine:Successfully clicked on Search Button
2017-11-13 15:35:04-main--INFO -com.ctaf.accelerators.TestEngine:in ClickBookNow_DirectSearchFlow()
2017-11-13 15:35:07-main--INFO -com.ctaf.accelerators.TestEngine:Successfully clicked on Book Now
2017-11-13 15:35:07-main--INFO -com.ctaf.accelerators.TestEngine:in SelectRooms()
2017-11-13 15:35:13-main--INFO -com.ctaf.accelerators.TestEngine:Successfully clicked on select no of rooms
2017-11-13 15:35:13-main--INFO -com.ctaf.accelerators.TestEngine:Successfully clicked on The number of 	DOUBLE ROOM	 is selected as 2
2017-11-13 15:35:14-main--INFO -com.ctaf.accelerators.TestEngine:Successfully clicked on select no of rooms
2017-11-13 15:35:14-main--INFO -com.ctaf.accelerators.TestEngine:Successfully clicked on The number of 	TWIN ROOM	 is selected as 1
2017-11-13 15:35:14-main--INFO -com.ctaf.accelerators.TestEngine:Successfully clicked on select no of rooms
2017-11-13 15:35:14-main--INFO -com.ctaf.accelerators.TestEngine:Successfully clicked on The number of 	ACCESSIBLE ROOM	 is selected as 1
2017-11-13 15:35:14-main--INFO -com.ctaf.accelerators.TestEngine:in Click_SelectYourRoom_ContinueButton()
2017-11-13 15:35:14-main--INFO -com.ctaf.accelerators.TestEngine:Successfully clicked on Click_SelectYourRoom_ContinueButton
2017-11-13 15:35:14-main--INFO -com.ctaf.accelerators.TestEngine:in ClickContinuePersonaDetails()
2017-11-13 15:35:17-main--INFO -com.ctaf.accelerators.TestEngine:Successfully clicked on PersonalDetailsPage_Continue
2017-11-13 15:35:17-main--INFO -com.ctaf.accelerators.TestEngine:in ClickPayAtHotel()
2017-11-13 15:36:13-main--INFO -com.ctaf.accelerators.TestEngine:Starting browser : chrome
2017-11-13 15:37:17-main--INFO -com.ctaf.accelerators.TestEngine:Current Test : TC_Web_Home_109
2017-11-13 15:37:17-main--INFO -com.ctaf.accelerators.TestEngine:in SelectCountry()
2017-11-13 15:37:18-main--INFO -com.ctaf.accelerators.TestEngine:in SelectCity()
2017-11-13 15:37:19-main--INFO -com.ctaf.accelerators.TestEngine:in ClickSearch()
2017-11-13 15:37:20-main--INFO -com.ctaf.accelerators.TestEngine:Successfully clicked on Search Button
2017-11-13 15:37:20-main--INFO -com.ctaf.accelerators.TestEngine:in ClickBookNow_DirectSearchFlow()
2017-11-13 15:37:26-main--INFO -com.ctaf.accelerators.TestEngine:Successfully clicked on Book Now
2017-11-13 15:37:26-main--INFO -com.ctaf.accelerators.TestEngine:in SelectRooms()
2017-11-13 15:37:31-main--INFO -com.ctaf.accelerators.TestEngine: Able to get TscreenShot
2017-11-13 15:37:35-main--INFO -com.ctaf.accelerators.TestEngine:Successfully clicked on select no of rooms
2017-11-13 15:37:35-main--INFO -com.ctaf.accelerators.TestEngine:Successfully clicked on The number of 	DOUBLE ROOM	 is selected as 2
2017-11-13 15:37:36-main--INFO -com.ctaf.accelerators.TestEngine:Successfully clicked on select no of rooms
2017-11-13 15:37:36-main--INFO -com.ctaf.accelerators.TestEngine:Successfully clicked on The number of 	TWIN ROOM	 is selected as 1
2017-11-13 15:37:36-main--INFO -com.ctaf.accelerators.TestEngine:Successfully clicked on select no of rooms
2017-11-13 15:37:36-main--INFO -com.ctaf.accelerators.TestEngine:Successfully clicked on The number of 	ACCESSIBLE ROOM	 is selected as 1
2017-11-13 15:37:36-main--INFO -com.ctaf.accelerators.TestEngine:in Click_SelectYourRoom_ContinueButton()
2017-11-13 15:37:36-main--INFO -com.ctaf.accelerators.TestEngine:Successfully clicked on Click_SelectYourRoom_ContinueButton
2017-11-13 15:37:42-main--INFO -com.ctaf.accelerators.TestEngine:Type  lity in First name field
2017-11-13 15:37:42-main--INFO -com.ctaf.accelerators.TestEngine:Type  nadal in First name field
2017-11-13 15:37:42-main--INFO -com.ctaf.accelerators.TestEngine:in ProvideBirthday()
2017-11-13 15:37:42-main--INFO -com.ctaf.accelerators.TestEngine:in ProvideCountry()
2017-11-13 15:37:43-main--INFO -com.ctaf.accelerators.TestEngine:in ProvidePhone()
2017-11-13 15:37:43-main--INFO -com.ctaf.accelerators.TestEngine:Type  8.965325647E9 in phone
2017-11-13 15:37:43-main--INFO -com.ctaf.accelerators.TestEngine:in ProvideEmail()
2017-11-13 15:37:43-main--INFO -com.ctaf.accelerators.TestEngine:Type  poty@wer.com in email
2017-11-13 15:37:43-main--INFO -com.ctaf.accelerators.TestEngine:in ClickContinuePersonaDetails()
2017-11-13 15:37:45-main--INFO -com.ctaf.accelerators.TestEngine:Successfully clicked on PersonalDetailsPage_Continue
2017-11-13 15:37:45-main--INFO -com.ctaf.accelerators.TestEngine:in ClickPayAtHotel()
2017-11-13 15:37:47-main--INFO -com.ctaf.accelerators.TestEngine:in ClickConfirmAndPay()
2017-11-13 15:39:56-main--INFO -com.ctaf.accelerators.TestEngine:Starting browser : chrome
2017-11-13 15:40:18-main--INFO -com.ctaf.accelerators.TestEngine:Current Test : TC_Web_Home_109
2017-11-13 15:40:18-main--INFO -com.ctaf.accelerators.TestEngine:in SelectCountry()
2017-11-13 15:40:19-main--INFO -com.ctaf.accelerators.TestEngine:in SelectCity()
2017-11-13 15:40:19-main--INFO -com.ctaf.accelerators.TestEngine:in ClickSearch()
2017-11-13 15:40:19-main--INFO -com.ctaf.accelerators.TestEngine:Successfully clicked on Search Button
2017-11-13 15:40:19-main--INFO -com.ctaf.accelerators.TestEngine:in ClickBookNow_DirectSearchFlow()
2017-11-13 15:40:26-main--INFO -com.ctaf.accelerators.TestEngine:Successfully clicked on Book Now
2017-11-13 15:40:26-main--INFO -com.ctaf.accelerators.TestEngine:in SelectRooms()
2017-11-13 15:40:31-main--INFO -com.ctaf.accelerators.TestEngine:Successfully clicked on select no of rooms
2017-11-13 15:40:31-main--INFO -com.ctaf.accelerators.TestEngine:Successfully clicked on The number of 	DOUBLE ROOM	 is selected as 2
2017-11-13 15:40:31-main--INFO -com.ctaf.accelerators.TestEngine:Successfully clicked on select no of rooms
2017-11-13 15:40:31-main--INFO -com.ctaf.accelerators.TestEngine:Successfully clicked on The number of 	TWIN ROOM	 is selected as 1
2017-11-13 15:40:31-main--INFO -com.ctaf.accelerators.TestEngine:Successfully clicked on select no of rooms
2017-11-13 15:40:32-main--INFO -com.ctaf.accelerators.TestEngine:Successfully clicked on The number of 	ACCESSIBLE ROOM	 is selected as 1
2017-11-13 15:40:32-main--INFO -com.ctaf.accelerators.TestEngine:in Click_SelectYourRoom_ContinueButton()
2017-11-13 15:40:32-main--INFO -com.ctaf.accelerators.TestEngine:Successfully clicked on Click_SelectYourRoom_ContinueButton
2017-11-13 15:40:35-main--INFO -com.ctaf.accelerators.TestEngine:Type  lity in First name field
2017-11-13 15:40:35-main--INFO -com.ctaf.accelerators.TestEngine:Type  nadal in First name field
2017-11-13 15:40:35-main--INFO -com.ctaf.accelerators.TestEngine:in ProvideBirthday()
2017-11-13 15:40:35-main--INFO -com.ctaf.accelerators.TestEngine:in ProvideCountry()
2017-11-13 15:40:36-main--INFO -com.ctaf.accelerators.TestEngine:in ProvidePhone()
2017-11-13 15:40:36-main--INFO -com.ctaf.accelerators.TestEngine:Type  8.965325647E9 in phone
2017-11-13 15:40:36-main--INFO -com.ctaf.accelerators.TestEngine:in ProvideEmail()
2017-11-13 15:40:36-main--INFO -com.ctaf.accelerators.TestEngine:Type  poty@wer.com in email
2017-11-13 15:40:36-main--INFO -com.ctaf.accelerators.TestEngine:in ClickContinuePersonaDetails()
2017-11-13 15:40:39-main--INFO -com.ctaf.accelerators.TestEngine:Successfully clicked on PersonalDetailsPage_Continue
2017-11-13 15:40:39-main--INFO -com.ctaf.accelerators.TestEngine:in ClickPayAtHotel()
2017-11-13 15:40:39-main--INFO -com.ctaf.accelerators.TestEngine:in ClickConfirmAndPay()
2017-11-13 15:41:49-main--INFO -com.ctaf.accelerators.TestEngine:Starting browser : chrome
2017-11-13 15:41:58-main--INFO -com.ctaf.accelerators.TestEngine:Current Test : TC_Web_Home_109
2017-11-13 15:41:58-main--INFO -com.ctaf.accelerators.TestEngine:in SelectCountry()
2017-11-13 15:42:03-main--INFO -com.ctaf.accelerators.TestEngine:in SelectCity()
2017-11-13 15:42:03-main--INFO -com.ctaf.accelerators.TestEngine:in ClickSearch()
2017-11-13 15:42:03-main--INFO -com.ctaf.accelerators.TestEngine:Successfully clicked on Search Button
2017-11-13 15:42:03-main--INFO -com.ctaf.accelerators.TestEngine:in ClickBookNow_DirectSearchFlow()
2017-11-13 15:42:05-main--INFO -com.ctaf.accelerators.TestEngine:Successfully clicked on Book Now
2017-11-13 15:42:05-main--INFO -com.ctaf.accelerators.TestEngine:in SelectRooms()
2017-11-13 15:42:09-main--INFO -com.ctaf.accelerators.TestEngine:Successfully clicked on select no of rooms
2017-11-13 15:42:09-main--INFO -com.ctaf.accelerators.TestEngine:Successfully clicked on The number of 	DOUBLE ROOM	 is selected as 2
2017-11-13 15:42:10-main--INFO -com.ctaf.accelerators.TestEngine:Successfully clicked on select no of rooms
2017-11-13 15:42:10-main--INFO -com.ctaf.accelerators.TestEngine:Successfully clicked on The number of 	TWIN ROOM	 is selected as 1
2017-11-13 15:42:10-main--INFO -com.ctaf.accelerators.TestEngine:Successfully clicked on select no of rooms
2017-11-13 15:42:10-main--INFO -com.ctaf.accelerators.TestEngine:Successfully clicked on The number of 	ACCESSIBLE ROOM	 is selected as 1
2017-11-13 15:42:10-main--INFO -com.ctaf.accelerators.TestEngine:in Click_SelectYourRoom_ContinueButton()
2017-11-13 15:42:10-main--INFO -com.ctaf.accelerators.TestEngine:Successfully clicked on Click_SelectYourRoom_ContinueButton
2017-11-13 15:42:11-main--INFO -com.ctaf.accelerators.TestEngine:Type  jhkh in First name field
2017-11-13 15:42:11-main--INFO -com.ctaf.accelerators.TestEngine:Type  nadal in First name field
2017-11-13 15:42:11-main--INFO -com.ctaf.accelerators.TestEngine:in ProvideBirthday()
2017-11-13 15:42:12-main--INFO -com.ctaf.accelerators.TestEngine:in ProvideCountry()
2017-11-13 15:42:12-main--INFO -com.ctaf.accelerators.TestEngine:in ProvidePhone()
2017-11-13 15:42:12-main--INFO -com.ctaf.accelerators.TestEngine:Type  8.965325647E9 in phone
2017-11-13 15:42:12-main--INFO -com.ctaf.accelerators.TestEngine:in ProvideEmail()
2017-11-13 15:42:12-main--INFO -com.ctaf.accelerators.TestEngine:Type  loiuty@eer.com in email
2017-11-13 15:42:12-main--INFO -com.ctaf.accelerators.TestEngine:in ClickContinuePersonaDetails()
2017-11-13 15:42:15-main--INFO -com.ctaf.accelerators.TestEngine:Successfully clicked on PersonalDetailsPage_Continue
2017-11-13 15:42:15-main--INFO -com.ctaf.accelerators.TestEngine:in ClickPayAtHotel()
2017-11-13 15:42:15-main--INFO -com.ctaf.accelerators.TestEngine:in ClickConfirmAndPay()
2017-11-13 15:42:22-main--INFO -com.ctaf.accelerators.TestEngine:Confirmation page heading 	PACK YOUR BAGS is displaying
2017-11-13 15:42:22-main--INFO -com.ctaf.accelerators.TestEngine:in VerifyConfirmationScreen()
2017-11-13 15:42:22-main--INFO -com.ctaf.accelerators.TestEngine:Confirmation screen heading	YOUR HOTEL HAS BEEN BOOKED! is displaying
2017-11-13 15:42:22-main--INFO -com.ctaf.accelerators.TestEngine:Email Confirmation message	We've emailed you your booking confirmation. is displaying
2017-11-13 15:42:22-main--INFO -com.ctaf.accelerators.TestEngine:Confirmation page check in date	TUE, 14 NOV 2017 is displaying
2017-11-13 15:42:22-main--INFO -com.ctaf.accelerators.TestEngine:Confirmation page check out date	WED, 15 NOV 2017 is displaying
2017-11-13 15:42:22-main--INFO -com.ctaf.accelerators.TestEngine: Hotel details in confirmation page	7 Sukhumvit Soi 14
Klongtoey, Bangkok 10110
Thailand
+66 2 653 2013
frontdesk.asoke@redplanethotels.com is displaying
2017-11-13 15:42:42-main--INFO -com.ctaf.accelerators.TestEngine: Able to get TscreenShot
2017-11-13 15:42:43-main--INFO -com.ctaf.accelerators.TestEngine: Able to get TscreenShot
2017-11-13 15:44:22-main--INFO -com.ctaf.accelerators.TestEngine: Able to get TscreenShot
2017-11-13 15:44:23-main--INFO -com.ctaf.accelerators.TestEngine: Able to get TscreenShot
2017-11-13 16:41:54-main--INFO -com.ctaf.accelerators.TestEngine:Starting browser : chrome
2017-11-13 16:42:49-main--INFO -com.ctaf.accelerators.TestEngine:Current Test : TC_Web_Home_109
2017-11-13 16:42:49-main--INFO -com.ctaf.accelerators.TestEngine:in SelectCountry()
2017-11-13 16:42:49-main--INFO -com.ctaf.accelerators.TestEngine:in SelectCity()
2017-11-13 16:42:49-main--INFO -com.ctaf.accelerators.TestEngine:in ClickSearch()
2017-11-13 16:42:50-main--INFO -com.ctaf.accelerators.TestEngine:Successfully clicked on Search Button
2017-11-13 16:42:50-main--INFO -com.ctaf.accelerators.TestEngine:in ClickBookNow_DirectSearchFlow()
2017-11-13 16:42:58-main--INFO -com.ctaf.accelerators.TestEngine:Successfully clicked on Book Now
2017-11-13 16:42:58-main--INFO -com.ctaf.accelerators.TestEngine:in SelectRooms()
2017-11-13 16:43:04-main--INFO -com.ctaf.accelerators.TestEngine:Successfully clicked on select no of rooms
2017-11-13 16:43:04-main--INFO -com.ctaf.accelerators.TestEngine:Successfully clicked on The number of 	DOUBLE ROOM	 is selected as 2
2017-11-13 16:43:04-main--INFO -com.ctaf.accelerators.TestEngine:Successfully clicked on select no of rooms
2017-11-13 16:43:05-main--INFO -com.ctaf.accelerators.TestEngine:Successfully clicked on The number of 	TWIN ROOM	 is selected as 1
2017-11-13 16:43:05-main--INFO -com.ctaf.accelerators.TestEngine:Successfully clicked on select no of rooms
2017-11-13 16:43:05-main--INFO -com.ctaf.accelerators.TestEngine:Successfully clicked on The number of 	ACCESSIBLE ROOM	 is selected as 1
2017-11-13 16:43:05-main--INFO -com.ctaf.accelerators.TestEngine:in Click_SelectYourRoom_ContinueButton()
2017-11-13 16:43:05-main--INFO -com.ctaf.accelerators.TestEngine:Successfully clicked on Click_SelectYourRoom_ContinueButton
2017-11-13 16:43:07-main--INFO -com.ctaf.accelerators.TestEngine:Type  jhkh in First name field
2017-11-13 16:43:07-main--INFO -com.ctaf.accelerators.TestEngine:Type  nadal in First name field
2017-11-13 16:43:07-main--INFO -com.ctaf.accelerators.TestEngine:in ProvideBirthday()
2017-11-13 16:43:07-main--INFO -com.ctaf.accelerators.TestEngine:in ProvideCountry()
2017-11-13 16:43:08-main--INFO -com.ctaf.accelerators.TestEngine:in ProvidePhone()
2017-11-13 16:43:08-main--INFO -com.ctaf.accelerators.TestEngine:Type  8.965325647E9 in phone
2017-11-13 16:43:08-main--INFO -com.ctaf.accelerators.TestEngine:in ProvideEmail()
2017-11-13 16:43:08-main--INFO -com.ctaf.accelerators.TestEngine:Type  loiuty@eer.com in email
2017-11-13 16:43:08-main--INFO -com.ctaf.accelerators.TestEngine:in ClickContinuePersonaDetails()
2017-11-13 16:43:10-main--INFO -com.ctaf.accelerators.TestEngine:Successfully clicked on PersonalDetailsPage_Continue
2017-11-13 16:43:10-main--INFO -com.ctaf.accelerators.TestEngine:in ClickPayAtHotel()
2017-11-13 16:43:11-main--INFO -com.ctaf.accelerators.TestEngine:in ClickConfirmAndPay()
2017-11-13 16:45:14-main--INFO -com.ctaf.accelerators.TestEngine: Able to get TscreenShot
2017-11-13 16:45:15-main--INFO -com.ctaf.accelerators.TestEngine: Able to get TscreenShot
2017-11-13 16:46:13-main--INFO -com.ctaf.accelerators.TestEngine:Starting browser : chrome
2017-11-13 16:46:49-main--INFO -com.ctaf.accelerators.TestEngine:Current Test : TC_Web_Home_109
2017-11-13 16:46:49-main--INFO -com.ctaf.accelerators.TestEngine:in SelectCountry()
2017-11-13 16:47:25-main--INFO -com.ctaf.accelerators.TestEngine:Starting browser : chrome
2017-11-13 16:47:38-main--INFO -com.ctaf.accelerators.TestEngine:Current Test : TC_Web_Home_109
2017-11-13 16:47:38-main--INFO -com.ctaf.accelerators.TestEngine:in SelectCountry()
2017-11-13 16:47:39-main--INFO -com.ctaf.accelerators.TestEngine:in SelectCity()
2017-11-13 16:47:39-main--INFO -com.ctaf.accelerators.TestEngine:in ClickSearch()
2017-11-13 16:47:39-main--INFO -com.ctaf.accelerators.TestEngine:Successfully clicked on Search Button
2017-11-13 16:47:39-main--INFO -com.ctaf.accelerators.TestEngine:in ClickBookNow_DirectSearchFlow()
2017-11-13 16:47:40-main--INFO -com.ctaf.accelerators.TestEngine:Successfully clicked on Book Now
2017-11-13 16:47:40-main--INFO -com.ctaf.accelerators.TestEngine:in SelectRooms()
2017-11-13 16:47:44-main--INFO -com.ctaf.accelerators.TestEngine:Successfully clicked on select no of rooms
2017-11-13 16:47:44-main--INFO -com.ctaf.accelerators.TestEngine:Successfully clicked on The number of 	DOUBLE ROOM	 is selected as 2
2017-11-13 16:47:44-main--INFO -com.ctaf.accelerators.TestEngine:Successfully clicked on select no of rooms
2017-11-13 16:47:44-main--INFO -com.ctaf.accelerators.TestEngine:Successfully clicked on The number of 	TWIN ROOM	 is selected as 1
2017-11-13 16:47:44-main--INFO -com.ctaf.accelerators.TestEngine:Successfully clicked on select no of rooms
2017-11-13 16:47:45-main--INFO -com.ctaf.accelerators.TestEngine:Successfully clicked on The number of 	ACCESSIBLE ROOM	 is selected as 1
2017-11-13 16:47:45-main--INFO -com.ctaf.accelerators.TestEngine:in Click_SelectYourRoom_ContinueButton()
2017-11-13 16:47:45-main--INFO -com.ctaf.accelerators.TestEngine:Successfully clicked on Click_SelectYourRoom_ContinueButton
2017-11-13 16:47:45-main--INFO -com.ctaf.accelerators.TestEngine:Type  thankappa in First name field
2017-11-13 16:47:45-main--INFO -com.ctaf.accelerators.TestEngine:Type  nadal in First name field
2017-11-13 16:47:45-main--INFO -com.ctaf.accelerators.TestEngine:in ProvideBirthday()
2017-11-13 16:47:46-main--INFO -com.ctaf.accelerators.TestEngine:in ProvideCountry()
2017-11-13 16:47:46-main--INFO -com.ctaf.accelerators.TestEngine:in ProvidePhone()
2017-11-13 16:47:46-main--INFO -com.ctaf.accelerators.TestEngine:Type  8.653214784E9 in phone
2017-11-13 16:47:46-main--INFO -com.ctaf.accelerators.TestEngine:in ProvideEmail()
2017-11-13 16:47:47-main--INFO -com.ctaf.accelerators.TestEngine:Type  sssgs@pl.com in email
2017-11-13 16:47:47-main--INFO -com.ctaf.accelerators.TestEngine:in ClickContinuePersonaDetails()
2017-11-13 16:47:49-main--INFO -com.ctaf.accelerators.TestEngine:Successfully clicked on PersonalDetailsPage_Continue
2017-11-13 16:47:49-main--INFO -com.ctaf.accelerators.TestEngine:in ClickPayAtHotel()
2017-11-13 16:47:49-main--INFO -com.ctaf.accelerators.TestEngine:in ClickConfirmAndPay()
2017-11-13 16:47:57-main--INFO -com.ctaf.accelerators.TestEngine:Confirmation page heading 	PACK YOUR BAGS is displaying
2017-11-13 16:47:57-main--INFO -com.ctaf.accelerators.TestEngine:in VerifyConfirmationScreen()
2017-11-13 16:47:57-main--INFO -com.ctaf.accelerators.TestEngine:Confirmation screen heading	YOUR HOTEL HAS BEEN BOOKED! is displaying
2017-11-13 16:47:57-main--INFO -com.ctaf.accelerators.TestEngine:Email Confirmation message	We've emailed you your booking confirmation. is displaying
2017-11-13 16:47:57-main--INFO -com.ctaf.accelerators.TestEngine:Confirmation page check in date	TUE, 14 NOV 2017 is displaying
2017-11-13 16:47:57-main--INFO -com.ctaf.accelerators.TestEngine:Confirmation page check out date	WED, 15 NOV 2017 is displaying
2017-11-13 16:47:57-main--INFO -com.ctaf.accelerators.TestEngine: Hotel details in confirmation page	7 Sukhumvit Soi 14
Klongtoey, Bangkok 10110
Thailand
+66 2 653 2013
frontdesk.asoke@redplanethotels.com is displaying
2017-11-13 16:49:58-main--INFO -com.ctaf.accelerators.TestEngine: Able to get TscreenShot
2017-11-13 16:49:58-main--INFO -com.ctaf.accelerators.TestEngine: Able to get TscreenShot
2017-11-13 16:51:04-main--INFO -com.ctaf.accelerators.TestEngine:Starting browser : chrome
2017-11-13 16:51:37-main--INFO -com.ctaf.accelerators.TestEngine:Current Test : TC_Web_Home_109
2017-11-13 16:51:37-main--INFO -com.ctaf.accelerators.TestEngine:in SelectCountry()
2017-11-13 16:52:45-main--INFO -com.ctaf.accelerators.TestEngine: Able to get TscreenShot
2017-11-13 16:56:00-main--INFO -com.ctaf.accelerators.TestEngine:Starting browser : chrome
2017-11-13 16:57:04-main--INFO -com.ctaf.accelerators.TestEngine:Current Test : TC_Web_Home_109
2017-11-13 16:57:04-main--INFO -com.ctaf.accelerators.TestEngine:in SelectCountry()
2017-11-13 16:58:05-main--INFO -com.ctaf.accelerators.TestEngine:Starting browser : chrome
2017-11-13 16:58:38-main--INFO -com.ctaf.accelerators.TestEngine:Current Test : TC_Web_Home_109
2017-11-13 16:58:38-main--INFO -com.ctaf.accelerators.TestEngine:in SelectCountry()
2017-11-13 17:00:32-main--INFO -com.ctaf.accelerators.TestEngine: Able to get TscreenShot
2017-11-13 17:15:50-main--INFO -com.ctaf.accelerators.TestEngine:Starting browser : chrome
2017-11-13 17:16:05-main--INFO -com.ctaf.accelerators.TestEngine:Current Test : TC_Web_Home_110
2017-11-13 17:16:05-main--INFO -com.ctaf.accelerators.TestEngine:in SelectCountry()
2017-11-13 17:16:06-main--INFO -com.ctaf.accelerators.TestEngine:in SelectCity()
2017-11-13 17:16:06-main--INFO -com.ctaf.accelerators.TestEngine:in ClickSearch()
2017-11-13 17:16:06-main--INFO -com.ctaf.accelerators.TestEngine:Successfully clicked on Search Button
2017-11-13 17:16:12-main--INFO -com.ctaf.accelerators.TestEngine:in SelectCheckInDateDirectFlow()
2017-11-13 17:24:48-main--INFO -com.ctaf.accelerators.TestEngine:Starting browser : Firefox
2017-11-13 17:29:03-main--INFO -com.ctaf.accelerators.TestEngine:Starting browser : firefox
2017-11-13 17:32:19-main--INFO -com.ctaf.accelerators.TestEngine:Starting browser : Firefox
2017-11-13 17:34:27-main--INFO -com.ctaf.accelerators.TestEngine:Starting browser : firefox
2017-11-13 17:35:22-main--INFO -com.ctaf.accelerators.TestEngine:Starting browser : firefox
2017-11-13 17:39:22-main--INFO -com.ctaf.accelerators.TestEngine:Starting browser : ie
2017-11-13 17:39:58-main--INFO -com.ctaf.accelerators.TestEngine:Current Test : TC_Web_012
2017-11-13 17:39:58-main--INFO -com.ctaf.accelerators.TestEngine:in verifyCheckInCheckOut()
2017-11-13 17:44:24-main--INFO -com.ctaf.accelerators.TestEngine:Starting browser : ie
2017-11-13 17:44:34-main--INFO -com.ctaf.accelerators.TestEngine:Current Test : TC_Web_001
2017-11-13 17:44:34-main--INFO -com.ctaf.accelerators.TestEngine:in verifyHomePage
2017-11-13 17:50:34-main--INFO -com.ctaf.accelerators.TestEngine:Starting browser : ie
2017-11-13 17:50:54-main--INFO -com.ctaf.accelerators.TestEngine:Current Test : TC_Web_001
2017-11-13 17:50:54-main--INFO -com.ctaf.accelerators.TestEngine:in verifyHomePage
2017-11-13 17:52:23-main--INFO -com.ctaf.accelerators.TestEngine:Starting browser : ie
2017-11-13 17:52:58-main--INFO -com.ctaf.accelerators.TestEngine:Current Test : TC_Web_001
2017-11-13 17:53:45-main--INFO -com.ctaf.accelerators.TestEngine:Starting browser : ie
2017-11-13 17:54:21-main--INFO -com.ctaf.accelerators.TestEngine:Current Test : TC_Web_001
2017-11-13 17:54:30-main--INFO -com.ctaf.accelerators.TestEngine:in verifyHomePage
2017-11-13 18:00:06-main--INFO -com.ctaf.accelerators.TestEngine:Starting browser : ie
2017-11-13 18:00:50-main--INFO -com.ctaf.accelerators.TestEngine:Starting browser : ie
2017-11-13 18:10:32-main--INFO -com.ctaf.accelerators.TestEngine:Starting browser : firefox
2017-11-13 18:12:12-main--INFO -com.ctaf.accelerators.TestEngine:Starting browser : firefox
2017-11-13 18:13:30-main--INFO -com.ctaf.accelerators.TestEngine:Starting browser : firefox
2017-11-13 18:18:56-main--INFO -com.ctaf.accelerators.TestEngine:Starting browser : firefox
2017-11-13 18:20:34-main--INFO -com.ctaf.accelerators.TestEngine:Starting browser : firefox
2017-11-13 18:21:49-main--INFO -com.ctaf.accelerators.TestEngine:Starting browser : Firefox
2017-11-13 18:33:15-main--INFO -com.ctaf.accelerators.TestEngine:Starting browser : chrome
2017-11-13 18:35:19-main--INFO -com.ctaf.accelerators.TestEngine:Starting browser : chrome
2017-11-13 18:38:26-main--INFO -com.ctaf.accelerators.TestEngine:Starting browser : chrome
2017-11-13 18:42:17-main--INFO -com.ctaf.accelerators.TestEngine:Starting browser : chrome
2017-11-13 18:42:41-main--INFO -com.ctaf.accelerators.TestEngine:Starting browser : Chrome
2017-11-13 18:43:50-main--INFO -com.ctaf.accelerators.TestEngine:Starting browser : Chrome
2017-11-13 18:44:53-main--INFO -com.ctaf.accelerators.TestEngine:Current Test : TC_Web_009
2017-11-13 18:44:53-main--INFO -com.ctaf.accelerators.TestEngine:in VerifyRoomDropDown()
2017-11-13 18:45:04-main--INFO -com.ctaf.accelerators.TestEngine:Starting browser : Chrome
2017-11-13 18:45:32-main--INFO -com.ctaf.accelerators.TestEngine:Current Test : TC_Web_004
2017-11-13 18:45:32-main--INFO -com.ctaf.accelerators.TestEngine:in verifyCountrydropdown()
2017-11-13 18:45:51-main--INFO -com.ctaf.accelerators.TestEngine:Starting browser : Chrome
2017-11-13 18:46:31-main--INFO -com.ctaf.accelerators.TestEngine:Current Test : TC_Web_001
2017-11-13 18:46:31-main--INFO -com.ctaf.accelerators.TestEngine:in verifyHomePage
2017-11-13 18:46:31-main--INFO -com.ctaf.accelerators.TestEngine:RedPlanet Icon is displaying
2017-11-13 18:46:31-main--INFO -com.ctaf.accelerators.TestEngine:Search section In HomePage is displaying
2017-11-13 18:46:31-main--INFO -com.ctaf.accelerators.TestEngine:Benifit Section in Home Page is displaying
2017-11-13 18:46:31-main--INFO -com.ctaf.accelerators.TestEngine:Why to stay with us section in Home Page is displaying
2017-11-13 18:46:31-main--INFO -com.ctaf.accelerators.TestEngine:Our Guests Say is displaying
2017-11-13 18:46:31-main--INFO -com.ctaf.accelerators.TestEngine:Rememembered section is displaying
2017-11-13 18:46:31-main--INFO -com.ctaf.accelerators.TestEngine:In stay mode section is displaying
2017-11-13 18:46:31-main--INFO -com.ctaf.accelerators.TestEngine:Footer section is displaying
