2017-12-18 12:08:48-main--INFO -com.ctaf.accelerators.TestEngine:Starting browser : chrome
2017-12-18 12:08:57-main--INFO -com.ctaf.accelerators.TestEngine:Current Test : TC_019_VerifyAimsUploaderBySelectingIVRSMSOption
2017-12-18 12:08:57-main--INFO -com.ctaf.accelerators.TestEngine:in Indigo_Login()
2017-12-18 12:08:57-main--INFO -com.ctaf.accelerators.TestEngine:Type  seema.rani in username
2017-12-18 12:08:57-main--INFO -com.ctaf.accelerators.TestEngine:Type  Test@123 in password
2017-12-18 12:09:00-main--INFO -com.ctaf.accelerators.TestEngine:Successfully clicked on Log In
2017-12-18 12:09:00-main--INFO -com.ctaf.accelerators.TestEngine:in ClickMenuOptions()
2017-12-18 12:09:00-main--INFO -com.ctaf.accelerators.TestEngine:Successfully clicked on Menu Options
2017-12-18 12:09:00-main--INFO -com.ctaf.accelerators.TestEngine:in ClickMainMenu()
2017-12-18 12:09:00-main--INFO -com.ctaf.accelerators.TestEngine:Successfully clicked on Main Menu 	OCC
2017-12-18 12:09:00-main--INFO -com.ctaf.accelerators.TestEngine:in ClickSubMenu()
2017-12-18 12:09:06-main--INFO -com.ctaf.accelerators.TestEngine:Successfully clicked on Sub Menu 	AIMS Uploader
2017-12-18 12:09:06-main--INFO -com.ctaf.accelerators.TestEngine:in AU_SelectFirstFlight()
2017-12-18 12:09:06-main--INFO -com.ctaf.accelerators.TestEngine:in AU_GetFlightDetails()
2017-12-18 12:09:08-main--INFO -com.ctaf.accelerators.TestEngine:in SelectReason()
2017-12-18 12:09:09-main--INFO -com.ctaf.accelerators.TestEngine:Successfully clicked on Delay Reason
2017-12-18 12:09:10-main--INFO -com.ctaf.accelerators.TestEngine:Successfully clicked on Select Reason
2017-12-18 12:09:10-main--INFO -com.ctaf.accelerators.TestEngine:in ClickSendButton()
2017-12-18 12:09:10-main--INFO -com.ctaf.accelerators.TestEngine:Successfully clicked on Send Button
2017-12-18 12:09:10-main--INFO -com.ctaf.accelerators.TestEngine:in VerifyConfirmation()
2017-12-18 12:09:31-main--INFO -com.ctaf.accelerators.TestEngine:Current Test : TC_030_VerfyPaxSMSIVRManualWithSMSIVR
2017-12-18 12:09:31-main--INFO -com.ctaf.accelerators.TestEngine:in Indigo_Login()
2017-12-18 12:09:31-main--INFO -com.ctaf.accelerators.TestEngine:Type  seema.rani in username
2017-12-18 12:09:31-main--INFO -com.ctaf.accelerators.TestEngine:Type  Test@123 in password
2017-12-18 12:09:33-main--INFO -com.ctaf.accelerators.TestEngine:Successfully clicked on Log In
2017-12-18 12:09:33-main--INFO -com.ctaf.accelerators.TestEngine:in ClickMenuOptions()
2017-12-18 12:09:33-main--INFO -com.ctaf.accelerators.TestEngine:Successfully clicked on Menu Options
2017-12-18 12:09:33-main--INFO -com.ctaf.accelerators.TestEngine:in ClickMainMenu()
2017-12-18 12:09:34-main--INFO -com.ctaf.accelerators.TestEngine:Successfully clicked on Main Menu 	OCC
2017-12-18 12:09:34-main--INFO -com.ctaf.accelerators.TestEngine:in ClickSubMenu()
2017-12-18 12:09:37-main--INFO -com.ctaf.accelerators.TestEngine:Successfully clicked on Sub Menu 	Pax SMS/IVR Manual
2017-12-18 12:09:37-main--INFO -com.ctaf.accelerators.TestEngine:in SelectFromDate()
2017-12-18 12:09:48-main--INFO -com.ctaf.accelerators.TestEngine:Starting browser : chrome
2017-12-18 12:09:56-main--INFO -com.ctaf.accelerators.TestEngine:Current Test : TC_019_VerifyAimsUploaderBySelectingIVRSMSOption
2017-12-18 12:09:56-main--INFO -com.ctaf.accelerators.TestEngine:in Indigo_Login()
2017-12-18 12:09:57-main--INFO -com.ctaf.accelerators.TestEngine:Type  seema.rani in username
2017-12-18 12:09:57-main--INFO -com.ctaf.accelerators.TestEngine:Type  Test@123 in password
2017-12-18 12:10:00-main--INFO -com.ctaf.accelerators.TestEngine:Successfully clicked on Log In
2017-12-18 12:10:00-main--INFO -com.ctaf.accelerators.TestEngine:in ClickMenuOptions()
2017-12-18 12:10:00-main--INFO -com.ctaf.accelerators.TestEngine:Successfully clicked on Menu Options
2017-12-18 12:10:00-main--INFO -com.ctaf.accelerators.TestEngine:in ClickMainMenu()
2017-12-18 12:10:01-main--INFO -com.ctaf.accelerators.TestEngine:Successfully clicked on Main Menu 	OCC
2017-12-18 12:10:01-main--INFO -com.ctaf.accelerators.TestEngine:in ClickSubMenu()
2017-12-18 12:10:05-main--INFO -com.ctaf.accelerators.TestEngine:Successfully clicked on Sub Menu 	AIMS Uploader
2017-12-18 12:10:05-main--INFO -com.ctaf.accelerators.TestEngine:in AU_SelectFirstFlight()
2017-12-18 12:10:05-main--INFO -com.ctaf.accelerators.TestEngine:in AU_GetFlightDetails()
2017-12-18 12:10:07-main--INFO -com.ctaf.accelerators.TestEngine:in SelectReason()
2017-12-18 12:10:07-main--INFO -com.ctaf.accelerators.TestEngine:Successfully clicked on Delay Reason
2017-12-18 12:10:08-main--INFO -com.ctaf.accelerators.TestEngine:Successfully clicked on Select Reason
2017-12-18 12:10:08-main--INFO -com.ctaf.accelerators.TestEngine:in ClickSendButton()
2017-12-18 12:10:08-main--INFO -com.ctaf.accelerators.TestEngine:Successfully clicked on Send Button
2017-12-18 12:10:08-main--INFO -com.ctaf.accelerators.TestEngine:in VerifyConfirmation()
2017-12-18 12:10:25-main--INFO -com.ctaf.accelerators.TestEngine:Current Test : TC_030_VerfyPaxSMSIVRManualWithSMSIVR
2017-12-18 12:10:25-main--INFO -com.ctaf.accelerators.TestEngine:in Indigo_Login()
2017-12-18 12:10:26-main--INFO -com.ctaf.accelerators.TestEngine:Type  seema.rani in username
2017-12-18 12:10:26-main--INFO -com.ctaf.accelerators.TestEngine:Type  Test@123 in password
2017-12-18 12:10:29-main--INFO -com.ctaf.accelerators.TestEngine:Successfully clicked on Log In
2017-12-18 12:10:29-main--INFO -com.ctaf.accelerators.TestEngine:in ClickMenuOptions()
2017-12-18 12:10:29-main--INFO -com.ctaf.accelerators.TestEngine:Successfully clicked on Menu Options
2017-12-18 12:10:29-main--INFO -com.ctaf.accelerators.TestEngine:in ClickMainMenu()
2017-12-18 12:10:29-main--INFO -com.ctaf.accelerators.TestEngine:Successfully clicked on Main Menu 	OCC
2017-12-18 12:10:29-main--INFO -com.ctaf.accelerators.TestEngine:in ClickSubMenu()
2017-12-18 12:10:32-main--INFO -com.ctaf.accelerators.TestEngine:Successfully clicked on Sub Menu 	Pax SMS/IVR Manual
2017-12-18 12:10:32-main--INFO -com.ctaf.accelerators.TestEngine:in SelectFromDate()
2017-12-18 12:10:34-main--INFO -com.ctaf.accelerators.TestEngine:in SelectToDate()
2017-12-18 12:10:36-main--INFO -com.ctaf.accelerators.TestEngine:in PAX_Origin()
2017-12-18 12:10:38-main--INFO -com.ctaf.accelerators.TestEngine:Successfully clicked on Origin
2017-12-18 12:10:39-main--INFO -com.ctaf.accelerators.TestEngine:Successfully clicked on Origin Place 	BKK
2017-12-18 12:10:39-main--INFO -com.ctaf.accelerators.TestEngine:in PAX_SelectFlightNo()
2017-12-18 12:10:41-main--INFO -com.ctaf.accelerators.TestEngine:Successfully clicked on Origin
2017-12-18 12:10:42-main--INFO -com.ctaf.accelerators.TestEngine:Successfully clicked on Select Flight no 	
2017-12-18 12:10:42-main--INFO -com.ctaf.accelerators.TestEngine:in ClickGenerate()
2017-12-18 12:10:45-main--INFO -com.ctaf.accelerators.TestEngine:Successfully clicked on Generate Button
2017-12-18 12:10:45-main--INFO -com.ctaf.accelerators.TestEngine:in AU_SelectFirstFlight()
2017-12-18 12:10:48-main--INFO -com.ctaf.accelerators.TestEngine:in getFlightInfo()
2017-12-18 12:10:48-main--INFO -com.ctaf.accelerators.TestEngine:in GetTailNo()
2017-12-18 12:10:48-main--INFO -com.ctaf.accelerators.TestEngine:in getETD()
2017-12-18 12:10:48-main--INFO -com.ctaf.accelerators.TestEngine:in SelectReason()
2017-12-18 12:10:48-main--INFO -com.ctaf.accelerators.TestEngine:Successfully clicked on Delay Reason
2017-12-18 12:10:49-main--INFO -com.ctaf.accelerators.TestEngine:Successfully clicked on Select Reason
2017-12-18 12:10:49-main--INFO -com.ctaf.accelerators.TestEngine:in SelectAffectedStation()
2017-12-18 12:10:51-main--INFO -com.ctaf.accelerators.TestEngine:in ClickSendButton()
2017-12-18 12:10:51-main--INFO -com.ctaf.accelerators.TestEngine:Successfully clicked on Send Button
2017-12-18 12:10:51-main--INFO -com.ctaf.accelerators.TestEngine:in VerifyConfirmation()
2017-12-18 12:11:10-main--INFO -com.ctaf.accelerators.TestEngine:Current Test : TC_014_VerifyPasengerAdhocMessagBySelectingSMSOption
2017-12-18 12:11:10-main--INFO -com.ctaf.accelerators.TestEngine:in Indigo_Login()
2017-12-18 12:11:10-main--INFO -com.ctaf.accelerators.TestEngine:Type  seema.rani in username
2017-12-18 12:11:10-main--INFO -com.ctaf.accelerators.TestEngine:Type  Test@123 in password
2017-12-18 12:11:17-main--INFO -com.ctaf.accelerators.TestEngine:Successfully clicked on Log In
2017-12-18 12:11:17-main--INFO -com.ctaf.accelerators.TestEngine:in ClickMenuOptions()
2017-12-18 12:11:17-main--INFO -com.ctaf.accelerators.TestEngine:Successfully clicked on Menu Options
2017-12-18 12:11:17-main--INFO -com.ctaf.accelerators.TestEngine:in ClickMainMenu()
2017-12-18 12:11:18-main--INFO -com.ctaf.accelerators.TestEngine:Successfully clicked on Main Menu 	OCC
2017-12-18 12:11:18-main--INFO -com.ctaf.accelerators.TestEngine:in ClickSubMenu()
2017-12-18 12:11:23-main--INFO -com.ctaf.accelerators.TestEngine:Successfully clicked on Sub Menu 	Passenger ADHOC
2017-12-18 12:11:23-main--INFO -com.ctaf.accelerators.TestEngine:in SelectFromDate()
2017-12-18 12:11:25-main--INFO -com.ctaf.accelerators.TestEngine:in SelectToDate()
2017-12-18 12:11:26-main--INFO -com.ctaf.accelerators.TestEngine:in PAD_SelectFlightType()
2017-12-18 12:11:28-main--INFO -com.ctaf.accelerators.TestEngine:Successfully clicked on Flight Type
2017-12-18 12:11:30-main--INFO -com.ctaf.accelerators.TestEngine:Successfully clicked on Select Flight type 	
2017-12-18 12:11:30-main--INFO -com.ctaf.accelerators.TestEngine:in Select Leg Type()
2017-12-18 12:11:33-main--INFO -com.ctaf.accelerators.TestEngine:Successfully clicked on Leg Type
2017-12-18 12:11:34-main--INFO -com.ctaf.accelerators.TestEngine:Successfully clicked on Select Leg Type 	
2017-12-18 12:11:34-main--INFO -com.ctaf.accelerators.TestEngine:in PAD_SelectOrigin()
2017-12-18 12:11:37-main--INFO -com.ctaf.accelerators.TestEngine:Successfully clicked on Origin
2017-12-18 12:14:13-main--INFO -com.ctaf.accelerators.TestEngine:Starting browser : chrome
2017-12-18 12:14:58-main--INFO -com.ctaf.accelerators.TestEngine:Current Test : TC_019_VerifyAimsUploaderBySelectingIVRSMSOption
2017-12-18 12:14:59-main--INFO -com.ctaf.accelerators.TestEngine:in Indigo_Login()
2017-12-18 12:15:02-main--INFO -com.ctaf.accelerators.TestEngine:Type  seema.rani in username
2017-12-18 12:15:02-main--INFO -com.ctaf.accelerators.TestEngine:Type  Test@123 in password
2017-12-18 12:15:11-main--INFO -com.ctaf.accelerators.TestEngine:Successfully clicked on Log In
2017-12-18 12:15:11-main--INFO -com.ctaf.accelerators.TestEngine:in ClickMenuOptions()
2017-12-18 12:15:11-main--INFO -com.ctaf.accelerators.TestEngine:Successfully clicked on Menu Options
2017-12-18 12:15:11-main--INFO -com.ctaf.accelerators.TestEngine:in ClickMainMenu()
2017-12-18 12:15:12-main--INFO -com.ctaf.accelerators.TestEngine:Successfully clicked on Main Menu 	OCC
2017-12-18 12:15:12-main--INFO -com.ctaf.accelerators.TestEngine:in ClickSubMenu()
2017-12-18 12:15:19-main--INFO -com.ctaf.accelerators.TestEngine:Successfully clicked on Sub Menu 	AIMS Uploader
2017-12-18 12:15:19-main--INFO -com.ctaf.accelerators.TestEngine:in AU_SelectFirstFlight()
2017-12-18 12:15:20-main--INFO -com.ctaf.accelerators.TestEngine:in AU_GetFlightDetails()
2017-12-18 12:15:21-main--INFO -com.ctaf.accelerators.TestEngine:in SelectReason()
2017-12-18 12:15:22-main--INFO -com.ctaf.accelerators.TestEngine:Successfully clicked on Delay Reason
2017-12-18 12:15:23-main--INFO -com.ctaf.accelerators.TestEngine:Successfully clicked on Select Reason
2017-12-18 12:15:23-main--INFO -com.ctaf.accelerators.TestEngine:in ClickSendButton()
2017-12-18 12:15:23-main--INFO -com.ctaf.accelerators.TestEngine:Successfully clicked on Send Button
2017-12-18 12:15:23-main--INFO -com.ctaf.accelerators.TestEngine:in VerifyConfirmation()
2017-12-18 12:15:52-main--INFO -com.ctaf.accelerators.TestEngine:Current Test : TC_030_VerfyPaxSMSIVRManualWithSMSIVR
2017-12-18 12:15:52-main--INFO -com.ctaf.accelerators.TestEngine:in Indigo_Login()
2017-12-18 12:15:52-main--INFO -com.ctaf.accelerators.TestEngine:Type  seema.rani in username
2017-12-18 12:15:52-main--INFO -com.ctaf.accelerators.TestEngine:Type  Test@123 in password
2017-12-18 12:15:57-main--INFO -com.ctaf.accelerators.TestEngine:Successfully clicked on Log In
2017-12-18 12:15:57-main--INFO -com.ctaf.accelerators.TestEngine:in ClickMenuOptions()
2017-12-18 12:15:57-main--INFO -com.ctaf.accelerators.TestEngine:Successfully clicked on Menu Options
2017-12-18 12:15:57-main--INFO -com.ctaf.accelerators.TestEngine:in ClickMainMenu()
2017-12-18 12:15:58-main--INFO -com.ctaf.accelerators.TestEngine:Successfully clicked on Main Menu 	OCC
2017-12-18 12:15:58-main--INFO -com.ctaf.accelerators.TestEngine:in ClickSubMenu()
2017-12-18 12:16:02-main--INFO -com.ctaf.accelerators.TestEngine:Successfully clicked on Sub Menu 	Pax SMS/IVR Manual
2017-12-18 12:16:02-main--INFO -com.ctaf.accelerators.TestEngine:in SelectFromDate()
2017-12-18 12:16:04-main--INFO -com.ctaf.accelerators.TestEngine:in SelectToDate()
2017-12-18 12:16:06-main--INFO -com.ctaf.accelerators.TestEngine:in PAX_Origin()
2017-12-18 12:16:08-main--INFO -com.ctaf.accelerators.TestEngine:Successfully clicked on Origin
2017-12-18 12:16:09-main--INFO -com.ctaf.accelerators.TestEngine:Successfully clicked on Origin Place 	BKK
2017-12-18 12:16:09-main--INFO -com.ctaf.accelerators.TestEngine:in PAX_SelectFlightNo()
2017-12-18 12:16:11-main--INFO -com.ctaf.accelerators.TestEngine:Successfully clicked on Origin
2017-12-18 12:16:13-main--INFO -com.ctaf.accelerators.TestEngine:Successfully clicked on Select Flight no 	
2017-12-18 12:16:13-main--INFO -com.ctaf.accelerators.TestEngine:in ClickGenerate()
2017-12-18 12:16:16-main--INFO -com.ctaf.accelerators.TestEngine:Successfully clicked on Generate Button
2017-12-18 12:16:16-main--INFO -com.ctaf.accelerators.TestEngine:in AU_SelectFirstFlight()
2017-12-18 12:16:18-main--INFO -com.ctaf.accelerators.TestEngine:in getFlightInfo()
2017-12-18 12:16:18-main--INFO -com.ctaf.accelerators.TestEngine:in GetTailNo()
2017-12-18 12:16:18-main--INFO -com.ctaf.accelerators.TestEngine:in getETD()
2017-12-18 12:16:18-main--INFO -com.ctaf.accelerators.TestEngine:in SelectReason()
2017-12-18 12:16:19-main--INFO -com.ctaf.accelerators.TestEngine:Successfully clicked on Delay Reason
2017-12-18 12:16:20-main--INFO -com.ctaf.accelerators.TestEngine:Successfully clicked on Select Reason
2017-12-18 12:16:20-main--INFO -com.ctaf.accelerators.TestEngine:in SelectAffectedStation()
2017-12-18 12:16:21-main--INFO -com.ctaf.accelerators.TestEngine:in ClickSendButton()
2017-12-18 12:16:21-main--INFO -com.ctaf.accelerators.TestEngine:Successfully clicked on Send Button
2017-12-18 12:16:21-main--INFO -com.ctaf.accelerators.TestEngine:in VerifyConfirmation()
2017-12-18 12:16:49-main--INFO -com.ctaf.accelerators.TestEngine:Current Test : TC_014_VerifyPasengerAdhocMessagBySelectingSMSOption
2017-12-18 12:16:49-main--INFO -com.ctaf.accelerators.TestEngine:in Indigo_Login()
2017-12-18 12:16:49-main--INFO -com.ctaf.accelerators.TestEngine:Type  seema.rani in username
2017-12-18 12:16:50-main--INFO -com.ctaf.accelerators.TestEngine:Type  Test@123 in password
2017-12-18 12:16:52-main--INFO -com.ctaf.accelerators.TestEngine:Successfully clicked on Log In
2017-12-18 12:16:52-main--INFO -com.ctaf.accelerators.TestEngine:in ClickMenuOptions()
2017-12-18 12:16:52-main--INFO -com.ctaf.accelerators.TestEngine:Successfully clicked on Menu Options
2017-12-18 12:16:52-main--INFO -com.ctaf.accelerators.TestEngine:in ClickMainMenu()
2017-12-18 12:16:53-main--INFO -com.ctaf.accelerators.TestEngine:Successfully clicked on Main Menu 	OCC
2017-12-18 12:16:53-main--INFO -com.ctaf.accelerators.TestEngine:in ClickSubMenu()
2017-12-18 12:17:01-main--INFO -com.ctaf.accelerators.TestEngine:Successfully clicked on Sub Menu 	Passenger ADHOC
2017-12-18 12:17:01-main--INFO -com.ctaf.accelerators.TestEngine:in SelectFromDate()
2017-12-18 12:17:03-main--INFO -com.ctaf.accelerators.TestEngine:in SelectToDate()
2017-12-18 12:17:04-main--INFO -com.ctaf.accelerators.TestEngine:in PAD_SelectFlightType()
2017-12-18 12:17:07-main--INFO -com.ctaf.accelerators.TestEngine:Successfully clicked on Flight Type
2017-12-18 12:17:08-main--INFO -com.ctaf.accelerators.TestEngine:Successfully clicked on Select Flight type 	
2017-12-18 12:17:08-main--INFO -com.ctaf.accelerators.TestEngine:in Select Leg Type()
2017-12-18 12:17:11-main--INFO -com.ctaf.accelerators.TestEngine:Successfully clicked on Leg Type
2017-12-18 12:17:12-main--INFO -com.ctaf.accelerators.TestEngine:Successfully clicked on Select Leg Type 	
2017-12-18 12:17:12-main--INFO -com.ctaf.accelerators.TestEngine:in PAD_SelectOrigin()
2017-12-18 12:17:15-main--INFO -com.ctaf.accelerators.TestEngine:Successfully clicked on Origin
2017-12-18 12:17:15-main--INFO -com.ctaf.accelerators.TestEngine:Successfully clicked on Origin Place 	BOM
2017-12-18 12:17:15-main--INFO -com.ctaf.accelerators.TestEngine:in PAD_SelectDestination()
2017-12-18 12:17:18-main--INFO -com.ctaf.accelerators.TestEngine:Successfully clicked on Destination
2017-12-18 12:17:18-main--INFO -com.ctaf.accelerators.TestEngine:Successfully clicked on Destination Place 	DEL
2017-12-18 12:17:18-main--INFO -com.ctaf.accelerators.TestEngine:in SelectFlightNo()
2017-12-18 12:17:21-main--INFO -com.ctaf.accelerators.TestEngine:Successfully clicked on Flight no
2017-12-18 12:17:22-main--INFO -com.ctaf.accelerators.TestEngine:Successfully clicked on Flight no 	Select All
2017-12-18 12:17:22-main--INFO -com.ctaf.accelerators.TestEngine:in PAD_SMSTemplate()
2017-12-18 12:17:24-main--INFO -com.ctaf.accelerators.TestEngine:Successfully clicked on SMS Template
2017-12-18 12:17:24-main--INFO -com.ctaf.accelerators.TestEngine:Successfully clicked on Destination Place 	Passenger Adhoc Message Template 
2017-12-18 12:17:24-main--INFO -com.ctaf.accelerators.TestEngine:in ClickGenerate()
2017-12-18 12:17:26-main--INFO -com.ctaf.accelerators.TestEngine:Successfully clicked on Generate Button
2017-12-18 12:17:26-main--INFO -com.ctaf.accelerators.TestEngine:in AU_SelectFirstFlight()
2017-12-18 12:17:32-main--INFO -com.ctaf.accelerators.TestEngine:in SelectCommunicationOption()
2017-12-18 12:17:33-main--INFO -com.ctaf.accelerators.TestEngine:in AU_GetFlightDetails()
2017-12-18 12:17:34-main--INFO -com.ctaf.accelerators.TestEngine:in ClickSendButton()
2017-12-18 12:17:34-main--INFO -com.ctaf.accelerators.TestEngine:Successfully clicked on Send Button
2017-12-18 12:17:34-main--INFO -com.ctaf.accelerators.TestEngine:in VerifyConfirmation()
2017-12-18 12:17:54-main--INFO -com.ctaf.accelerators.TestEngine:Current Test : TC_016_VerifyCrewAdhocMessageBySelectingCrewNotificationTypeAsImportantNotification
2017-12-18 12:17:54-main--INFO -com.ctaf.accelerators.TestEngine:in Indigo_Login()
2017-12-18 12:17:54-main--INFO -com.ctaf.accelerators.TestEngine:Type  seema.rani in username
2017-12-18 12:17:54-main--INFO -com.ctaf.accelerators.TestEngine:Type  Test@123 in password
2017-12-18 12:17:56-main--INFO -com.ctaf.accelerators.TestEngine:Successfully clicked on Log In
2017-12-18 12:17:56-main--INFO -com.ctaf.accelerators.TestEngine:in ClickMenuOptions()
2017-12-18 12:17:56-main--INFO -com.ctaf.accelerators.TestEngine:Successfully clicked on Menu Options
2017-12-18 12:17:56-main--INFO -com.ctaf.accelerators.TestEngine:in ClickMainMenu()
2017-12-18 12:17:57-main--INFO -com.ctaf.accelerators.TestEngine:Successfully clicked on Main Menu 	OCC
2017-12-18 12:17:57-main--INFO -com.ctaf.accelerators.TestEngine:in ClickSubMenu()
2017-12-18 12:18:01-main--INFO -com.ctaf.accelerators.TestEngine:Successfully clicked on Sub Menu 	Crew Adhoc Message
2017-12-18 12:18:01-main--INFO -com.ctaf.accelerators.TestEngine:in CAM_SelectCrewNotificationType()
2017-12-18 12:18:01-main--INFO -com.ctaf.accelerators.TestEngine:Successfully clicked on Crew Notification Type
2017-12-18 12:18:01-main--INFO -com.ctaf.accelerators.TestEngine:in SelectFromDate()
2017-12-18 12:18:03-main--INFO -com.ctaf.accelerators.TestEngine:in SelectToDate()
2017-12-18 12:18:04-main--INFO -com.ctaf.accelerators.TestEngine:in CAM_SelectOrigin()
2017-12-18 12:18:06-main--INFO -com.ctaf.accelerators.TestEngine:Successfully clicked on Origin
2017-12-18 12:18:06-main--INFO -com.ctaf.accelerators.TestEngine:Successfully clicked on Origin Place 	AMD
2017-12-18 12:18:06-main--INFO -com.ctaf.accelerators.TestEngine:in CAM_SelectDestination()
2017-12-18 12:18:09-main--INFO -com.ctaf.accelerators.TestEngine:Successfully clicked on Destination
2017-12-18 12:18:09-main--INFO -com.ctaf.accelerators.TestEngine:in SelectFlightNo()
2017-12-18 12:18:12-main--INFO -com.ctaf.accelerators.TestEngine:Successfully clicked on Flight no
2017-12-18 12:18:13-main--INFO -com.ctaf.accelerators.TestEngine:Successfully clicked on Flight no 	Select All
2017-12-18 12:18:13-main--INFO -com.ctaf.accelerators.TestEngine:in CAM_Startime()
2017-12-18 12:18:15-main--INFO -com.ctaf.accelerators.TestEngine:Successfully clicked on Start Time
2017-12-18 12:18:15-main--INFO -com.ctaf.accelerators.TestEngine:in CAM_EndTime()
2017-12-18 12:18:17-main--INFO -com.ctaf.accelerators.TestEngine:Successfully clicked on End Time
2017-12-18 12:18:17-main--INFO -com.ctaf.accelerators.TestEngine:in CAM_SelectCrewType()
2017-12-18 12:18:19-main--INFO -com.ctaf.accelerators.TestEngine:Successfully clicked on Crew type
2017-12-18 12:18:21-main--INFO -com.ctaf.accelerators.TestEngine:in CAM_SelectDestination()
2017-12-18 12:18:23-main--INFO -com.ctaf.accelerators.TestEngine:Successfully clicked on Flight Staus
2017-12-18 12:18:23-main--INFO -com.ctaf.accelerators.TestEngine:in PAD_SMSTemplate()
2017-12-18 12:18:26-main--INFO -com.ctaf.accelerators.TestEngine:Successfully clicked on SMS Template
2017-12-18 12:18:26-main--INFO -com.ctaf.accelerators.TestEngine:Successfully clicked on Destination Place 	Welcome Crew Template
2017-12-18 12:18:26-main--INFO -com.ctaf.accelerators.TestEngine:in CAM_AddCCNo()
2017-12-18 12:18:28-main--INFO -com.ctaf.accelerators.TestEngine:Type  12345 in CC No
2017-12-18 12:18:28-main--INFO -com.ctaf.accelerators.TestEngine:in ClickGenerate()
2017-12-18 12:18:30-main--INFO -com.ctaf.accelerators.TestEngine:Successfully clicked on Generate Button
2017-12-18 12:18:30-main--INFO -com.ctaf.accelerators.TestEngine:in AU_SelectFirstFlight()
2017-12-18 12:18:31-main--INFO -com.ctaf.accelerators.TestEngine:in SelectCommunicationOption()
2017-12-18 12:18:32-main--INFO -com.ctaf.accelerators.TestEngine:in ClickSendButton()
2017-12-18 12:18:32-main--INFO -com.ctaf.accelerators.TestEngine:Successfully clicked on Send Button
2017-12-18 12:18:32-main--INFO -com.ctaf.accelerators.TestEngine:in VerifyConfirmation()
2017-12-18 12:19:02-main--INFO -com.ctaf.accelerators.TestEngine:Current Test : TC_020_VerifyManualFlightCancellationUsingIVRSMSOption
2017-12-18 12:19:02-main--INFO -com.ctaf.accelerators.TestEngine:in Indigo_Login()
2017-12-18 12:19:02-main--INFO -com.ctaf.accelerators.TestEngine:Type  seema.rani in username
2017-12-18 12:19:02-main--INFO -com.ctaf.accelerators.TestEngine:Type  Test@123 in password
2017-12-18 12:19:05-main--INFO -com.ctaf.accelerators.TestEngine:Successfully clicked on Log In
2017-12-18 12:19:05-main--INFO -com.ctaf.accelerators.TestEngine:in ClickMenuOptions()
2017-12-18 12:19:07-main--INFO -com.ctaf.accelerators.TestEngine:Successfully clicked on Menu Options
2017-12-18 12:19:07-main--INFO -com.ctaf.accelerators.TestEngine:in ClickMainMenu()
2017-12-18 12:19:08-main--INFO -com.ctaf.accelerators.TestEngine:Successfully clicked on Main Menu 	OCC
2017-12-18 12:19:08-main--INFO -com.ctaf.accelerators.TestEngine:in ClickSubMenu()
2017-12-18 12:19:11-main--INFO -com.ctaf.accelerators.TestEngine:Successfully clicked on Sub Menu 	Manual Flight Cancellation
2017-12-18 12:19:11-main--INFO -com.ctaf.accelerators.TestEngine:in SelectFromDate()
2017-12-18 12:19:13-main--INFO -com.ctaf.accelerators.TestEngine:in SelectToDate()
2017-12-18 12:19:15-main--INFO -com.ctaf.accelerators.TestEngine:in SelectOrigin()
2017-12-18 12:19:17-main--INFO -com.ctaf.accelerators.TestEngine:Successfully clicked on Origin
2017-12-18 12:19:19-main--INFO -com.ctaf.accelerators.TestEngine:Successfully clicked on Origin
2017-12-18 12:19:31-main--INFO -com.ctaf.accelerators.TestEngine:Current Test : TC_018_VerifySchedulePassengerMessageTable
2017-12-18 12:19:31-main--INFO -com.ctaf.accelerators.TestEngine:in Indigo_Login()
2017-12-18 12:19:31-main--INFO -com.ctaf.accelerators.TestEngine:Type  seema.rani in username
2017-12-18 12:19:31-main--INFO -com.ctaf.accelerators.TestEngine:Type  Test@123 in password
2017-12-18 12:19:34-main--INFO -com.ctaf.accelerators.TestEngine:Successfully clicked on Log In
2017-12-18 12:19:34-main--INFO -com.ctaf.accelerators.TestEngine:in ClickMenuOptions()
2017-12-18 12:19:34-main--INFO -com.ctaf.accelerators.TestEngine:Successfully clicked on Menu Options
2017-12-18 12:19:34-main--INFO -com.ctaf.accelerators.TestEngine:in ClickMainMenu()
2017-12-18 12:19:35-main--INFO -com.ctaf.accelerators.TestEngine:Successfully clicked on Main Menu 	OCC
2017-12-18 12:19:35-main--INFO -com.ctaf.accelerators.TestEngine:in ClickSubMenu()
2017-12-18 12:19:37-main--INFO -com.ctaf.accelerators.TestEngine:Successfully clicked on Sub Menu 	Scheduled Passenger
2017-12-18 12:19:37-main--INFO -com.ctaf.accelerators.TestEngine:in SPMM_ClickSearch()
2017-12-18 12:19:37-main--INFO -com.ctaf.accelerators.TestEngine:Type  BOM in Search parameter
2017-12-18 12:19:38-main--INFO -com.ctaf.accelerators.TestEngine:Successfully clicked on Search Button
2017-12-18 12:19:39-main--INFO -com.ctaf.accelerators.TestEngine:in VerifySchedulePassengerMessage()
