2017-10-30 12:23:21-main--INFO -com.ctaf.accelerators.TestEngine:Starting browser : chrome
2017-10-30 12:23:37-main--INFO -com.ctaf.accelerators.TestEngine:Current Test : TC_Web_001
2017-10-30 12:23:38-main--INFO -com.ctaf.accelerators.TestEngine:in verifyHomePage
2017-10-30 12:23:39-main--INFO -com.ctaf.accelerators.TestEngine:RedPlanet Icon is displaying
2017-10-30 12:23:42-main--INFO -com.ctaf.accelerators.TestEngine: Able to get TscreenShot
2017-10-30 12:24:36-main--INFO -com.ctaf.accelerators.TestEngine:Starting browser : chrome
2017-10-30 12:24:49-main--INFO -com.ctaf.accelerators.TestEngine:Current Test : TC_Web_001
2017-10-30 12:24:50-main--INFO -com.ctaf.accelerators.TestEngine:in verifyHomePage
2017-10-30 12:24:50-main--INFO -com.ctaf.accelerators.TestEngine:RedPlanet Icon is displaying
2017-10-30 12:24:50-main--INFO -com.ctaf.accelerators.TestEngine: Able to get TscreenShot
2017-10-30 12:26:41-main--INFO -com.ctaf.accelerators.TestEngine:Starting browser : chrome
2017-10-30 12:26:51-main--INFO -com.ctaf.accelerators.TestEngine:Current Test : TC_Web_001
2017-10-30 12:26:51-main--INFO -com.ctaf.accelerators.TestEngine:in verifyHomePage
2017-10-30 12:26:51-main--INFO -com.ctaf.accelerators.TestEngine:RedPlanet Icon is displaying
2017-10-30 12:26:52-main--INFO -com.ctaf.accelerators.TestEngine: Able to get TscreenShot
2017-10-30 12:28:41-main--INFO -com.ctaf.accelerators.TestEngine:Starting browser : chrome
2017-10-30 12:28:51-main--INFO -com.ctaf.accelerators.TestEngine:Current Test : TC_Web_001
2017-10-30 12:28:51-main--INFO -com.ctaf.accelerators.TestEngine:in verifyHomePage
2017-10-30 12:28:51-main--INFO -com.ctaf.accelerators.TestEngine:RedPlanet Icon is displaying
2017-10-30 12:28:52-main--INFO -com.ctaf.accelerators.TestEngine: Able to get TscreenShot
2017-10-30 12:29:46-main--INFO -com.ctaf.accelerators.TestEngine:Starting browser : chrome
2017-10-30 12:30:00-main--INFO -com.ctaf.accelerators.TestEngine:Current Test : TC_Web_001
2017-10-30 12:30:00-main--INFO -com.ctaf.accelerators.TestEngine:in verifyHomePage
2017-10-30 12:30:17-main--INFO -com.ctaf.accelerators.TestEngine:RedPlanet Icon is displaying
2017-10-30 12:30:21-main--INFO -com.ctaf.accelerators.TestEngine: Able to get TscreenShot
2017-10-30 12:32:09-main--INFO -com.ctaf.accelerators.TestEngine:Starting browser : chrome
2017-10-30 12:32:36-main--INFO -com.ctaf.accelerators.TestEngine:Current Test : TC_Web_001
2017-10-30 12:32:37-main--INFO -com.ctaf.accelerators.TestEngine:in verifyHomePage
2017-10-30 12:32:38-main--INFO -com.ctaf.accelerators.TestEngine:RedPlanet Icon is displaying
2017-10-30 12:32:41-main--INFO -com.ctaf.accelerators.TestEngine: Able to get TscreenShot
2017-10-30 12:33:51-main--INFO -com.ctaf.accelerators.TestEngine:Starting browser : chrome
2017-10-30 12:34:15-main--INFO -com.ctaf.accelerators.TestEngine:Current Test : TC_Web_001
2017-10-30 12:34:15-main--INFO -com.ctaf.accelerators.TestEngine:in verifyHomePage
2017-10-30 12:34:16-main--INFO -com.ctaf.accelerators.TestEngine:RedPlanet Icon is displaying
2017-10-30 12:34:16-main--INFO -com.ctaf.accelerators.TestEngine:Search section In HomePage is displaying
2017-10-30 12:34:16-main--INFO -com.ctaf.accelerators.TestEngine:Benifit Section in Home Page is displaying
2017-10-30 12:34:16-main--INFO -com.ctaf.accelerators.TestEngine:Why to stay with us section in Home Page is displaying
2017-10-30 12:34:16-main--INFO -com.ctaf.accelerators.TestEngine:Our Guests Say is displaying
2017-10-30 12:34:16-main--INFO -com.ctaf.accelerators.TestEngine:Rememembered section is displaying
2017-10-30 12:34:16-main--INFO -com.ctaf.accelerators.TestEngine:In stay mode section is displaying
2017-10-30 12:34:16-main--INFO -com.ctaf.accelerators.TestEngine:Footer section is displaying
2017-10-30 12:44:36-main--INFO -com.ctaf.accelerators.TestEngine:Starting browser : chrome
2017-10-30 12:44:49-main--INFO -com.ctaf.accelerators.TestEngine:Current Test : TC_Web_002
2017-10-30 12:44:49-main--INFO -com.ctaf.accelerators.TestEngine:in verifyMenuItems()
2017-10-30 12:44:49-main--INFO -com.ctaf.accelerators.TestEngine:Our Hotels Menu is displaying
2017-10-30 12:44:49-main--INFO -com.ctaf.accelerators.TestEngine:Promotions Menu is displaying
2017-10-30 12:44:49-main--INFO -com.ctaf.accelerators.TestEngine:Contact Us is displaying
2017-10-30 12:44:49-main--INFO -com.ctaf.accelerators.TestEngine:My Account Menu is displaying
2017-10-30 12:45:42-main--INFO -com.ctaf.accelerators.TestEngine:Starting browser : chrome
2017-10-30 12:45:58-main--INFO -com.ctaf.accelerators.TestEngine:Current Test : TC_Web_002
2017-10-30 12:45:58-main--INFO -com.ctaf.accelerators.TestEngine:in verifyMenuItems()
2017-10-30 12:45:58-main--INFO -com.ctaf.accelerators.TestEngine:Our Hotels Menu is displaying
2017-10-30 12:45:58-main--INFO -com.ctaf.accelerators.TestEngine:Promotions Menu is displaying
2017-10-30 12:45:58-main--INFO -com.ctaf.accelerators.TestEngine:Contact Us is displaying
2017-10-30 12:45:58-main--INFO -com.ctaf.accelerators.TestEngine:My Account Menu is displaying
2017-10-30 12:46:38-main--INFO -com.ctaf.accelerators.TestEngine:Starting browser : chrome
2017-10-30 12:46:46-main--INFO -com.ctaf.accelerators.TestEngine:Current Test : TC_Web_002
2017-10-30 12:46:46-main--INFO -com.ctaf.accelerators.TestEngine:in verifyMenuItems()
2017-10-30 12:46:47-main--INFO -com.ctaf.accelerators.TestEngine:Our Hotels Menu is displaying
2017-10-30 12:46:47-main--INFO -com.ctaf.accelerators.TestEngine:Promotions Menu is displaying
2017-10-30 12:46:47-main--INFO -com.ctaf.accelerators.TestEngine:Contact Us is displaying
2017-10-30 12:46:47-main--INFO -com.ctaf.accelerators.TestEngine:My Account Menu is displaying
2017-10-30 12:46:47-main--INFO -com.ctaf.accelerators.TestEngine:Sign In is displaying
2017-10-30 12:46:47-main--INFO -com.ctaf.accelerators.TestEngine:Language Menu is displaying
2017-10-30 12:47:58-main--INFO -com.ctaf.accelerators.TestEngine:Language Menu is displaying
2017-10-30 13:08:54-main--INFO -com.ctaf.accelerators.TestEngine:Starting browser : chrome
2017-10-30 13:09:09-main--INFO -com.ctaf.accelerators.TestEngine:Current Test : TC_Web_003
2017-10-30 13:09:09-main--INFO -com.ctaf.accelerators.TestEngine:in verifyMenuItems()
2017-10-30 13:09:11-main--INFO -com.ctaf.accelerators.TestEngine: Able to get TscreenShot
2017-10-30 13:10:44-main--INFO -com.ctaf.accelerators.TestEngine:Starting browser : chrome
2017-10-30 13:10:56-main--INFO -com.ctaf.accelerators.TestEngine:Current Test : TC_Web_003
2017-10-30 13:10:56-main--INFO -com.ctaf.accelerators.TestEngine:in verifyItemsInSearchSection()
2017-10-30 13:10:57-main--INFO -com.ctaf.accelerators.TestEngine:Country Dropdown is displaying
2017-10-30 13:10:57-main--INFO -com.ctaf.accelerators.TestEngine: Able to get TscreenShot
2017-10-30 13:12:49-main--INFO -com.ctaf.accelerators.TestEngine:Starting browser : chrome
2017-10-30 13:13:29-main--INFO -com.ctaf.accelerators.TestEngine:Starting browser : chrome
2017-10-30 13:13:46-main--INFO -com.ctaf.accelerators.TestEngine:Current Test : TC_Web_003
2017-10-30 13:13:46-main--INFO -com.ctaf.accelerators.TestEngine:in verifyItemsInSearchSection()
2017-10-30 13:13:46-main--INFO -com.ctaf.accelerators.TestEngine:Country Dropdown is displaying
2017-10-30 13:13:48-main--INFO -com.ctaf.accelerators.TestEngine: Able to get TscreenShot
2017-10-30 13:14:15-main--INFO -com.ctaf.accelerators.TestEngine:Starting browser : chrome
2017-10-30 13:14:24-main--INFO -com.ctaf.accelerators.TestEngine:Current Test : TC_Web_003
2017-10-30 13:14:24-main--INFO -com.ctaf.accelerators.TestEngine:in verifyItemsInSearchSection()
2017-10-30 13:14:24-main--INFO -com.ctaf.accelerators.TestEngine:Country Dropdown is displaying
2017-10-30 13:14:26-main--INFO -com.ctaf.accelerators.TestEngine: Able to get TscreenShot
2017-10-30 13:16:29-main--INFO -com.ctaf.accelerators.TestEngine:Starting browser : chrome
2017-10-30 13:18:04-main--INFO -com.ctaf.accelerators.TestEngine:Starting browser : chrome
2017-10-30 13:19:14-main--INFO -com.ctaf.accelerators.TestEngine:Current Test : TC_Web_003
2017-10-30 13:19:14-main--INFO -com.ctaf.accelerators.TestEngine:in verifyItemsInSearchSection()
2017-10-30 13:19:14-main--INFO -com.ctaf.accelerators.TestEngine:Country Dropdown is displaying
2017-10-30 13:19:15-main--INFO -com.ctaf.accelerators.TestEngine: Able to get TscreenShot
2017-10-30 13:19:45-main--INFO -com.ctaf.accelerators.TestEngine:Starting browser : chrome
2017-10-30 13:19:57-main--INFO -com.ctaf.accelerators.TestEngine:Current Test : TC_Web_003
2017-10-30 13:19:57-main--INFO -com.ctaf.accelerators.TestEngine:in verifyItemsInSearchSection()
2017-10-30 13:20:11-main--INFO -com.ctaf.accelerators.TestEngine:Country Dropdown is displaying
2017-10-30 13:21:48-main--INFO -com.ctaf.accelerators.TestEngine: Able to get TscreenShot
2017-10-30 13:24:16-main--INFO -com.ctaf.accelerators.TestEngine:Starting browser : chrome
2017-10-30 13:25:06-main--INFO -com.ctaf.accelerators.TestEngine:Starting browser : chrome
2017-10-30 13:25:46-main--INFO -com.ctaf.accelerators.TestEngine:Current Test : TC_Web_003
2017-10-30 13:25:46-main--INFO -com.ctaf.accelerators.TestEngine:in verifyItemsInSearchSection()
2017-10-30 13:25:53-main--INFO -com.ctaf.accelerators.TestEngine:Country Dropdown is displaying
2017-10-30 13:26:55-main--INFO -com.ctaf.accelerators.TestEngine: Able to get TscreenShot
2017-10-30 13:28:51-main--INFO -com.ctaf.accelerators.TestEngine:Starting browser : chrome
2017-10-30 13:29:07-main--INFO -com.ctaf.accelerators.TestEngine:Current Test : TC_Web_003
2017-10-30 13:29:07-main--INFO -com.ctaf.accelerators.TestEngine:in verifyItemsInSearchSection()
2017-10-30 13:29:07-main--INFO -com.ctaf.accelerators.TestEngine:Country Dropdown is displaying
2017-10-30 13:29:07-main--INFO -com.ctaf.accelerators.TestEngine:City is displaying
2017-10-30 13:29:07-main--INFO -com.ctaf.accelerators.TestEngine:Number of rooms is displaying
2017-10-30 13:29:07-main--INFO -com.ctaf.accelerators.TestEngine:Number of adults is displaying
2017-10-30 13:29:07-main--INFO -com.ctaf.accelerators.TestEngine:Number of children is displaying
2017-10-30 13:29:07-main--INFO -com.ctaf.accelerators.TestEngine:Search Button is displaying
2017-10-30 13:45:41-main--INFO -com.ctaf.accelerators.TestEngine:Starting browser : chrome
2017-10-30 13:46:32-main--INFO -com.ctaf.accelerators.TestEngine:Current Test : TC_Web_004
2017-10-30 13:46:32-main--INFO -com.ctaf.accelerators.TestEngine:in verifyCountrydropdown()
2017-10-30 13:46:34-main--INFO -com.ctaf.accelerators.TestEngine:Country Dropdown is displaying
2017-10-30 13:50:20-main--INFO -com.ctaf.accelerators.TestEngine:Starting browser : chrome
2017-10-30 13:51:29-main--INFO -com.ctaf.accelerators.TestEngine:Current Test : TC_Web_004
2017-10-30 13:51:30-main--INFO -com.ctaf.accelerators.TestEngine:in verifyCountrydropdown()
2017-10-30 13:51:33-main--INFO -com.ctaf.accelerators.TestEngine:Country Dropdown is displaying
2017-10-30 14:00:37-main--INFO -com.ctaf.accelerators.TestEngine:Starting browser : chrome
2017-10-30 14:01:17-main--INFO -com.ctaf.accelerators.TestEngine:Current Test : TC_Web_004
2017-10-30 14:01:17-main--INFO -com.ctaf.accelerators.TestEngine:in verifyCountrydropdown()
2017-10-30 14:01:18-main--INFO -com.ctaf.accelerators.TestEngine:Country Dropdown is displaying
2017-10-30 14:02:35-main--INFO -com.ctaf.accelerators.TestEngine:Starting browser : chrome
2017-10-30 14:02:58-main--INFO -com.ctaf.accelerators.TestEngine:Current Test : TC_Web_004
2017-10-30 14:02:59-main--INFO -com.ctaf.accelerators.TestEngine:in verifyCountrydropdown()
2017-10-30 14:03:00-main--INFO -com.ctaf.accelerators.TestEngine:Country Dropdown is displaying
2017-10-30 15:42:17-main--INFO -com.ctaf.accelerators.TestEngine:Starting browser : chrome
2017-10-30 15:43:12-main--INFO -com.ctaf.accelerators.TestEngine:Current Test : TC_Web_005
2017-10-30 15:43:12-main--INFO -com.ctaf.accelerators.TestEngine:in verifyCountrydropdown()
2017-10-30 15:43:13-main--INFO -com.ctaf.accelerators.TestEngine:Country Dropdown is displaying
2017-10-30 16:17:48-main--INFO -com.ctaf.accelerators.TestEngine:Starting browser : chrome
2017-10-30 16:18:26-main--INFO -com.ctaf.accelerators.TestEngine:Current Test : TC_Web_006
2017-10-30 16:18:32-main--INFO -com.ctaf.accelerators.TestEngine:in verifyTonight()
2017-10-30 16:18:39-main--INFO -com.ctaf.accelerators.TestEngine:Successfully click on tonight check box
2017-10-30 16:21:39-main--INFO -com.ctaf.accelerators.TestEngine:Starting browser : chrome
2017-10-30 16:23:24-main--INFO -com.ctaf.accelerators.TestEngine:Current Test : TC_Web_006
2017-10-30 16:23:43-main--INFO -com.ctaf.accelerators.TestEngine:Starting browser : chrome
2017-10-30 16:24:05-main--INFO -com.ctaf.accelerators.TestEngine:Current Test : TC_Web_006
2017-10-30 16:24:11-main--INFO -com.ctaf.accelerators.TestEngine:in verifyTonight()
2017-10-30 16:25:04-main--INFO -com.ctaf.accelerators.TestEngine:Starting browser : chrome
2017-10-30 16:26:29-main--INFO -com.ctaf.accelerators.TestEngine:Current Test : TC_Web_006
2017-10-30 16:32:41-main--INFO -com.ctaf.accelerators.TestEngine:Starting browser : chrome
2017-10-30 16:33:07-main--INFO -com.ctaf.accelerators.TestEngine:Current Test : TC_Web_006
2017-10-30 16:33:16-main--INFO -com.ctaf.accelerators.TestEngine:in verifyTonight()
2017-10-30 16:33:20-main--INFO -com.ctaf.accelerators.TestEngine:Successfully click on tonight check box
2017-10-30 16:37:44-main--INFO -com.ctaf.accelerators.TestEngine:Starting browser : chrome
2017-10-30 16:39:58-main--INFO -com.ctaf.accelerators.TestEngine:Starting browser : chrome
2017-10-30 16:40:28-main--INFO -com.ctaf.accelerators.TestEngine:Current Test : TC_Web_006
2017-10-30 16:42:28-main--INFO -com.ctaf.accelerators.TestEngine:Starting browser : chrome
2017-10-30 16:43:30-main--INFO -com.ctaf.accelerators.TestEngine:Current Test : TC_Web_006
2017-10-30 16:43:30-main--INFO -com.ctaf.accelerators.TestEngine:in verifyTonight()
2017-10-30 16:43:43-main--INFO -com.ctaf.accelerators.TestEngine:Starting browser : chrome
2017-10-30 16:44:06-main--INFO -com.ctaf.accelerators.TestEngine:in verifyTonight()
2017-10-30 16:44:56-main--INFO -com.ctaf.accelerators.TestEngine:Starting browser : chrome
2017-10-30 16:45:33-main--INFO -com.ctaf.accelerators.TestEngine:Current Test : TC_Web_006
2017-10-30 16:45:33-main--INFO -com.ctaf.accelerators.TestEngine:in verifyTonight()
2017-10-30 16:45:54-main--INFO -com.ctaf.accelerators.TestEngine:Starting browser : chrome
2017-10-30 16:46:22-main--INFO -com.ctaf.accelerators.TestEngine:Current Test : TC_Web_006
2017-10-30 16:46:22-main--INFO -com.ctaf.accelerators.TestEngine:in verifyTonight()
2017-10-30 16:46:29-main--INFO -com.ctaf.accelerators.TestEngine:Successfully click on tonight check box
2017-10-30 16:46:35-main--INFO -com.ctaf.accelerators.TestEngine: Able to get TscreenShot
2017-10-30 16:50:34-main--INFO -com.ctaf.accelerators.TestEngine:Starting browser : chrome
2017-10-30 16:50:51-main--INFO -com.ctaf.accelerators.TestEngine:Current Test : TC_Web_006
2017-10-30 16:50:51-main--INFO -com.ctaf.accelerators.TestEngine:in verifyTonight()
2017-10-30 16:51:03-main--INFO -com.ctaf.accelerators.TestEngine:Successfully click on tonight check box
2017-10-30 16:51:10-main--INFO -com.ctaf.accelerators.TestEngine: Able to get TscreenShot
2017-10-30 17:06:59-main--INFO -com.ctaf.accelerators.TestEngine:Starting browser : chrome
2017-10-30 17:08:04-main--INFO -com.ctaf.accelerators.TestEngine:Current Test : TC_Web_006
2017-10-30 17:08:04-main--INFO -com.ctaf.accelerators.TestEngine:in verifyTonight()
2017-10-30 17:08:14-main--INFO -com.ctaf.accelerators.TestEngine:Successfully click on tonight check box
2017-10-30 17:10:29-main--INFO -com.ctaf.accelerators.TestEngine:Starting browser : chrome
2017-10-30 17:11:07-main--INFO -com.ctaf.accelerators.TestEngine:Current Test : TC_Web_006
2017-10-30 17:11:07-main--INFO -com.ctaf.accelerators.TestEngine:in verifyTonight()
2017-10-30 17:11:13-main--INFO -com.ctaf.accelerators.TestEngine:in verifyTonight()
2017-10-30 17:11:51-main--INFO -com.ctaf.accelerators.TestEngine:Starting browser : chrome
2017-10-30 17:12:03-main--INFO -com.ctaf.accelerators.TestEngine:Current Test : TC_Web_006
2017-10-30 17:12:03-main--INFO -com.ctaf.accelerators.TestEngine:in verifyTonight()
2017-10-30 17:12:11-main--INFO -com.ctaf.accelerators.TestEngine:Successfully click on tonight check box
2017-10-30 17:14:22-main--INFO -com.ctaf.accelerators.TestEngine: Able to get TscreenShot
2017-10-30 17:14:51-main--INFO -com.ctaf.accelerators.TestEngine: Able to get TscreenShot
2017-10-30 17:20:55-main--INFO -com.ctaf.accelerators.TestEngine:Starting browser : chrome
2017-10-30 17:22:02-main--INFO -com.ctaf.accelerators.TestEngine:Current Test : TC_Web_006
2017-10-30 17:22:02-main--INFO -com.ctaf.accelerators.TestEngine:in verifyTonight()
2017-10-30 17:22:38-main--INFO -com.ctaf.accelerators.TestEngine:Starting browser : chrome
2017-10-30 17:22:48-main--INFO -com.ctaf.accelerators.TestEngine:Current Test : TC_Web_006
2017-10-30 17:22:48-main--INFO -com.ctaf.accelerators.TestEngine:in verifyTonight()
2017-10-30 17:22:55-main--INFO -com.ctaf.accelerators.TestEngine:Successfully click on tonight check box
2017-10-30 17:23:00-main--INFO -com.ctaf.accelerators.TestEngine: Able to get TscreenShot
2017-10-30 17:23:47-main--INFO -com.ctaf.accelerators.TestEngine:Starting browser : chrome
2017-10-30 17:23:59-main--INFO -com.ctaf.accelerators.TestEngine:Current Test : TC_Web_006
2017-10-30 17:23:59-main--INFO -com.ctaf.accelerators.TestEngine:in verifyTonight()
2017-10-30 17:24:12-main--INFO -com.ctaf.accelerators.TestEngine:in verifyTonight()
2017-10-30 17:24:29-main--INFO -com.ctaf.accelerators.TestEngine:Starting browser : chrome
2017-10-30 17:24:52-main--INFO -com.ctaf.accelerators.TestEngine:Current Test : TC_Web_006
2017-10-30 17:24:53-main--INFO -com.ctaf.accelerators.TestEngine:in verifyTonight()
2017-10-30 17:25:22-main--INFO -com.ctaf.accelerators.TestEngine:Successfully click on tonight check box
2017-10-30 17:26:21-main--INFO -com.ctaf.accelerators.TestEngine:Starting browser : chrome
2017-10-30 17:27:42-main--INFO -com.ctaf.accelerators.TestEngine:Current Test : TC_Web_006
2017-10-30 17:27:42-main--INFO -com.ctaf.accelerators.TestEngine:in verifyTonight()
2017-10-30 17:28:25-main--INFO -com.ctaf.accelerators.TestEngine:in verifyTonight()
2017-10-30 17:46:11-main--INFO -com.ctaf.accelerators.TestEngine:Starting browser : chrome
2017-10-30 17:46:21-main--INFO -com.ctaf.accelerators.TestEngine:Starting browser : chrome
2017-10-30 17:47:18-main--INFO -com.ctaf.accelerators.TestEngine:Starting browser : chrome
2017-10-30 17:47:47-main--INFO -com.ctaf.accelerators.TestEngine:Current Test : TC_Web_006
2017-10-30 17:47:47-main--INFO -com.ctaf.accelerators.TestEngine:in verifyTonight()
2017-10-30 17:48:32-main--INFO -com.ctaf.accelerators.TestEngine:Successfully click on tonight check box
2017-10-30 17:56:16-main--INFO -com.ctaf.accelerators.TestEngine:Starting browser : chrome
2017-10-30 17:56:52-main--INFO -com.ctaf.accelerators.TestEngine:Current Test : TC_Web_006
2017-10-30 17:56:52-main--INFO -com.ctaf.accelerators.TestEngine:in verifyTonight()
2017-10-30 17:56:59-main--INFO -com.ctaf.accelerators.TestEngine:Successfully click on tonight check box
2017-10-30 17:57:26-main--INFO -com.ctaf.accelerators.TestEngine: Able to get TscreenShot
2017-10-30 18:01:58-main--INFO -com.ctaf.accelerators.TestEngine:Starting browser : chrome
2017-10-30 18:02:38-main--INFO -com.ctaf.accelerators.TestEngine:Current Test : TC_Web_006
2017-10-30 18:02:38-main--INFO -com.ctaf.accelerators.TestEngine:in verifyTonight()
2017-10-30 18:03:22-main--INFO -com.ctaf.accelerators.TestEngine:Starting browser : chrome
2017-10-30 18:03:51-main--INFO -com.ctaf.accelerators.TestEngine:Current Test : TC_Web_006
2017-10-30 18:03:51-main--INFO -com.ctaf.accelerators.TestEngine:in verifyTonight()
2017-10-30 18:04:25-main--INFO -com.ctaf.accelerators.TestEngine:Successfully click on tonight check box
2017-10-30 18:05:48-main--INFO -com.ctaf.accelerators.TestEngine:Starting browser : chrome
2017-10-30 18:07:37-main--INFO -com.ctaf.accelerators.TestEngine:Starting browser : chrome
2017-10-30 18:08:48-main--INFO -com.ctaf.accelerators.TestEngine:Starting browser : chrome
2017-10-30 18:09:21-main--INFO -com.ctaf.accelerators.TestEngine:Current Test : TC_Web_006
2017-10-30 18:09:21-main--INFO -com.ctaf.accelerators.TestEngine:in verifyTonight()
2017-10-30 18:10:21-main--INFO -com.ctaf.accelerators.TestEngine:Successfully click on tonight check box
2017-10-30 18:21:29-main--INFO -com.ctaf.accelerators.TestEngine:Starting browser : chrome
2017-10-30 18:22:11-main--INFO -com.ctaf.accelerators.TestEngine:Current Test : TC_Web_006
2017-10-30 18:22:11-main--INFO -com.ctaf.accelerators.TestEngine:in verifyTonight()
2017-10-30 18:22:29-main--INFO -com.ctaf.accelerators.TestEngine:Starting browser : chrome
2017-10-30 18:23:02-main--INFO -com.ctaf.accelerators.TestEngine:Current Test : TC_Web_006
2017-10-30 18:23:02-main--INFO -com.ctaf.accelerators.TestEngine:in verifyTonight()
2017-10-30 18:23:12-main--INFO -com.ctaf.accelerators.TestEngine:Successfully click on tonight check box
2017-10-30 18:40:40-main--INFO -com.ctaf.accelerators.TestEngine:Starting browser : chrome
2017-10-30 18:41:19-main--INFO -com.ctaf.accelerators.TestEngine:Current Test : TC_Web_006
2017-10-30 18:41:19-main--INFO -com.ctaf.accelerators.TestEngine:in verifyTonight()
2017-10-30 18:41:21-main--INFO -com.ctaf.accelerators.TestEngine:Successfully click on tonight check box
2017-10-30 18:42:26-main--INFO -com.ctaf.accelerators.TestEngine:Starting browser : chrome
2017-10-30 18:42:44-main--INFO -com.ctaf.accelerators.TestEngine:Current Test : TC_Web_006
2017-10-30 18:42:44-main--INFO -com.ctaf.accelerators.TestEngine:in verifyTonight()
2017-10-30 18:42:57-main--INFO -com.ctaf.accelerators.TestEngine:Successfully click on tonight check box
2017-10-30 18:44:22-main--INFO -com.ctaf.accelerators.TestEngine:Starting browser : chrome
2017-10-30 18:45:40-main--INFO -com.ctaf.accelerators.TestEngine:Current Test : TC_Web_006
2017-10-30 18:45:40-main--INFO -com.ctaf.accelerators.TestEngine:in verifyTonight()
2017-10-30 18:45:41-main--INFO -com.ctaf.accelerators.TestEngine:Successfully click on tonight check box
2017-10-30 18:46:05-main--INFO -com.ctaf.accelerators.TestEngine:Starting browser : chrome
2017-10-30 18:48:40-main--INFO -com.ctaf.accelerators.TestEngine:Starting browser : chrome
2017-10-30 18:49:07-main--INFO -com.ctaf.accelerators.TestEngine:Current Test : TC_Web_006
2017-10-30 18:49:07-main--INFO -com.ctaf.accelerators.TestEngine:in verifyTonight()
2017-10-30 18:49:07-main--INFO -com.ctaf.accelerators.TestEngine:Successfully click on tonight check box
2017-10-30 18:50:07-main--INFO -com.ctaf.accelerators.TestEngine:Starting browser : chrome
2017-10-30 18:50:16-main--INFO -com.ctaf.accelerators.TestEngine:Current Test : TC_Web_006
2017-10-30 18:50:16-main--INFO -com.ctaf.accelerators.TestEngine:in verifyTomorrow()
2017-10-30 18:50:16-main--INFO -com.ctaf.accelerators.TestEngine:Successfully click on tonight check box
2017-10-30 18:50:38-main--INFO -com.ctaf.accelerators.TestEngine:Starting browser : chrome
2017-10-30 18:50:48-main--INFO -com.ctaf.accelerators.TestEngine:Current Test : TC_Web_006
2017-10-30 18:50:48-main--INFO -com.ctaf.accelerators.TestEngine:in verifyTomorrow()
2017-10-30 18:50:58-main--INFO -com.ctaf.accelerators.TestEngine:Successfully click on tonight check box
2017-10-30 18:52:26-main--INFO -com.ctaf.accelerators.TestEngine:Starting browser : chrome
2017-10-30 18:52:38-main--INFO -com.ctaf.accelerators.TestEngine:Current Test : TC_Web_006
2017-10-30 18:52:38-main--INFO -com.ctaf.accelerators.TestEngine:in verifyTomorrow()
2017-10-30 18:52:38-main--INFO -com.ctaf.accelerators.TestEngine:Successfully click on tonight check box
2017-10-30 18:54:40-main--INFO -com.ctaf.accelerators.TestEngine:Starting browser : chrome
2017-10-30 18:54:48-main--INFO -com.ctaf.accelerators.TestEngine:Current Test : TC_Web_006
2017-10-30 18:54:48-main--INFO -com.ctaf.accelerators.TestEngine:in verifyTonight()
2017-10-30 18:54:49-main--INFO -com.ctaf.accelerators.TestEngine:Successfully click on tonight check box
2017-10-30 19:03:34-main--INFO -com.ctaf.accelerators.TestEngine:Starting browser : chrome
2017-10-30 19:03:46-main--INFO -com.ctaf.accelerators.TestEngine:Current Test : TC_Web_006
2017-10-30 19:03:46-main--INFO -com.ctaf.accelerators.TestEngine:in verifyTonight()
2017-10-30 19:03:47-main--INFO -com.ctaf.accelerators.TestEngine:Successfully click on tonight check box
2017-10-30 19:04:03-main--INFO -com.ctaf.accelerators.TestEngine:Starting browser : chrome
2017-10-30 19:04:13-main--INFO -com.ctaf.accelerators.TestEngine:Current Test : TC_Web_007
2017-10-30 19:04:13-main--INFO -com.ctaf.accelerators.TestEngine:in verifyTomorrow()
2017-10-30 19:04:14-main--INFO -com.ctaf.accelerators.TestEngine:Successfully click on tonight check box
2017-10-30 19:04:47-main--INFO -com.ctaf.accelerators.TestEngine:Starting browser : chrome
2017-10-30 19:04:55-main--INFO -com.ctaf.accelerators.TestEngine:Current Test : TC_Web_007
2017-10-30 19:04:55-main--INFO -com.ctaf.accelerators.TestEngine:in verifyTomorrow()
2017-10-30 19:04:56-main--INFO -com.ctaf.accelerators.TestEngine:Successfully click on tonight check box
