2017-12-14 11:43:24-main--INFO -com.ctaf.accelerators.TestEngine:Starting browser : chrome
2017-12-14 11:43:44-main--INFO -com.ctaf.accelerators.TestEngine:Current Test : TC_001
2017-12-14 11:43:44-main--INFO -com.ctaf.accelerators.TestEngine:in Indigo_Login()
2017-12-14 11:43:45-main--INFO -com.ctaf.accelerators.TestEngine:Type  seema.rani in username
2017-12-14 11:43:45-main--INFO -com.ctaf.accelerators.TestEngine:Type  Test@123 in password
2017-12-14 11:43:46-main--INFO -com.ctaf.accelerators.TestEngine:Successfully clicked on Log In
2017-12-14 11:43:46-main--INFO -com.ctaf.accelerators.TestEngine:in ClickMenuOptions()
2017-12-14 11:43:46-main--INFO -com.ctaf.accelerators.TestEngine:in ClickMainMenu()
2017-12-14 11:49:14-main--INFO -com.ctaf.accelerators.TestEngine:Starting browser : chrome
2017-12-14 11:49:23-main--INFO -com.ctaf.accelerators.TestEngine:Current Test : TC_001
2017-12-14 11:49:23-main--INFO -com.ctaf.accelerators.TestEngine:in Indigo_Login()
2017-12-14 11:49:24-main--INFO -com.ctaf.accelerators.TestEngine:Type  seema.rani in username
2017-12-14 11:49:24-main--INFO -com.ctaf.accelerators.TestEngine:Type  Test@123 in password
2017-12-14 11:49:25-main--INFO -com.ctaf.accelerators.TestEngine:Successfully clicked on Log In
2017-12-14 11:49:25-main--INFO -com.ctaf.accelerators.TestEngine:in ClickMenuOptions()
2017-12-14 11:49:25-main--INFO -com.ctaf.accelerators.TestEngine:Successfully clicked on Menu Options
2017-12-14 11:49:25-main--INFO -com.ctaf.accelerators.TestEngine:in ClickMainMenu()
2017-12-14 11:49:26-main--INFO -com.ctaf.accelerators.TestEngine:Successfully clicked on Main Menu 	OCC
2017-12-14 11:49:26-main--INFO -com.ctaf.accelerators.TestEngine:in ClickSubMenu()
2017-12-14 11:49:27-main--INFO -com.ctaf.accelerators.TestEngine:Successfully clicked on Sub Menu 	Manual Flight Cancellation
2017-12-14 11:49:27-main--INFO -com.ctaf.accelerators.TestEngine:in SelectFromDate()
2017-12-14 11:52:29-main--INFO -com.ctaf.accelerators.TestEngine:Starting browser : chrome
2017-12-14 11:52:36-main--INFO -com.ctaf.accelerators.TestEngine:Current Test : TC_001
2017-12-14 11:52:36-main--INFO -com.ctaf.accelerators.TestEngine:in Indigo_Login()
2017-12-14 11:52:36-main--INFO -com.ctaf.accelerators.TestEngine:Type  seema.rani in username
2017-12-14 11:52:36-main--INFO -com.ctaf.accelerators.TestEngine:Type  Test@123 in password
2017-12-14 11:52:37-main--INFO -com.ctaf.accelerators.TestEngine:Successfully clicked on Log In
2017-12-14 11:52:37-main--INFO -com.ctaf.accelerators.TestEngine:in ClickMenuOptions()
2017-12-14 11:52:38-main--INFO -com.ctaf.accelerators.TestEngine:Successfully clicked on Menu Options
2017-12-14 11:52:38-main--INFO -com.ctaf.accelerators.TestEngine:in ClickMainMenu()
2017-12-14 11:52:38-main--INFO -com.ctaf.accelerators.TestEngine:Successfully clicked on Main Menu 	OCC
2017-12-14 11:52:38-main--INFO -com.ctaf.accelerators.TestEngine:in ClickSubMenu()
2017-12-14 11:52:41-main--INFO -com.ctaf.accelerators.TestEngine:Successfully clicked on Sub Menu 	Manual Flight Cancellation
2017-12-14 11:52:41-main--INFO -com.ctaf.accelerators.TestEngine:in SelectFromDate()
2017-12-14 11:52:43-main--INFO -com.ctaf.accelerators.TestEngine:in SelectToDate()
2017-12-14 11:52:45-main--INFO -com.ctaf.accelerators.TestEngine:in SelectOrigin()
2017-12-14 11:52:47-main--INFO -com.ctaf.accelerators.TestEngine:Successfully clicked on Origin
2017-12-14 11:55:14-main--INFO -com.ctaf.accelerators.TestEngine:Starting browser : chrome
2017-12-14 11:55:20-main--INFO -com.ctaf.accelerators.TestEngine:Current Test : TC_001
2017-12-14 11:55:20-main--INFO -com.ctaf.accelerators.TestEngine:in Indigo_Login()
2017-12-14 11:55:20-main--INFO -com.ctaf.accelerators.TestEngine:Type  seema.rani in username
2017-12-14 11:55:21-main--INFO -com.ctaf.accelerators.TestEngine:Type  Test@123 in password
2017-12-14 11:55:22-main--INFO -com.ctaf.accelerators.TestEngine:Successfully clicked on Log In
2017-12-14 11:55:22-main--INFO -com.ctaf.accelerators.TestEngine:in ClickMenuOptions()
2017-12-14 11:55:22-main--INFO -com.ctaf.accelerators.TestEngine:Successfully clicked on Menu Options
2017-12-14 11:55:22-main--INFO -com.ctaf.accelerators.TestEngine:in ClickMainMenu()
2017-12-14 11:55:23-main--INFO -com.ctaf.accelerators.TestEngine:Successfully clicked on Main Menu 	OCC
2017-12-14 11:55:23-main--INFO -com.ctaf.accelerators.TestEngine:in ClickSubMenu()
2017-12-14 11:55:25-main--INFO -com.ctaf.accelerators.TestEngine:Successfully clicked on Sub Menu 	Manual Flight Cancellation
2017-12-14 11:55:25-main--INFO -com.ctaf.accelerators.TestEngine:in SelectFromDate()
2017-12-14 11:55:27-main--INFO -com.ctaf.accelerators.TestEngine:in SelectToDate()
2017-12-14 11:55:28-main--INFO -com.ctaf.accelerators.TestEngine:in SelectOrigin()
2017-12-14 11:55:31-main--INFO -com.ctaf.accelerators.TestEngine:Successfully clicked on Origin
2017-12-14 11:57:08-main--INFO -com.ctaf.accelerators.TestEngine:Starting browser : chrome
2017-12-14 11:57:29-main--INFO -com.ctaf.accelerators.TestEngine:Current Test : TC_001
2017-12-14 11:57:29-main--INFO -com.ctaf.accelerators.TestEngine:in Indigo_Login()
2017-12-14 11:57:29-main--INFO -com.ctaf.accelerators.TestEngine:Type  seema.rani in username
2017-12-14 11:57:29-main--INFO -com.ctaf.accelerators.TestEngine:Type  Test@123 in password
2017-12-14 11:57:31-main--INFO -com.ctaf.accelerators.TestEngine:Successfully clicked on Log In
2017-12-14 11:57:31-main--INFO -com.ctaf.accelerators.TestEngine:in ClickMenuOptions()
2017-12-14 11:57:31-main--INFO -com.ctaf.accelerators.TestEngine:Successfully clicked on Menu Options
2017-12-14 11:57:31-main--INFO -com.ctaf.accelerators.TestEngine:in ClickMainMenu()
2017-12-14 11:57:32-main--INFO -com.ctaf.accelerators.TestEngine:Successfully clicked on Main Menu 	OCC
2017-12-14 11:57:32-main--INFO -com.ctaf.accelerators.TestEngine:in ClickSubMenu()
2017-12-14 11:57:35-main--INFO -com.ctaf.accelerators.TestEngine:Successfully clicked on Sub Menu 	Manual Flight Cancellation
2017-12-14 11:57:35-main--INFO -com.ctaf.accelerators.TestEngine:in SelectFromDate()
2017-12-14 11:57:37-main--INFO -com.ctaf.accelerators.TestEngine:in SelectToDate()
2017-12-14 11:57:38-main--INFO -com.ctaf.accelerators.TestEngine:in SelectOrigin()
2017-12-14 11:57:41-main--INFO -com.ctaf.accelerators.TestEngine:Successfully clicked on Origin
2017-12-14 11:57:43-main--INFO -com.ctaf.accelerators.TestEngine:Successfully clicked on Origin
2017-12-14 11:57:43-main--INFO -com.ctaf.accelerators.TestEngine:Successfully clicked on Origin Place 	JAI
2017-12-14 11:57:43-main--INFO -com.ctaf.accelerators.TestEngine:in SelectDestination()
2017-12-14 11:57:46-main--INFO -com.ctaf.accelerators.TestEngine:Successfully clicked on Destination
2017-12-14 11:57:49-main--INFO -com.ctaf.accelerators.TestEngine:Successfully clicked on Destination Place 	BOM
2017-12-14 11:57:49-main--INFO -com.ctaf.accelerators.TestEngine:in SelectFlightNo()
2017-12-14 11:57:52-main--INFO -com.ctaf.accelerators.TestEngine:Successfully clicked on Flight no
2017-12-14 11:57:53-main--INFO -com.ctaf.accelerators.TestEngine:Successfully clicked on Flight no 	Select All
2017-12-14 11:57:53-main--INFO -com.ctaf.accelerators.TestEngine:in ClickGenerate()
2017-12-14 11:57:56-main--INFO -com.ctaf.accelerators.TestEngine:Successfully clicked on Generate Button
2017-12-14 11:57:56-main--INFO -com.ctaf.accelerators.TestEngine:in SelectAllFlightsCheckbox()
2017-12-14 11:57:59-main--INFO -com.ctaf.accelerators.TestEngine:in getFlightInfo()
2017-12-14 11:57:59-main--INFO -com.ctaf.accelerators.TestEngine:in GetTailNo()
2017-12-14 11:57:59-main--INFO -com.ctaf.accelerators.TestEngine:in getETD()
2017-12-14 11:57:59-main--INFO -com.ctaf.accelerators.TestEngine:in SelectReason()
2017-12-14 11:58:00-main--INFO -com.ctaf.accelerators.TestEngine:Successfully clicked on Delay Reason
2017-12-14 12:04:07-main--INFO -com.ctaf.accelerators.TestEngine:Starting browser : chrome
2017-12-14 12:04:17-main--INFO -com.ctaf.accelerators.TestEngine:Current Test : TC_019_VerifyAimsUploaderBySelectingIVRSMSOption
2017-12-14 12:04:17-main--INFO -com.ctaf.accelerators.TestEngine:in Indigo_Login()
2017-12-14 12:04:17-main--INFO -com.ctaf.accelerators.TestEngine:Type  seema.rani in username
2017-12-14 12:04:17-main--INFO -com.ctaf.accelerators.TestEngine:Type  Test@123 in password
2017-12-14 12:04:18-main--INFO -com.ctaf.accelerators.TestEngine:Successfully clicked on Log In
2017-12-14 12:04:18-main--INFO -com.ctaf.accelerators.TestEngine:in ClickMenuOptions()
2017-12-14 12:04:18-main--INFO -com.ctaf.accelerators.TestEngine:Successfully clicked on Menu Options
2017-12-14 12:04:18-main--INFO -com.ctaf.accelerators.TestEngine:in ClickMainMenu()
2017-12-14 12:04:19-main--INFO -com.ctaf.accelerators.TestEngine:Successfully clicked on Main Menu 	OCC
2017-12-14 12:04:19-main--INFO -com.ctaf.accelerators.TestEngine:in ClickSubMenu()
2017-12-14 12:04:23-main--INFO -com.ctaf.accelerators.TestEngine:Successfully clicked on Sub Menu 	AIMS Uploader
2017-12-14 12:04:23-main--INFO -com.ctaf.accelerators.TestEngine:in AU_SelectFirstFlight()
2017-12-14 12:04:53-main--INFO -com.ctaf.accelerators.TestEngine:Current Test : TC_030_VerfyPaxSMSIVRManualWithSMSIVR
2017-12-14 12:04:53-main--INFO -com.ctaf.accelerators.TestEngine:in Indigo_Login()
2017-12-14 12:04:54-main--INFO -com.ctaf.accelerators.TestEngine:Type  seema.rani in username
2017-12-14 12:04:54-main--INFO -com.ctaf.accelerators.TestEngine:Type  Test@123 in password
2017-12-14 12:04:55-main--INFO -com.ctaf.accelerators.TestEngine:Successfully clicked on Log In
2017-12-14 12:04:55-main--INFO -com.ctaf.accelerators.TestEngine:in ClickMenuOptions()
2017-12-14 12:04:55-main--INFO -com.ctaf.accelerators.TestEngine:Successfully clicked on Menu Options
2017-12-14 12:04:55-main--INFO -com.ctaf.accelerators.TestEngine:in ClickMainMenu()
2017-12-14 12:04:55-main--INFO -com.ctaf.accelerators.TestEngine:Successfully clicked on Main Menu 	OCC
2017-12-14 12:04:55-main--INFO -com.ctaf.accelerators.TestEngine:in ClickSubMenu()
2017-12-14 12:04:58-main--INFO -com.ctaf.accelerators.TestEngine:Successfully clicked on Sub Menu 	Pax SMS/IVR Manual
2017-12-14 12:04:58-main--INFO -com.ctaf.accelerators.TestEngine:in SelectFromDate()
2017-12-14 12:04:59-main--INFO -com.ctaf.accelerators.TestEngine:in SelectToDate()
2017-12-14 12:05:01-main--INFO -com.ctaf.accelerators.TestEngine:in PAX_Origin()
2017-12-14 12:05:03-main--INFO -com.ctaf.accelerators.TestEngine:Successfully clicked on Origin
2017-12-14 12:05:04-main--INFO -com.ctaf.accelerators.TestEngine:Successfully clicked on Origin Place 	BKK
2017-12-14 12:05:04-main--INFO -com.ctaf.accelerators.TestEngine:in PAX_SelectFlightNo()
2017-12-14 12:05:07-main--INFO -com.ctaf.accelerators.TestEngine:Successfully clicked on Origin
2017-12-14 12:05:08-main--INFO -com.ctaf.accelerators.TestEngine:Successfully clicked on Select Flight no 	
2017-12-14 12:05:08-main--INFO -com.ctaf.accelerators.TestEngine:in ClickGenerate()
2017-12-14 12:05:11-main--INFO -com.ctaf.accelerators.TestEngine:Successfully clicked on Generate Button
2017-12-14 12:05:11-main--INFO -com.ctaf.accelerators.TestEngine:in AU_SelectFirstFlight()
2017-12-14 12:05:13-main--INFO -com.ctaf.accelerators.TestEngine:in getFlightInfo()
2017-12-14 12:05:13-main--INFO -com.ctaf.accelerators.TestEngine:in GetTailNo()
2017-12-14 12:05:13-main--INFO -com.ctaf.accelerators.TestEngine:in getETD()
2017-12-14 12:05:13-main--INFO -com.ctaf.accelerators.TestEngine:in SelectReason()
2017-12-14 12:05:13-main--INFO -com.ctaf.accelerators.TestEngine:Successfully clicked on Delay Reason
2017-12-14 12:05:14-main--INFO -com.ctaf.accelerators.TestEngine:Successfully clicked on Select Reason
2017-12-14 12:05:14-main--INFO -com.ctaf.accelerators.TestEngine:in SelectAffectedStation()
2017-12-14 12:05:15-main--INFO -com.ctaf.accelerators.TestEngine:in ClickSendButton()
2017-12-14 12:05:16-main--INFO -com.ctaf.accelerators.TestEngine:Successfully clicked on Send Button
2017-12-14 12:05:16-main--INFO -com.ctaf.accelerators.TestEngine:in VerifyConfirmation()
2017-12-14 12:05:45-main--INFO -com.ctaf.accelerators.TestEngine:Current Test : TC_014_VerifyPasengerAdhocMessagBySelectingSMSOption
2017-12-14 12:05:45-main--INFO -com.ctaf.accelerators.TestEngine:in Indigo_Login()
2017-12-14 12:05:45-main--INFO -com.ctaf.accelerators.TestEngine:Type  seema.rani in username
2017-12-14 12:05:45-main--INFO -com.ctaf.accelerators.TestEngine:Type  Test@123 in password
2017-12-14 12:05:52-main--INFO -com.ctaf.accelerators.TestEngine:Successfully clicked on Log In
2017-12-14 12:05:52-main--INFO -com.ctaf.accelerators.TestEngine:in ClickMenuOptions()
2017-12-14 12:05:52-main--INFO -com.ctaf.accelerators.TestEngine:Successfully clicked on Menu Options
2017-12-14 12:05:52-main--INFO -com.ctaf.accelerators.TestEngine:in ClickMainMenu()
2017-12-14 12:05:53-main--INFO -com.ctaf.accelerators.TestEngine:Successfully clicked on Main Menu 	OCC
2017-12-14 12:05:53-main--INFO -com.ctaf.accelerators.TestEngine:in ClickSubMenu()
2017-12-14 12:05:58-main--INFO -com.ctaf.accelerators.TestEngine:Successfully clicked on Sub Menu 	Passenger ADHOC
2017-12-14 12:05:58-main--INFO -com.ctaf.accelerators.TestEngine:in SelectFromDate()
2017-12-14 12:06:00-main--INFO -com.ctaf.accelerators.TestEngine:in SelectToDate()
2017-12-14 12:06:02-main--INFO -com.ctaf.accelerators.TestEngine:in PAD_SelectFlightType()
2017-12-14 12:06:04-main--INFO -com.ctaf.accelerators.TestEngine:Successfully clicked on Flight Type
2017-12-14 12:06:05-main--INFO -com.ctaf.accelerators.TestEngine:Successfully clicked on Select Flight type 	
2017-12-14 12:06:05-main--INFO -com.ctaf.accelerators.TestEngine:in Select Leg Type()
2017-12-14 12:06:08-main--INFO -com.ctaf.accelerators.TestEngine:Successfully clicked on Leg Type
2017-12-14 12:06:09-main--INFO -com.ctaf.accelerators.TestEngine:Successfully clicked on Select Leg Type 	
2017-12-14 12:06:09-main--INFO -com.ctaf.accelerators.TestEngine:in PAD_SelectOrigin()
2017-12-14 12:06:12-main--INFO -com.ctaf.accelerators.TestEngine:Successfully clicked on Origin
2017-12-14 12:06:13-main--INFO -com.ctaf.accelerators.TestEngine:Successfully clicked on Origin Place 	BBI
2017-12-14 12:06:13-main--INFO -com.ctaf.accelerators.TestEngine:in PAD_SelectDestination()
2017-12-14 12:06:15-main--INFO -com.ctaf.accelerators.TestEngine:Successfully clicked on Destination
2017-12-14 12:06:15-main--INFO -com.ctaf.accelerators.TestEngine:Successfully clicked on Destination Place 	BOM
2017-12-14 12:06:15-main--INFO -com.ctaf.accelerators.TestEngine:in SelectFlightNo()
2017-12-14 12:06:18-main--INFO -com.ctaf.accelerators.TestEngine:Successfully clicked on Flight no
2017-12-14 12:06:19-main--INFO -com.ctaf.accelerators.TestEngine:Successfully clicked on Flight no 	Select All
2017-12-14 12:06:19-main--INFO -com.ctaf.accelerators.TestEngine:in PAD_SMSTemplate()
2017-12-14 12:06:21-main--INFO -com.ctaf.accelerators.TestEngine:Successfully clicked on SMS Template
2017-12-14 12:06:21-main--INFO -com.ctaf.accelerators.TestEngine:Successfully clicked on Destination Place 	Passenger Adhoc Message Template 
2017-12-14 12:06:21-main--INFO -com.ctaf.accelerators.TestEngine:in ClickGenerate()
2017-12-14 12:06:24-main--INFO -com.ctaf.accelerators.TestEngine:Successfully clicked on Generate Button
2017-12-14 12:06:24-main--INFO -com.ctaf.accelerators.TestEngine:in AU_SelectFirstFlight()
2017-12-14 12:06:29-main--INFO -com.ctaf.accelerators.TestEngine:in SelectCommunicationOption()
2017-12-14 12:06:30-main--INFO -com.ctaf.accelerators.TestEngine:in AU_GetFlightDetails()
2017-12-14 12:06:31-main--INFO -com.ctaf.accelerators.TestEngine:in ClickSendButton()
2017-12-14 12:06:31-main--INFO -com.ctaf.accelerators.TestEngine:Successfully clicked on Send Button
2017-12-14 12:06:31-main--INFO -com.ctaf.accelerators.TestEngine:in VerifyConfirmation()
2017-12-14 12:06:44-main--INFO -com.ctaf.accelerators.TestEngine:Current Test : TC_016_VerifyCrewAdhocMessageBySelectingCrewNotificationTypeAsImportantNotification
2017-12-14 12:06:44-main--INFO -com.ctaf.accelerators.TestEngine:in Indigo_Login()
2017-12-14 12:06:44-main--INFO -com.ctaf.accelerators.TestEngine:Type  seema.rani in username
2017-12-14 12:06:44-main--INFO -com.ctaf.accelerators.TestEngine:Type  Test@123 in password
2017-12-14 12:06:46-main--INFO -com.ctaf.accelerators.TestEngine:Successfully clicked on Log In
2017-12-14 12:06:46-main--INFO -com.ctaf.accelerators.TestEngine:in ClickMenuOptions()
2017-12-14 12:06:46-main--INFO -com.ctaf.accelerators.TestEngine:Successfully clicked on Menu Options
2017-12-14 12:06:46-main--INFO -com.ctaf.accelerators.TestEngine:in ClickMainMenu()
2017-12-14 12:06:47-main--INFO -com.ctaf.accelerators.TestEngine:Successfully clicked on Main Menu 	OCC
2017-12-14 12:06:47-main--INFO -com.ctaf.accelerators.TestEngine:in ClickSubMenu()
2017-12-14 12:06:50-main--INFO -com.ctaf.accelerators.TestEngine:Successfully clicked on Sub Menu 	Crew Adhoc Message
2017-12-14 12:06:50-main--INFO -com.ctaf.accelerators.TestEngine:in CAM_SelectCrewNotificationType()
2017-12-14 12:06:50-main--INFO -com.ctaf.accelerators.TestEngine:Successfully clicked on Crew Notification Type
2017-12-14 12:06:50-main--INFO -com.ctaf.accelerators.TestEngine:in SelectFromDate()
2017-12-14 12:06:51-main--INFO -com.ctaf.accelerators.TestEngine:in SelectToDate()
2017-12-14 12:06:53-main--INFO -com.ctaf.accelerators.TestEngine:in CAM_SelectOrigin()
2017-12-14 12:06:55-main--INFO -com.ctaf.accelerators.TestEngine:Successfully clicked on Origin
2017-12-14 12:06:55-main--INFO -com.ctaf.accelerators.TestEngine:Successfully clicked on Origin Place 	AMD
2017-12-14 12:06:55-main--INFO -com.ctaf.accelerators.TestEngine:in CAM_SelectDestination()
2017-12-14 12:06:57-main--INFO -com.ctaf.accelerators.TestEngine:Successfully clicked on Destination
2017-12-14 12:06:58-main--INFO -com.ctaf.accelerators.TestEngine:in SelectFlightNo()
2017-12-14 12:07:01-main--INFO -com.ctaf.accelerators.TestEngine:Successfully clicked on Flight no
2017-12-14 12:07:02-main--INFO -com.ctaf.accelerators.TestEngine:Successfully clicked on Flight no 	Select All
2017-12-14 12:07:02-main--INFO -com.ctaf.accelerators.TestEngine:in CAM_Startime()
2017-12-14 12:07:04-main--INFO -com.ctaf.accelerators.TestEngine:Successfully clicked on Start Time
2017-12-14 12:07:04-main--INFO -com.ctaf.accelerators.TestEngine:in CAM_EndTime()
2017-12-14 12:07:06-main--INFO -com.ctaf.accelerators.TestEngine:Successfully clicked on End Time
2017-12-14 12:07:06-main--INFO -com.ctaf.accelerators.TestEngine:in CAM_SelectCrewType()
2017-12-14 12:07:08-main--INFO -com.ctaf.accelerators.TestEngine:Successfully clicked on Crew type
2017-12-14 12:07:10-main--INFO -com.ctaf.accelerators.TestEngine:in CAM_SelectDestination()
2017-12-14 12:07:13-main--INFO -com.ctaf.accelerators.TestEngine:Successfully clicked on Flight Staus
2017-12-14 12:07:13-main--INFO -com.ctaf.accelerators.TestEngine:in PAD_SMSTemplate()
2017-12-14 12:07:15-main--INFO -com.ctaf.accelerators.TestEngine:Successfully clicked on SMS Template
2017-12-14 12:07:15-main--INFO -com.ctaf.accelerators.TestEngine:Successfully clicked on Destination Place 	Welcome Crew Template
2017-12-14 12:07:15-main--INFO -com.ctaf.accelerators.TestEngine:in CAM_AddCCNo()
2017-12-14 12:07:17-main--INFO -com.ctaf.accelerators.TestEngine:Type  12345 in CC No
2017-12-14 12:07:17-main--INFO -com.ctaf.accelerators.TestEngine:in ClickGenerate()
2017-12-14 12:07:19-main--INFO -com.ctaf.accelerators.TestEngine:Successfully clicked on Generate Button
2017-12-14 12:07:19-main--INFO -com.ctaf.accelerators.TestEngine:in AU_SelectFirstFlight()
2017-12-14 12:07:20-main--INFO -com.ctaf.accelerators.TestEngine:in SelectCommunicationOption()
2017-12-14 12:07:22-main--INFO -com.ctaf.accelerators.TestEngine:in ClickSendButton()
2017-12-14 12:07:22-main--INFO -com.ctaf.accelerators.TestEngine:Successfully clicked on Send Button
2017-12-14 12:07:22-main--INFO -com.ctaf.accelerators.TestEngine:in VerifyConfirmation()
2017-12-14 12:07:36-main--INFO -com.ctaf.accelerators.TestEngine:Current Test : TC_020_VerifyManualFlightCancellationUsingIVRSMSOption
2017-12-14 12:07:36-main--INFO -com.ctaf.accelerators.TestEngine:in Indigo_Login()
2017-12-14 12:07:36-main--INFO -com.ctaf.accelerators.TestEngine:Type  seema.rani in username
2017-12-14 12:07:36-main--INFO -com.ctaf.accelerators.TestEngine:Type  Test@123 in password
2017-12-14 12:07:37-main--INFO -com.ctaf.accelerators.TestEngine:Successfully clicked on Log In
2017-12-14 12:07:37-main--INFO -com.ctaf.accelerators.TestEngine:in ClickMenuOptions()
2017-12-14 12:07:37-main--INFO -com.ctaf.accelerators.TestEngine:Successfully clicked on Menu Options
2017-12-14 12:07:37-main--INFO -com.ctaf.accelerators.TestEngine:in ClickMainMenu()
2017-12-14 12:07:37-main--INFO -com.ctaf.accelerators.TestEngine:Successfully clicked on Main Menu 	OCC
2017-12-14 12:07:37-main--INFO -com.ctaf.accelerators.TestEngine:in ClickSubMenu()
2017-12-14 12:07:39-main--INFO -com.ctaf.accelerators.TestEngine:Successfully clicked on Sub Menu 	Manual Flight Cancellation
2017-12-14 12:07:39-main--INFO -com.ctaf.accelerators.TestEngine:in SelectFromDate()
2017-12-14 12:07:41-main--INFO -com.ctaf.accelerators.TestEngine:in SelectToDate()
2017-12-14 12:07:43-main--INFO -com.ctaf.accelerators.TestEngine:in SelectOrigin()
2017-12-14 12:07:45-main--INFO -com.ctaf.accelerators.TestEngine:Successfully clicked on Origin
2017-12-14 12:07:47-main--INFO -com.ctaf.accelerators.TestEngine:Successfully clicked on Origin
2017-12-14 12:08:40-main--INFO -com.ctaf.accelerators.TestEngine:Current Test : TC_018_VerifySchedulePassengerMessageTable
2017-12-14 12:08:40-main--INFO -com.ctaf.accelerators.TestEngine:in Indigo_Login()
2017-12-14 12:08:40-main--INFO -com.ctaf.accelerators.TestEngine:Type  seema.rani in username
2017-12-14 12:08:41-main--INFO -com.ctaf.accelerators.TestEngine:Type  Test@123 in password
2017-12-14 12:08:42-main--INFO -com.ctaf.accelerators.TestEngine:Successfully clicked on Log In
2017-12-14 12:08:42-main--INFO -com.ctaf.accelerators.TestEngine:in ClickMenuOptions()
2017-12-14 12:08:42-main--INFO -com.ctaf.accelerators.TestEngine:Successfully clicked on Menu Options
2017-12-14 12:08:42-main--INFO -com.ctaf.accelerators.TestEngine:in ClickMainMenu()
2017-12-14 12:08:42-main--INFO -com.ctaf.accelerators.TestEngine:Successfully clicked on Main Menu 	OCC
2017-12-14 12:08:42-main--INFO -com.ctaf.accelerators.TestEngine:in ClickSubMenu()
2017-12-14 12:08:43-main--INFO -com.ctaf.accelerators.TestEngine:Successfully clicked on Sub Menu 	Scheduled Passenger
2017-12-14 12:08:43-main--INFO -com.ctaf.accelerators.TestEngine:in SPMM_ClickSearch()
2017-12-14 12:08:43-main--INFO -com.ctaf.accelerators.TestEngine:Type  BOM in Search parameter
2017-12-14 12:08:44-main--INFO -com.ctaf.accelerators.TestEngine:Successfully clicked on Search Button
2017-12-14 12:08:45-main--INFO -com.ctaf.accelerators.TestEngine:in VerifySchedulePassengerMessage()
