2017-11-23 11:43:38-main--INFO -com.ctaf.accelerators.TestEngine:Starting browser : chrome
2017-11-23 11:43:54-main--INFO -com.ctaf.accelerators.TestEngine:Current Test : TC_001
2017-11-23 11:43:54-main--INFO -com.ctaf.accelerators.TestEngine:in Indigo_Login()
2017-11-23 11:43:55-main--INFO -com.ctaf.accelerators.TestEngine:Type  seema.rani in username
2017-11-23 11:43:55-main--INFO -com.ctaf.accelerators.TestEngine:Type  Test@123 in password
2017-11-23 11:43:56-main--INFO -com.ctaf.accelerators.TestEngine:Successfully clicked on Log In
2017-11-23 11:43:56-main--INFO -com.ctaf.accelerators.TestEngine:in ClickMenuOptions()
2017-11-23 11:43:57-main--INFO -com.ctaf.accelerators.TestEngine:Successfully clicked on Menu Options
2017-11-23 11:43:57-main--INFO -com.ctaf.accelerators.TestEngine:in ClickMainMenu()
2017-11-23 11:43:57-main--INFO -com.ctaf.accelerators.TestEngine:Successfully clicked on Main Menu 	OCC
2017-11-23 11:43:57-main--INFO -com.ctaf.accelerators.TestEngine:in ClickSubMenu()
2017-11-23 11:43:59-main--INFO -com.ctaf.accelerators.TestEngine:Successfully clicked on Sub Menu 	Manual Flight Cancellation
2017-11-23 11:43:59-main--INFO -com.ctaf.accelerators.TestEngine:in SelectFromDate()
2017-11-23 11:44:01-main--INFO -com.ctaf.accelerators.TestEngine:in SelectToDate()
2017-11-23 11:44:03-main--INFO -com.ctaf.accelerators.TestEngine:in SelectOrigin()
2017-11-23 11:44:03-main--INFO -com.ctaf.accelerators.TestEngine:Successfully clicked on Origin
2017-11-23 11:48:06-main--INFO -com.ctaf.accelerators.TestEngine: Unable to get TscreenShot
2017-11-23 12:06:03-main--INFO -com.ctaf.accelerators.TestEngine:Starting browser : chrome
2017-11-23 12:06:15-main--INFO -com.ctaf.accelerators.TestEngine:Current Test : TC_016
2017-11-23 12:06:15-main--INFO -com.ctaf.accelerators.TestEngine:in Indigo_Login()
2017-11-23 12:06:15-main--INFO -com.ctaf.accelerators.TestEngine:Type  seema.rani in username
2017-11-23 12:06:15-main--INFO -com.ctaf.accelerators.TestEngine:Type  Test@123 in password
2017-11-23 12:06:17-main--INFO -com.ctaf.accelerators.TestEngine:Successfully clicked on Log In
2017-11-23 12:06:17-main--INFO -com.ctaf.accelerators.TestEngine:in ClickMenuOptions()
2017-11-23 12:06:17-main--INFO -com.ctaf.accelerators.TestEngine:Successfully clicked on Menu Options
2017-11-23 12:06:17-main--INFO -com.ctaf.accelerators.TestEngine:in ClickMainMenu()
2017-11-23 12:06:18-main--INFO -com.ctaf.accelerators.TestEngine:Successfully clicked on Main Menu 	OCC
2017-11-23 12:06:18-main--INFO -com.ctaf.accelerators.TestEngine:in ClickSubMenu()
2017-11-23 12:06:20-main--INFO -com.ctaf.accelerators.TestEngine:Successfully clicked on Sub Menu 	Crew Adhoc Message
2017-11-23 12:06:20-main--INFO -com.ctaf.accelerators.TestEngine:in CAM_SelectCrewNotificationType()
2017-11-23 12:06:20-main--INFO -com.ctaf.accelerators.TestEngine:Successfully clicked on Crew Notification Type
2017-11-23 12:06:20-main--INFO -com.ctaf.accelerators.TestEngine:in SelectFromDate()
2017-11-23 12:06:22-main--INFO -com.ctaf.accelerators.TestEngine:in SelectToDate()
2017-11-23 12:06:24-main--INFO -com.ctaf.accelerators.TestEngine:in CAM_SelectOrigin()
2017-11-23 12:06:26-main--INFO -com.ctaf.accelerators.TestEngine:Successfully clicked on Origin
2017-11-23 12:07:02-main--INFO -com.ctaf.accelerators.TestEngine:Starting browser : chrome
2017-11-23 12:07:10-main--INFO -com.ctaf.accelerators.TestEngine:Current Test : TC_016
2017-11-23 12:07:10-main--INFO -com.ctaf.accelerators.TestEngine:in Indigo_Login()
2017-11-23 12:07:10-main--INFO -com.ctaf.accelerators.TestEngine:Type  seema.rani in username
2017-11-23 12:07:10-main--INFO -com.ctaf.accelerators.TestEngine:Type  Test@123 in password
2017-11-23 12:07:13-main--INFO -com.ctaf.accelerators.TestEngine:Successfully clicked on Log In
2017-11-23 12:07:13-main--INFO -com.ctaf.accelerators.TestEngine:in ClickMenuOptions()
2017-11-23 12:07:13-main--INFO -com.ctaf.accelerators.TestEngine:Successfully clicked on Menu Options
2017-11-23 12:07:13-main--INFO -com.ctaf.accelerators.TestEngine:in ClickMainMenu()
2017-11-23 12:07:14-main--INFO -com.ctaf.accelerators.TestEngine:Successfully clicked on Main Menu 	OCC
2017-11-23 12:07:14-main--INFO -com.ctaf.accelerators.TestEngine:in ClickSubMenu()
2017-11-23 12:07:17-main--INFO -com.ctaf.accelerators.TestEngine:Successfully clicked on Sub Menu 	Crew Adhoc Message
2017-11-23 12:07:17-main--INFO -com.ctaf.accelerators.TestEngine:in CAM_SelectCrewNotificationType()
2017-11-23 12:07:17-main--INFO -com.ctaf.accelerators.TestEngine:Successfully clicked on Crew Notification Type
2017-11-23 12:07:17-main--INFO -com.ctaf.accelerators.TestEngine:in SelectFromDate()
2017-11-23 12:07:19-main--INFO -com.ctaf.accelerators.TestEngine:in SelectToDate()
2017-11-23 12:07:20-main--INFO -com.ctaf.accelerators.TestEngine:in CAM_SelectOrigin()
2017-11-23 12:07:22-main--INFO -com.ctaf.accelerators.TestEngine:Successfully clicked on Origin
2017-11-23 12:09:13-main--INFO -com.ctaf.accelerators.TestEngine:Successfully clicked on Origin Place 	ATQ
2017-11-23 12:09:13-main--INFO -com.ctaf.accelerators.TestEngine:in CAM_SelectDestination()
2017-11-23 12:09:15-main--INFO -com.ctaf.accelerators.TestEngine:Successfully clicked on Destination
2017-11-23 12:09:15-main--INFO -com.ctaf.accelerators.TestEngine:in SelectFlightNo()
2017-11-23 12:09:17-main--INFO -com.ctaf.accelerators.TestEngine:Successfully clicked on Flight no
2017-11-23 12:09:18-main--INFO -com.ctaf.accelerators.TestEngine:Successfully clicked on Flight no 	Select All
2017-11-23 12:09:18-main--INFO -com.ctaf.accelerators.TestEngine:in CAM_Startime()
2017-11-23 12:09:21-main--INFO -com.ctaf.accelerators.TestEngine:Successfully clicked on Start Time
2017-11-23 12:09:21-main--INFO -com.ctaf.accelerators.TestEngine:in CAM_EndTime()
2017-11-23 12:09:23-main--INFO -com.ctaf.accelerators.TestEngine:Successfully clicked on End Time
2017-11-23 12:09:23-main--INFO -com.ctaf.accelerators.TestEngine:in CAM_SelectCrewType()
2017-11-23 12:09:25-main--INFO -com.ctaf.accelerators.TestEngine:Successfully clicked on Crew type
2017-11-23 12:09:26-main--INFO -com.ctaf.accelerators.TestEngine:in CAM_SelectDestination()
2017-11-23 12:09:28-main--INFO -com.ctaf.accelerators.TestEngine:Successfully clicked on Flight Staus
2017-11-23 12:09:28-main--INFO -com.ctaf.accelerators.TestEngine:in PAD_SMSTemplate()
2017-11-23 12:09:30-main--INFO -com.ctaf.accelerators.TestEngine:Successfully clicked on SMS Template
2017-11-23 12:09:31-main--INFO -com.ctaf.accelerators.TestEngine:Successfully clicked on Destination Place 	Welcome Crew Template
2017-11-23 12:09:31-main--INFO -com.ctaf.accelerators.TestEngine:in CAM_AddCCNo()
2017-11-23 12:09:33-main--INFO -com.ctaf.accelerators.TestEngine:Type  12345 in CC No
2017-11-23 12:09:33-main--INFO -com.ctaf.accelerators.TestEngine:in ClickGenerate()
2017-11-23 12:09:40-main--INFO -com.ctaf.accelerators.TestEngine:Successfully clicked on Generate Button
2017-11-23 12:09:40-main--INFO -com.ctaf.accelerators.TestEngine:in AU_SelectFirstFlight()
2017-11-23 12:10:20-main--INFO -com.ctaf.accelerators.TestEngine:Starting browser : chrome
2017-11-23 12:10:27-main--INFO -com.ctaf.accelerators.TestEngine:Current Test : TC_016
2017-11-23 12:10:27-main--INFO -com.ctaf.accelerators.TestEngine:in Indigo_Login()
2017-11-23 12:10:27-main--INFO -com.ctaf.accelerators.TestEngine:Type  seema.rani in username
2017-11-23 12:10:27-main--INFO -com.ctaf.accelerators.TestEngine:Type  Test@123 in password
2017-11-23 12:10:29-main--INFO -com.ctaf.accelerators.TestEngine:Successfully clicked on Log In
2017-11-23 12:10:29-main--INFO -com.ctaf.accelerators.TestEngine:in ClickMenuOptions()
2017-11-23 12:10:29-main--INFO -com.ctaf.accelerators.TestEngine:Successfully clicked on Menu Options
2017-11-23 12:10:29-main--INFO -com.ctaf.accelerators.TestEngine:in ClickMainMenu()
2017-11-23 12:10:30-main--INFO -com.ctaf.accelerators.TestEngine:Successfully clicked on Main Menu 	OCC
2017-11-23 12:10:30-main--INFO -com.ctaf.accelerators.TestEngine:in ClickSubMenu()
2017-11-23 12:10:32-main--INFO -com.ctaf.accelerators.TestEngine:Successfully clicked on Sub Menu 	Crew Adhoc Message
2017-11-23 12:10:32-main--INFO -com.ctaf.accelerators.TestEngine:in CAM_SelectCrewNotificationType()
2017-11-23 12:10:33-main--INFO -com.ctaf.accelerators.TestEngine:Successfully clicked on Crew Notification Type
2017-11-23 12:10:33-main--INFO -com.ctaf.accelerators.TestEngine:in SelectFromDate()
2017-11-23 12:10:34-main--INFO -com.ctaf.accelerators.TestEngine:in SelectToDate()
2017-11-23 12:10:36-main--INFO -com.ctaf.accelerators.TestEngine:in CAM_SelectOrigin()
2017-11-23 12:10:38-main--INFO -com.ctaf.accelerators.TestEngine:Successfully clicked on Origin
2017-11-23 12:10:38-main--INFO -com.ctaf.accelerators.TestEngine:Successfully clicked on Origin Place 	AMD
2017-11-23 12:10:38-main--INFO -com.ctaf.accelerators.TestEngine:in CAM_SelectDestination()
2017-11-23 12:10:40-main--INFO -com.ctaf.accelerators.TestEngine:Successfully clicked on Destination
2017-11-23 12:10:40-main--INFO -com.ctaf.accelerators.TestEngine:in SelectFlightNo()
2017-11-23 12:10:43-main--INFO -com.ctaf.accelerators.TestEngine:Successfully clicked on Flight no
2017-11-23 12:10:44-main--INFO -com.ctaf.accelerators.TestEngine:Successfully clicked on Flight no 	Select All
2017-11-23 12:10:44-main--INFO -com.ctaf.accelerators.TestEngine:in CAM_Startime()
2017-11-23 12:10:46-main--INFO -com.ctaf.accelerators.TestEngine:Successfully clicked on Start Time
2017-11-23 12:10:46-main--INFO -com.ctaf.accelerators.TestEngine:in CAM_EndTime()
2017-11-23 12:10:48-main--INFO -com.ctaf.accelerators.TestEngine:Successfully clicked on End Time
2017-11-23 12:10:48-main--INFO -com.ctaf.accelerators.TestEngine:in CAM_SelectCrewType()
2017-11-23 12:10:50-main--INFO -com.ctaf.accelerators.TestEngine:Successfully clicked on Crew type
2017-11-23 12:10:51-main--INFO -com.ctaf.accelerators.TestEngine:in CAM_SelectDestination()
2017-11-23 12:10:53-main--INFO -com.ctaf.accelerators.TestEngine:Successfully clicked on Flight Staus
2017-11-23 12:10:53-main--INFO -com.ctaf.accelerators.TestEngine:in PAD_SMSTemplate()
2017-11-23 12:10:55-main--INFO -com.ctaf.accelerators.TestEngine:Successfully clicked on SMS Template
2017-11-23 12:10:56-main--INFO -com.ctaf.accelerators.TestEngine:Successfully clicked on Destination Place 	Welcome Crew Template
2017-11-23 12:10:56-main--INFO -com.ctaf.accelerators.TestEngine:in CAM_AddCCNo()
2017-11-23 12:10:58-main--INFO -com.ctaf.accelerators.TestEngine:Type  12345 in CC No
2017-11-23 12:10:58-main--INFO -com.ctaf.accelerators.TestEngine:in ClickGenerate()
2017-11-23 12:11:00-main--INFO -com.ctaf.accelerators.TestEngine:Successfully clicked on Generate Button
2017-11-23 12:11:00-main--INFO -com.ctaf.accelerators.TestEngine:in AU_SelectFirstFlight()
2017-11-23 12:11:02-main--INFO -com.ctaf.accelerators.TestEngine:in SelectCommunicationOption()
2017-11-23 12:11:03-main--INFO -com.ctaf.accelerators.TestEngine:in ClickSendButton()
2017-11-23 12:11:03-main--INFO -com.ctaf.accelerators.TestEngine:Successfully clicked on Send Button
2017-11-23 12:11:03-main--INFO -com.ctaf.accelerators.TestEngine:in VerifyConfirmation()
2017-11-23 12:12:04-main--INFO -com.ctaf.accelerators.TestEngine:Starting browser : chrome
2017-11-23 12:12:10-main--INFO -com.ctaf.accelerators.TestEngine:Current Test : TC_016
2017-11-23 12:12:10-main--INFO -com.ctaf.accelerators.TestEngine:in Indigo_Login()
2017-11-23 12:12:10-main--INFO -com.ctaf.accelerators.TestEngine:Type  seema.rani in username
2017-11-23 12:12:10-main--INFO -com.ctaf.accelerators.TestEngine:Type  Test@123 in password
2017-11-23 12:12:13-main--INFO -com.ctaf.accelerators.TestEngine:Successfully clicked on Log In
2017-11-23 12:12:13-main--INFO -com.ctaf.accelerators.TestEngine:in ClickMenuOptions()
2017-11-23 12:12:13-main--INFO -com.ctaf.accelerators.TestEngine:Successfully clicked on Menu Options
2017-11-23 12:12:13-main--INFO -com.ctaf.accelerators.TestEngine:in ClickMainMenu()
2017-11-23 12:12:13-main--INFO -com.ctaf.accelerators.TestEngine:Successfully clicked on Main Menu 	OCC
2017-11-23 12:12:13-main--INFO -com.ctaf.accelerators.TestEngine:in ClickSubMenu()
2017-11-23 12:12:17-main--INFO -com.ctaf.accelerators.TestEngine:Successfully clicked on Sub Menu 	Crew Adhoc Message
2017-11-23 12:12:17-main--INFO -com.ctaf.accelerators.TestEngine:in CAM_SelectCrewNotificationType()
2017-11-23 12:12:17-main--INFO -com.ctaf.accelerators.TestEngine:Successfully clicked on Crew Notification Type
2017-11-23 12:12:17-main--INFO -com.ctaf.accelerators.TestEngine:in SelectFromDate()
2017-11-23 12:12:19-main--INFO -com.ctaf.accelerators.TestEngine:in SelectToDate()
2017-11-23 12:12:20-main--INFO -com.ctaf.accelerators.TestEngine:in CAM_SelectOrigin()
2017-11-23 12:12:23-main--INFO -com.ctaf.accelerators.TestEngine:Successfully clicked on Origin
2017-11-23 12:12:23-main--INFO -com.ctaf.accelerators.TestEngine:Successfully clicked on Origin Place 	AMD
2017-11-23 12:12:23-main--INFO -com.ctaf.accelerators.TestEngine:in CAM_SelectDestination()
2017-11-23 12:12:25-main--INFO -com.ctaf.accelerators.TestEngine:Successfully clicked on Destination
2017-11-23 12:12:25-main--INFO -com.ctaf.accelerators.TestEngine:in SelectFlightNo()
2017-11-23 12:12:27-main--INFO -com.ctaf.accelerators.TestEngine:Successfully clicked on Flight no
2017-11-23 12:12:28-main--INFO -com.ctaf.accelerators.TestEngine:Successfully clicked on Flight no 	Select All
2017-11-23 12:12:28-main--INFO -com.ctaf.accelerators.TestEngine:in CAM_Startime()
2017-11-23 12:12:30-main--INFO -com.ctaf.accelerators.TestEngine:Successfully clicked on Start Time
2017-11-23 12:12:30-main--INFO -com.ctaf.accelerators.TestEngine:in CAM_EndTime()
2017-11-23 12:12:32-main--INFO -com.ctaf.accelerators.TestEngine:Successfully clicked on End Time
2017-11-23 12:12:32-main--INFO -com.ctaf.accelerators.TestEngine:in CAM_SelectCrewType()
2017-11-23 12:12:35-main--INFO -com.ctaf.accelerators.TestEngine:Successfully clicked on Crew type
2017-11-23 12:12:37-main--INFO -com.ctaf.accelerators.TestEngine:in CAM_SelectDestination()
2017-11-23 12:12:39-main--INFO -com.ctaf.accelerators.TestEngine:Successfully clicked on Flight Staus
2017-11-23 12:12:39-main--INFO -com.ctaf.accelerators.TestEngine:in PAD_SMSTemplate()
2017-11-23 12:12:41-main--INFO -com.ctaf.accelerators.TestEngine:Successfully clicked on SMS Template
2017-11-23 12:12:41-main--INFO -com.ctaf.accelerators.TestEngine:Successfully clicked on Destination Place 	Welcome Crew Template
2017-11-23 12:12:41-main--INFO -com.ctaf.accelerators.TestEngine:in CAM_AddCCNo()
2017-11-23 12:12:43-main--INFO -com.ctaf.accelerators.TestEngine:Type  12345 in CC No
2017-11-23 12:12:43-main--INFO -com.ctaf.accelerators.TestEngine:in ClickGenerate()
2017-11-23 12:12:45-main--INFO -com.ctaf.accelerators.TestEngine:Successfully clicked on Generate Button
2017-11-23 12:12:45-main--INFO -com.ctaf.accelerators.TestEngine:in AU_SelectFirstFlight()
2017-11-23 12:12:47-main--INFO -com.ctaf.accelerators.TestEngine:in SelectCommunicationOption()
2017-11-23 12:12:48-main--INFO -com.ctaf.accelerators.TestEngine:in ClickSendButton()
2017-11-23 12:12:48-main--INFO -com.ctaf.accelerators.TestEngine:Successfully clicked on Send Button
2017-11-23 12:12:48-main--INFO -com.ctaf.accelerators.TestEngine:in VerifyConfirmation()
2017-11-23 12:13:52-main--INFO -com.ctaf.accelerators.TestEngine:Starting browser : chrome
2017-11-23 12:13:58-main--INFO -com.ctaf.accelerators.TestEngine:Current Test : TC_016
2017-11-23 12:13:58-main--INFO -com.ctaf.accelerators.TestEngine:in Indigo_Login()
2017-11-23 12:13:58-main--INFO -com.ctaf.accelerators.TestEngine:Type  seema.rani in username
2017-11-23 12:13:58-main--INFO -com.ctaf.accelerators.TestEngine:Type  Test@123 in password
2017-11-23 12:14:00-main--INFO -com.ctaf.accelerators.TestEngine:Successfully clicked on Log In
2017-11-23 12:14:00-main--INFO -com.ctaf.accelerators.TestEngine:in ClickMenuOptions()
2017-11-23 12:14:00-main--INFO -com.ctaf.accelerators.TestEngine:Successfully clicked on Menu Options
2017-11-23 12:14:00-main--INFO -com.ctaf.accelerators.TestEngine:in ClickMainMenu()
2017-11-23 12:14:01-main--INFO -com.ctaf.accelerators.TestEngine:Successfully clicked on Main Menu 	OCC
2017-11-23 12:14:01-main--INFO -com.ctaf.accelerators.TestEngine:in ClickSubMenu()
2017-11-23 12:14:04-main--INFO -com.ctaf.accelerators.TestEngine:Successfully clicked on Sub Menu 	Crew Adhoc Message
2017-11-23 12:14:04-main--INFO -com.ctaf.accelerators.TestEngine:in CAM_SelectCrewNotificationType()
2017-11-23 12:14:04-main--INFO -com.ctaf.accelerators.TestEngine:Successfully clicked on Crew Notification Type
2017-11-23 12:14:04-main--INFO -com.ctaf.accelerators.TestEngine:in SelectFromDate()
2017-11-23 12:14:06-main--INFO -com.ctaf.accelerators.TestEngine:in SelectToDate()
2017-11-23 12:14:08-main--INFO -com.ctaf.accelerators.TestEngine:in CAM_SelectOrigin()
2017-11-23 12:14:10-main--INFO -com.ctaf.accelerators.TestEngine:Successfully clicked on Origin
2017-11-23 12:14:10-main--INFO -com.ctaf.accelerators.TestEngine:Successfully clicked on Origin Place 	AMD
2017-11-23 12:14:10-main--INFO -com.ctaf.accelerators.TestEngine:in CAM_SelectDestination()
2017-11-23 12:14:12-main--INFO -com.ctaf.accelerators.TestEngine:Successfully clicked on Destination
2017-11-23 12:14:12-main--INFO -com.ctaf.accelerators.TestEngine:in SelectFlightNo()
2017-11-23 12:14:14-main--INFO -com.ctaf.accelerators.TestEngine:Successfully clicked on Flight no
2017-11-23 12:14:15-main--INFO -com.ctaf.accelerators.TestEngine:Successfully clicked on Flight no 	Select All
2017-11-23 12:14:15-main--INFO -com.ctaf.accelerators.TestEngine:in CAM_Startime()
2017-11-23 12:14:17-main--INFO -com.ctaf.accelerators.TestEngine:Successfully clicked on Start Time
2017-11-23 12:14:17-main--INFO -com.ctaf.accelerators.TestEngine:in CAM_EndTime()
2017-11-23 12:14:20-main--INFO -com.ctaf.accelerators.TestEngine:Successfully clicked on End Time
2017-11-23 12:14:20-main--INFO -com.ctaf.accelerators.TestEngine:in CAM_SelectCrewType()
2017-11-23 12:14:22-main--INFO -com.ctaf.accelerators.TestEngine:Successfully clicked on Crew type
2017-11-23 12:14:24-main--INFO -com.ctaf.accelerators.TestEngine:in CAM_SelectDestination()
2017-11-23 12:14:26-main--INFO -com.ctaf.accelerators.TestEngine:Successfully clicked on Flight Staus
2017-11-23 12:14:26-main--INFO -com.ctaf.accelerators.TestEngine:in PAD_SMSTemplate()
2017-11-23 12:14:28-main--INFO -com.ctaf.accelerators.TestEngine:Successfully clicked on SMS Template
2017-11-23 12:14:28-main--INFO -com.ctaf.accelerators.TestEngine:Successfully clicked on Destination Place 	Welcome Crew Template
2017-11-23 12:14:28-main--INFO -com.ctaf.accelerators.TestEngine:in CAM_AddCCNo()
2017-11-23 12:14:31-main--INFO -com.ctaf.accelerators.TestEngine:Type  12345 in CC No
2017-11-23 12:14:31-main--INFO -com.ctaf.accelerators.TestEngine:in ClickGenerate()
2017-11-23 12:14:33-main--INFO -com.ctaf.accelerators.TestEngine:Successfully clicked on Generate Button
2017-11-23 12:14:33-main--INFO -com.ctaf.accelerators.TestEngine:in AU_SelectFirstFlight()
2017-11-23 12:14:34-main--INFO -com.ctaf.accelerators.TestEngine:in SelectCommunicationOption()
2017-11-23 12:14:35-main--INFO -com.ctaf.accelerators.TestEngine:in ClickSendButton()
2017-11-23 12:14:36-main--INFO -com.ctaf.accelerators.TestEngine:Successfully clicked on Send Button
2017-11-23 12:14:36-main--INFO -com.ctaf.accelerators.TestEngine:in VerifyConfirmation()
2017-11-23 12:18:16-main--INFO -com.ctaf.accelerators.TestEngine:Starting browser : chrome
2017-11-23 12:18:20-main--INFO -com.ctaf.accelerators.TestEngine:Current Test : TC_016
2017-11-23 12:18:20-main--INFO -com.ctaf.accelerators.TestEngine:in Indigo_Login()
2017-11-23 12:18:20-main--INFO -com.ctaf.accelerators.TestEngine:Type  seema.rani in username
2017-11-23 12:18:21-main--INFO -com.ctaf.accelerators.TestEngine:Type  Test@123 in password
2017-11-23 12:18:22-main--INFO -com.ctaf.accelerators.TestEngine:Successfully clicked on Log In
2017-11-23 12:18:22-main--INFO -com.ctaf.accelerators.TestEngine:in ClickMenuOptions()
2017-11-23 12:18:22-main--INFO -com.ctaf.accelerators.TestEngine:Successfully clicked on Menu Options
2017-11-23 12:18:22-main--INFO -com.ctaf.accelerators.TestEngine:in ClickMainMenu()
2017-11-23 12:18:23-main--INFO -com.ctaf.accelerators.TestEngine:Successfully clicked on Main Menu 	OCC
2017-11-23 12:18:23-main--INFO -com.ctaf.accelerators.TestEngine:in ClickSubMenu()
2017-11-23 12:18:25-main--INFO -com.ctaf.accelerators.TestEngine:Successfully clicked on Sub Menu 	Crew Adhoc Message
2017-11-23 12:18:25-main--INFO -com.ctaf.accelerators.TestEngine:in CAM_SelectCrewNotificationType()
2017-11-23 12:18:26-main--INFO -com.ctaf.accelerators.TestEngine:Successfully clicked on Crew Notification Type
2017-11-23 12:18:26-main--INFO -com.ctaf.accelerators.TestEngine:in SelectFromDate()
2017-11-23 12:18:27-main--INFO -com.ctaf.accelerators.TestEngine:in SelectToDate()
2017-11-23 12:18:29-main--INFO -com.ctaf.accelerators.TestEngine:in CAM_SelectOrigin()
2017-11-23 12:18:31-main--INFO -com.ctaf.accelerators.TestEngine:Successfully clicked on Origin
2017-11-23 12:18:31-main--INFO -com.ctaf.accelerators.TestEngine:Successfully clicked on Origin Place 	AMD
2017-11-23 12:18:31-main--INFO -com.ctaf.accelerators.TestEngine:in CAM_SelectDestination()
2017-11-23 12:18:33-main--INFO -com.ctaf.accelerators.TestEngine:Successfully clicked on Destination
2017-11-23 12:18:33-main--INFO -com.ctaf.accelerators.TestEngine:in SelectFlightNo()
2017-11-23 12:18:36-main--INFO -com.ctaf.accelerators.TestEngine:Successfully clicked on Flight no
2017-11-23 12:18:37-main--INFO -com.ctaf.accelerators.TestEngine:Successfully clicked on Flight no 	Select All
2017-11-23 12:18:37-main--INFO -com.ctaf.accelerators.TestEngine:in CAM_Startime()
2017-11-23 12:18:39-main--INFO -com.ctaf.accelerators.TestEngine:Successfully clicked on Start Time
2017-11-23 12:18:39-main--INFO -com.ctaf.accelerators.TestEngine:in CAM_EndTime()
2017-11-23 12:18:41-main--INFO -com.ctaf.accelerators.TestEngine:Successfully clicked on End Time
2017-11-23 12:18:41-main--INFO -com.ctaf.accelerators.TestEngine:in CAM_SelectCrewType()
2017-11-23 12:18:43-main--INFO -com.ctaf.accelerators.TestEngine:Successfully clicked on Crew type
2017-11-23 12:18:45-main--INFO -com.ctaf.accelerators.TestEngine:in CAM_SelectDestination()
2017-11-23 12:18:47-main--INFO -com.ctaf.accelerators.TestEngine:Successfully clicked on Flight Staus
2017-11-23 12:18:47-main--INFO -com.ctaf.accelerators.TestEngine:in PAD_SMSTemplate()
2017-11-23 12:18:50-main--INFO -com.ctaf.accelerators.TestEngine:Successfully clicked on SMS Template
2017-11-23 12:18:50-main--INFO -com.ctaf.accelerators.TestEngine:Successfully clicked on Destination Place 	Welcome Crew Template
2017-11-23 12:18:50-main--INFO -com.ctaf.accelerators.TestEngine:in CAM_AddCCNo()
2017-11-23 12:18:52-main--INFO -com.ctaf.accelerators.TestEngine:Type  12345 in CC No
2017-11-23 12:18:52-main--INFO -com.ctaf.accelerators.TestEngine:in ClickGenerate()
2017-11-23 12:18:54-main--INFO -com.ctaf.accelerators.TestEngine:Successfully clicked on Generate Button
2017-11-23 12:18:54-main--INFO -com.ctaf.accelerators.TestEngine:in AU_SelectFirstFlight()
2017-11-23 12:18:55-main--INFO -com.ctaf.accelerators.TestEngine:in SelectCommunicationOption()
2017-11-23 12:18:56-main--INFO -com.ctaf.accelerators.TestEngine:in ClickSendButton()
2017-11-23 12:18:56-main--INFO -com.ctaf.accelerators.TestEngine:Successfully clicked on Send Button
2017-11-23 12:18:56-main--INFO -com.ctaf.accelerators.TestEngine:in VerifyConfirmation()
2017-11-23 12:19:48-main--INFO -com.ctaf.accelerators.TestEngine:Starting browser : chrome
2017-11-23 12:19:55-main--INFO -com.ctaf.accelerators.TestEngine:Current Test : TC_017
2017-11-23 12:19:55-main--INFO -com.ctaf.accelerators.TestEngine:in Indigo_Login()
2017-11-23 12:19:55-main--INFO -com.ctaf.accelerators.TestEngine:Type  seema.rani in username
2017-11-23 12:19:55-main--INFO -com.ctaf.accelerators.TestEngine:Type  Test@123 in password
2017-11-23 12:19:57-main--INFO -com.ctaf.accelerators.TestEngine:Successfully clicked on Log In
2017-11-23 12:19:57-main--INFO -com.ctaf.accelerators.TestEngine:in ClickMenuOptions()
2017-11-23 12:19:57-main--INFO -com.ctaf.accelerators.TestEngine:Successfully clicked on Menu Options
2017-11-23 12:19:57-main--INFO -com.ctaf.accelerators.TestEngine:in ClickMainMenu()
2017-11-23 12:19:58-main--INFO -com.ctaf.accelerators.TestEngine:Successfully clicked on Main Menu 	OCC
2017-11-23 12:19:58-main--INFO -com.ctaf.accelerators.TestEngine:in ClickSubMenu()
2017-11-23 12:20:00-main--INFO -com.ctaf.accelerators.TestEngine:Successfully clicked on Sub Menu 	Crew Adhoc Message
2017-11-23 12:20:00-main--INFO -com.ctaf.accelerators.TestEngine:in CAM_SelectCrewNotificationType()
2017-11-23 12:20:00-main--INFO -com.ctaf.accelerators.TestEngine:Successfully clicked on Crew Notification Type
2017-11-23 12:20:00-main--INFO -com.ctaf.accelerators.TestEngine:in CAM_SelectCrewType()
2017-11-23 12:20:02-main--INFO -com.ctaf.accelerators.TestEngine:Successfully clicked on Crew type
2017-11-23 12:20:05-main--INFO -com.ctaf.accelerators.TestEngine:in CAM_SelectBase()
2017-11-23 12:20:07-main--INFO -com.ctaf.accelerators.TestEngine:Successfully clicked on Base
2017-11-23 12:20:07-main--INFO -com.ctaf.accelerators.TestEngine:in PAD_SMSTemplate()
2017-11-23 12:20:09-main--INFO -com.ctaf.accelerators.TestEngine:Successfully clicked on SMS Template
2017-11-23 12:20:09-main--INFO -com.ctaf.accelerators.TestEngine:Successfully clicked on Destination Place 	Welcome Crew Template
2017-11-23 12:20:09-main--INFO -com.ctaf.accelerators.TestEngine:in CAM_AddCCNo()
2017-11-23 12:20:11-main--INFO -com.ctaf.accelerators.TestEngine:Type  12345 in CC No
2017-11-23 12:20:11-main--INFO -com.ctaf.accelerators.TestEngine:in ClickGenerate()
2017-11-23 12:20:13-main--INFO -com.ctaf.accelerators.TestEngine:Successfully clicked on Generate Button
2017-11-23 12:20:13-main--INFO -com.ctaf.accelerators.TestEngine:in SelectSMS()
2017-11-23 12:20:15-main--INFO -com.ctaf.accelerators.TestEngine:in CAM_ClickSend()
2017-11-23 12:20:15-main--INFO -com.ctaf.accelerators.TestEngine:Successfully clicked on Send Button
2017-11-23 12:20:16-main--INFO -com.ctaf.accelerators.TestEngine:in VerifyConfirmation()
2017-11-23 12:22:19-main--INFO -com.ctaf.accelerators.TestEngine:Starting browser : chrome
2017-11-23 12:22:26-main--INFO -com.ctaf.accelerators.TestEngine:Current Test : TC_017
2017-11-23 12:22:26-main--INFO -com.ctaf.accelerators.TestEngine:in Indigo_Login()
2017-11-23 12:22:26-main--INFO -com.ctaf.accelerators.TestEngine:Type  seema.rani in username
2017-11-23 12:22:26-main--INFO -com.ctaf.accelerators.TestEngine:Type  Test@123 in password
2017-11-23 12:22:28-main--INFO -com.ctaf.accelerators.TestEngine:Successfully clicked on Log In
2017-11-23 12:22:28-main--INFO -com.ctaf.accelerators.TestEngine:in ClickMenuOptions()
2017-11-23 12:22:28-main--INFO -com.ctaf.accelerators.TestEngine:Successfully clicked on Menu Options
2017-11-23 12:22:28-main--INFO -com.ctaf.accelerators.TestEngine:in ClickMainMenu()
2017-11-23 12:22:28-main--INFO -com.ctaf.accelerators.TestEngine:Successfully clicked on Main Menu 	OCC
2017-11-23 12:22:28-main--INFO -com.ctaf.accelerators.TestEngine:in ClickSubMenu()
2017-11-23 12:22:31-main--INFO -com.ctaf.accelerators.TestEngine:Successfully clicked on Sub Menu 	Crew Adhoc Message
2017-11-23 12:22:31-main--INFO -com.ctaf.accelerators.TestEngine:in CAM_SelectCrewNotificationType()
2017-11-23 12:22:31-main--INFO -com.ctaf.accelerators.TestEngine:Successfully clicked on Crew Notification Type
2017-11-23 12:22:31-main--INFO -com.ctaf.accelerators.TestEngine:in CAM_SelectCrewType()
2017-11-23 12:22:33-main--INFO -com.ctaf.accelerators.TestEngine:Successfully clicked on Crew type
2017-11-23 12:22:35-main--INFO -com.ctaf.accelerators.TestEngine:in CAM_SelectBase()
2017-11-23 12:22:37-main--INFO -com.ctaf.accelerators.TestEngine:Successfully clicked on Base
2017-11-23 12:22:37-main--INFO -com.ctaf.accelerators.TestEngine:in PAD_SMSTemplate()
2017-11-23 12:22:39-main--INFO -com.ctaf.accelerators.TestEngine:Successfully clicked on SMS Template
2017-11-23 12:22:40-main--INFO -com.ctaf.accelerators.TestEngine:Successfully clicked on Destination Place 	Welcome Crew Template
2017-11-23 12:22:40-main--INFO -com.ctaf.accelerators.TestEngine:in CAM_AddCCNo()
2017-11-23 12:22:42-main--INFO -com.ctaf.accelerators.TestEngine:Type  12345 in CC No
2017-11-23 12:22:42-main--INFO -com.ctaf.accelerators.TestEngine:in ClickGenerate()
2017-11-23 12:22:44-main--INFO -com.ctaf.accelerators.TestEngine:Successfully clicked on Generate Button
2017-11-23 12:22:44-main--INFO -com.ctaf.accelerators.TestEngine:in SelectSMS()
2017-11-23 12:22:46-main--INFO -com.ctaf.accelerators.TestEngine:in CAM_ClickSend()
2017-11-23 12:22:46-main--INFO -com.ctaf.accelerators.TestEngine:Successfully clicked on Send Button
2017-11-23 12:22:47-main--INFO -com.ctaf.accelerators.TestEngine:in VerifyConfirmation()
2017-11-23 12:26:56-main--INFO -com.ctaf.accelerators.TestEngine:Starting browser : chrome
2017-11-23 12:27:03-main--INFO -com.ctaf.accelerators.TestEngine:Current Test : TC_017
2017-11-23 12:27:03-main--INFO -com.ctaf.accelerators.TestEngine:in Indigo_Login()
2017-11-23 12:27:03-main--INFO -com.ctaf.accelerators.TestEngine:Type  seema.rani in username
2017-11-23 12:27:04-main--INFO -com.ctaf.accelerators.TestEngine:Type  Test@123 in password
2017-11-23 12:27:06-main--INFO -com.ctaf.accelerators.TestEngine:Successfully clicked on Log In
2017-11-23 12:27:06-main--INFO -com.ctaf.accelerators.TestEngine:in ClickMenuOptions()
2017-11-23 12:27:06-main--INFO -com.ctaf.accelerators.TestEngine:Successfully clicked on Menu Options
2017-11-23 12:27:06-main--INFO -com.ctaf.accelerators.TestEngine:in ClickMainMenu()
2017-11-23 12:27:07-main--INFO -com.ctaf.accelerators.TestEngine:Successfully clicked on Main Menu 	OCC
2017-11-23 12:27:07-main--INFO -com.ctaf.accelerators.TestEngine:in ClickSubMenu()
2017-11-23 12:27:10-main--INFO -com.ctaf.accelerators.TestEngine:Successfully clicked on Sub Menu 	Crew Adhoc Message
2017-11-23 12:27:10-main--INFO -com.ctaf.accelerators.TestEngine:in CAM_SelectCrewNotificationType()
2017-11-23 12:27:10-main--INFO -com.ctaf.accelerators.TestEngine:Successfully clicked on Crew Notification Type
2017-11-23 12:27:10-main--INFO -com.ctaf.accelerators.TestEngine:in CAM_SelectCrewType()
2017-11-23 12:27:12-main--INFO -com.ctaf.accelerators.TestEngine:Successfully clicked on Crew type
2017-11-23 12:27:14-main--INFO -com.ctaf.accelerators.TestEngine:in CAM_SelectBase()
2017-11-23 12:27:17-main--INFO -com.ctaf.accelerators.TestEngine:Successfully clicked on Base
2017-11-23 12:27:17-main--INFO -com.ctaf.accelerators.TestEngine:in PAD_SMSTemplate()
2017-11-23 12:27:19-main--INFO -com.ctaf.accelerators.TestEngine:Successfully clicked on SMS Template
2017-11-23 12:27:19-main--INFO -com.ctaf.accelerators.TestEngine:Successfully clicked on Destination Place 	Welcome Crew Template
2017-11-23 12:27:19-main--INFO -com.ctaf.accelerators.TestEngine:in CAM_AddCCNo()
2017-11-23 12:27:21-main--INFO -com.ctaf.accelerators.TestEngine:Type  12345 in CC No
2017-11-23 12:27:21-main--INFO -com.ctaf.accelerators.TestEngine:in ClickGenerate()
2017-11-23 12:27:23-main--INFO -com.ctaf.accelerators.TestEngine:Successfully clicked on Generate Button
2017-11-23 12:27:23-main--INFO -com.ctaf.accelerators.TestEngine:in SelectSMS()
2017-11-23 12:27:25-main--INFO -com.ctaf.accelerators.TestEngine:in CAM_ClickSend()
2017-11-23 12:27:26-main--INFO -com.ctaf.accelerators.TestEngine:Successfully clicked on Send Button
2017-11-23 12:27:27-main--INFO -com.ctaf.accelerators.TestEngine:in VerifyConfirmation()
2017-11-23 12:28:01-main--INFO -com.ctaf.accelerators.TestEngine:Starting browser : chrome
2017-11-23 12:28:08-main--INFO -com.ctaf.accelerators.TestEngine:Current Test : TC_016
2017-11-23 12:28:08-main--INFO -com.ctaf.accelerators.TestEngine:in Indigo_Login()
2017-11-23 12:28:08-main--INFO -com.ctaf.accelerators.TestEngine:Type  seema.rani in username
2017-11-23 12:28:08-main--INFO -com.ctaf.accelerators.TestEngine:Type  Test@123 in password
2017-11-23 12:28:10-main--INFO -com.ctaf.accelerators.TestEngine:Successfully clicked on Log In
2017-11-23 12:28:10-main--INFO -com.ctaf.accelerators.TestEngine:in ClickMenuOptions()
2017-11-23 12:28:10-main--INFO -com.ctaf.accelerators.TestEngine:Successfully clicked on Menu Options
2017-11-23 12:28:10-main--INFO -com.ctaf.accelerators.TestEngine:in ClickMainMenu()
2017-11-23 12:28:10-main--INFO -com.ctaf.accelerators.TestEngine:Successfully clicked on Main Menu 	OCC
2017-11-23 12:28:10-main--INFO -com.ctaf.accelerators.TestEngine:in ClickSubMenu()
2017-11-23 12:28:13-main--INFO -com.ctaf.accelerators.TestEngine:Successfully clicked on Sub Menu 	Crew Adhoc Message
2017-11-23 12:28:13-main--INFO -com.ctaf.accelerators.TestEngine:in CAM_SelectCrewNotificationType()
2017-11-23 12:28:13-main--INFO -com.ctaf.accelerators.TestEngine:Successfully clicked on Crew Notification Type
2017-11-23 12:28:14-main--INFO -com.ctaf.accelerators.TestEngine:in SelectFromDate()
2017-11-23 12:28:15-main--INFO -com.ctaf.accelerators.TestEngine:in SelectToDate()
2017-11-23 12:28:17-main--INFO -com.ctaf.accelerators.TestEngine:in CAM_SelectOrigin()
2017-11-23 12:28:19-main--INFO -com.ctaf.accelerators.TestEngine:Successfully clicked on Origin
2017-11-23 12:28:20-main--INFO -com.ctaf.accelerators.TestEngine:Successfully clicked on Origin Place 	AMD
2017-11-23 12:28:20-main--INFO -com.ctaf.accelerators.TestEngine:in CAM_SelectDestination()
2017-11-23 12:28:22-main--INFO -com.ctaf.accelerators.TestEngine:Successfully clicked on Destination
2017-11-23 12:28:22-main--INFO -com.ctaf.accelerators.TestEngine:in SelectFlightNo()
2017-11-23 12:28:24-main--INFO -com.ctaf.accelerators.TestEngine:Successfully clicked on Flight no
2017-11-23 12:28:25-main--INFO -com.ctaf.accelerators.TestEngine:Successfully clicked on Flight no 	Select All
2017-11-23 12:28:25-main--INFO -com.ctaf.accelerators.TestEngine:in CAM_Startime()
2017-11-23 12:28:27-main--INFO -com.ctaf.accelerators.TestEngine:Successfully clicked on Start Time
2017-11-23 12:28:27-main--INFO -com.ctaf.accelerators.TestEngine:in CAM_EndTime()
2017-11-23 12:28:29-main--INFO -com.ctaf.accelerators.TestEngine:Successfully clicked on End Time
2017-11-23 12:28:29-main--INFO -com.ctaf.accelerators.TestEngine:in CAM_SelectCrewType()
2017-11-23 12:28:31-main--INFO -com.ctaf.accelerators.TestEngine:Successfully clicked on Crew type
2017-11-23 12:28:34-main--INFO -com.ctaf.accelerators.TestEngine:in CAM_SelectDestination()
2017-11-23 12:28:36-main--INFO -com.ctaf.accelerators.TestEngine:Successfully clicked on Flight Staus
2017-11-23 12:28:36-main--INFO -com.ctaf.accelerators.TestEngine:in PAD_SMSTemplate()
2017-11-23 12:28:38-main--INFO -com.ctaf.accelerators.TestEngine:Successfully clicked on SMS Template
2017-11-23 12:28:38-main--INFO -com.ctaf.accelerators.TestEngine:Successfully clicked on Destination Place 	Welcome Crew Template
2017-11-23 12:28:38-main--INFO -com.ctaf.accelerators.TestEngine:in CAM_AddCCNo()
2017-11-23 12:28:40-main--INFO -com.ctaf.accelerators.TestEngine:Type  12345 in CC No
2017-11-23 12:28:40-main--INFO -com.ctaf.accelerators.TestEngine:in ClickGenerate()
2017-11-23 12:28:42-main--INFO -com.ctaf.accelerators.TestEngine:Successfully clicked on Generate Button
2017-11-23 12:28:42-main--INFO -com.ctaf.accelerators.TestEngine:in AU_SelectFirstFlight()
2017-11-23 12:28:43-main--INFO -com.ctaf.accelerators.TestEngine:in SelectCommunicationOption()
2017-11-23 12:28:44-main--INFO -com.ctaf.accelerators.TestEngine:in ClickSendButton()
2017-11-23 12:28:45-main--INFO -com.ctaf.accelerators.TestEngine:Successfully clicked on Send Button
2017-11-23 12:28:45-main--INFO -com.ctaf.accelerators.TestEngine:in VerifyConfirmation()
2017-11-23 12:31:31-main--INFO -com.ctaf.accelerators.TestEngine:Starting browser : chrome
2017-11-23 12:31:38-main--INFO -com.ctaf.accelerators.TestEngine:Current Test : TC_017
2017-11-23 12:31:38-main--INFO -com.ctaf.accelerators.TestEngine:in Indigo_Login()
2017-11-23 12:31:38-main--INFO -com.ctaf.accelerators.TestEngine:Type  seema.rani in username
2017-11-23 12:31:38-main--INFO -com.ctaf.accelerators.TestEngine:Type  Test@123 in password
2017-11-23 12:31:40-main--INFO -com.ctaf.accelerators.TestEngine:Successfully clicked on Log In
2017-11-23 12:31:40-main--INFO -com.ctaf.accelerators.TestEngine:in ClickMenuOptions()
2017-11-23 12:31:40-main--INFO -com.ctaf.accelerators.TestEngine:Successfully clicked on Menu Options
2017-11-23 12:31:40-main--INFO -com.ctaf.accelerators.TestEngine:in ClickMainMenu()
2017-11-23 12:31:40-main--INFO -com.ctaf.accelerators.TestEngine:Successfully clicked on Main Menu 	OCC
2017-11-23 12:31:40-main--INFO -com.ctaf.accelerators.TestEngine:in ClickSubMenu()
2017-11-23 12:31:43-main--INFO -com.ctaf.accelerators.TestEngine:Successfully clicked on Sub Menu 	Crew Adhoc Message
2017-11-23 12:31:43-main--INFO -com.ctaf.accelerators.TestEngine:in CAM_SelectCrewNotificationType()
2017-11-23 12:31:43-main--INFO -com.ctaf.accelerators.TestEngine:Successfully clicked on Crew Notification Type
2017-11-23 12:31:43-main--INFO -com.ctaf.accelerators.TestEngine:in CAM_SelectCrewType()
2017-11-23 12:31:45-main--INFO -com.ctaf.accelerators.TestEngine:Successfully clicked on Crew type
2017-11-23 12:31:47-main--INFO -com.ctaf.accelerators.TestEngine:in CAM_SelectBase()
2017-11-23 12:31:50-main--INFO -com.ctaf.accelerators.TestEngine:Successfully clicked on Base
2017-11-23 12:31:50-main--INFO -com.ctaf.accelerators.TestEngine:in PAD_SMSTemplate()
2017-11-23 12:31:52-main--INFO -com.ctaf.accelerators.TestEngine:Successfully clicked on SMS Template
2017-11-23 12:31:52-main--INFO -com.ctaf.accelerators.TestEngine:Successfully clicked on Destination Place 	Welcome Crew Template
2017-11-23 12:31:52-main--INFO -com.ctaf.accelerators.TestEngine:in CAM_AddCCNo()
2017-11-23 12:31:54-main--INFO -com.ctaf.accelerators.TestEngine:Type  12345 in CC No
2017-11-23 12:31:54-main--INFO -com.ctaf.accelerators.TestEngine:in ClickGenerate()
2017-11-23 12:31:56-main--INFO -com.ctaf.accelerators.TestEngine:Successfully clicked on Generate Button
2017-11-23 12:31:56-main--INFO -com.ctaf.accelerators.TestEngine:in SelectSMS()
2017-11-23 12:31:58-main--INFO -com.ctaf.accelerators.TestEngine:in CAM_ClickSend()
2017-11-23 12:31:58-main--INFO -com.ctaf.accelerators.TestEngine:Successfully clicked on Send Button
2017-11-23 12:31:59-main--INFO -com.ctaf.accelerators.TestEngine:in VerifyConfirmation()
2017-11-23 12:46:52-main--INFO -com.ctaf.accelerators.TestEngine:Starting browser : chrome
2017-11-23 12:48:00-main--INFO -com.ctaf.accelerators.TestEngine:Starting browser : chrome
2017-11-23 12:48:13-main--INFO -com.ctaf.accelerators.TestEngine:Current Test : TC_007
2017-11-23 12:48:13-main--INFO -com.ctaf.accelerators.TestEngine:in Indigo_Login()
2017-11-23 12:48:13-main--INFO -com.ctaf.accelerators.TestEngine:Type  seema.rani in username
2017-11-23 12:48:13-main--INFO -com.ctaf.accelerators.TestEngine:Type  Test@123 in password
2017-11-23 12:48:15-main--INFO -com.ctaf.accelerators.TestEngine:Successfully clicked on Log In
2017-11-23 12:48:15-main--INFO -com.ctaf.accelerators.TestEngine:in ClickMenuOptions()
2017-11-23 12:48:15-main--INFO -com.ctaf.accelerators.TestEngine:Successfully clicked on Menu Options
2017-11-23 12:48:15-main--INFO -com.ctaf.accelerators.TestEngine:in ClickMainMenu()
2017-11-23 12:48:16-main--INFO -com.ctaf.accelerators.TestEngine:Successfully clicked on Main Menu 	OCC
2017-11-23 12:48:16-main--INFO -com.ctaf.accelerators.TestEngine:in ClickSubMenu()
2017-11-23 12:48:20-main--INFO -com.ctaf.accelerators.TestEngine:Successfully clicked on Sub Menu 	AIMS Uploader
2017-11-23 12:48:20-main--INFO -com.ctaf.accelerators.TestEngine:in AU_SelectFirstFlight()
2017-11-23 12:48:21-main--INFO -com.ctaf.accelerators.TestEngine:in AU_GetFlightDetails()
2017-11-23 12:48:47-main--INFO -com.ctaf.accelerators.TestEngine:Starting browser : chrome
2017-11-23 12:48:54-main--INFO -com.ctaf.accelerators.TestEngine:Current Test : TC_007
2017-11-23 12:48:54-main--INFO -com.ctaf.accelerators.TestEngine:in Indigo_Login()
2017-11-23 12:48:54-main--INFO -com.ctaf.accelerators.TestEngine:Type  seema.rani in username
2017-11-23 12:48:55-main--INFO -com.ctaf.accelerators.TestEngine:Type  Test@123 in password
2017-11-23 12:48:57-main--INFO -com.ctaf.accelerators.TestEngine:Successfully clicked on Log In
2017-11-23 12:48:57-main--INFO -com.ctaf.accelerators.TestEngine:in ClickMenuOptions()
2017-11-23 12:48:57-main--INFO -com.ctaf.accelerators.TestEngine:Successfully clicked on Menu Options
2017-11-23 12:48:57-main--INFO -com.ctaf.accelerators.TestEngine:in ClickMainMenu()
2017-11-23 12:48:57-main--INFO -com.ctaf.accelerators.TestEngine:Successfully clicked on Main Menu 	OCC
2017-11-23 12:48:57-main--INFO -com.ctaf.accelerators.TestEngine:in ClickSubMenu()
2017-11-23 12:49:01-main--INFO -com.ctaf.accelerators.TestEngine:Successfully clicked on Sub Menu 	AIMS Uploader
2017-11-23 12:49:02-main--INFO -com.ctaf.accelerators.TestEngine:in AU_SelectFirstFlight()
2017-11-23 12:49:02-main--INFO -com.ctaf.accelerators.TestEngine:in AU_GetFlightDetails()
2017-11-23 12:49:03-main--INFO -com.ctaf.accelerators.TestEngine:in SelectReason()
2017-11-23 12:49:03-main--INFO -com.ctaf.accelerators.TestEngine:Successfully clicked on Delay Reason
2017-11-23 12:49:05-main--INFO -com.ctaf.accelerators.TestEngine:Successfully clicked on Select Reason
2017-11-23 12:49:05-main--INFO -com.ctaf.accelerators.TestEngine:in SelectAffectedStation()
2017-11-23 12:49:06-main--INFO -com.ctaf.accelerators.TestEngine:in SelectCommunicationOption()
2017-11-23 12:49:07-main--INFO -com.ctaf.accelerators.TestEngine:in VerifySMSTable()
2017-11-23 12:49:07-main--INFO -com.ctaf.accelerators.TestEngine:Successfully clicked on Sms icon
2017-11-23 12:52:07-main--INFO -com.ctaf.accelerators.TestEngine:Starting browser : chrome
2017-11-23 12:52:14-main--INFO -com.ctaf.accelerators.TestEngine:Current Test : TC_005
2017-11-23 12:52:14-main--INFO -com.ctaf.accelerators.TestEngine:in Indigo_Login()
2017-11-23 12:52:14-main--INFO -com.ctaf.accelerators.TestEngine:Type  seema.rani in username
2017-11-23 12:52:14-main--INFO -com.ctaf.accelerators.TestEngine:Type  Test@123 in password
2017-11-23 12:52:16-main--INFO -com.ctaf.accelerators.TestEngine:Successfully clicked on Log In
2017-11-23 12:52:16-main--INFO -com.ctaf.accelerators.TestEngine:in ClickMenuOptions()
2017-11-23 12:52:16-main--INFO -com.ctaf.accelerators.TestEngine:Successfully clicked on Menu Options
2017-11-23 12:52:16-main--INFO -com.ctaf.accelerators.TestEngine:in ClickMainMenu()
2017-11-23 12:52:16-main--INFO -com.ctaf.accelerators.TestEngine:Successfully clicked on Main Menu 	OCC
2017-11-23 12:52:16-main--INFO -com.ctaf.accelerators.TestEngine:in ClickSubMenu()
2017-11-23 12:52:20-main--INFO -com.ctaf.accelerators.TestEngine:Successfully clicked on Sub Menu 	AIMS Uploader
2017-11-23 12:52:20-main--INFO -com.ctaf.accelerators.TestEngine:in AU_SelectFirstFlight()
2017-11-23 12:52:20-main--INFO -com.ctaf.accelerators.TestEngine:in AU_GetFlightDetails()
2017-11-23 12:52:21-main--INFO -com.ctaf.accelerators.TestEngine:in SelectReason()
2017-11-23 12:52:21-main--INFO -com.ctaf.accelerators.TestEngine:Successfully clicked on Delay Reason
2017-11-23 12:52:22-main--INFO -com.ctaf.accelerators.TestEngine:Successfully clicked on Select Reason
2017-11-23 12:52:22-main--INFO -com.ctaf.accelerators.TestEngine:in SelectAffectedStation()
2017-11-23 12:52:23-main--INFO -com.ctaf.accelerators.TestEngine:in SelectCommunicationOption()
2017-11-23 12:52:24-main--INFO -com.ctaf.accelerators.TestEngine:in ClickSendButton()
2017-11-23 12:52:25-main--INFO -com.ctaf.accelerators.TestEngine:Successfully clicked on Send Button
2017-11-23 12:52:25-main--INFO -com.ctaf.accelerators.TestEngine:in VerifyConfirmation()
2017-11-23 13:01:24-main--INFO -com.ctaf.accelerators.TestEngine:Starting browser : chrome
2017-11-23 13:01:29-main--INFO -com.ctaf.accelerators.TestEngine:Current Test : TC_010
2017-11-23 13:01:29-main--INFO -com.ctaf.accelerators.TestEngine:in Indigo_Login()
2017-11-23 13:01:30-main--INFO -com.ctaf.accelerators.TestEngine:Type  seema.rani in username
2017-11-23 13:01:30-main--INFO -com.ctaf.accelerators.TestEngine:Type  Test@123 in password
2017-11-23 13:01:32-main--INFO -com.ctaf.accelerators.TestEngine:Successfully clicked on Log In
2017-11-23 13:01:32-main--INFO -com.ctaf.accelerators.TestEngine:in ClickMenuOptions()
2017-11-23 13:01:32-main--INFO -com.ctaf.accelerators.TestEngine:Successfully clicked on Menu Options
2017-11-23 13:01:32-main--INFO -com.ctaf.accelerators.TestEngine:in ClickMainMenu()
2017-11-23 13:01:32-main--INFO -com.ctaf.accelerators.TestEngine:Successfully clicked on Main Menu 	OCC
2017-11-23 13:01:32-main--INFO -com.ctaf.accelerators.TestEngine:in ClickSubMenu()
2017-11-23 13:01:34-main--INFO -com.ctaf.accelerators.TestEngine:Successfully clicked on Sub Menu 	Pax SMS/IVR Manual
2017-11-23 13:01:34-main--INFO -com.ctaf.accelerators.TestEngine:in SelectFromDate()
2017-11-23 13:01:36-main--INFO -com.ctaf.accelerators.TestEngine:in SelectToDate()
2017-11-23 13:01:38-main--INFO -com.ctaf.accelerators.TestEngine:in PAX_Origin()
2017-11-23 13:02:40-main--INFO -com.ctaf.accelerators.TestEngine:Starting browser : chrome
2017-11-23 13:02:49-main--INFO -com.ctaf.accelerators.TestEngine:Current Test : TC_010
2017-11-23 13:02:49-main--INFO -com.ctaf.accelerators.TestEngine:in Indigo_Login()
2017-11-23 13:02:49-main--INFO -com.ctaf.accelerators.TestEngine:Type  seema.rani in username
2017-11-23 13:02:49-main--INFO -com.ctaf.accelerators.TestEngine:Type  Test@123 in password
2017-11-23 13:02:51-main--INFO -com.ctaf.accelerators.TestEngine:Successfully clicked on Log In
2017-11-23 13:02:51-main--INFO -com.ctaf.accelerators.TestEngine:in ClickMenuOptions()
2017-11-23 13:02:51-main--INFO -com.ctaf.accelerators.TestEngine:Successfully clicked on Menu Options
2017-11-23 13:02:51-main--INFO -com.ctaf.accelerators.TestEngine:in ClickMainMenu()
2017-11-23 13:02:51-main--INFO -com.ctaf.accelerators.TestEngine:Successfully clicked on Main Menu 	OCC
2017-11-23 13:02:51-main--INFO -com.ctaf.accelerators.TestEngine:in ClickSubMenu()
2017-11-23 13:02:55-main--INFO -com.ctaf.accelerators.TestEngine:Successfully clicked on Sub Menu 	Pax SMS/IVR Manual
2017-11-23 13:02:55-main--INFO -com.ctaf.accelerators.TestEngine:in SelectFromDate()
2017-11-23 13:02:56-main--INFO -com.ctaf.accelerators.TestEngine:in SelectToDate()
2017-11-23 13:02:58-main--INFO -com.ctaf.accelerators.TestEngine:in PAX_Origin()
2017-11-23 13:03:00-main--INFO -com.ctaf.accelerators.TestEngine:Successfully clicked on Origin
2017-11-23 13:04:10-main--INFO -com.ctaf.accelerators.TestEngine:Starting browser : chrome
2017-11-23 13:04:16-main--INFO -com.ctaf.accelerators.TestEngine:Current Test : TC_010
2017-11-23 13:04:16-main--INFO -com.ctaf.accelerators.TestEngine:in Indigo_Login()
2017-11-23 13:04:16-main--INFO -com.ctaf.accelerators.TestEngine:Type  seema.rani in username
2017-11-23 13:04:16-main--INFO -com.ctaf.accelerators.TestEngine:Type  Test@123 in password
2017-11-23 13:04:18-main--INFO -com.ctaf.accelerators.TestEngine:Successfully clicked on Log In
2017-11-23 13:04:18-main--INFO -com.ctaf.accelerators.TestEngine:in ClickMenuOptions()
2017-11-23 13:04:18-main--INFO -com.ctaf.accelerators.TestEngine:Successfully clicked on Menu Options
2017-11-23 13:04:18-main--INFO -com.ctaf.accelerators.TestEngine:in ClickMainMenu()
2017-11-23 13:04:18-main--INFO -com.ctaf.accelerators.TestEngine:Successfully clicked on Main Menu 	OCC
2017-11-23 13:04:18-main--INFO -com.ctaf.accelerators.TestEngine:in ClickSubMenu()
2017-11-23 13:04:21-main--INFO -com.ctaf.accelerators.TestEngine:Successfully clicked on Sub Menu 	Pax SMS/IVR Manual
2017-11-23 13:04:21-main--INFO -com.ctaf.accelerators.TestEngine:in SelectFromDate()
2017-11-23 13:04:23-main--INFO -com.ctaf.accelerators.TestEngine:in SelectToDate()
2017-11-23 13:04:25-main--INFO -com.ctaf.accelerators.TestEngine:in PAX_Origin()
2017-11-23 13:04:27-main--INFO -com.ctaf.accelerators.TestEngine:Successfully clicked on Origin
2017-11-23 13:04:28-main--INFO -com.ctaf.accelerators.TestEngine:Successfully clicked on Origin Place 	AMD
2017-11-23 13:04:28-main--INFO -com.ctaf.accelerators.TestEngine:in PAX_SelectFlightNo()
2017-11-23 13:04:30-main--INFO -com.ctaf.accelerators.TestEngine:Successfully clicked on Origin
2017-11-23 13:04:31-main--INFO -com.ctaf.accelerators.TestEngine:Successfully clicked on Select Flight no 	
2017-11-23 13:04:31-main--INFO -com.ctaf.accelerators.TestEngine:in ClickGenerate()
2017-11-23 13:04:33-main--INFO -com.ctaf.accelerators.TestEngine:Successfully clicked on Generate Button
2017-11-23 13:04:33-main--INFO -com.ctaf.accelerators.TestEngine:in AU_SelectFirstFlight()
2017-11-23 13:04:36-main--INFO -com.ctaf.accelerators.TestEngine:in getFlightInfo()
2017-11-23 13:04:36-main--INFO -com.ctaf.accelerators.TestEngine:in GetTailNo()
2017-11-23 13:04:36-main--INFO -com.ctaf.accelerators.TestEngine:in getETD()
2017-11-23 13:04:36-main--INFO -com.ctaf.accelerators.TestEngine:in SelectReason()
2017-11-23 13:04:36-main--INFO -com.ctaf.accelerators.TestEngine:Successfully clicked on Delay Reason
2017-11-23 13:04:37-main--INFO -com.ctaf.accelerators.TestEngine:Successfully clicked on Select Reason
2017-11-23 13:04:37-main--INFO -com.ctaf.accelerators.TestEngine:in SelectAffectedStation()
2017-11-23 13:04:38-main--INFO -com.ctaf.accelerators.TestEngine:in SelectCommunicationOption()
2017-11-23 13:04:39-main--INFO -com.ctaf.accelerators.TestEngine:in ClickSendButton()
2017-11-23 13:04:40-main--INFO -com.ctaf.accelerators.TestEngine: Able to get TscreenShot
2017-11-23 13:06:19-main--INFO -com.ctaf.accelerators.TestEngine:Starting browser : chrome
2017-11-23 13:07:05-main--INFO -com.ctaf.accelerators.TestEngine:Current Test : TC_010
2017-11-23 13:07:05-main--INFO -com.ctaf.accelerators.TestEngine:in Indigo_Login()
2017-11-23 13:07:37-main--INFO -com.ctaf.accelerators.TestEngine:Starting browser : chrome
2017-11-23 13:07:41-main--INFO -com.ctaf.accelerators.TestEngine:Current Test : TC_010
2017-11-23 13:07:41-main--INFO -com.ctaf.accelerators.TestEngine:in Indigo_Login()
2017-11-23 13:07:41-main--INFO -com.ctaf.accelerators.TestEngine:Type  seema.rani in username
2017-11-23 13:07:42-main--INFO -com.ctaf.accelerators.TestEngine:Type  Test@123 in password
2017-11-23 13:08:00-main--INFO -com.ctaf.accelerators.TestEngine:Successfully clicked on Log In
2017-11-23 13:08:00-main--INFO -com.ctaf.accelerators.TestEngine:in ClickMenuOptions()
2017-11-23 13:08:00-main--INFO -com.ctaf.accelerators.TestEngine:Successfully clicked on Menu Options
2017-11-23 13:08:00-main--INFO -com.ctaf.accelerators.TestEngine:in ClickMainMenu()
2017-11-23 13:08:00-main--INFO -com.ctaf.accelerators.TestEngine:Successfully clicked on Main Menu 	OCC
2017-11-23 13:08:00-main--INFO -com.ctaf.accelerators.TestEngine:in ClickSubMenu()
2017-11-23 13:08:05-main--INFO -com.ctaf.accelerators.TestEngine:Successfully clicked on Sub Menu 	Pax SMS/IVR Manual
2017-11-23 13:08:05-main--INFO -com.ctaf.accelerators.TestEngine:in SelectFromDate()
2017-11-23 13:08:07-main--INFO -com.ctaf.accelerators.TestEngine:in SelectToDate()
2017-11-23 13:08:09-main--INFO -com.ctaf.accelerators.TestEngine:in PAX_Origin()
2017-11-23 13:08:11-main--INFO -com.ctaf.accelerators.TestEngine:Successfully clicked on Origin
2017-11-23 13:08:12-main--INFO -com.ctaf.accelerators.TestEngine:Successfully clicked on Origin Place 	BKK
2017-11-23 13:08:12-main--INFO -com.ctaf.accelerators.TestEngine:in PAX_SelectFlightNo()
2017-11-23 13:08:15-main--INFO -com.ctaf.accelerators.TestEngine:Successfully clicked on Origin
2017-11-23 13:08:16-main--INFO -com.ctaf.accelerators.TestEngine:Successfully clicked on Select Flight no 	
2017-11-23 13:08:16-main--INFO -com.ctaf.accelerators.TestEngine:in ClickGenerate()
2017-11-23 13:08:18-main--INFO -com.ctaf.accelerators.TestEngine:Successfully clicked on Generate Button
2017-11-23 13:08:18-main--INFO -com.ctaf.accelerators.TestEngine:in AU_SelectFirstFlight()
2017-11-23 13:08:21-main--INFO -com.ctaf.accelerators.TestEngine:in getFlightInfo()
2017-11-23 13:08:21-main--INFO -com.ctaf.accelerators.TestEngine:in GetTailNo()
2017-11-23 13:08:21-main--INFO -com.ctaf.accelerators.TestEngine:in getETD()
2017-11-23 13:08:21-main--INFO -com.ctaf.accelerators.TestEngine:in SelectReason()
2017-11-23 13:08:21-main--INFO -com.ctaf.accelerators.TestEngine:Successfully clicked on Delay Reason
2017-11-23 13:08:22-main--INFO -com.ctaf.accelerators.TestEngine:Successfully clicked on Select Reason
2017-11-23 13:08:22-main--INFO -com.ctaf.accelerators.TestEngine:in SelectAffectedStation()
2017-11-23 13:08:23-main--INFO -com.ctaf.accelerators.TestEngine:in SelectCommunicationOption()
2017-11-23 13:08:24-main--INFO -com.ctaf.accelerators.TestEngine:in ClickSendButton()
2017-11-23 13:08:24-main--INFO -com.ctaf.accelerators.TestEngine:Successfully clicked on Send Button
2017-11-23 13:08:24-main--INFO -com.ctaf.accelerators.TestEngine:in VerifyConfirmation()
2017-11-23 13:16:30-main--INFO -com.ctaf.accelerators.TestEngine:Starting browser : chrome
2017-11-23 13:16:35-main--INFO -com.ctaf.accelerators.TestEngine:Current Test : TC_014
2017-11-23 13:16:35-main--INFO -com.ctaf.accelerators.TestEngine:in Indigo_Login()
2017-11-23 13:16:35-main--INFO -com.ctaf.accelerators.TestEngine:Type  seema.rani in username
2017-11-23 13:16:35-main--INFO -com.ctaf.accelerators.TestEngine:Type  Test@123 in password
2017-11-23 13:16:36-main--INFO -com.ctaf.accelerators.TestEngine:Successfully clicked on Log In
2017-11-23 13:16:36-main--INFO -com.ctaf.accelerators.TestEngine:in ClickMenuOptions()
2017-11-23 13:16:37-main--INFO -com.ctaf.accelerators.TestEngine:Successfully clicked on Menu Options
2017-11-23 13:16:37-main--INFO -com.ctaf.accelerators.TestEngine:in ClickMainMenu()
2017-11-23 13:16:37-main--INFO -com.ctaf.accelerators.TestEngine:Successfully clicked on Main Menu 	OCC
2017-11-23 13:16:37-main--INFO -com.ctaf.accelerators.TestEngine:in ClickSubMenu()
2017-11-23 13:16:41-main--INFO -com.ctaf.accelerators.TestEngine:Successfully clicked on Sub Menu 	Passenger ADHOC
2017-11-23 13:16:41-main--INFO -com.ctaf.accelerators.TestEngine:in SelectFromDate()
2017-11-23 13:16:43-main--INFO -com.ctaf.accelerators.TestEngine:in SelectToDate()
2017-11-23 13:16:44-main--INFO -com.ctaf.accelerators.TestEngine:in PAD_SelectFlightType()
2017-11-23 13:17:35-main--INFO -com.ctaf.accelerators.TestEngine:Starting browser : chrome
2017-11-23 13:17:40-main--INFO -com.ctaf.accelerators.TestEngine:Current Test : TC_014
2017-11-23 13:17:40-main--INFO -com.ctaf.accelerators.TestEngine:in Indigo_Login()
2017-11-23 13:17:41-main--INFO -com.ctaf.accelerators.TestEngine:Type  seema.rani in username
2017-11-23 13:17:41-main--INFO -com.ctaf.accelerators.TestEngine:Type  Test@123 in password
2017-11-23 13:17:42-main--INFO -com.ctaf.accelerators.TestEngine:Successfully clicked on Log In
2017-11-23 13:17:42-main--INFO -com.ctaf.accelerators.TestEngine:in ClickMenuOptions()
2017-11-23 13:17:42-main--INFO -com.ctaf.accelerators.TestEngine:Successfully clicked on Menu Options
2017-11-23 13:17:42-main--INFO -com.ctaf.accelerators.TestEngine:in ClickMainMenu()
2017-11-23 13:17:42-main--INFO -com.ctaf.accelerators.TestEngine:Successfully clicked on Main Menu 	OCC
2017-11-23 13:17:42-main--INFO -com.ctaf.accelerators.TestEngine:in ClickSubMenu()
2017-11-23 13:17:46-main--INFO -com.ctaf.accelerators.TestEngine:Successfully clicked on Sub Menu 	Passenger ADHOC
2017-11-23 13:17:46-main--INFO -com.ctaf.accelerators.TestEngine:in SelectFromDate()
2017-11-23 13:17:48-main--INFO -com.ctaf.accelerators.TestEngine:in SelectToDate()
2017-11-23 13:17:49-main--INFO -com.ctaf.accelerators.TestEngine:in PAD_SelectFlightType()
2017-11-23 13:17:52-main--INFO -com.ctaf.accelerators.TestEngine:Successfully clicked on Flight Type
2017-11-23 13:17:53-main--INFO -com.ctaf.accelerators.TestEngine:Successfully clicked on Select Flight type 	
2017-11-23 13:17:53-main--INFO -com.ctaf.accelerators.TestEngine:in Select Leg Type()
2017-11-23 13:17:55-main--INFO -com.ctaf.accelerators.TestEngine: Able to get TscreenShot
2017-11-23 13:18:39-main--INFO -com.ctaf.accelerators.TestEngine:Starting browser : chrome
2017-11-23 13:18:44-main--INFO -com.ctaf.accelerators.TestEngine:Current Test : TC_014
2017-11-23 13:18:44-main--INFO -com.ctaf.accelerators.TestEngine:in Indigo_Login()
2017-11-23 13:18:45-main--INFO -com.ctaf.accelerators.TestEngine:Type  seema.rani in username
2017-11-23 13:18:45-main--INFO -com.ctaf.accelerators.TestEngine:Type  Test@123 in password
2017-11-23 13:18:47-main--INFO -com.ctaf.accelerators.TestEngine:Successfully clicked on Log In
2017-11-23 13:18:47-main--INFO -com.ctaf.accelerators.TestEngine:in ClickMenuOptions()
2017-11-23 13:18:47-main--INFO -com.ctaf.accelerators.TestEngine:Successfully clicked on Menu Options
2017-11-23 13:18:47-main--INFO -com.ctaf.accelerators.TestEngine:in ClickMainMenu()
2017-11-23 13:18:47-main--INFO -com.ctaf.accelerators.TestEngine:Successfully clicked on Main Menu 	OCC
2017-11-23 13:18:47-main--INFO -com.ctaf.accelerators.TestEngine:in ClickSubMenu()
2017-11-23 13:18:50-main--INFO -com.ctaf.accelerators.TestEngine:Successfully clicked on Sub Menu 	Passenger ADHOC
2017-11-23 13:18:50-main--INFO -com.ctaf.accelerators.TestEngine:in SelectFromDate()
2017-11-23 13:18:51-main--INFO -com.ctaf.accelerators.TestEngine:in SelectToDate()
2017-11-23 13:18:53-main--INFO -com.ctaf.accelerators.TestEngine:in PAD_SelectFlightType()
2017-11-23 13:18:55-main--INFO -com.ctaf.accelerators.TestEngine:Successfully clicked on Flight Type
2017-11-23 13:18:56-main--INFO -com.ctaf.accelerators.TestEngine:Successfully clicked on Select Flight type 	
2017-11-23 13:18:56-main--INFO -com.ctaf.accelerators.TestEngine:in Select Leg Type()
2017-11-23 13:18:59-main--INFO -com.ctaf.accelerators.TestEngine:Successfully clicked on Leg Type
2017-11-23 13:19:00-main--INFO -com.ctaf.accelerators.TestEngine:Successfully clicked on Select Leg Type 	
2017-11-23 13:19:00-main--INFO -com.ctaf.accelerators.TestEngine:in PAD_SelectOrigin()
2017-11-23 13:19:02-main--INFO -com.ctaf.accelerators.TestEngine:Successfully clicked on Origin
2017-11-23 13:19:02-main--INFO -com.ctaf.accelerators.TestEngine:Successfully clicked on Origin Place 	BLR
2017-11-23 13:19:02-main--INFO -com.ctaf.accelerators.TestEngine:in PAD_SelectDestination()
2017-11-23 13:19:04-main--INFO -com.ctaf.accelerators.TestEngine:Successfully clicked on Destination
2017-11-23 13:19:04-main--INFO -com.ctaf.accelerators.TestEngine:Successfully clicked on Destination Place 	AMD
2017-11-23 13:19:04-main--INFO -com.ctaf.accelerators.TestEngine:in SelectFlightNo()
2017-11-23 13:19:06-main--INFO -com.ctaf.accelerators.TestEngine:Successfully clicked on Flight no
2017-11-23 13:19:08-main--INFO -com.ctaf.accelerators.TestEngine:Successfully clicked on Flight no 	Select All
2017-11-23 13:19:08-main--INFO -com.ctaf.accelerators.TestEngine:in PAD_SMSTemplate()
2017-11-23 13:19:10-main--INFO -com.ctaf.accelerators.TestEngine:Successfully clicked on SMS Template
2017-11-23 13:19:10-main--INFO -com.ctaf.accelerators.TestEngine:Successfully clicked on Destination Place 	Passenger Adhoc Message Template 
2017-11-23 13:19:10-main--INFO -com.ctaf.accelerators.TestEngine:in ClickGenerate()
2017-11-23 13:19:12-main--INFO -com.ctaf.accelerators.TestEngine:Successfully clicked on Generate Button
2017-11-23 13:19:12-main--INFO -com.ctaf.accelerators.TestEngine:in AU_SelectFirstFlight()
2017-11-23 13:19:17-main--INFO -com.ctaf.accelerators.TestEngine:in SelectCommunicationOption()
2017-11-23 13:19:18-main--INFO -com.ctaf.accelerators.TestEngine:in AU_GetFlightDetails()
2017-11-23 13:19:20-main--INFO -com.ctaf.accelerators.TestEngine:in ClickSendButton()
2017-11-23 13:19:20-main--INFO -com.ctaf.accelerators.TestEngine:Successfully clicked on Send Button
2017-11-23 13:19:20-main--INFO -com.ctaf.accelerators.TestEngine:in VerifyConfirmation()
2017-11-23 13:20:14-main--INFO -com.ctaf.accelerators.TestEngine:Starting browser : chrome
2017-11-23 13:20:19-main--INFO -com.ctaf.accelerators.TestEngine:Current Test : TC_014
2017-11-23 13:20:19-main--INFO -com.ctaf.accelerators.TestEngine:in Indigo_Login()
2017-11-23 13:20:20-main--INFO -com.ctaf.accelerators.TestEngine:Type  seema.rani in username
2017-11-23 13:20:20-main--INFO -com.ctaf.accelerators.TestEngine:Type  Test@123 in password
2017-11-23 13:20:21-main--INFO -com.ctaf.accelerators.TestEngine:Successfully clicked on Log In
2017-11-23 13:20:21-main--INFO -com.ctaf.accelerators.TestEngine:in ClickMenuOptions()
2017-11-23 13:20:21-main--INFO -com.ctaf.accelerators.TestEngine:Successfully clicked on Menu Options
2017-11-23 13:20:21-main--INFO -com.ctaf.accelerators.TestEngine:in ClickMainMenu()
2017-11-23 13:20:21-main--INFO -com.ctaf.accelerators.TestEngine:Successfully clicked on Main Menu 	OCC
2017-11-23 13:20:21-main--INFO -com.ctaf.accelerators.TestEngine:in ClickSubMenu()
2017-11-23 13:20:24-main--INFO -com.ctaf.accelerators.TestEngine:Successfully clicked on Sub Menu 	Passenger ADHOC
2017-11-23 13:20:24-main--INFO -com.ctaf.accelerators.TestEngine:in SelectFromDate()
2017-11-23 13:20:26-main--INFO -com.ctaf.accelerators.TestEngine:in SelectToDate()
2017-11-23 13:20:27-main--INFO -com.ctaf.accelerators.TestEngine:in PAD_SelectFlightType()
2017-11-23 13:20:30-main--INFO -com.ctaf.accelerators.TestEngine:Successfully clicked on Flight Type
2017-11-23 13:20:31-main--INFO -com.ctaf.accelerators.TestEngine:Successfully clicked on Select Flight type 	
2017-11-23 13:20:31-main--INFO -com.ctaf.accelerators.TestEngine:in Select Leg Type()
2017-11-23 13:20:33-main--INFO -com.ctaf.accelerators.TestEngine:Successfully clicked on Leg Type
2017-11-23 13:20:34-main--INFO -com.ctaf.accelerators.TestEngine:Successfully clicked on Select Leg Type 	
2017-11-23 13:20:34-main--INFO -com.ctaf.accelerators.TestEngine:in PAD_SelectOrigin()
2017-11-23 13:20:37-main--INFO -com.ctaf.accelerators.TestEngine: Able to get TscreenShot
2017-11-23 13:21:00-main--INFO -com.ctaf.accelerators.TestEngine:Starting browser : chrome
2017-11-23 13:21:05-main--INFO -com.ctaf.accelerators.TestEngine:Current Test : TC_014
2017-11-23 13:21:05-main--INFO -com.ctaf.accelerators.TestEngine:in Indigo_Login()
2017-11-23 13:21:05-main--INFO -com.ctaf.accelerators.TestEngine:Type  seema.rani in username
2017-11-23 13:21:05-main--INFO -com.ctaf.accelerators.TestEngine:Type  Test@123 in password
2017-11-23 13:21:07-main--INFO -com.ctaf.accelerators.TestEngine:Successfully clicked on Log In
2017-11-23 13:21:07-main--INFO -com.ctaf.accelerators.TestEngine:in ClickMenuOptions()
2017-11-23 13:21:07-main--INFO -com.ctaf.accelerators.TestEngine:Successfully clicked on Menu Options
2017-11-23 13:21:07-main--INFO -com.ctaf.accelerators.TestEngine:in ClickMainMenu()
2017-11-23 13:21:07-main--INFO -com.ctaf.accelerators.TestEngine:Successfully clicked on Main Menu 	OCC
2017-11-23 13:21:07-main--INFO -com.ctaf.accelerators.TestEngine:in ClickSubMenu()
2017-11-23 13:21:10-main--INFO -com.ctaf.accelerators.TestEngine:Successfully clicked on Sub Menu 	Passenger ADHOC
2017-11-23 13:21:10-main--INFO -com.ctaf.accelerators.TestEngine:in SelectFromDate()
2017-11-23 13:21:12-main--INFO -com.ctaf.accelerators.TestEngine:in SelectToDate()
2017-11-23 13:21:14-main--INFO -com.ctaf.accelerators.TestEngine:in PAD_SelectFlightType()
2017-11-23 13:21:16-main--INFO -com.ctaf.accelerators.TestEngine:Successfully clicked on Flight Type
2017-11-23 13:21:17-main--INFO -com.ctaf.accelerators.TestEngine:Successfully clicked on Select Flight type 	
2017-11-23 13:21:17-main--INFO -com.ctaf.accelerators.TestEngine:in Select Leg Type()
2017-11-23 13:21:19-main--INFO -com.ctaf.accelerators.TestEngine:Successfully clicked on Leg Type
2017-11-23 13:21:20-main--INFO -com.ctaf.accelerators.TestEngine:Successfully clicked on Select Leg Type 	
2017-11-23 13:21:20-main--INFO -com.ctaf.accelerators.TestEngine:in PAD_SelectOrigin()
2017-11-23 13:21:22-main--INFO -com.ctaf.accelerators.TestEngine:Successfully clicked on Origin
2017-11-23 13:21:23-main--INFO -com.ctaf.accelerators.TestEngine:Successfully clicked on Origin Place 	HYD
2017-11-23 13:21:23-main--INFO -com.ctaf.accelerators.TestEngine:in PAD_SelectDestination()
2017-11-23 13:21:25-main--INFO -com.ctaf.accelerators.TestEngine:Successfully clicked on Destination
2017-11-23 13:21:25-main--INFO -com.ctaf.accelerators.TestEngine:Successfully clicked on Destination Place 	COK
2017-11-23 13:21:25-main--INFO -com.ctaf.accelerators.TestEngine:in SelectFlightNo()
2017-11-23 13:21:27-main--INFO -com.ctaf.accelerators.TestEngine:Successfully clicked on Flight no
2017-11-23 13:21:28-main--INFO -com.ctaf.accelerators.TestEngine:Successfully clicked on Flight no 	Select All
2017-11-23 13:21:28-main--INFO -com.ctaf.accelerators.TestEngine:in PAD_SMSTemplate()
2017-11-23 13:21:30-main--INFO -com.ctaf.accelerators.TestEngine:Successfully clicked on SMS Template
2017-11-23 13:21:30-main--INFO -com.ctaf.accelerators.TestEngine:Successfully clicked on Destination Place 	Passenger Adhoc Message Template 
2017-11-23 13:21:30-main--INFO -com.ctaf.accelerators.TestEngine:in ClickGenerate()
2017-11-23 13:21:33-main--INFO -com.ctaf.accelerators.TestEngine:Successfully clicked on Generate Button
2017-11-23 13:21:33-main--INFO -com.ctaf.accelerators.TestEngine:in AU_SelectFirstFlight()
2017-11-23 13:21:37-main--INFO -com.ctaf.accelerators.TestEngine:in SelectCommunicationOption()
2017-11-23 13:21:38-main--INFO -com.ctaf.accelerators.TestEngine:in AU_GetFlightDetails()
2017-11-23 13:21:40-main--INFO -com.ctaf.accelerators.TestEngine:in ClickSendButton()
2017-11-23 13:21:40-main--INFO -com.ctaf.accelerators.TestEngine:Successfully clicked on Send Button
2017-11-23 13:21:40-main--INFO -com.ctaf.accelerators.TestEngine:in VerifyConfirmation()
