2018-01-17 12:53:19-main--INFO -com.ctaf.accelerators.TestEngine:Starting browser : chrome
2018-01-17 12:53:44-main--INFO -com.ctaf.accelerators.TestEngine:Current Test : TC_129_PaxAdhoc_VerifyDataForSelectedFligh
2018-01-17 12:53:44-main--INFO -com.ctaf.accelerators.TestEngine:in Indigo_Login()
2018-01-17 12:53:44-main--INFO -com.ctaf.accelerators.TestEngine:Type   in username
2018-01-17 12:53:44-main--INFO -com.ctaf.accelerators.TestEngine:Type   in password
2018-01-17 12:53:45-main--INFO -com.ctaf.accelerators.TestEngine:Successfully clicked on Log In
2018-01-17 12:53:45-main--INFO -com.ctaf.accelerators.TestEngine:in ClickMenuOptions()
2018-01-17 12:55:46-main--INFO -com.ctaf.accelerators.TestEngine: Able to get TscreenShot

2018-01-17 12:55:01-main--INFO -com.ctaf.accelerators.TestEngine:Current Test : TC_129_PaxAdhoc_VerifyDataForSelectedFligh
2018-01-17 12:55:01-main--INFO -com.ctaf.accelerators.TestEngine:in Indigo_Login()
2018-01-17 12:55:01-main--INFO -com.ctaf.accelerators.TestEngine:Type  Username in username
2018-01-17 12:55:02-main--INFO -com.ctaf.accelerators.TestEngine:Type  Password in password
2018-01-17 12:55:03-main--INFO -com.ctaf.accelerators.TestEngine:Successfully clicked on Log In
2018-01-17 12:55:03-main--INFO -com.ctaf.accelerators.TestEngine:in ClickMenuOptions()
2018-01-17 12:57:03-main--INFO -com.ctaf.accelerators.TestEngine: Able to get TscreenShot
2018-01-17 12:57:07-main--INFO -com.ctaf.accelerators.TestEngine:Starting browser : chrome
2018-01-17 12:57:18-main--INFO -com.ctaf.accelerators.TestEngine:Starting browser : chrome
2018-01-17 12:57:24-main--INFO -com.ctaf.accelerators.TestEngine:Current Test : TC_129_PaxAdhoc_VerifyDataForSelectedFligh
2018-01-17 12:57:24-main--INFO -com.ctaf.accelerators.TestEngine:in Indigo_Login()
2018-01-17 12:57:24-main--INFO -com.ctaf.accelerators.TestEngine:Type  seema.rani in username
2018-01-17 12:57:24-main--INFO -com.ctaf.accelerators.TestEngine:Type  Test@123 in password
2018-01-17 12:57:26-main--INFO -com.ctaf.accelerators.TestEngine:Successfully clicked on Log In
2018-01-17 12:57:26-main--INFO -com.ctaf.accelerators.TestEngine:in ClickMenuOptions()
2018-01-17 12:57:26-main--INFO -com.ctaf.accelerators.TestEngine:Successfully clicked on Menu Options
2018-01-17 12:57:26-main--INFO -com.ctaf.accelerators.TestEngine:in ClickMainMenu()
2018-01-17 12:57:27-main--INFO -com.ctaf.accelerators.TestEngine:Successfully clicked on Main Menu 	Commericial
2018-01-17 12:57:27-main--INFO -com.ctaf.accelerators.TestEngine:in ClickSubMenu()
2018-01-17 12:58:28-main--INFO -com.ctaf.accelerators.TestEngine: Able to get TscreenShot
2018-01-17 13:01:53-main--INFO -com.ctaf.accelerators.TestEngine:Starting browser : chrome
2018-01-17 13:01:59-main--INFO -com.ctaf.accelerators.TestEngine:Current Test : TC_129_PaxAdhoc_VerifyDataForSelectedFligh
2018-01-17 13:01:59-main--INFO -com.ctaf.accelerators.TestEngine:in Indigo_Login()
2018-01-17 13:01:59-main--INFO -com.ctaf.accelerators.TestEngine:Type  seema.rani in username
2018-01-17 13:01:59-main--INFO -com.ctaf.accelerators.TestEngine:Type  Test@123 in password
2018-01-17 13:02:01-main--INFO -com.ctaf.accelerators.TestEngine:Successfully clicked on Log In
2018-01-17 13:02:01-main--INFO -com.ctaf.accelerators.TestEngine:in ClickMenuOptions()
2018-01-17 13:02:01-main--INFO -com.ctaf.accelerators.TestEngine:Successfully clicked on Menu Options
2018-01-17 13:02:01-main--INFO -com.ctaf.accelerators.TestEngine:in ClickMainMenu()
2018-01-17 13:02:01-main--INFO -com.ctaf.accelerators.TestEngine:Successfully clicked on Main Menu 	Commericial
2018-01-17 13:02:01-main--INFO -com.ctaf.accelerators.TestEngine:in ClickSubMenu()
2018-01-17 13:03:02-main--INFO -com.ctaf.accelerators.TestEngine: Able to get TscreenShot
2018-01-17 13:07:13-main--INFO -com.ctaf.accelerators.TestEngine:Starting browser : chrome
2018-01-17 13:07:18-main--INFO -com.ctaf.accelerators.TestEngine:Current Test : TC_129_PaxAdhoc_VerifyDataForSelectedFligh
2018-01-17 13:07:18-main--INFO -com.ctaf.accelerators.TestEngine:in Indigo_Login()
2018-01-17 13:07:18-main--INFO -com.ctaf.accelerators.TestEngine:Type  seema.rani in username
2018-01-17 13:07:19-main--INFO -com.ctaf.accelerators.TestEngine:Type  Test@123 in password
2018-01-17 13:07:20-main--INFO -com.ctaf.accelerators.TestEngine:Successfully clicked on Log In
2018-01-17 13:07:20-main--INFO -com.ctaf.accelerators.TestEngine:in ClickMenuOptions()
2018-01-17 13:07:20-main--INFO -com.ctaf.accelerators.TestEngine:Successfully clicked on Menu Options
2018-01-17 13:07:20-main--INFO -com.ctaf.accelerators.TestEngine:in ClickMainMenu()
2018-01-17 13:07:21-main--INFO -com.ctaf.accelerators.TestEngine:Successfully clicked on Main Menu 	Commericial
2018-01-17 13:07:21-main--INFO -com.ctaf.accelerators.TestEngine:in ClickSubMenu()
2018-01-17 13:08:03-main--INFO -com.ctaf.accelerators.TestEngine:Starting browser : chrome
2018-01-17 13:08:10-main--INFO -com.ctaf.accelerators.TestEngine:Current Test : TC_129_PaxAdhoc_VerifyDataForSelectedFligh
2018-01-17 13:08:10-main--INFO -com.ctaf.accelerators.TestEngine:in Indigo_Login()
2018-01-17 13:08:10-main--INFO -com.ctaf.accelerators.TestEngine:Type  seema.rani in username
2018-01-17 13:08:10-main--INFO -com.ctaf.accelerators.TestEngine:Type  Test@123 in password
2018-01-17 13:08:12-main--INFO -com.ctaf.accelerators.TestEngine:Successfully clicked on Log In
2018-01-17 13:08:12-main--INFO -com.ctaf.accelerators.TestEngine:in ClickMenuOptions()
2018-01-17 13:08:12-main--INFO -com.ctaf.accelerators.TestEngine:Successfully clicked on Menu Options
2018-01-17 13:08:12-main--INFO -com.ctaf.accelerators.TestEngine:in ClickMainMenu()
2018-01-17 13:08:13-main--INFO -com.ctaf.accelerators.TestEngine:Successfully clicked on Main Menu 	Commericial
2018-01-17 13:08:13-main--INFO -com.ctaf.accelerators.TestEngine:in ClickSubMenu()
2018-01-17 13:08:15-main--INFO -com.ctaf.accelerators.TestEngine:Successfully clicked on Sub Menu 	Pax ADHOC
2018-01-17 13:08:15-main--INFO -com.ctaf.accelerators.TestEngine:in SelectFromDate()
2018-01-17 13:08:17-main--INFO -com.ctaf.accelerators.TestEngine:in SelectToDate()
2018-01-17 13:08:18-main--INFO -com.ctaf.accelerators.TestEngine:in PAD_SelectFlightType()
2018-01-17 13:08:20-main--INFO -com.ctaf.accelerators.TestEngine:Successfully clicked on Flight Type
2018-01-17 13:08:21-main--INFO -com.ctaf.accelerators.TestEngine: Able to get TscreenShot
2018-01-17 13:12:22-main--INFO -com.ctaf.accelerators.TestEngine: Unable to get TscreenShot
2018-01-17 13:20:27-main--INFO -com.ctaf.accelerators.TestEngine:Starting browser : chrome
2018-01-17 13:20:40-main--INFO -com.ctaf.accelerators.TestEngine:Current Test : TC_129_PaxAdhoc_VerifyDataForSelectedFligh
2018-01-17 13:20:40-main--INFO -com.ctaf.accelerators.TestEngine:in Indigo_Login()
2018-01-17 13:20:48-main--INFO -com.ctaf.accelerators.TestEngine:Type  seema.rani in username
2018-01-17 13:20:48-main--INFO -com.ctaf.accelerators.TestEngine:Type  Test@123 in password
2018-01-17 13:20:54-main--INFO -com.ctaf.accelerators.TestEngine:Successfully clicked on Log In
2018-01-17 13:20:54-main--INFO -com.ctaf.accelerators.TestEngine:in ClickMenuOptions()
2018-01-17 13:20:54-main--INFO -com.ctaf.accelerators.TestEngine:Successfully clicked on Menu Options
2018-01-17 13:20:54-main--INFO -com.ctaf.accelerators.TestEngine:in ClickMainMenu()
2018-01-17 13:20:54-main--INFO -com.ctaf.accelerators.TestEngine:Successfully clicked on Main Menu 	Commericial
2018-01-17 13:20:54-main--INFO -com.ctaf.accelerators.TestEngine:in ClickSubMenu()
2018-01-17 13:20:57-main--INFO -com.ctaf.accelerators.TestEngine:Successfully clicked on Sub Menu 	Pax ADHOC
2018-01-17 13:20:57-main--INFO -com.ctaf.accelerators.TestEngine:in SelectFromDate()
2018-01-17 13:20:59-main--INFO -com.ctaf.accelerators.TestEngine:in SelectToDate()
2018-01-17 13:21:00-main--INFO -com.ctaf.accelerators.TestEngine:in PAD_SelectFlightType()
2018-01-17 13:21:02-main--INFO -com.ctaf.accelerators.TestEngine:Successfully clicked on Flight Type
2018-01-17 13:22:55-main--INFO -com.ctaf.accelerators.TestEngine:Starting browser : chrome
2018-01-17 13:23:15-main--INFO -com.ctaf.accelerators.TestEngine:Current Test : TC_016
2018-01-17 13:23:15-main--INFO -com.ctaf.accelerators.TestEngine:in Indigo_Login()
2018-01-17 13:23:15-main--INFO -com.ctaf.accelerators.TestEngine:Type  seema.rani in username
2018-01-17 13:23:15-main--INFO -com.ctaf.accelerators.TestEngine:Type  Test@123 in password
2018-01-17 13:23:20-main--INFO -com.ctaf.accelerators.TestEngine:Successfully clicked on Log In
2018-01-17 13:23:20-main--INFO -com.ctaf.accelerators.TestEngine:in ClickMenuOptions()
2018-01-17 13:23:20-main--INFO -com.ctaf.accelerators.TestEngine:Successfully clicked on Menu Options
2018-01-17 13:23:20-main--INFO -com.ctaf.accelerators.TestEngine:in ClickMainMenu()
2018-01-17 13:23:21-main--INFO -com.ctaf.accelerators.TestEngine:Successfully clicked on Main Menu 	OCC
2018-01-17 13:23:21-main--INFO -com.ctaf.accelerators.TestEngine:in ClickSubMenu()
2018-01-17 13:25:08-main--INFO -com.ctaf.accelerators.TestEngine: Unable to get TscreenShot
2018-01-17 13:25:21-main--INFO -com.ctaf.accelerators.TestEngine: Able to get TscreenShot
2018-01-17 13:26:14-main--INFO -com.ctaf.accelerators.TestEngine:Starting browser : chrome
2018-01-17 13:26:23-main--INFO -com.ctaf.accelerators.TestEngine:Current Test : TC_016
2018-01-17 13:26:23-main--INFO -com.ctaf.accelerators.TestEngine:in Indigo_Login()
2018-01-17 13:26:23-main--INFO -com.ctaf.accelerators.TestEngine:Type  seema.rani in username
2018-01-17 13:26:23-main--INFO -com.ctaf.accelerators.TestEngine:Type  Test@123 in password
2018-01-17 13:26:25-main--INFO -com.ctaf.accelerators.TestEngine:Successfully clicked on Log In
2018-01-17 13:26:25-main--INFO -com.ctaf.accelerators.TestEngine:in ClickMenuOptions()
2018-01-17 13:26:25-main--INFO -com.ctaf.accelerators.TestEngine:Successfully clicked on Menu Options
2018-01-17 13:26:25-main--INFO -com.ctaf.accelerators.TestEngine:in ClickMainMenu()
2018-01-17 13:26:25-main--INFO -com.ctaf.accelerators.TestEngine:Successfully clicked on Main Menu 	OCC
2018-01-17 13:26:25-main--INFO -com.ctaf.accelerators.TestEngine:in ClickSubMenu()
2018-01-17 13:26:28-main--INFO -com.ctaf.accelerators.TestEngine:Successfully clicked on Sub Menu 	Pax ADHOC
2018-01-17 13:26:28-main--INFO -com.ctaf.accelerators.TestEngine:in SelectFromDate()
2018-01-17 13:26:30-main--INFO -com.ctaf.accelerators.TestEngine:in SelectToDate()
2018-01-17 13:26:32-main--INFO -com.ctaf.accelerators.TestEngine:in PAD_SelectFlightType()
2018-01-17 13:26:34-main--INFO -com.ctaf.accelerators.TestEngine:Successfully clicked on Flight Type
2018-01-17 13:26:35-main--INFO -com.ctaf.accelerators.TestEngine:Successfully clicked on Select Flight type 	
2018-01-17 13:26:35-main--INFO -com.ctaf.accelerators.TestEngine:in Select Leg Type()
2018-01-17 13:26:38-main--INFO -com.ctaf.accelerators.TestEngine:Successfully clicked on Leg Type
2018-01-17 13:26:39-main--INFO -com.ctaf.accelerators.TestEngine:Successfully clicked on Select Leg Type 	
2018-01-17 13:26:39-main--INFO -com.ctaf.accelerators.TestEngine:in PAD_SelectOrigin()
2018-01-17 13:26:42-main--INFO -com.ctaf.accelerators.TestEngine:Successfully clicked on Origin
2018-01-17 13:27:35-main--INFO -com.ctaf.accelerators.TestEngine:Starting browser : chrome
2018-01-17 13:27:41-main--INFO -com.ctaf.accelerators.TestEngine:Current Test : TC_129_PaxAdhoc_VerifyDataForSelectedFligh
2018-01-17 13:27:41-main--INFO -com.ctaf.accelerators.TestEngine:in Indigo_Login()
2018-01-17 13:27:41-main--INFO -com.ctaf.accelerators.TestEngine:Type  seema.rani in username
2018-01-17 13:27:41-main--INFO -com.ctaf.accelerators.TestEngine:Type  Test@123 in password
2018-01-17 13:27:43-main--INFO -com.ctaf.accelerators.TestEngine:Successfully clicked on Log In
2018-01-17 13:27:43-main--INFO -com.ctaf.accelerators.TestEngine:in ClickMenuOptions()
2018-01-17 13:27:43-main--INFO -com.ctaf.accelerators.TestEngine:Successfully clicked on Menu Options
2018-01-17 13:27:43-main--INFO -com.ctaf.accelerators.TestEngine:in ClickMainMenu()
2018-01-17 13:27:43-main--INFO -com.ctaf.accelerators.TestEngine:Successfully clicked on Main Menu 	Commericial
2018-01-17 13:27:43-main--INFO -com.ctaf.accelerators.TestEngine:in ClickSubMenu()
2018-01-17 13:27:45-main--INFO -com.ctaf.accelerators.TestEngine:Successfully clicked on Sub Menu 	Pax ADHOC
2018-01-17 13:27:45-main--INFO -com.ctaf.accelerators.TestEngine:in SelectFromDate()
2018-01-17 13:27:47-main--INFO -com.ctaf.accelerators.TestEngine:in SelectToDate()
2018-01-17 13:27:49-main--INFO -com.ctaf.accelerators.TestEngine:in PAD_SelectFlightType()
2018-01-17 13:27:51-main--INFO -com.ctaf.accelerators.TestEngine:Successfully clicked on Flight Type
2018-01-17 13:29:20-main--INFO -com.ctaf.accelerators.TestEngine:Starting browser : chrome
2018-01-17 13:29:31-main--INFO -com.ctaf.accelerators.TestEngine:Current Test : TC_016
2018-01-17 13:29:31-main--INFO -com.ctaf.accelerators.TestEngine:in Indigo_Login()
2018-01-17 13:29:32-main--INFO -com.ctaf.accelerators.TestEngine:Type  seema.rani in username
2018-01-17 13:29:32-main--INFO -com.ctaf.accelerators.TestEngine:Type  Test@123 in password
2018-01-17 13:29:34-main--INFO -com.ctaf.accelerators.TestEngine:Successfully clicked on Log In
2018-01-17 13:29:34-main--INFO -com.ctaf.accelerators.TestEngine:in ClickMenuOptions()
2018-01-17 13:29:34-main--INFO -com.ctaf.accelerators.TestEngine:Successfully clicked on Menu Options
2018-01-17 13:29:34-main--INFO -com.ctaf.accelerators.TestEngine:in ClickMainMenu()
2018-01-17 13:29:35-main--INFO -com.ctaf.accelerators.TestEngine:Successfully clicked on Main Menu 	OCC
2018-01-17 13:29:35-main--INFO -com.ctaf.accelerators.TestEngine:in ClickSubMenu()
2018-01-17 13:29:39-main--INFO -com.ctaf.accelerators.TestEngine:Successfully clicked on Sub Menu 	Pax ADHOC
2018-01-17 13:29:39-main--INFO -com.ctaf.accelerators.TestEngine:in SelectFromDate()
2018-01-17 13:29:40-main--INFO -com.ctaf.accelerators.TestEngine:in SelectToDate()
2018-01-17 13:29:42-main--INFO -com.ctaf.accelerators.TestEngine:in PAD_SelectFlightType()
2018-01-17 13:29:44-main--INFO -com.ctaf.accelerators.TestEngine:Successfully clicked on Flight Type
2018-01-17 13:29:45-main--INFO -com.ctaf.accelerators.TestEngine:Successfully clicked on Select Flight type 	
2018-01-17 13:29:45-main--INFO -com.ctaf.accelerators.TestEngine:in Select Leg Type()
2018-01-17 13:29:48-main--INFO -com.ctaf.accelerators.TestEngine:Successfully clicked on Leg Type
2018-01-17 13:29:50-main--INFO -com.ctaf.accelerators.TestEngine:Successfully clicked on Select Leg Type 	
2018-01-17 13:29:50-main--INFO -com.ctaf.accelerators.TestEngine:in PAD_SelectOrigin()
2018-01-17 13:29:53-main--INFO -com.ctaf.accelerators.TestEngine:Successfully clicked on Origin
2018-01-17 13:30:53-main--INFO -com.ctaf.accelerators.TestEngine: Unable to get TscreenShot
2018-01-17 13:33:54-main--INFO -com.ctaf.accelerators.TestEngine: Unable to get TscreenShot
2018-01-17 14:57:52-main--INFO -com.ctaf.accelerators.TestEngine:Starting browser : chrome
2018-01-17 14:58:52-main--INFO -com.ctaf.accelerators.TestEngine:Current Test : TC_129_PaxAdhoc_VerifyDataForSelectedFligh
2018-01-17 14:58:52-main--INFO -com.ctaf.accelerators.TestEngine:in Indigo_Login()
2018-01-17 14:58:54-main--INFO -com.ctaf.accelerators.TestEngine:Type  seema.rani in username
2018-01-17 14:58:54-main--INFO -com.ctaf.accelerators.TestEngine:Type  Test@123 in password
2018-01-17 14:58:57-main--INFO -com.ctaf.accelerators.TestEngine:Successfully clicked on Log In
2018-01-17 14:58:57-main--INFO -com.ctaf.accelerators.TestEngine:in ClickMenuOptions()
2018-01-17 14:58:57-main--INFO -com.ctaf.accelerators.TestEngine:Successfully clicked on Menu Options
2018-01-17 14:58:57-main--INFO -com.ctaf.accelerators.TestEngine:in ClickMainMenu()
2018-01-17 14:58:58-main--INFO -com.ctaf.accelerators.TestEngine:Successfully clicked on Main Menu 	Commericial
2018-01-17 14:58:58-main--INFO -com.ctaf.accelerators.TestEngine:in ClickSubMenu()
2018-01-17 14:59:04-main--INFO -com.ctaf.accelerators.TestEngine:Successfully clicked on Sub Menu 	Pax ADHOC
2018-01-17 14:59:04-main--INFO -com.ctaf.accelerators.TestEngine:in SelectFromDate()
2018-01-17 14:59:06-main--INFO -com.ctaf.accelerators.TestEngine:in SelectToDate()
2018-01-17 14:59:08-main--INFO -com.ctaf.accelerators.TestEngine:in PAD_SelectFlightType()
2018-01-17 14:59:10-main--INFO -com.ctaf.accelerators.TestEngine:Successfully clicked on Flight Type
2018-01-17 14:59:11-main--INFO -com.ctaf.accelerators.TestEngine:Successfully clicked on Select Flight type 	
2018-01-17 14:59:11-main--INFO -com.ctaf.accelerators.TestEngine:in Select Leg Type()
2018-01-17 14:59:14-main--INFO -com.ctaf.accelerators.TestEngine:Successfully clicked on Leg Type
2018-01-17 15:02:17-main--INFO -com.ctaf.accelerators.TestEngine: Unable to get TscreenShot
2018-01-17 15:03:26-main--INFO -com.ctaf.accelerators.TestEngine:Starting browser : chrome
2018-01-17 15:03:36-main--INFO -com.ctaf.accelerators.TestEngine:Current Test : TC_129_PaxAdhoc_VerifyDataForSelectedFligh
2018-01-17 15:03:36-main--INFO -com.ctaf.accelerators.TestEngine:in Indigo_Login()
2018-01-17 15:03:36-main--INFO -com.ctaf.accelerators.TestEngine:Type  seema.rani in username
2018-01-17 15:03:36-main--INFO -com.ctaf.accelerators.TestEngine:Type  Test@123 in password
2018-01-17 15:03:44-main--INFO -com.ctaf.accelerators.TestEngine:Successfully clicked on Log In
2018-01-17 15:03:44-main--INFO -com.ctaf.accelerators.TestEngine:in ClickMenuOptions()
2018-01-17 15:03:44-main--INFO -com.ctaf.accelerators.TestEngine:Successfully clicked on Menu Options
2018-01-17 15:03:44-main--INFO -com.ctaf.accelerators.TestEngine:in ClickMainMenu()
2018-01-17 15:03:45-main--INFO -com.ctaf.accelerators.TestEngine:Successfully clicked on Main Menu 	Commericial
2018-01-17 15:03:45-main--INFO -com.ctaf.accelerators.TestEngine:in ClickSubMenu()
2018-01-17 15:03:47-main--INFO -com.ctaf.accelerators.TestEngine:Successfully clicked on Sub Menu 	Pax ADHOC
2018-01-17 15:03:47-main--INFO -com.ctaf.accelerators.TestEngine:in SelectFromDate()
2018-01-17 15:03:49-main--INFO -com.ctaf.accelerators.TestEngine:in SelectToDate()
2018-01-17 15:03:51-main--INFO -com.ctaf.accelerators.TestEngine:in PAD_SelectFlightType()
2018-01-17 15:03:53-main--INFO -com.ctaf.accelerators.TestEngine:Successfully clicked on Flight Type
2018-01-17 15:03:54-main--INFO -com.ctaf.accelerators.TestEngine:Successfully clicked on Select Flight type 	
2018-01-17 15:03:54-main--INFO -com.ctaf.accelerators.TestEngine:in Select Leg Type()
2018-01-17 15:03:57-main--INFO -com.ctaf.accelerators.TestEngine:Successfully clicked on Leg Type
2018-01-17 15:07:03-main--INFO -com.ctaf.accelerators.TestEngine: Unable to get TscreenShot
2018-01-17 15:10:00-main--INFO -com.ctaf.accelerators.TestEngine:Starting browser : chrome
2018-01-17 15:10:09-main--INFO -com.ctaf.accelerators.TestEngine:Current Test : TC_129_PaxAdhoc_VerifyDataForSelectedFligh
2018-01-17 15:10:09-main--INFO -com.ctaf.accelerators.TestEngine:in Indigo_Login()
2018-01-17 15:10:10-main--INFO -com.ctaf.accelerators.TestEngine:Type  seema.rani in username
2018-01-17 15:10:10-main--INFO -com.ctaf.accelerators.TestEngine:Type  Test@123 in password
2018-01-17 15:10:11-main--INFO -com.ctaf.accelerators.TestEngine:Successfully clicked on Log In
2018-01-17 15:10:11-main--INFO -com.ctaf.accelerators.TestEngine:in ClickMenuOptions()
2018-01-17 15:10:12-main--INFO -com.ctaf.accelerators.TestEngine:Successfully clicked on Menu Options
2018-01-17 15:10:12-main--INFO -com.ctaf.accelerators.TestEngine:in ClickMainMenu()
2018-01-17 15:10:12-main--INFO -com.ctaf.accelerators.TestEngine:Successfully clicked on Main Menu 	Commericial
2018-01-17 15:10:12-main--INFO -com.ctaf.accelerators.TestEngine:in ClickSubMenu()
2018-01-17 15:10:15-main--INFO -com.ctaf.accelerators.TestEngine:Successfully clicked on Sub Menu 	Pax ADHOC
2018-01-17 15:10:15-main--INFO -com.ctaf.accelerators.TestEngine:in SelectFromDate()
2018-01-17 15:10:17-main--INFO -com.ctaf.accelerators.TestEngine:in SelectToDate()
2018-01-17 15:10:30-main--INFO -com.ctaf.accelerators.TestEngine:in PAD_SelectFlightType()
2018-01-17 15:10:34-main--INFO -com.ctaf.accelerators.TestEngine:Successfully clicked on Flight Type
2018-01-17 15:10:41-main--INFO -com.ctaf.accelerators.TestEngine: Able to get TscreenShot
2018-01-17 15:11:28-main--INFO -com.ctaf.accelerators.TestEngine:Starting browser : chrome
2018-01-17 15:11:34-main--INFO -com.ctaf.accelerators.TestEngine:Current Test : TC_129_PaxAdhoc_VerifyDataForSelectedFligh
2018-01-17 15:11:34-main--INFO -com.ctaf.accelerators.TestEngine:in Indigo_Login()
2018-01-17 15:11:34-main--INFO -com.ctaf.accelerators.TestEngine:Type  seema.rani in username
2018-01-17 15:11:34-main--INFO -com.ctaf.accelerators.TestEngine:Type  Test@123 in password
2018-01-17 15:11:35-main--INFO -com.ctaf.accelerators.TestEngine:Successfully clicked on Log In
2018-01-17 15:11:35-main--INFO -com.ctaf.accelerators.TestEngine:in ClickMenuOptions()
2018-01-17 15:11:36-main--INFO -com.ctaf.accelerators.TestEngine:Successfully clicked on Menu Options
2018-01-17 15:11:36-main--INFO -com.ctaf.accelerators.TestEngine:in ClickMainMenu()
2018-01-17 15:11:36-main--INFO -com.ctaf.accelerators.TestEngine:Successfully clicked on Main Menu 	Commericial
2018-01-17 15:11:36-main--INFO -com.ctaf.accelerators.TestEngine:in ClickSubMenu()
2018-01-17 15:11:39-main--INFO -com.ctaf.accelerators.TestEngine:Successfully clicked on Sub Menu 	Pax ADHOC
2018-01-17 15:11:39-main--INFO -com.ctaf.accelerators.TestEngine:in SelectFromDate()
2018-01-17 15:11:41-main--INFO -com.ctaf.accelerators.TestEngine:in SelectToDate()
2018-01-17 15:11:42-main--INFO -com.ctaf.accelerators.TestEngine:in PAD_SelectFlightType()
2018-01-17 15:11:44-main--INFO -com.ctaf.accelerators.TestEngine:Successfully clicked on Flight Type
2018-01-17 15:11:45-main--INFO -com.ctaf.accelerators.TestEngine:Successfully clicked on Select Flight type 	
2018-01-17 15:12:09-main--INFO -com.ctaf.accelerators.TestEngine:in Comm_PAD_SelectLegType()
2018-01-17 15:12:19-main--INFO -com.ctaf.accelerators.TestEngine:Successfully clicked on Leg Type
2018-01-17 15:12:32-main--INFO -com.ctaf.accelerators.TestEngine:Successfully clicked on Select Leg Type 	
2018-01-17 15:12:41-main--INFO -com.ctaf.accelerators.TestEngine:in PAD_SelectOrigin()
2018-01-17 15:12:45-main--INFO -com.ctaf.accelerators.TestEngine:Successfully clicked on Origin
2018-01-17 15:12:45-main--INFO -com.ctaf.accelerators.TestEngine:Successfully clicked on Origin Place 	AMD
2018-01-17 15:12:49-main--INFO -com.ctaf.accelerators.TestEngine:in PAD_SelectDestination()
2018-01-17 15:12:56-main--INFO -com.ctaf.accelerators.TestEngine:Successfully clicked on Destination
2018-01-17 15:14:51-main--INFO -com.ctaf.accelerators.TestEngine:Starting browser : chrome
2018-01-17 15:15:21-main--INFO -com.ctaf.accelerators.TestEngine:Current Test : TC_129_PaxAdhoc_VerifyDataForSelectedFligh
2018-01-17 15:15:21-main--INFO -com.ctaf.accelerators.TestEngine:in Indigo_Login()
2018-01-17 15:15:22-main--INFO -com.ctaf.accelerators.TestEngine:Type  seema.rani in username
2018-01-17 15:15:22-main--INFO -com.ctaf.accelerators.TestEngine:Type  Test@123 in password
2018-01-17 15:15:28-main--INFO -com.ctaf.accelerators.TestEngine:Successfully clicked on Log In
2018-01-17 15:15:28-main--INFO -com.ctaf.accelerators.TestEngine:in ClickMenuOptions()
2018-01-17 15:15:28-main--INFO -com.ctaf.accelerators.TestEngine:Successfully clicked on Menu Options
2018-01-17 15:15:28-main--INFO -com.ctaf.accelerators.TestEngine:in ClickMainMenu()
2018-01-17 15:15:29-main--INFO -com.ctaf.accelerators.TestEngine:Successfully clicked on Main Menu 	Commericial
2018-01-17 15:15:29-main--INFO -com.ctaf.accelerators.TestEngine:in ClickSubMenu()
2018-01-17 15:15:32-main--INFO -com.ctaf.accelerators.TestEngine:Successfully clicked on Sub Menu 	Pax ADHOC
2018-01-17 15:15:32-main--INFO -com.ctaf.accelerators.TestEngine:in SelectFromDate()
2018-01-17 15:15:34-main--INFO -com.ctaf.accelerators.TestEngine:in SelectToDate()
2018-01-17 15:15:35-main--INFO -com.ctaf.accelerators.TestEngine:in PAD_SelectFlightType()
2018-01-17 15:15:37-main--INFO -com.ctaf.accelerators.TestEngine:Successfully clicked on Flight Type
2018-01-17 15:15:39-main--INFO -com.ctaf.accelerators.TestEngine:Successfully clicked on Select Flight type 	
2018-01-17 15:15:39-main--INFO -com.ctaf.accelerators.TestEngine:in Comm_PAD_SelectLegType()
2018-01-17 15:15:42-main--INFO -com.ctaf.accelerators.TestEngine:Successfully clicked on Leg Type
2018-01-17 15:17:02-main--INFO -com.ctaf.accelerators.TestEngine:Starting browser : chrome
2018-01-17 15:17:24-main--INFO -com.ctaf.accelerators.TestEngine:Current Test : TC_129_PaxAdhoc_VerifyDataForSelectedFligh
2018-01-17 15:17:24-main--INFO -com.ctaf.accelerators.TestEngine:in Indigo_Login()
2018-01-17 15:17:24-main--INFO -com.ctaf.accelerators.TestEngine:Type  seema.rani in username
2018-01-17 15:17:24-main--INFO -com.ctaf.accelerators.TestEngine:Type  Test@123 in password
2018-01-17 15:17:30-main--INFO -com.ctaf.accelerators.TestEngine:Successfully clicked on Log In
2018-01-17 15:17:30-main--INFO -com.ctaf.accelerators.TestEngine:in ClickMenuOptions()
2018-01-17 15:17:31-main--INFO -com.ctaf.accelerators.TestEngine:Successfully clicked on Menu Options
2018-01-17 15:17:31-main--INFO -com.ctaf.accelerators.TestEngine:in ClickMainMenu()
2018-01-17 15:17:31-main--INFO -com.ctaf.accelerators.TestEngine:Successfully clicked on Main Menu 	Commericial
2018-01-17 15:17:31-main--INFO -com.ctaf.accelerators.TestEngine:in ClickSubMenu()
2018-01-17 15:17:34-main--INFO -com.ctaf.accelerators.TestEngine:Successfully clicked on Sub Menu 	Pax ADHOC
2018-01-17 15:17:34-main--INFO -com.ctaf.accelerators.TestEngine:in SelectFromDate()
2018-01-17 15:17:36-main--INFO -com.ctaf.accelerators.TestEngine:in SelectToDate()
2018-01-17 15:17:38-main--INFO -com.ctaf.accelerators.TestEngine:in PAD_SelectFlightType()
2018-01-17 15:17:40-main--INFO -com.ctaf.accelerators.TestEngine:Successfully clicked on Flight Type
2018-01-17 15:17:41-main--INFO -com.ctaf.accelerators.TestEngine:Successfully clicked on Select Flight type 	
2018-01-17 15:17:41-main--INFO -com.ctaf.accelerators.TestEngine:in Comm_PAD_SelectLegType()
2018-01-17 15:17:44-main--INFO -com.ctaf.accelerators.TestEngine:Successfully clicked on Leg Type
2018-01-17 15:18:44-main--INFO -com.ctaf.accelerators.TestEngine: Unable to get TscreenShot
2018-01-17 15:19:07-main--INFO -com.ctaf.accelerators.TestEngine:Starting browser : chrome
2018-01-17 15:19:24-main--INFO -com.ctaf.accelerators.TestEngine:Current Test : TC_129_PaxAdhoc_VerifyDataForSelectedFligh
2018-01-17 15:19:24-main--INFO -com.ctaf.accelerators.TestEngine:in Indigo_Login()
2018-01-17 15:19:24-main--INFO -com.ctaf.accelerators.TestEngine:Type  seema.rani in username
2018-01-17 15:19:24-main--INFO -com.ctaf.accelerators.TestEngine:Type  Test@123 in password
2018-01-17 15:19:31-main--INFO -com.ctaf.accelerators.TestEngine:Successfully clicked on Log In
2018-01-17 15:19:31-main--INFO -com.ctaf.accelerators.TestEngine:in ClickMenuOptions()
2018-01-17 15:19:31-main--INFO -com.ctaf.accelerators.TestEngine:Successfully clicked on Menu Options
2018-01-17 15:19:31-main--INFO -com.ctaf.accelerators.TestEngine:in ClickMainMenu()
2018-01-17 15:19:32-main--INFO -com.ctaf.accelerators.TestEngine:Successfully clicked on Main Menu 	Commericial
2018-01-17 15:19:32-main--INFO -com.ctaf.accelerators.TestEngine:in ClickSubMenu()
2018-01-17 15:19:38-main--INFO -com.ctaf.accelerators.TestEngine:Successfully clicked on Sub Menu 	Pax ADHOC
2018-01-17 15:19:38-main--INFO -com.ctaf.accelerators.TestEngine:in SelectFromDate()
2018-01-17 15:19:40-main--INFO -com.ctaf.accelerators.TestEngine:in SelectToDate()
2018-01-17 15:19:41-main--INFO -com.ctaf.accelerators.TestEngine:in PAD_SelectFlightType()
2018-01-17 15:19:44-main--INFO -com.ctaf.accelerators.TestEngine:Successfully clicked on Flight Type
2018-01-17 15:19:45-main--INFO -com.ctaf.accelerators.TestEngine:Successfully clicked on Select Flight type 	
2018-01-17 15:19:45-main--INFO -com.ctaf.accelerators.TestEngine:in Comm_PAD_SelectLegType()
2018-01-17 15:19:48-main--INFO -com.ctaf.accelerators.TestEngine:Successfully clicked on Leg Type
2018-01-17 15:19:49-main--INFO -com.ctaf.accelerators.TestEngine:Successfully clicked on Select Leg Type 	
2018-01-17 15:19:49-main--INFO -com.ctaf.accelerators.TestEngine:in PAD_SelectOrigin()
2018-01-17 15:19:53-main--INFO -com.ctaf.accelerators.TestEngine:Successfully clicked on Origin
2018-01-17 15:20:46-main--INFO -com.ctaf.accelerators.TestEngine: Unable to get TscreenShot
2018-01-17 15:21:04-main--INFO -com.ctaf.accelerators.TestEngine:Starting browser : chrome
2018-01-17 15:21:16-main--INFO -com.ctaf.accelerators.TestEngine:Current Test : TC_129_PaxAdhoc_VerifyDataForSelectedFligh
2018-01-17 15:21:16-main--INFO -com.ctaf.accelerators.TestEngine:in Indigo_Login()
2018-01-17 15:21:17-main--INFO -com.ctaf.accelerators.TestEngine:Type  seema.rani in username
2018-01-17 15:21:17-main--INFO -com.ctaf.accelerators.TestEngine:Type  Test@123 in password
2018-01-17 15:21:29-main--INFO -com.ctaf.accelerators.TestEngine:Successfully clicked on Log In
2018-01-17 15:21:29-main--INFO -com.ctaf.accelerators.TestEngine:in ClickMenuOptions()
2018-01-17 15:21:29-main--INFO -com.ctaf.accelerators.TestEngine:Successfully clicked on Menu Options
2018-01-17 15:21:29-main--INFO -com.ctaf.accelerators.TestEngine:in ClickMainMenu()
2018-01-17 15:21:30-main--INFO -com.ctaf.accelerators.TestEngine:Successfully clicked on Main Menu 	Commericial
2018-01-17 15:21:30-main--INFO -com.ctaf.accelerators.TestEngine:in ClickSubMenu()
2018-01-17 15:21:35-main--INFO -com.ctaf.accelerators.TestEngine:Successfully clicked on Sub Menu 	Pax ADHOC
2018-01-17 15:21:35-main--INFO -com.ctaf.accelerators.TestEngine:in SelectFromDate()
2018-01-17 15:21:38-main--INFO -com.ctaf.accelerators.TestEngine:in SelectToDate()
2018-01-17 15:21:40-main--INFO -com.ctaf.accelerators.TestEngine:in PAD_SelectFlightType()
2018-01-17 15:21:42-main--INFO -com.ctaf.accelerators.TestEngine:Successfully clicked on Flight Type
2018-01-17 15:21:43-main--INFO -com.ctaf.accelerators.TestEngine:Successfully clicked on Select Flight type 	
2018-01-17 15:21:43-main--INFO -com.ctaf.accelerators.TestEngine:in Comm_PAD_SelectLegType()
2018-01-17 15:21:46-main--INFO -com.ctaf.accelerators.TestEngine:Successfully clicked on Leg Type
2018-01-17 15:21:47-main--INFO -com.ctaf.accelerators.TestEngine:Successfully clicked on Select Leg Type 	
2018-01-17 15:21:47-main--INFO -com.ctaf.accelerators.TestEngine:in PAD_SelectOrigin()
2018-01-17 15:21:50-main--INFO -com.ctaf.accelerators.TestEngine:Successfully clicked on Origin
2018-01-17 15:21:50-main--INFO -com.ctaf.accelerators.TestEngine:Successfully clicked on Origin Place 	AMD
2018-01-17 15:21:50-main--INFO -com.ctaf.accelerators.TestEngine:in PAD_SelectDestination()
2018-01-17 15:21:53-main--INFO -com.ctaf.accelerators.TestEngine:Successfully clicked on Destination
2018-01-17 15:21:53-main--INFO -com.ctaf.accelerators.TestEngine:Successfully clicked on Destination Place 	CCU
2018-01-17 15:21:53-main--INFO -com.ctaf.accelerators.TestEngine:in SelectFirstFlight()
2018-01-17 15:21:55-main--INFO -com.ctaf.accelerators.TestEngine:Successfully clicked on Flight no
2018-01-17 15:21:56-main--INFO -com.ctaf.accelerators.TestEngine:Successfully clicked on Flight no 	FirstFlight
2018-01-17 15:21:56-main--INFO -com.ctaf.accelerators.TestEngine:in PAD_EmailTemplate()
2018-01-17 15:21:58-main--INFO -com.ctaf.accelerators.TestEngine:Successfully clicked on Email Template
2018-01-17 15:22:53-main--INFO -com.ctaf.accelerators.TestEngine: Unable to get TscreenShot
2018-01-17 15:24:44-main--INFO -com.ctaf.accelerators.TestEngine:Starting browser : chrome
2018-01-17 15:24:59-main--INFO -com.ctaf.accelerators.TestEngine: Unable to get TscreenShot
2018-01-17 15:25:17-main--INFO -com.ctaf.accelerators.TestEngine:Current Test : TC_129_PaxAdhoc_VerifyDataForSelectedFligh
2018-01-17 15:25:17-main--INFO -com.ctaf.accelerators.TestEngine:in Indigo_Login()
2018-01-17 15:25:17-main--INFO -com.ctaf.accelerators.TestEngine:Type  seema.rani in username
2018-01-17 15:25:17-main--INFO -com.ctaf.accelerators.TestEngine:Type  Test@123 in password
2018-01-17 15:25:27-main--INFO -com.ctaf.accelerators.TestEngine:Successfully clicked on Log In
2018-01-17 15:25:27-main--INFO -com.ctaf.accelerators.TestEngine:in ClickMenuOptions()
2018-01-17 15:25:32-main--INFO -com.ctaf.accelerators.TestEngine:Successfully clicked on Menu Options
2018-01-17 15:25:32-main--INFO -com.ctaf.accelerators.TestEngine:in ClickMainMenu()
2018-01-17 15:25:36-main--INFO -com.ctaf.accelerators.TestEngine:Successfully clicked on Main Menu 	Commericial
2018-01-17 15:25:36-main--INFO -com.ctaf.accelerators.TestEngine:in ClickSubMenu()
2018-01-17 15:25:38-main--INFO -com.ctaf.accelerators.TestEngine:Successfully clicked on Sub Menu 	Pax ADHOC
2018-01-17 15:25:38-main--INFO -com.ctaf.accelerators.TestEngine:in SelectFromDate()
2018-01-17 15:25:40-main--INFO -com.ctaf.accelerators.TestEngine:in SelectToDate()
2018-01-17 15:25:42-main--INFO -com.ctaf.accelerators.TestEngine:in PAD_SelectFlightType()
2018-01-17 15:25:44-main--INFO -com.ctaf.accelerators.TestEngine:Successfully clicked on Flight Type
2018-01-17 15:25:45-main--INFO -com.ctaf.accelerators.TestEngine:Successfully clicked on Select Flight type 	
2018-01-17 15:25:45-main--INFO -com.ctaf.accelerators.TestEngine:in Comm_PAD_SelectLegType()
2018-01-17 15:25:48-main--INFO -com.ctaf.accelerators.TestEngine:Successfully clicked on Leg Type
2018-01-17 15:25:49-main--INFO -com.ctaf.accelerators.TestEngine:Successfully clicked on Select Leg Type 	
2018-01-17 15:25:49-main--INFO -com.ctaf.accelerators.TestEngine:in PAD_SelectOrigin()
2018-01-17 15:25:52-main--INFO -com.ctaf.accelerators.TestEngine:Successfully clicked on Origin
2018-01-17 15:25:52-main--INFO -com.ctaf.accelerators.TestEngine:Successfully clicked on Origin Place 	AMD
2018-01-17 15:25:52-main--INFO -com.ctaf.accelerators.TestEngine:in PAD_SelectDestination()
2018-01-17 15:25:54-main--INFO -com.ctaf.accelerators.TestEngine:Successfully clicked on Destination
2018-01-17 15:25:55-main--INFO -com.ctaf.accelerators.TestEngine:Successfully clicked on Destination Place 	CCU
2018-01-17 15:25:55-main--INFO -com.ctaf.accelerators.TestEngine:in SelectFirstFlight()
2018-01-17 15:25:57-main--INFO -com.ctaf.accelerators.TestEngine:Successfully clicked on Flight no
2018-01-17 15:25:58-main--INFO -com.ctaf.accelerators.TestEngine:Successfully clicked on Flight no 	FirstFlight
2018-01-17 15:25:58-main--INFO -com.ctaf.accelerators.TestEngine:in PAD_EmailTemplate()
2018-01-17 15:26:00-main--INFO -com.ctaf.accelerators.TestEngine:Successfully clicked on Email Template
2018-01-17 15:27:39-main--INFO -com.ctaf.accelerators.TestEngine:Starting browser : chrome
2018-01-17 15:27:45-main--INFO -com.ctaf.accelerators.TestEngine:Current Test : TC_129_PaxAdhoc_VerifyDataForSelectedFligh
2018-01-17 15:27:45-main--INFO -com.ctaf.accelerators.TestEngine:in Indigo_Login()
2018-01-17 15:27:45-main--INFO -com.ctaf.accelerators.TestEngine:Type  seema.rani in username
2018-01-17 15:27:45-main--INFO -com.ctaf.accelerators.TestEngine:Type  Test@123 in password
2018-01-17 15:27:48-main--INFO -com.ctaf.accelerators.TestEngine:Successfully clicked on Log In
2018-01-17 15:27:48-main--INFO -com.ctaf.accelerators.TestEngine:in ClickMenuOptions()
2018-01-17 15:27:48-main--INFO -com.ctaf.accelerators.TestEngine:Successfully clicked on Menu Options
2018-01-17 15:27:48-main--INFO -com.ctaf.accelerators.TestEngine:in ClickMainMenu()
2018-01-17 15:27:49-main--INFO -com.ctaf.accelerators.TestEngine:Successfully clicked on Main Menu 	Commericial
2018-01-17 15:27:49-main--INFO -com.ctaf.accelerators.TestEngine:in ClickSubMenu()
2018-01-17 15:27:51-main--INFO -com.ctaf.accelerators.TestEngine:Successfully clicked on Sub Menu 	Pax ADHOC
2018-01-17 15:27:51-main--INFO -com.ctaf.accelerators.TestEngine:in SelectFromDate()
2018-01-17 15:27:53-main--INFO -com.ctaf.accelerators.TestEngine:in SelectToDate()
2018-01-17 15:27:54-main--INFO -com.ctaf.accelerators.TestEngine:in PAD_SelectFlightType()
2018-01-17 15:27:56-main--INFO -com.ctaf.accelerators.TestEngine:Successfully clicked on Flight Type
2018-01-17 15:27:58-main--INFO -com.ctaf.accelerators.TestEngine:Successfully clicked on Select Flight type 	
2018-01-17 15:27:58-main--INFO -com.ctaf.accelerators.TestEngine:in Comm_PAD_SelectLegType()
2018-01-17 15:28:01-main--INFO -com.ctaf.accelerators.TestEngine:Successfully clicked on Leg Type
2018-01-17 15:28:02-main--INFO -com.ctaf.accelerators.TestEngine:Successfully clicked on Select Leg Type 	
2018-01-17 15:28:02-main--INFO -com.ctaf.accelerators.TestEngine:in PAD_SelectOrigin()
2018-01-17 15:28:05-main--INFO -com.ctaf.accelerators.TestEngine:Successfully clicked on Origin
2018-01-17 15:28:05-main--INFO -com.ctaf.accelerators.TestEngine:Successfully clicked on Origin Place 	AMD
2018-01-17 15:28:05-main--INFO -com.ctaf.accelerators.TestEngine:in PAD_SelectDestination()
2018-01-17 15:28:07-main--INFO -com.ctaf.accelerators.TestEngine:Successfully clicked on Destination
2018-01-17 15:28:07-main--INFO -com.ctaf.accelerators.TestEngine:Successfully clicked on Destination Place 	CCU
2018-01-17 15:28:07-main--INFO -com.ctaf.accelerators.TestEngine:in SelectFirstFlight()
2018-01-17 15:28:09-main--INFO -com.ctaf.accelerators.TestEngine:Successfully clicked on Flight no
2018-01-17 15:28:11-main--INFO -com.ctaf.accelerators.TestEngine:Successfully clicked on Flight no 	FirstFlight
2018-01-17 15:28:11-main--INFO -com.ctaf.accelerators.TestEngine:in PAD_EmailTemplate()
2018-01-17 15:28:13-main--INFO -com.ctaf.accelerators.TestEngine:Successfully clicked on Email Template
2018-01-17 15:28:13-main--INFO -com.ctaf.accelerators.TestEngine:Successfully clicked on email template 	Adhoc Message
2018-01-17 15:28:13-main--INFO -com.ctaf.accelerators.TestEngine:in IVR_EmailTemplate()
2018-01-17 15:28:15-main--INFO -com.ctaf.accelerators.TestEngine:Successfully clicked on Email Template
2018-01-17 15:31:05-main--INFO -com.ctaf.accelerators.TestEngine:Starting browser : chrome
2018-01-17 15:31:19-main--INFO -com.ctaf.accelerators.TestEngine: Unable to get TscreenShot
2018-01-17 15:31:40-main--INFO -com.ctaf.accelerators.TestEngine:Current Test : TC_129_PaxAdhoc_VerifyDataForSelectedFligh
2018-01-17 15:31:40-main--INFO -com.ctaf.accelerators.TestEngine:in Indigo_Login()
2018-01-17 15:31:40-main--INFO -com.ctaf.accelerators.TestEngine:Type  seema.rani in username
2018-01-17 15:31:40-main--INFO -com.ctaf.accelerators.TestEngine:Type  Test@123 in password
2018-01-17 15:31:45-main--INFO -com.ctaf.accelerators.TestEngine:Successfully clicked on Log In
2018-01-17 15:31:45-main--INFO -com.ctaf.accelerators.TestEngine:in ClickMenuOptions()
2018-01-17 15:31:45-main--INFO -com.ctaf.accelerators.TestEngine:Successfully clicked on Menu Options
2018-01-17 15:31:45-main--INFO -com.ctaf.accelerators.TestEngine:in ClickMainMenu()
2018-01-17 15:31:46-main--INFO -com.ctaf.accelerators.TestEngine:Successfully clicked on Main Menu 	Commericial
2018-01-17 15:31:46-main--INFO -com.ctaf.accelerators.TestEngine:in ClickSubMenu()
2018-01-17 15:31:49-main--INFO -com.ctaf.accelerators.TestEngine:Successfully clicked on Sub Menu 	Pax ADHOC
2018-01-17 15:31:49-main--INFO -com.ctaf.accelerators.TestEngine:in SelectFromDate()
2018-01-17 15:31:50-main--INFO -com.ctaf.accelerators.TestEngine:in SelectToDate()
2018-01-17 15:31:52-main--INFO -com.ctaf.accelerators.TestEngine:in PAD_SelectFlightType()
2018-01-17 15:31:54-main--INFO -com.ctaf.accelerators.TestEngine:Successfully clicked on Flight Type
2018-01-17 15:31:55-main--INFO -com.ctaf.accelerators.TestEngine:Successfully clicked on Select Flight type 	
2018-01-17 15:31:55-main--INFO -com.ctaf.accelerators.TestEngine:in Comm_PAD_SelectLegType()
2018-01-17 15:31:58-main--INFO -com.ctaf.accelerators.TestEngine:Successfully clicked on Leg Type
2018-01-17 15:31:59-main--INFO -com.ctaf.accelerators.TestEngine:Successfully clicked on Select Leg Type 	
2018-01-17 15:31:59-main--INFO -com.ctaf.accelerators.TestEngine:in PAD_SelectOrigin()
2018-01-17 15:32:02-main--INFO -com.ctaf.accelerators.TestEngine:Successfully clicked on Origin
2018-01-17 15:32:03-main--INFO -com.ctaf.accelerators.TestEngine:Successfully clicked on Origin Place 	AMD
2018-01-17 15:32:03-main--INFO -com.ctaf.accelerators.TestEngine:in PAD_SelectDestination()
2018-01-17 15:32:05-main--INFO -com.ctaf.accelerators.TestEngine:Successfully clicked on Destination
2018-01-17 15:32:05-main--INFO -com.ctaf.accelerators.TestEngine:Successfully clicked on Destination Place 	CCU
2018-01-17 15:32:05-main--INFO -com.ctaf.accelerators.TestEngine:in SelectFirstFlight()
2018-01-17 15:32:07-main--INFO -com.ctaf.accelerators.TestEngine:Successfully clicked on Flight no
2018-01-17 15:32:08-main--INFO -com.ctaf.accelerators.TestEngine:Successfully clicked on Flight no 	FirstFlight
2018-01-17 15:32:08-main--INFO -com.ctaf.accelerators.TestEngine:in PAD_EmailTemplate()
2018-01-17 15:32:10-main--INFO -com.ctaf.accelerators.TestEngine:Successfully clicked on Email Template
2018-01-17 15:32:10-main--INFO -com.ctaf.accelerators.TestEngine:Successfully clicked on email template 	Adhoc Message
2018-01-17 15:32:10-main--INFO -com.ctaf.accelerators.TestEngine:in IVR_EmailTemplate()
2018-01-17 15:32:12-main--INFO -com.ctaf.accelerators.TestEngine:Successfully clicked on Email Template
2018-01-17 15:34:41-main--INFO -com.ctaf.accelerators.TestEngine:Starting browser : chrome
2018-01-17 15:34:52-main--INFO -com.ctaf.accelerators.TestEngine:Current Test : TC_129_PaxAdhoc_VerifyDataForSelectedFligh
2018-01-17 15:34:52-main--INFO -com.ctaf.accelerators.TestEngine:in Indigo_Login()
2018-01-17 15:34:52-main--INFO -com.ctaf.accelerators.TestEngine:Type  seema.rani in username
2018-01-17 15:34:52-main--INFO -com.ctaf.accelerators.TestEngine:Type  Test@123 in password
2018-01-17 15:34:55-main--INFO -com.ctaf.accelerators.TestEngine:Successfully clicked on Log In
2018-01-17 15:34:55-main--INFO -com.ctaf.accelerators.TestEngine:in ClickMenuOptions()
2018-01-17 15:34:55-main--INFO -com.ctaf.accelerators.TestEngine:Successfully clicked on Menu Options
2018-01-17 15:34:55-main--INFO -com.ctaf.accelerators.TestEngine:in ClickMainMenu()
2018-01-17 15:34:56-main--INFO -com.ctaf.accelerators.TestEngine:Successfully clicked on Main Menu 	Commericial
2018-01-17 15:34:56-main--INFO -com.ctaf.accelerators.TestEngine:in ClickSubMenu()
2018-01-17 15:35:03-main--INFO -com.ctaf.accelerators.TestEngine:Successfully clicked on Sub Menu 	Pax ADHOC
2018-01-17 15:35:03-main--INFO -com.ctaf.accelerators.TestEngine:in SelectFromDate()
2018-01-17 15:35:05-main--INFO -com.ctaf.accelerators.TestEngine:in SelectToDate()
2018-01-17 15:35:06-main--INFO -com.ctaf.accelerators.TestEngine:in PAD_SelectFlightType()
2018-01-17 15:35:08-main--INFO -com.ctaf.accelerators.TestEngine:Successfully clicked on Flight Type
2018-01-17 15:35:09-main--INFO -com.ctaf.accelerators.TestEngine:Successfully clicked on Select Flight type 	
2018-01-17 15:35:09-main--INFO -com.ctaf.accelerators.TestEngine:in Comm_PAD_SelectLegType()
2018-01-17 15:35:12-main--INFO -com.ctaf.accelerators.TestEngine:Successfully clicked on Leg Type
2018-01-17 15:35:14-main--INFO -com.ctaf.accelerators.TestEngine:Successfully clicked on Select Leg Type 	
2018-01-17 15:35:14-main--INFO -com.ctaf.accelerators.TestEngine:in PAD_SelectOrigin()
2018-01-17 15:35:17-main--INFO -com.ctaf.accelerators.TestEngine:Successfully clicked on Origin
2018-01-17 15:35:17-main--INFO -com.ctaf.accelerators.TestEngine:Successfully clicked on Origin Place 	AMD
2018-01-17 15:35:17-main--INFO -com.ctaf.accelerators.TestEngine:in PAD_SelectDestination()
2018-01-17 15:35:19-main--INFO -com.ctaf.accelerators.TestEngine:Successfully clicked on Destination
2018-01-17 15:35:19-main--INFO -com.ctaf.accelerators.TestEngine:Successfully clicked on Destination Place 	CCU
2018-01-17 15:35:19-main--INFO -com.ctaf.accelerators.TestEngine:in SelectFirstFlight()
2018-01-17 15:35:21-main--INFO -com.ctaf.accelerators.TestEngine:Successfully clicked on Flight no
2018-01-17 15:35:22-main--INFO -com.ctaf.accelerators.TestEngine:Successfully clicked on Flight no 	FirstFlight
2018-01-17 15:35:22-main--INFO -com.ctaf.accelerators.TestEngine:in PAD_EmailTemplate()
2018-01-17 15:35:24-main--INFO -com.ctaf.accelerators.TestEngine:Successfully clicked on Email Template
2018-01-17 15:35:24-main--INFO -com.ctaf.accelerators.TestEngine:Successfully clicked on email template 	Adhoc Message
2018-01-17 15:35:24-main--INFO -com.ctaf.accelerators.TestEngine:in IVR_EmailTemplate()
2018-01-17 15:35:27-main--INFO -com.ctaf.accelerators.TestEngine:Successfully clicked on Email Template
2018-01-17 15:35:27-main--INFO -com.ctaf.accelerators.TestEngine:Successfully clicked on IVR template 	Adhoc Message
2018-01-17 15:35:27-main--INFO -com.ctaf.accelerators.TestEngine:in PAD_SMSTemplate()
2018-01-17 15:35:29-main--INFO -com.ctaf.accelerators.TestEngine:Successfully clicked on SMS Template
2018-01-17 15:35:29-main--INFO -com.ctaf.accelerators.TestEngine:Successfully clicked on SMS Template 	Adhoc Message
2018-01-17 15:35:29-main--INFO -com.ctaf.accelerators.TestEngine:in ClickGenerate()
2018-01-17 15:35:32-main--INFO -com.ctaf.accelerators.TestEngine:Successfully clicked on Generate Button
2018-01-17 15:35:32-main--INFO -com.ctaf.accelerators.TestEngine:in AU_SelectFirstFlight()
2018-01-17 17:45:31-main--INFO -com.ctaf.accelerators.TestEngine:Starting browser : chrome
2018-01-17 17:46:36-main--INFO -com.ctaf.accelerators.TestEngine:Current Test : TC_178_VerifyIfCheckBoxesForEmailSMSIVRInSearch
2018-01-17 17:46:36-main--INFO -com.ctaf.accelerators.TestEngine:in Indigo_Login()
2018-01-17 17:46:37-main--INFO -com.ctaf.accelerators.TestEngine:Type  seema.rani in username
2018-01-17 17:46:37-main--INFO -com.ctaf.accelerators.TestEngine:Type  Test@123 in password
2018-01-17 17:46:39-main--INFO -com.ctaf.accelerators.TestEngine:Successfully clicked on Log In
2018-01-17 17:46:39-main--INFO -com.ctaf.accelerators.TestEngine:in ClickMenuOptions()
2018-01-17 17:46:39-main--INFO -com.ctaf.accelerators.TestEngine:Successfully clicked on Menu Options
2018-01-17 17:46:39-main--INFO -com.ctaf.accelerators.TestEngine:in ClickMainMenu()
2018-01-17 17:46:39-main--INFO -com.ctaf.accelerators.TestEngine:Successfully clicked on Main Menu 	Commericial
2018-01-17 17:46:39-main--INFO -com.ctaf.accelerators.TestEngine:in ClickSubMenu()
2018-01-17 17:46:43-main--INFO -com.ctaf.accelerators.TestEngine:Successfully clicked on Sub Menu 	Queue Based Changes
2018-01-17 17:46:43-main--INFO -com.ctaf.accelerators.TestEngine:in CommPAD_SelectQueue()
2018-01-17 17:46:46-main--INFO -com.ctaf.accelerators.TestEngine:Successfully clicked on Queue
2018-01-17 17:46:46-main--INFO -com.ctaf.accelerators.TestEngine:Successfully clicked on Queue 	Flight Movement
2018-01-17 17:46:46-main--INFO -com.ctaf.accelerators.TestEngine:in CommPAD_SelectDaysOut()
2018-01-17 17:46:49-main--INFO -com.ctaf.accelerators.TestEngine:Successfully clicked on DaysOut
2018-01-17 17:46:49-main--INFO -com.ctaf.accelerators.TestEngine:Successfully clicked on DaysOut 	00
2018-01-17 17:46:49-main--INFO -com.ctaf.accelerators.TestEngine:in ClickGenerate()
2018-01-17 17:46:52-main--INFO -com.ctaf.accelerators.TestEngine:Successfully clicked on Generate Button
2018-01-17 17:56:29-main--INFO -com.ctaf.accelerators.TestEngine:Starting browser : chrome
2018-01-17 17:57:32-main--INFO -com.ctaf.accelerators.TestEngine:Current Test : TC_178_VerifyIfCheckBoxesForEmailSMSIVRInSearch
2018-01-17 17:57:32-main--INFO -com.ctaf.accelerators.TestEngine:in Indigo_Login()
2018-01-17 17:57:37-main--INFO -com.ctaf.accelerators.TestEngine:Type  seema.rani in username
2018-01-17 17:57:37-main--INFO -com.ctaf.accelerators.TestEngine:Type  Test@123 in password
2018-01-17 17:57:48-main--INFO -com.ctaf.accelerators.TestEngine:Successfully clicked on Log In
2018-01-17 17:57:48-main--INFO -com.ctaf.accelerators.TestEngine:in ClickMenuOptions()
2018-01-17 17:57:49-main--INFO -com.ctaf.accelerators.TestEngine:Successfully clicked on Menu Options
2018-01-17 17:57:49-main--INFO -com.ctaf.accelerators.TestEngine:in ClickMainMenu()
2018-01-17 17:57:49-main--INFO -com.ctaf.accelerators.TestEngine:Successfully clicked on Main Menu 	Commericial
2018-01-17 17:57:49-main--INFO -com.ctaf.accelerators.TestEngine:in ClickSubMenu()
2018-01-17 17:57:52-main--INFO -com.ctaf.accelerators.TestEngine:Successfully clicked on Sub Menu 	Queue Based Changes
2018-01-17 17:57:52-main--INFO -com.ctaf.accelerators.TestEngine:in CommPAD_SelectQueue()
2018-01-17 17:57:56-main--INFO -com.ctaf.accelerators.TestEngine:Successfully clicked on Queue
2018-01-17 17:57:56-main--INFO -com.ctaf.accelerators.TestEngine:Successfully clicked on Queue 	Flight Movement
2018-01-17 17:57:56-main--INFO -com.ctaf.accelerators.TestEngine:in CommPAD_SelectDaysOut()
2018-01-17 17:57:59-main--INFO -com.ctaf.accelerators.TestEngine:Successfully clicked on DaysOut
2018-01-17 17:57:59-main--INFO -com.ctaf.accelerators.TestEngine:Successfully clicked on DaysOut 	00
2018-01-17 17:57:59-main--INFO -com.ctaf.accelerators.TestEngine:in ClickGenerate()
2018-01-17 17:58:02-main--INFO -com.ctaf.accelerators.TestEngine:Successfully clicked on Generate Button
2018-01-17 17:58:02-main--INFO -com.ctaf.accelerators.TestEngine:in Comm_QBC_VerifyCheckBoxes()
2018-01-17 18:01:21-main--INFO -com.ctaf.accelerators.TestEngine:Starting browser : chrome
2018-01-17 18:01:34-main--INFO -com.ctaf.accelerators.TestEngine:Current Test : TC_178_VerifyIfCheckBoxesForEmailSMSIVRInSearch
2018-01-17 18:01:34-main--INFO -com.ctaf.accelerators.TestEngine:in Indigo_Login()
2018-01-17 18:01:35-main--INFO -com.ctaf.accelerators.TestEngine:Type  seema.rani in username
2018-01-17 18:01:35-main--INFO -com.ctaf.accelerators.TestEngine:Type  Test@123 in password
2018-01-17 18:01:37-main--INFO -com.ctaf.accelerators.TestEngine:Successfully clicked on Log In
2018-01-17 18:01:37-main--INFO -com.ctaf.accelerators.TestEngine:in ClickMenuOptions()
2018-01-17 18:01:37-main--INFO -com.ctaf.accelerators.TestEngine:Successfully clicked on Menu Options
2018-01-17 18:01:37-main--INFO -com.ctaf.accelerators.TestEngine:in ClickMainMenu()
2018-01-17 18:01:37-main--INFO -com.ctaf.accelerators.TestEngine:Successfully clicked on Main Menu 	Commericial
2018-01-17 18:01:37-main--INFO -com.ctaf.accelerators.TestEngine:in ClickSubMenu()
2018-01-17 18:01:41-main--INFO -com.ctaf.accelerators.TestEngine:Successfully clicked on Sub Menu 	Queue Based Changes
2018-01-17 18:01:41-main--INFO -com.ctaf.accelerators.TestEngine:in CommPAD_SelectQueue()
2018-01-17 18:01:44-main--INFO -com.ctaf.accelerators.TestEngine:Successfully clicked on Queue
2018-01-17 18:01:45-main--INFO -com.ctaf.accelerators.TestEngine:Successfully clicked on Queue 	Flight Movement
2018-01-17 18:01:45-main--INFO -com.ctaf.accelerators.TestEngine:in CommPAD_SelectDaysOut()
2018-01-17 18:01:48-main--INFO -com.ctaf.accelerators.TestEngine:Successfully clicked on DaysOut
2018-01-17 18:01:48-main--INFO -com.ctaf.accelerators.TestEngine:Successfully clicked on DaysOut 	00
2018-01-17 18:01:48-main--INFO -com.ctaf.accelerators.TestEngine:in ClickGenerate()
2018-01-17 18:01:51-main--INFO -com.ctaf.accelerators.TestEngine:Successfully clicked on Generate Button
2018-01-17 18:01:51-main--INFO -com.ctaf.accelerators.TestEngine:in Comm_QBC_VerifyCheckBoxes()
2018-01-17 18:07:59-main--INFO -com.ctaf.accelerators.TestEngine:Starting browser : chrome
2018-01-17 18:08:19-main--INFO -com.ctaf.accelerators.TestEngine:Current Test : TC_178_VerifyIfCheckBoxesForEmailSMSIVRInSearch
2018-01-17 18:08:19-main--INFO -com.ctaf.accelerators.TestEngine:in Indigo_Login()
2018-01-17 18:08:19-main--INFO -com.ctaf.accelerators.TestEngine:Type  seema.rani in username
2018-01-17 18:08:19-main--INFO -com.ctaf.accelerators.TestEngine:Type  Test@123 in password
2018-01-17 18:08:27-main--INFO -com.ctaf.accelerators.TestEngine:Successfully clicked on Log In
2018-01-17 18:08:27-main--INFO -com.ctaf.accelerators.TestEngine:in ClickMenuOptions()
2018-01-17 18:08:28-main--INFO -com.ctaf.accelerators.TestEngine:Successfully clicked on Menu Options
2018-01-17 18:08:28-main--INFO -com.ctaf.accelerators.TestEngine:in ClickMainMenu()
2018-01-17 18:08:28-main--INFO -com.ctaf.accelerators.TestEngine:Successfully clicked on Main Menu 	Commericial
2018-01-17 18:08:28-main--INFO -com.ctaf.accelerators.TestEngine:in ClickSubMenu()
2018-01-17 18:08:31-main--INFO -com.ctaf.accelerators.TestEngine:Successfully clicked on Sub Menu 	Queue Based Changes
2018-01-17 18:08:31-main--INFO -com.ctaf.accelerators.TestEngine:in CommPAD_SelectQueue()
2018-01-17 18:08:34-main--INFO -com.ctaf.accelerators.TestEngine:Successfully clicked on Queue
2018-01-17 18:08:34-main--INFO -com.ctaf.accelerators.TestEngine:Successfully clicked on Queue 	Flight Movement
2018-01-17 18:08:34-main--INFO -com.ctaf.accelerators.TestEngine:in CommPAD_SelectDaysOut()
2018-01-17 18:08:37-main--INFO -com.ctaf.accelerators.TestEngine:Successfully clicked on DaysOut
2018-01-17 18:08:38-main--INFO -com.ctaf.accelerators.TestEngine:Successfully clicked on DaysOut 	00
2018-01-17 18:08:38-main--INFO -com.ctaf.accelerators.TestEngine:in ClickGenerate()
2018-01-17 18:08:41-main--INFO -com.ctaf.accelerators.TestEngine:Successfully clicked on Generate Button
2018-01-17 18:08:41-main--INFO -com.ctaf.accelerators.TestEngine:in Comm_QBC_VerifyCheckBoxes()
2018-01-17 18:10:27-main--INFO -com.ctaf.accelerators.TestEngine:Starting browser : chrome
2018-01-17 18:10:53-main--INFO -com.ctaf.accelerators.TestEngine:Current Test : TC_178_VerifyIfCheckBoxesForEmailSMSIVRInSearch
2018-01-17 18:10:54-main--INFO -com.ctaf.accelerators.TestEngine:in Indigo_Login()
2018-01-17 18:10:54-main--INFO -com.ctaf.accelerators.TestEngine:Type  seema.rani in username
2018-01-17 18:10:54-main--INFO -com.ctaf.accelerators.TestEngine:Type  Test@123 in password
2018-01-17 18:10:56-main--INFO -com.ctaf.accelerators.TestEngine:Successfully clicked on Log In
2018-01-17 18:10:56-main--INFO -com.ctaf.accelerators.TestEngine:in ClickMenuOptions()
2018-01-17 18:10:56-main--INFO -com.ctaf.accelerators.TestEngine:Successfully clicked on Menu Options
2018-01-17 18:10:56-main--INFO -com.ctaf.accelerators.TestEngine:in ClickMainMenu()
2018-01-17 18:10:57-main--INFO -com.ctaf.accelerators.TestEngine:Successfully clicked on Main Menu 	Commericial
2018-01-17 18:10:57-main--INFO -com.ctaf.accelerators.TestEngine:in ClickSubMenu()
2018-01-17 18:11:00-main--INFO -com.ctaf.accelerators.TestEngine:Successfully clicked on Sub Menu 	Queue Based Changes
2018-01-17 18:11:00-main--INFO -com.ctaf.accelerators.TestEngine:in CommPAD_SelectQueue()
2018-01-17 18:11:04-main--INFO -com.ctaf.accelerators.TestEngine:Successfully clicked on Queue
2018-01-17 18:11:04-main--INFO -com.ctaf.accelerators.TestEngine:Successfully clicked on Queue 	Flight Movement
2018-01-17 18:11:04-main--INFO -com.ctaf.accelerators.TestEngine:in CommPAD_SelectDaysOut()
2018-01-17 18:11:07-main--INFO -com.ctaf.accelerators.TestEngine:Successfully clicked on DaysOut
2018-01-17 18:11:07-main--INFO -com.ctaf.accelerators.TestEngine:Successfully clicked on DaysOut 	00
2018-01-17 18:11:07-main--INFO -com.ctaf.accelerators.TestEngine:in ClickGenerate()
2018-01-17 18:11:11-main--INFO -com.ctaf.accelerators.TestEngine:Successfully clicked on Generate Button
2018-01-17 18:11:11-main--INFO -com.ctaf.accelerators.TestEngine:in Comm_QBC_VerifyCheckBoxes()
2018-01-17 18:12:16-main--INFO -com.ctaf.accelerators.TestEngine: Able to get TscreenShot
2018-01-17 18:12:29-main--INFO -com.ctaf.accelerators.TestEngine:Starting browser : chrome
2018-01-17 18:13:45-main--INFO -com.ctaf.accelerators.TestEngine:Current Test : TC_178_VerifyIfCheckBoxesForEmailSMSIVRInSearch
2018-01-17 18:13:45-main--INFO -com.ctaf.accelerators.TestEngine:in Indigo_Login()
2018-01-17 18:14:11-main--INFO -com.ctaf.accelerators.TestEngine:Starting browser : chrome
2018-01-17 18:15:01-main--INFO -com.ctaf.accelerators.TestEngine:Current Test : TC_178_VerifyIfCheckBoxesForEmailSMSIVRInSearch
2018-01-17 18:15:01-main--INFO -com.ctaf.accelerators.TestEngine:in Indigo_Login()
2018-01-17 18:15:01-main--INFO -com.ctaf.accelerators.TestEngine:Type  seema.rani in username
2018-01-17 18:15:01-main--INFO -com.ctaf.accelerators.TestEngine:Type  Test@123 in password
2018-01-17 18:15:08-main--INFO -com.ctaf.accelerators.TestEngine:Successfully clicked on Log In
2018-01-17 18:15:08-main--INFO -com.ctaf.accelerators.TestEngine:in ClickMenuOptions()
2018-01-17 18:15:09-main--INFO -com.ctaf.accelerators.TestEngine:Successfully clicked on Menu Options
2018-01-17 18:15:09-main--INFO -com.ctaf.accelerators.TestEngine:in ClickMainMenu()
2018-01-17 18:15:10-main--INFO -com.ctaf.accelerators.TestEngine:Successfully clicked on Main Menu 	Commericial
2018-01-17 18:15:10-main--INFO -com.ctaf.accelerators.TestEngine:in ClickSubMenu()
2018-01-17 18:15:17-main--INFO -com.ctaf.accelerators.TestEngine:Successfully clicked on Sub Menu 	Queue Based Changes
2018-01-17 18:15:17-main--INFO -com.ctaf.accelerators.TestEngine:in CommPAD_SelectQueue()
2018-01-17 18:15:20-main--INFO -com.ctaf.accelerators.TestEngine:Successfully clicked on Queue
2018-01-17 18:15:20-main--INFO -com.ctaf.accelerators.TestEngine:Successfully clicked on Queue 	Flight Movement
2018-01-17 18:15:20-main--INFO -com.ctaf.accelerators.TestEngine:in CommPAD_SelectDaysOut()
2018-01-17 18:15:23-main--INFO -com.ctaf.accelerators.TestEngine:Successfully clicked on DaysOut
2018-01-17 18:15:24-main--INFO -com.ctaf.accelerators.TestEngine:Successfully clicked on DaysOut 	00
2018-01-17 18:15:24-main--INFO -com.ctaf.accelerators.TestEngine:in ClickGenerate()
2018-01-17 18:15:27-main--INFO -com.ctaf.accelerators.TestEngine:Successfully clicked on Generate Button
2018-01-17 18:15:27-main--INFO -com.ctaf.accelerators.TestEngine:in Comm_QBC_VerifyCheckBoxes()
2018-01-17 18:25:13-main--INFO -com.ctaf.accelerators.TestEngine:Starting browser : chrome
2018-01-17 18:26:46-main--INFO -com.ctaf.accelerators.TestEngine:Current Test : TC_178_VerifyIfCheckBoxesForEmailSMSIVRInSearch
2018-01-17 18:26:48-main--INFO -com.ctaf.accelerators.TestEngine:in Indigo_Login()
2018-01-17 18:26:50-main--INFO -com.ctaf.accelerators.TestEngine:Type  seema.rani in username
2018-01-17 18:26:51-main--INFO -com.ctaf.accelerators.TestEngine:Type  Test@123 in password
2018-01-17 18:26:54-main--INFO -com.ctaf.accelerators.TestEngine:Successfully clicked on Log In
2018-01-17 18:26:54-main--INFO -com.ctaf.accelerators.TestEngine:in ClickMenuOptions()
2018-01-17 18:26:54-main--INFO -com.ctaf.accelerators.TestEngine:Successfully clicked on Menu Options
2018-01-17 18:26:54-main--INFO -com.ctaf.accelerators.TestEngine:in ClickMainMenu()
2018-01-17 18:26:55-main--INFO -com.ctaf.accelerators.TestEngine:Successfully clicked on Main Menu 	Commericial
2018-01-17 18:26:55-main--INFO -com.ctaf.accelerators.TestEngine:in ClickSubMenu()
2018-01-17 18:27:02-main--INFO -com.ctaf.accelerators.TestEngine:Successfully clicked on Sub Menu 	Queue Based Changes
2018-01-17 18:27:02-main--INFO -com.ctaf.accelerators.TestEngine:in CommPAD_SelectQueue()
2018-01-17 18:27:06-main--INFO -com.ctaf.accelerators.TestEngine:Successfully clicked on Queue
2018-01-17 18:27:07-main--INFO -com.ctaf.accelerators.TestEngine:Successfully clicked on Queue 	Flight Movement
2018-01-17 18:27:07-main--INFO -com.ctaf.accelerators.TestEngine:in CommPAD_SelectDaysOut()
2018-01-17 18:27:10-main--INFO -com.ctaf.accelerators.TestEngine:Successfully clicked on DaysOut
2018-01-17 18:27:10-main--INFO -com.ctaf.accelerators.TestEngine:Successfully clicked on DaysOut 	00
2018-01-17 18:27:10-main--INFO -com.ctaf.accelerators.TestEngine:in ClickGenerate()
2018-01-17 18:27:13-main--INFO -com.ctaf.accelerators.TestEngine:Successfully clicked on Generate Button
2018-01-17 18:27:13-main--INFO -com.ctaf.accelerators.TestEngine:in Comm_QBC_VerifyCheckBoxes()
2018-01-17 18:28:10-main--INFO -com.ctaf.accelerators.TestEngine:Starting browser : chrome
2018-01-17 18:28:31-main--INFO -com.ctaf.accelerators.TestEngine:Current Test : TC_178_VerifyIfCheckBoxesForEmailSMSIVRInSearch
2018-01-17 18:28:31-main--INFO -com.ctaf.accelerators.TestEngine:in Indigo_Login()
2018-01-17 18:28:31-main--INFO -com.ctaf.accelerators.TestEngine:Type  seema.rani in username
2018-01-17 18:28:32-main--INFO -com.ctaf.accelerators.TestEngine:Type  Test@123 in password
2018-01-17 18:28:37-main--INFO -com.ctaf.accelerators.TestEngine:Successfully clicked on Log In
2018-01-17 18:28:37-main--INFO -com.ctaf.accelerators.TestEngine:in ClickMenuOptions()
2018-01-17 18:28:37-main--INFO -com.ctaf.accelerators.TestEngine:Successfully clicked on Menu Options
2018-01-17 18:28:37-main--INFO -com.ctaf.accelerators.TestEngine:in ClickMainMenu()
2018-01-17 18:28:38-main--INFO -com.ctaf.accelerators.TestEngine:Successfully clicked on Main Menu 	Commericial
2018-01-17 18:28:38-main--INFO -com.ctaf.accelerators.TestEngine:in ClickSubMenu()
2018-01-17 18:28:43-main--INFO -com.ctaf.accelerators.TestEngine:Successfully clicked on Sub Menu 	Queue Based Changes
2018-01-17 18:28:43-main--INFO -com.ctaf.accelerators.TestEngine:in CommPAD_SelectQueue()
2018-01-17 18:28:46-main--INFO -com.ctaf.accelerators.TestEngine:Successfully clicked on Queue
2018-01-17 18:28:46-main--INFO -com.ctaf.accelerators.TestEngine:Successfully clicked on Queue 	Flight Movement
2018-01-17 18:28:46-main--INFO -com.ctaf.accelerators.TestEngine:in CommPAD_SelectDaysOut()
2018-01-17 18:28:49-main--INFO -com.ctaf.accelerators.TestEngine:Successfully clicked on DaysOut
2018-01-17 18:28:49-main--INFO -com.ctaf.accelerators.TestEngine:Successfully clicked on DaysOut 	00
2018-01-17 18:28:49-main--INFO -com.ctaf.accelerators.TestEngine:in ClickGenerate()
2018-01-17 18:28:52-main--INFO -com.ctaf.accelerators.TestEngine:Successfully clicked on Generate Button
2018-01-17 18:28:52-main--INFO -com.ctaf.accelerators.TestEngine:in Comm_QBC_VerifyCheckBoxes()
2018-01-17 18:31:31-main--INFO -com.ctaf.accelerators.TestEngine:Starting browser : chrome
2018-01-17 18:31:43-main--INFO -com.ctaf.accelerators.TestEngine:Current Test : TC_178_VerifyIfCheckBoxesForEmailSMSIVRInSearch
2018-01-17 18:31:43-main--INFO -com.ctaf.accelerators.TestEngine:in Indigo_Login()
2018-01-17 18:31:44-main--INFO -com.ctaf.accelerators.TestEngine:Type  seema.rani in username
2018-01-17 18:31:44-main--INFO -com.ctaf.accelerators.TestEngine:Type  Test@123 in password
2018-01-17 18:31:46-main--INFO -com.ctaf.accelerators.TestEngine:Successfully clicked on Log In
2018-01-17 18:31:46-main--INFO -com.ctaf.accelerators.TestEngine:in ClickMenuOptions()
2018-01-17 18:31:47-main--INFO -com.ctaf.accelerators.TestEngine:Successfully clicked on Menu Options
2018-01-17 18:31:47-main--INFO -com.ctaf.accelerators.TestEngine:in ClickMainMenu()
2018-01-17 18:31:47-main--INFO -com.ctaf.accelerators.TestEngine:Successfully clicked on Main Menu 	Commericial
2018-01-17 18:31:47-main--INFO -com.ctaf.accelerators.TestEngine:in ClickSubMenu()
2018-01-17 18:31:53-main--INFO -com.ctaf.accelerators.TestEngine:Successfully clicked on Sub Menu 	Queue Based Changes
2018-01-17 18:31:53-main--INFO -com.ctaf.accelerators.TestEngine:in CommPAD_SelectQueue()
2018-01-17 18:31:56-main--INFO -com.ctaf.accelerators.TestEngine:Successfully clicked on Queue
2018-01-17 18:31:56-main--INFO -com.ctaf.accelerators.TestEngine:Successfully clicked on Queue 	Flight Movement
2018-01-17 18:31:56-main--INFO -com.ctaf.accelerators.TestEngine:in CommPAD_SelectDaysOut()
2018-01-17 18:31:59-main--INFO -com.ctaf.accelerators.TestEngine:Successfully clicked on DaysOut
2018-01-17 18:31:59-main--INFO -com.ctaf.accelerators.TestEngine:Successfully clicked on DaysOut 	00
2018-01-17 18:31:59-main--INFO -com.ctaf.accelerators.TestEngine:in ClickGenerate()
2018-01-17 18:32:03-main--INFO -com.ctaf.accelerators.TestEngine:Successfully clicked on Generate Button
2018-01-17 18:32:03-main--INFO -com.ctaf.accelerators.TestEngine:in Comm_QBC_VerifyCheckBoxes()
