2017-12-15 13:11:04-main--INFO -com.ctaf.accelerators.TestEngine:Starting browser : chrome
2017-12-15 13:12:37-main--INFO -com.ctaf.accelerators.TestEngine:Starting browser : chrome
2017-12-15 13:13:23-main--INFO -com.ctaf.accelerators.TestEngine:Starting browser : chrome
2017-12-15 13:14:23-main--INFO -com.ctaf.accelerators.TestEngine:Starting browser : chrome
2017-12-15 13:18:17-main--INFO -com.ctaf.accelerators.TestEngine:Starting browser : chrome
2017-12-15 13:18:46-main--INFO -com.ctaf.accelerators.TestEngine:Starting browser : chrome
2017-12-15 13:26:47-main--INFO -com.ctaf.accelerators.TestEngine:Starting browser : chrome
2017-12-15 13:27:30-main--INFO -com.ctaf.accelerators.TestEngine:Starting browser : chrome
2017-12-15 13:28:46-main--INFO -com.ctaf.accelerators.TestEngine:Starting browser : chrome
2017-12-15 13:43:31-main--INFO -com.ctaf.accelerators.TestEngine:Starting browser : chrome
2017-12-15 13:51:48-main--INFO -com.ctaf.accelerators.TestEngine:Starting browser : chrome
2017-12-15 13:51:56-main--INFO -com.ctaf.accelerators.TestEngine:Current Test : TC_001
2017-12-15 13:51:56-main--INFO -com.ctaf.accelerators.TestEngine:in Indigo_Login()
2017-12-15 13:51:56-main--INFO -com.ctaf.accelerators.TestEngine:Type  seema.rani in username
2017-12-15 13:51:56-main--INFO -com.ctaf.accelerators.TestEngine:Type  Test@123 in password
2017-12-15 13:51:58-main--INFO -com.ctaf.accelerators.TestEngine:Successfully clicked on Log In
2017-12-15 13:51:58-main--INFO -com.ctaf.accelerators.TestEngine:in ClickMenuOptions()
2017-12-15 13:51:58-main--INFO -com.ctaf.accelerators.TestEngine:Successfully clicked on Menu Options
2017-12-15 13:51:58-main--INFO -com.ctaf.accelerators.TestEngine:in ClickMainMenu()
2017-12-15 13:51:58-main--INFO -com.ctaf.accelerators.TestEngine:Successfully clicked on Main Menu 	OCC
2017-12-15 13:51:58-main--INFO -com.ctaf.accelerators.TestEngine:in ClickSubMenu()
2017-12-15 13:52:00-main--INFO -com.ctaf.accelerators.TestEngine:Successfully clicked on Sub Menu 	Manual Flight Cancellation
2017-12-15 13:52:00-main--INFO -com.ctaf.accelerators.TestEngine:in SelectFromDate()
2017-12-15 13:52:44-main--INFO -com.ctaf.accelerators.TestEngine:Starting browser : chrome
2017-12-15 13:52:51-main--INFO -com.ctaf.accelerators.TestEngine:Current Test : TC_001
2017-12-15 13:52:51-main--INFO -com.ctaf.accelerators.TestEngine:in Indigo_Login()
2017-12-15 13:52:51-main--INFO -com.ctaf.accelerators.TestEngine:Type  seema.rani in username
2017-12-15 13:52:51-main--INFO -com.ctaf.accelerators.TestEngine:Type  Test@123 in password
2017-12-15 13:52:53-main--INFO -com.ctaf.accelerators.TestEngine:Successfully clicked on Log In
2017-12-15 13:52:53-main--INFO -com.ctaf.accelerators.TestEngine:in ClickMenuOptions()
2017-12-15 13:52:53-main--INFO -com.ctaf.accelerators.TestEngine:Successfully clicked on Menu Options
2017-12-15 13:52:53-main--INFO -com.ctaf.accelerators.TestEngine:in ClickMainMenu()
2017-12-15 13:52:53-main--INFO -com.ctaf.accelerators.TestEngine:Successfully clicked on Main Menu 	OCC
2017-12-15 13:52:53-main--INFO -com.ctaf.accelerators.TestEngine:in ClickSubMenu()
2017-12-15 13:52:56-main--INFO -com.ctaf.accelerators.TestEngine:Successfully clicked on Sub Menu 	Manual Flight Cancellation
2017-12-15 13:52:56-main--INFO -com.ctaf.accelerators.TestEngine:in SelectFromDate()
2017-12-15 13:52:58-main--INFO -com.ctaf.accelerators.TestEngine:in SelectToDate()
2017-12-15 13:52:59-main--INFO -com.ctaf.accelerators.TestEngine:in SelectOrigin()
2017-12-15 13:53:02-main--INFO -com.ctaf.accelerators.TestEngine:Successfully clicked on Origin
2017-12-15 13:53:04-main--INFO -com.ctaf.accelerators.TestEngine:Successfully clicked on Origin
