2017-06-16 10:10:23-main--INFO -com.ctaf.accelerators.TestEngine:Starting browser : Firefox
2017-06-16 10:11:02-main--INFO -com.ctaf.accelerators.TestEngine:Current Test : TC03_CommonChecks_HomePage_HambergerMenu_Login_Signout_GuestUser
2017-06-16 10:11:08-main--INFO -com.ctaf.accelerators.TestEngine:in verifyWebElementHomePage
2017-06-16 10:11:08-main--INFO -com.ctaf.accelerators.TestEngine:Hamburger Menu is displaying
2017-06-16 10:11:08-main--INFO -com.ctaf.accelerators.TestEngine:Engage Victoria Logo is displaying
2017-06-16 10:11:08-main--INFO -com.ctaf.accelerators.TestEngine:Search Site is displaying
2017-06-16 10:11:08-main--INFO -com.ctaf.accelerators.TestEngine:Text - Engage Victoria' on hero block  is displaying
2017-06-16 10:11:08-main--INFO -com.ctaf.accelerators.TestEngine:Text - Share ideas here and have your say about what matters to you is displaying
2017-06-16 10:13:08-main--INFO -com.ctaf.accelerators.TestEngine:Text - I'm looking for consultations relating to is displaying
2017-06-16 10:13:09-main--INFO -com.ctaf.accelerators.TestEngine:Drop Down for Category is displaying
2017-06-16 10:13:09-main--INFO -com.ctaf.accelerators.TestEngine:Help me find a consultation is displaying
2017-06-16 10:13:09-main--INFO -com.ctaf.accelerators.TestEngine:WebSite feature section is displaying
2017-06-16 10:13:09-main--INFO -com.ctaf.accelerators.TestEngine:Active Consultation section is displaying
2017-06-16 10:13:09-main--INFO -com.ctaf.accelerators.TestEngine:Stay informed section is displaying
2017-06-16 10:13:09-main--INFO -com.ctaf.accelerators.TestEngine:Sign up email is displaying
2017-06-16 10:13:09-main--INFO -com.ctaf.accelerators.TestEngine:Sign up Today is displaying
2017-06-16 10:13:09-main--INFO -com.ctaf.accelerators.TestEngine:Footer section with Links is displaying
2017-06-16 10:13:09-main--INFO -com.ctaf.accelerators.TestEngine:Footer section with copyright message is displaying
2017-06-16 10:13:09-main--INFO -com.ctaf.accelerators.TestEngine:Footer Link - Copyright is displaying
2017-06-16 10:13:09-main--INFO -com.ctaf.accelerators.TestEngine:Footer Link - Privacy is displaying
2017-06-16 10:13:09-main--INFO -com.ctaf.accelerators.TestEngine:Footer Link - Terms of Use is displaying
2017-06-16 10:13:09-main--INFO -com.ctaf.accelerators.TestEngine:Footer Link - Accessibility is displaying
2017-06-16 10:13:09-main--INFO -com.ctaf.accelerators.TestEngine:Footer Link - Moderation is displaying
2017-06-16 10:13:09-main--INFO -com.ctaf.accelerators.TestEngine:Footer Link - Community Guidelines is displaying
2017-06-16 10:13:09-main--INFO -com.ctaf.accelerators.TestEngine:Footer Link - About Us is displaying
2017-06-16 10:13:09-main--INFO -com.ctaf.accelerators.TestEngine:Footer Link - Contact Us is displaying
2017-06-16 10:13:09-main--INFO -com.ctaf.accelerators.TestEngine:Footer Link - Site Map is displaying
2017-06-16 10:13:09-main--INFO -com.ctaf.accelerators.TestEngine:in verifyHamburger
2017-06-16 10:13:49-main--INFO -com.ctaf.accelerators.TestEngine:Successfully click on Menu
2017-06-16 10:14:00-main--INFO -com.ctaf.accelerators.TestEngine:Hamberger Menu/Home is displaying
2017-06-16 10:14:00-main--INFO -com.ctaf.accelerators.TestEngine:Hamberger Menu/About is displaying
2017-06-16 10:14:00-main--INFO -com.ctaf.accelerators.TestEngine:Hamberger Menu/Consultation is displaying
2017-06-16 10:14:00-main--INFO -com.ctaf.accelerators.TestEngine:Hamberger Menu/Contact us is displaying
2017-06-16 10:14:30-main--INFO -com.ctaf.accelerators.TestEngine:Successfully click on Menu/Home
2017-06-16 10:17:46-main--INFO -com.ctaf.accelerators.TestEngine: Able to get TscreenShot
2017-06-16 10:30:03-main--INFO -com.ctaf.accelerators.TestEngine:Starting browser : chrome
2017-06-16 11:07:18-main--INFO -com.ctaf.accelerators.TestEngine:Starting browser : Firefox
2017-06-16 11:07:50-main--INFO -com.ctaf.accelerators.TestEngine:Current Test : TC02_CommonChecks_HomePage_HambergerMenu_Login_Signout_CommunityUser
2017-06-16 11:07:50-main--INFO -com.ctaf.accelerators.TestEngine:in login
2017-06-16 11:07:52-main--INFO -com.ctaf.accelerators.TestEngine:Successfully click on Click on Home Page Login
2017-06-16 11:07:52-main--INFO -com.ctaf.accelerators.TestEngine:Type  autosu2017@gmail.com in Email address
2017-06-16 11:07:54-main--INFO -com.ctaf.accelerators.TestEngine:Type  Automation2017 in Password
2017-06-16 11:07:54-main--INFO -com.ctaf.accelerators.TestEngine:Successfully click on Login button
2017-06-16 11:08:04-main--INFO -com.ctaf.accelerators.TestEngine:in verifyWebElementHomePage
2017-06-16 11:08:04-main--INFO -com.ctaf.accelerators.TestEngine:Hamburger Menu is displaying
2017-06-16 11:08:04-main--INFO -com.ctaf.accelerators.TestEngine:Engage Victoria Logo is displaying
2017-06-16 11:08:04-main--INFO -com.ctaf.accelerators.TestEngine:Search Site is displaying
2017-06-16 11:08:04-main--INFO -com.ctaf.accelerators.TestEngine:Text - Engage Victoria' on hero block  is displaying
2017-06-16 11:08:04-main--INFO -com.ctaf.accelerators.TestEngine:Text - Share ideas here and have your say about what matters to you is displaying
2017-06-16 11:20:01-main--INFO -com.ctaf.accelerators.TestEngine:Starting browser : ie
2017-06-16 11:28:16-main--INFO -com.ctaf.accelerators.TestEngine:Starting browser : ie
2017-06-16 11:28:25-main--INFO -com.ctaf.accelerators.TestEngine:Starting browser : ie
2017-06-16 11:30:03-main--INFO -com.ctaf.accelerators.TestEngine:Starting browser : ie
2017-06-16 11:30:53-main--INFO -com.ctaf.accelerators.TestEngine:Starting browser : ie
2017-06-16 11:31:22-main--INFO -com.ctaf.accelerators.TestEngine:Starting browser : ie
2017-06-16 11:35:26-main--INFO -com.ctaf.accelerators.TestEngine:Starting browser : ie
2017-06-16 11:36:10-main--INFO -com.ctaf.accelerators.TestEngine:Starting browser : ie
2017-06-16 11:45:09-main--INFO -com.ctaf.accelerators.TestEngine:Starting browser : ie
2017-06-16 11:46:19-main--INFO -com.ctaf.accelerators.TestEngine:Starting browser : ie
2017-06-16 11:46:36-main--INFO -com.ctaf.accelerators.TestEngine:Current Test : TC01_CommonChecks_HomePage_HambergerMenu_Login_Signout_SiteAdmin
2017-06-16 11:46:36-main--INFO -com.ctaf.accelerators.TestEngine:in login
2017-06-16 11:47:16-main--INFO -com.ctaf.accelerators.TestEngine:Starting browser : ie
2017-06-16 11:55:58-main--INFO -com.ctaf.accelerators.TestEngine:Starting browser : ie
2017-06-16 11:56:10-main--INFO -com.ctaf.accelerators.TestEngine:Current Test : TC01_CommonChecks_HomePage_HambergerMenu_Login_Signout_SiteAdmin
2017-06-16 11:57:20-main--INFO -com.ctaf.accelerators.TestEngine:Starting browser : ie
2017-06-16 11:57:33-main--INFO -com.ctaf.accelerators.TestEngine:Current Test : TC01_CommonChecks_HomePage_HambergerMenu_Login_Signout_SiteAdmin
2017-06-16 11:58:14-main--INFO -com.ctaf.accelerators.TestEngine:in login
2017-06-16 11:58:15-main--INFO -com.ctaf.accelerators.TestEngine:Successfully click on Click on Home Page Login
2017-06-16 12:01:23-main--INFO -com.ctaf.accelerators.TestEngine: Able to get TscreenShot
