2017-04-03 10:24:59-main--INFO -com.ctaf.accelerators.TestEngine:Starting browser : chrome
2017-04-03 10:25:43-main--INFO -com.ctaf.accelerators.TestEngine:Current Test : TC01_CommonChecks_HomePage_HambergerMenu_Login_Signout_SiteAdmin
2017-04-03 10:25:43-main--INFO -com.ctaf.accelerators.TestEngine:in login
2017-04-03 10:25:43-main--INFO -com.ctaf.accelerators.TestEngine:Successfully click on Click on Home Page Login
2017-04-03 10:25:43-main--INFO -com.ctaf.accelerators.TestEngine:Type  autosm2017@gmail.com in Email address
2017-04-03 10:25:43-main--INFO -com.ctaf.accelerators.TestEngine:Type  Automation2017 in Password
2017-04-03 10:25:43-main--INFO -com.ctaf.accelerators.TestEngine:Successfully click on Login button
2017-04-03 10:25:58-main--INFO -com.ctaf.accelerators.TestEngine:in verifyWebElementHomePage
2017-04-03 10:26:25-main--INFO -com.ctaf.accelerators.TestEngine:Hamburger Menu is displaying
2017-04-03 10:26:25-main--INFO -com.ctaf.accelerators.TestEngine:Engage Victoria Logo is displaying
2017-04-03 10:26:25-main--INFO -com.ctaf.accelerators.TestEngine:Search Site is displaying
2017-04-03 10:26:25-main--INFO -com.ctaf.accelerators.TestEngine:Text - Engage Victoria' on hero block  is displaying
2017-04-03 10:26:25-main--INFO -com.ctaf.accelerators.TestEngine:Text - Share ideas here and have your say about what matters to you is displaying
2017-04-03 10:26:25-main--INFO -com.ctaf.accelerators.TestEngine:Image on hero block is displaying
2017-04-03 10:26:25-main--INFO -com.ctaf.accelerators.TestEngine:Text - I'm looking for consultations relating to is displaying
2017-04-03 10:26:25-main--INFO -com.ctaf.accelerators.TestEngine:Drop Down for Category is displaying
2017-04-03 10:26:26-main--INFO -com.ctaf.accelerators.TestEngine:Help me find a consultation is displaying
2017-04-03 10:26:26-main--INFO -com.ctaf.accelerators.TestEngine:WebSite feature section is displaying
2017-04-03 10:26:26-main--INFO -com.ctaf.accelerators.TestEngine:Active Consultation section is displaying
2017-04-03 10:26:26-main--INFO -com.ctaf.accelerators.TestEngine:Stay informed section is displaying
2017-04-03 10:26:26-main--INFO -com.ctaf.accelerators.TestEngine:Sign up email is displaying
2017-04-03 10:26:26-main--INFO -com.ctaf.accelerators.TestEngine:Sign up Today is displaying
2017-04-03 10:26:26-main--INFO -com.ctaf.accelerators.TestEngine:Footer section with Links is displaying
2017-04-03 10:26:26-main--INFO -com.ctaf.accelerators.TestEngine:Footer section with copyright message is displaying
2017-04-03 10:26:26-main--INFO -com.ctaf.accelerators.TestEngine:Footer Link - Copyright is displaying
2017-04-03 10:26:26-main--INFO -com.ctaf.accelerators.TestEngine:Footer Link - Privacy is displaying
2017-04-03 10:26:26-main--INFO -com.ctaf.accelerators.TestEngine:Footer Link - Terms of Use is displaying
2017-04-03 10:26:26-main--INFO -com.ctaf.accelerators.TestEngine:Footer Link - Accessibility is displaying
2017-04-03 10:26:26-main--INFO -com.ctaf.accelerators.TestEngine:Footer Link - Moderation is displaying
2017-04-03 10:26:26-main--INFO -com.ctaf.accelerators.TestEngine:Footer Link - Community Guidelines is displaying
2017-04-03 10:26:26-main--INFO -com.ctaf.accelerators.TestEngine:Footer Link - About Us is displaying
2017-04-03 10:26:26-main--INFO -com.ctaf.accelerators.TestEngine:Footer Link - Contact Us is displaying
2017-04-03 10:26:26-main--INFO -com.ctaf.accelerators.TestEngine:Footer Link - Site Map is displaying
2017-04-03 10:26:26-main--INFO -com.ctaf.accelerators.TestEngine:in verifyHamburger
2017-04-03 10:27:16-main--INFO -com.ctaf.accelerators.TestEngine:Successfully click on Menu
2017-04-03 10:27:26-main--INFO -com.ctaf.accelerators.TestEngine:Hamberger Menu/Home is displaying
2017-04-03 10:27:26-main--INFO -com.ctaf.accelerators.TestEngine:Hamberger Menu/About is displaying
2017-04-03 10:27:27-main--INFO -com.ctaf.accelerators.TestEngine:Hamberger Menu/Consultation is displaying
2017-04-03 10:27:27-main--INFO -com.ctaf.accelerators.TestEngine:Hamberger Menu/Contact us is displaying
2017-04-03 10:27:54-main--INFO -com.ctaf.accelerators.TestEngine:Successfully click on Menu/Home
2017-04-03 10:27:59-main--INFO -com.ctaf.accelerators.TestEngine:Element By.xpath: //div[contains(@style, 'background-image:url(/application/files/3214/8118/3884/FAMILY_Small.jpg);')] is present
2017-04-03 10:28:09-main--INFO -com.ctaf.accelerators.TestEngine:Successfully click on Menu
2017-04-03 10:28:34-main--INFO -com.ctaf.accelerators.TestEngine:Successfully click on Click on Menu/About
2017-04-03 10:28:39-main--INFO -com.ctaf.accelerators.TestEngine:Element By.xpath: //h1[contains(text(),'About')] is present
2017-04-03 10:28:39-main--INFO -com.ctaf.accelerators.TestEngine:in clickOnBreadcrumbs
2017-04-03 10:29:31-main--INFO -com.ctaf.accelerators.TestEngine:Successfully click on Menu
2017-04-03 10:30:02-main--INFO -com.ctaf.accelerators.TestEngine:Successfully click on Click on Menu/Consultation
2017-04-03 10:30:07-main--INFO -com.ctaf.accelerators.TestEngine:Element By.xpath: //h1[contains(text(),'Consultations')] is present
2017-04-03 10:30:07-main--INFO -com.ctaf.accelerators.TestEngine:in clickOnBreadcrumbs
2017-04-03 10:31:00-main--INFO -com.ctaf.accelerators.TestEngine:Successfully click on Menu
2017-04-03 10:31:20-main--INFO -com.ctaf.accelerators.TestEngine:Successfully click on Click on Menu/Contact us
2017-04-03 10:31:25-main--INFO -com.ctaf.accelerators.TestEngine:Element By.xpath: //h1[contains(text(),'Contact us')] is present
2017-04-03 10:31:25-main--INFO -com.ctaf.accelerators.TestEngine:in clickOnBreadcrumbs
2017-04-03 10:32:18-main--INFO -com.ctaf.accelerators.TestEngine:in verifyAuthroing
2017-04-03 10:32:18-main--INFO -com.ctaf.accelerators.TestEngine:Authroing Toolbar is displaying
2017-04-03 10:32:18-main--INFO -com.ctaf.accelerators.TestEngine:Edit Page is displaying
2017-04-03 10:32:18-main--INFO -com.ctaf.accelerators.TestEngine:Page Setting is displaying
2017-04-03 10:32:18-main--INFO -com.ctaf.accelerators.TestEngine:Tools is displaying
2017-04-03 10:32:18-main--INFO -com.ctaf.accelerators.TestEngine:Add Update is displaying
2017-04-03 10:32:18-main--INFO -com.ctaf.accelerators.TestEngine:Dashboard is displaying
2017-04-03 10:32:18-main--INFO -com.ctaf.accelerators.TestEngine:Page is displaying
2017-04-03 10:32:28-main--INFO -com.ctaf.accelerators.TestEngine:in signOut
2017-04-03 10:33:43-main--INFO -com.ctaf.accelerators.TestEngine:Starting browser : chrome
2017-04-03 10:34:25-main--INFO -com.ctaf.accelerators.TestEngine:Current Test : TC01_CommonChecks_HomePage_HambergerMenu_Login_Signout_SiteAdmin
2017-04-03 10:34:25-main--INFO -com.ctaf.accelerators.TestEngine:in login
2017-04-03 10:34:26-main--INFO -com.ctaf.accelerators.TestEngine:Successfully click on Click on Home Page Login
2017-04-03 10:34:26-main--INFO -com.ctaf.accelerators.TestEngine:Type  autosm2017@gmail.com in Email address
2017-04-03 10:34:26-main--INFO -com.ctaf.accelerators.TestEngine:Type  Automation2017 in Password
2017-04-03 10:34:26-main--INFO -com.ctaf.accelerators.TestEngine:Successfully click on Login button
2017-04-03 10:34:41-main--INFO -com.ctaf.accelerators.TestEngine:in verifyWebElementHomePage
2017-04-03 10:35:04-main--INFO -com.ctaf.accelerators.TestEngine:Hamburger Menu is displaying
2017-04-03 10:35:04-main--INFO -com.ctaf.accelerators.TestEngine:Engage Victoria Logo is displaying
2017-04-03 10:35:04-main--INFO -com.ctaf.accelerators.TestEngine:Search Site is displaying
2017-04-03 10:35:04-main--INFO -com.ctaf.accelerators.TestEngine:Text - Engage Victoria' on hero block  is displaying
2017-04-03 10:35:04-main--INFO -com.ctaf.accelerators.TestEngine:Text - Share ideas here and have your say about what matters to you is displaying
2017-04-03 10:35:04-main--INFO -com.ctaf.accelerators.TestEngine:Image on hero block is displaying
2017-04-03 10:35:04-main--INFO -com.ctaf.accelerators.TestEngine:Text - I'm looking for consultations relating to is displaying
2017-04-03 10:35:04-main--INFO -com.ctaf.accelerators.TestEngine:Drop Down for Category is displaying
2017-04-03 10:35:04-main--INFO -com.ctaf.accelerators.TestEngine:Help me find a consultation is displaying
2017-04-03 10:35:04-main--INFO -com.ctaf.accelerators.TestEngine:WebSite feature section is displaying
2017-04-03 10:35:04-main--INFO -com.ctaf.accelerators.TestEngine:Active Consultation section is displaying
2017-04-03 10:35:04-main--INFO -com.ctaf.accelerators.TestEngine:Stay informed section is displaying
2017-04-03 10:35:04-main--INFO -com.ctaf.accelerators.TestEngine:Sign up email is displaying
2017-04-03 10:35:04-main--INFO -com.ctaf.accelerators.TestEngine:Sign up Today is displaying
2017-04-03 10:35:04-main--INFO -com.ctaf.accelerators.TestEngine:Footer section with Links is displaying
2017-04-03 10:35:05-main--INFO -com.ctaf.accelerators.TestEngine:Footer section with copyright message is displaying
2017-04-03 10:35:05-main--INFO -com.ctaf.accelerators.TestEngine:Footer Link - Copyright is displaying
2017-04-03 10:35:05-main--INFO -com.ctaf.accelerators.TestEngine:Footer Link - Privacy is displaying
2017-04-03 10:35:05-main--INFO -com.ctaf.accelerators.TestEngine:Footer Link - Terms of Use is displaying
2017-04-03 10:35:05-main--INFO -com.ctaf.accelerators.TestEngine:Footer Link - Accessibility is displaying
2017-04-03 10:35:05-main--INFO -com.ctaf.accelerators.TestEngine:Footer Link - Moderation is displaying
2017-04-03 10:35:05-main--INFO -com.ctaf.accelerators.TestEngine:Footer Link - Community Guidelines is displaying
2017-04-03 10:35:05-main--INFO -com.ctaf.accelerators.TestEngine:Footer Link - About Us is displaying
2017-04-03 10:35:05-main--INFO -com.ctaf.accelerators.TestEngine:Footer Link - Contact Us is displaying
2017-04-03 10:35:05-main--INFO -com.ctaf.accelerators.TestEngine:Footer Link - Site Map is displaying
2017-04-03 10:35:05-main--INFO -com.ctaf.accelerators.TestEngine:in verifyHamburger
2017-04-03 10:35:55-main--INFO -com.ctaf.accelerators.TestEngine:Successfully click on Menu
2017-04-03 10:36:05-main--INFO -com.ctaf.accelerators.TestEngine:Hamberger Menu/Home is displaying
2017-04-03 10:36:05-main--INFO -com.ctaf.accelerators.TestEngine:Hamberger Menu/About is displaying
2017-04-03 10:36:05-main--INFO -com.ctaf.accelerators.TestEngine:Hamberger Menu/Consultation is displaying
2017-04-03 10:36:05-main--INFO -com.ctaf.accelerators.TestEngine:Hamberger Menu/Contact us is displaying
2017-04-03 10:36:33-main--INFO -com.ctaf.accelerators.TestEngine:Successfully click on Menu/Home
2017-04-03 10:36:38-main--INFO -com.ctaf.accelerators.TestEngine:Element By.xpath: //div[contains(@style, 'background-image:url(/application/files/3214/8118/3884/FAMILY_Small.jpg);')] is present
2017-04-03 10:36:48-main--INFO -com.ctaf.accelerators.TestEngine:Successfully click on Menu
2017-04-03 10:37:13-main--INFO -com.ctaf.accelerators.TestEngine:Successfully click on Click on Menu/About
2017-04-03 10:37:18-main--INFO -com.ctaf.accelerators.TestEngine:Element By.xpath: //h1[contains(text(),'About')] is present
2017-04-03 10:37:18-main--INFO -com.ctaf.accelerators.TestEngine:in clickOnBreadcrumbs
2017-04-03 10:38:10-main--INFO -com.ctaf.accelerators.TestEngine:Successfully click on Menu
2017-04-03 10:38:44-main--INFO -com.ctaf.accelerators.TestEngine:Successfully click on Click on Menu/Consultation
2017-04-03 10:38:49-main--INFO -com.ctaf.accelerators.TestEngine:Element By.xpath: //h1[contains(text(),'Consultations')] is present
2017-04-03 10:38:49-main--INFO -com.ctaf.accelerators.TestEngine:in clickOnBreadcrumbs
2017-04-03 10:39:41-main--INFO -com.ctaf.accelerators.TestEngine:Successfully click on Menu
2017-04-03 10:40:00-main--INFO -com.ctaf.accelerators.TestEngine:Successfully click on Click on Menu/Contact us
2017-04-03 10:40:05-main--INFO -com.ctaf.accelerators.TestEngine:Element By.xpath: //h1[contains(text(),'Contact us')] is present
2017-04-03 10:40:05-main--INFO -com.ctaf.accelerators.TestEngine:in clickOnBreadcrumbs
2017-04-03 10:40:58-main--INFO -com.ctaf.accelerators.TestEngine:in verifyAuthroing
2017-04-03 10:40:58-main--INFO -com.ctaf.accelerators.TestEngine:Authroing Toolbar is displaying
2017-04-03 10:40:58-main--INFO -com.ctaf.accelerators.TestEngine:Edit Page is displaying
2017-04-03 10:40:58-main--INFO -com.ctaf.accelerators.TestEngine:Page Setting is displaying
2017-04-03 10:40:58-main--INFO -com.ctaf.accelerators.TestEngine:Tools is displaying
2017-04-03 10:40:58-main--INFO -com.ctaf.accelerators.TestEngine:Add Update is displaying
2017-04-03 10:40:58-main--INFO -com.ctaf.accelerators.TestEngine:Dashboard is displaying
2017-04-03 11:14:48-main--INFO -com.ctaf.accelerators.TestEngine:Page is displaying
2017-04-03 11:15:25-main--INFO -com.ctaf.accelerators.TestEngine:in signOut
2017-04-03 11:44:24-main--INFO -com.ctaf.accelerators.TestEngine:Starting browser : chrome
2017-04-03 11:47:02-main--INFO -com.ctaf.accelerators.TestEngine:Current Test : TC04_ForgotPwdChangePwd_SiteAdmin
2017-04-03 11:47:02-main--INFO -com.ctaf.accelerators.TestEngine:in forgotPassword
2017-04-03 11:47:02-main--INFO -com.ctaf.accelerators.TestEngine:in resetpasswordLinktoEmail
2017-04-03 11:47:02-main--INFO -com.ctaf.accelerators.TestEngine:Successfully click on Click on Home Page Login
2017-04-03 11:47:03-main--INFO -com.ctaf.accelerators.TestEngine:Successfully click on Forgot password
2017-04-03 11:47:03-main--INFO -com.ctaf.accelerators.TestEngine:Type  autosm2017@gmail.com in Email address
2017-04-03 11:47:03-main--INFO -com.ctaf.accelerators.TestEngine:Successfully click on Reset and Email Password
2017-04-03 11:47:08-main--INFO -com.ctaf.accelerators.TestEngine:Assert text of By.xpath: //div[@class='error-message alert alert-success'] .Expected text If there is an account associated with this email, instructions for resetting your password have been sent. is present
2017-04-03 11:47:08-main--INFO -com.ctaf.accelerators.TestEngine:Successfully click on Close window
2017-04-03 11:47:08-main--INFO -com.ctaf.accelerators.TestEngine:Successfully click on Menu
2017-04-03 11:47:44-main--INFO -com.ctaf.accelerators.TestEngine:in changePassword
2017-04-03 11:47:49-main--INFO -com.ctaf.accelerators.TestEngine:in login
2017-04-03 11:47:49-main--INFO -com.ctaf.accelerators.TestEngine:Successfully click on Click on Home Page Login
2017-04-03 11:47:50-main--INFO -com.ctaf.accelerators.TestEngine:Type  autosm2017@gmail.com in Email address
2017-04-03 11:47:50-main--INFO -com.ctaf.accelerators.TestEngine:Type  Automation2017 in Password
2017-04-03 11:47:50-main--INFO -com.ctaf.accelerators.TestEngine:Successfully click on Login button
2017-04-03 11:48:29-main--INFO -com.ctaf.accelerators.TestEngine:Successfully click on Select Dashboard
2017-04-03 11:53:31-main--INFO -com.ctaf.accelerators.TestEngine:Starting browser : chrome
2017-04-03 11:54:13-main--INFO -com.ctaf.accelerators.TestEngine:Current Test : TC05_loginviaFooter_CommonCheck_FooterLinks_SearchSite_SiteAdmin
2017-04-03 11:54:13-main--INFO -com.ctaf.accelerators.TestEngine:in login
2017-04-03 11:54:14-main--INFO -com.ctaf.accelerators.TestEngine:Successfully click on Link to login from footer
2017-04-03 11:54:14-main--INFO -com.ctaf.accelerators.TestEngine:Type  autosm2017@gmail.com in Email address
2017-04-03 11:54:14-main--INFO -com.ctaf.accelerators.TestEngine:Type  Automation2017 in Password
2017-04-03 11:54:14-main--INFO -com.ctaf.accelerators.TestEngine:Successfully click on Login button
2017-04-03 11:54:34-main--INFO -com.ctaf.accelerators.TestEngine:in searchConsultation
2017-04-03 11:54:34-main--INFO -com.ctaf.accelerators.TestEngine:in scrollTo
2017-04-03 11:55:00-main--INFO -com.ctaf.accelerators.TestEngine:Successfully scroll on By.xpath: //a[@aria-label='navigation menu']
2017-04-03 11:55:05-main--INFO -com.ctaf.accelerators.TestEngine:in clickTo
2017-04-03 11:55:10-main--INFO -com.ctaf.accelerators.TestEngine:Successfully Click on By.xpath: //a[@aria-label='navigation menu']
2017-04-03 11:55:48-main--INFO -com.ctaf.accelerators.TestEngine:Successfully click on Menu/Consultation
2017-04-03 11:56:15-main--INFO -com.ctaf.accelerators.TestEngine:Successfully click on Clicked on search button
2017-04-03 11:56:15-main--INFO -com.ctaf.accelerators.TestEngine:in verifySearchResult
2017-04-03 11:56:20-main--INFO -com.ctaf.accelerators.TestEngine:Element By.xpath: //h1[contains(text(),'Consultations')] is present
2017-04-03 11:56:20-main--INFO -com.ctaf.accelerators.TestEngine:in clickOnBreadcrumbs
2017-04-03 11:57:03-main--INFO -com.ctaf.accelerators.TestEngine:in navigateConsultation
2017-04-03 11:57:35-main--INFO -com.ctaf.accelerators.TestEngine:Successfully click on Selected Project
2017-04-03 11:57:35-main--INFO -com.ctaf.accelerators.TestEngine:Element By.xpath: //li[contains(text(),'Testing on Chrome Browser - do not delete')] is present
2017-04-03 12:06:46-main--INFO -com.ctaf.accelerators.TestEngine:in verifySearchSite
2017-04-03 12:06:51-main--INFO -com.ctaf.accelerators.TestEngine:Type  Wimmera in Search String
2017-04-03 12:09:37-main--INFO -com.ctaf.accelerators.TestEngine:Starting browser : chrome
2017-04-03 12:10:13-main--INFO -com.ctaf.accelerators.TestEngine:Current Test : TC05_loginviaFooter_CommonCheck_FooterLinks_SearchSite_SiteAdmin
2017-04-03 12:10:13-main--INFO -com.ctaf.accelerators.TestEngine:in login
2017-04-03 12:10:13-main--INFO -com.ctaf.accelerators.TestEngine:Successfully click on Link to login from footer
2017-04-03 12:10:13-main--INFO -com.ctaf.accelerators.TestEngine:Type  autosm2017@gmail.com in Email address
2017-04-03 12:10:13-main--INFO -com.ctaf.accelerators.TestEngine:Type  Automation2017 in Password
2017-04-03 12:10:13-main--INFO -com.ctaf.accelerators.TestEngine:Successfully click on Login button
2017-04-03 12:10:33-main--INFO -com.ctaf.accelerators.TestEngine:in searchConsultation
2017-04-03 12:10:33-main--INFO -com.ctaf.accelerators.TestEngine:in scrollTo
2017-04-03 12:10:58-main--INFO -com.ctaf.accelerators.TestEngine:Successfully scroll on By.xpath: //a[@aria-label='navigation menu']
2017-04-03 12:11:03-main--INFO -com.ctaf.accelerators.TestEngine:in clickTo
2017-04-03 12:11:08-main--INFO -com.ctaf.accelerators.TestEngine:Successfully Click on By.xpath: //a[@aria-label='navigation menu']
2017-04-03 12:11:45-main--INFO -com.ctaf.accelerators.TestEngine:Successfully click on Menu/Consultation
2017-04-03 12:12:11-main--INFO -com.ctaf.accelerators.TestEngine:Successfully click on Clicked on search button
2017-04-03 12:12:11-main--INFO -com.ctaf.accelerators.TestEngine:in verifySearchResult
2017-04-03 12:12:17-main--INFO -com.ctaf.accelerators.TestEngine:Element By.xpath: //h1[contains(text(),'Consultations')] is present
2017-04-03 12:12:17-main--INFO -com.ctaf.accelerators.TestEngine:in clickOnBreadcrumbs
2017-04-03 12:12:59-main--INFO -com.ctaf.accelerators.TestEngine:in navigateConsultation
2017-04-03 12:13:30-main--INFO -com.ctaf.accelerators.TestEngine:Successfully click on Selected Project
2017-04-03 12:13:31-main--INFO -com.ctaf.accelerators.TestEngine:Element By.xpath: //li[contains(text(),'Testing on Chrome Browser - do not delete')] is present
2017-04-03 12:14:43-main--INFO -com.ctaf.accelerators.TestEngine:in verifySearchSite
2017-04-03 12:14:54-main--INFO -com.ctaf.accelerators.TestEngine:Type  Wimmera in Search String
2017-04-03 12:15:29-main--INFO -com.ctaf.accelerators.TestEngine:Element By.xpath: //h1[contains(text(),'Search')] is present
2017-04-03 12:15:29-main--INFO -com.ctaf.accelerators.TestEngine:Assert value of Query Textbox. Equal
2017-04-03 12:15:33-main--INFO -com.ctaf.accelerators.TestEngine:in clickOnBreadcrumbs
2017-04-03 12:16:23-main--INFO -com.ctaf.accelerators.TestEngine:in verifyFooterLinks
2017-04-03 12:19:41-main--INFO -com.ctaf.accelerators.TestEngine:Starting browser : chrome
2017-04-03 12:20:23-main--INFO -com.ctaf.accelerators.TestEngine:Current Test : TC05_loginviaFooter_CommonCheck_FooterLinks_SearchSite_SiteAdmin
2017-04-03 12:20:23-main--INFO -com.ctaf.accelerators.TestEngine:in login
2017-04-03 12:20:23-main--INFO -com.ctaf.accelerators.TestEngine:Successfully click on Link to login from footer
2017-04-03 12:20:24-main--INFO -com.ctaf.accelerators.TestEngine:Type  autosm2017@gmail.com in Email address
2017-04-03 12:20:24-main--INFO -com.ctaf.accelerators.TestEngine:Type  Automation2017 in Password
2017-04-03 12:20:24-main--INFO -com.ctaf.accelerators.TestEngine:Successfully click on Login button
2017-04-03 12:20:44-main--INFO -com.ctaf.accelerators.TestEngine:in searchConsultation
2017-04-03 12:20:44-main--INFO -com.ctaf.accelerators.TestEngine:in scrollTo
2017-04-03 12:21:08-main--INFO -com.ctaf.accelerators.TestEngine:Successfully scroll on By.xpath: //a[@aria-label='navigation menu']
2017-04-03 12:21:13-main--INFO -com.ctaf.accelerators.TestEngine:in clickTo
2017-04-03 12:21:19-main--INFO -com.ctaf.accelerators.TestEngine:Successfully Click on By.xpath: //a[@aria-label='navigation menu']
2017-04-03 12:21:56-main--INFO -com.ctaf.accelerators.TestEngine:Successfully click on Menu/Consultation
2017-04-03 12:22:23-main--INFO -com.ctaf.accelerators.TestEngine:Successfully click on Clicked on search button
2017-04-03 12:22:23-main--INFO -com.ctaf.accelerators.TestEngine:in verifySearchResult
2017-04-03 12:22:28-main--INFO -com.ctaf.accelerators.TestEngine:Element By.xpath: //h1[contains(text(),'Consultations')] is present
2017-04-03 12:22:28-main--INFO -com.ctaf.accelerators.TestEngine:in clickOnBreadcrumbs
2017-04-03 12:23:11-main--INFO -com.ctaf.accelerators.TestEngine:in navigateConsultation
2017-04-03 12:23:42-main--INFO -com.ctaf.accelerators.TestEngine:Successfully click on Selected Project
2017-04-03 12:23:42-main--INFO -com.ctaf.accelerators.TestEngine:Element By.xpath: //li[contains(text(),'Testing on Chrome Browser - do not delete')] is present
2017-04-03 12:23:42-main--INFO -com.ctaf.accelerators.TestEngine:in verifySearchSite
2017-04-03 12:23:42-main--INFO -com.ctaf.accelerators.TestEngine:Type  Wimmera in Search String
2017-04-03 12:24:06-main--INFO -com.ctaf.accelerators.TestEngine:Element By.xpath: //h1[contains(text(),'Search')] is present
2017-04-03 12:24:06-main--INFO -com.ctaf.accelerators.TestEngine:Assert value of Query Textbox. Equal
2017-04-03 12:24:06-main--INFO -com.ctaf.accelerators.TestEngine:in clickOnBreadcrumbs
2017-04-03 12:24:56-main--INFO -com.ctaf.accelerators.TestEngine:in verifyFooterLinks
2017-04-03 12:25:29-main--INFO -com.ctaf.accelerators.TestEngine:Element By.xpath: //h1[contains(text(),'Copyright')] is present
2017-04-03 12:25:32-main--INFO -com.ctaf.accelerators.TestEngine:in clickOnBreadcrumbs
2017-04-03 12:26:40-main--INFO -com.ctaf.accelerators.TestEngine:Element By.xpath: //h1[@class='mod-lg' and contains(text(),'Privacy Policy')] is present
2017-04-03 12:26:41-main--INFO -com.ctaf.accelerators.TestEngine:in clickOnBreadcrumbs
2017-04-03 12:27:46-main--INFO -com.ctaf.accelerators.TestEngine:Element By.xpath: //h1[contains(text(),'Terms of Use')] is present
2017-04-03 12:27:51-main--INFO -com.ctaf.accelerators.TestEngine:in clickOnBreadcrumbs
2017-04-03 12:28:59-main--INFO -com.ctaf.accelerators.TestEngine:Element By.xpath: //h1[contains(text(),'Accessibility')] is present
2017-04-03 12:29:02-main--INFO -com.ctaf.accelerators.TestEngine:in clickOnBreadcrumbs
2017-04-03 12:30:05-main--INFO -com.ctaf.accelerators.TestEngine:Element By.xpath: //h1[contains(text(),'Moderation Policy')] is present
2017-04-03 12:30:05-main--INFO -com.ctaf.accelerators.TestEngine:in clickOnBreadcrumbs
2017-04-03 12:31:07-main--INFO -com.ctaf.accelerators.TestEngine:Element By.xpath: //h1[contains(text(),'Community Guidelines')] is present
2017-04-03 12:31:07-main--INFO -com.ctaf.accelerators.TestEngine:in clickOnBreadcrumbs
2017-04-03 12:32:09-main--INFO -com.ctaf.accelerators.TestEngine:Element By.xpath: //h1[contains(text(),'About')] is present
2017-04-03 12:32:09-main--INFO -com.ctaf.accelerators.TestEngine:in clickOnBreadcrumbs
2017-04-03 12:33:10-main--INFO -com.ctaf.accelerators.TestEngine:Element By.xpath: //h1[contains(text(),'Contact us')] is present
2017-04-03 12:33:10-main--INFO -com.ctaf.accelerators.TestEngine:in clickOnBreadcrumbs
2017-04-03 12:34:12-main--INFO -com.ctaf.accelerators.TestEngine:Element By.xpath: //h1[contains(text(),'Site map')] is present
2017-04-03 12:34:12-main--INFO -com.ctaf.accelerators.TestEngine:in clickOnBreadcrumbs
2017-04-03 12:34:55-main--INFO -com.ctaf.accelerators.TestEngine:in switchWindowByTitle
2017-04-03 12:35:12-main--INFO -com.ctaf.accelerators.TestEngine:Element By.xpath: //a[text()='Vic.gov.au'] is present
2017-04-03 12:35:12-main--INFO -com.ctaf.accelerators.TestEngine:in switchWindowByTitle
2017-04-03 12:35:12-main--INFO -com.ctaf.accelerators.TestEngine:in switchWindowByTitle
2017-04-03 12:35:27-main--INFO -com.ctaf.accelerators.TestEngine:Element By.xpath: //img[@id='the-hive-logo'] is present
2017-04-03 12:37:01-main--INFO -com.ctaf.accelerators.TestEngine:Starting browser : chrome
2017-04-03 12:40:38-main--INFO -com.ctaf.accelerators.TestEngine:Current Test : TC04_ForgotPwdChangePwd_SiteAdmin
2017-04-03 12:40:38-main--INFO -com.ctaf.accelerators.TestEngine:in forgotPassword
2017-04-03 12:40:38-main--INFO -com.ctaf.accelerators.TestEngine:in resetpasswordLinktoEmail
2017-04-03 12:40:38-main--INFO -com.ctaf.accelerators.TestEngine:Successfully click on Click on Home Page Login
2017-04-03 12:40:38-main--INFO -com.ctaf.accelerators.TestEngine:Successfully click on Forgot password
2017-04-03 12:40:38-main--INFO -com.ctaf.accelerators.TestEngine:Type  autosm2017@gmail.com in Email address
2017-04-03 12:40:38-main--INFO -com.ctaf.accelerators.TestEngine:Successfully click on Reset and Email Password
2017-04-03 12:40:44-main--INFO -com.ctaf.accelerators.TestEngine:Assert text of By.xpath: //div[@class='error-message alert alert-success'] .Expected text If there is an account associated with this email, instructions for resetting your password have been sent. is present
2017-04-03 12:40:44-main--INFO -com.ctaf.accelerators.TestEngine:Successfully click on Close window
2017-04-03 12:40:44-main--INFO -com.ctaf.accelerators.TestEngine:Successfully click on Menu
2017-04-03 12:40:54-main--INFO -com.ctaf.accelerators.TestEngine:in changePassword
2017-04-03 12:40:54-main--INFO -com.ctaf.accelerators.TestEngine:in login
2017-04-03 12:40:54-main--INFO -com.ctaf.accelerators.TestEngine:Successfully click on Click on Home Page Login
2017-04-03 12:40:54-main--INFO -com.ctaf.accelerators.TestEngine:Type  autosm2017@gmail.com in Email address
2017-04-03 12:40:54-main--INFO -com.ctaf.accelerators.TestEngine:Type  Automation2017 in Password
2017-04-03 12:40:54-main--INFO -com.ctaf.accelerators.TestEngine:Successfully click on Login button
2017-04-03 12:41:36-main--INFO -com.ctaf.accelerators.TestEngine:Successfully click on Select Dashboard
2017-04-03 12:42:00-main--INFO -com.ctaf.accelerators.TestEngine:Type  Automation2017 in New password
2017-04-03 12:42:01-main--INFO -com.ctaf.accelerators.TestEngine:Type  Automation2017 in New password
2017-04-03 12:44:57-main--INFO -com.ctaf.accelerators.TestEngine:Starting browser : chrome
2017-04-03 12:45:40-main--INFO -com.ctaf.accelerators.TestEngine:Current Test : TC04_ForgotPwdChangePwd_SiteAdmin
2017-04-03 12:45:40-main--INFO -com.ctaf.accelerators.TestEngine:in forgotPassword
2017-04-03 12:45:40-main--INFO -com.ctaf.accelerators.TestEngine:in resetpasswordLinktoEmail
2017-04-03 12:45:40-main--INFO -com.ctaf.accelerators.TestEngine:Successfully click on Click on Home Page Login
2017-04-03 12:45:40-main--INFO -com.ctaf.accelerators.TestEngine:Successfully click on Forgot password
2017-04-03 12:45:41-main--INFO -com.ctaf.accelerators.TestEngine:Type  autosm2017@gmail.com in Email address
2017-04-03 12:45:41-main--INFO -com.ctaf.accelerators.TestEngine:Successfully click on Reset and Email Password
2017-04-03 12:45:46-main--INFO -com.ctaf.accelerators.TestEngine:Assert text of By.xpath: //div[@class='error-message alert alert-success'] .Expected text If there is an account associated with this email, instructions for resetting your password have been sent. is present
2017-04-03 12:45:46-main--INFO -com.ctaf.accelerators.TestEngine:Successfully click on Close window
2017-04-03 12:45:46-main--INFO -com.ctaf.accelerators.TestEngine:Successfully click on Menu
2017-04-03 12:45:56-main--INFO -com.ctaf.accelerators.TestEngine:in changePassword
2017-04-03 12:45:56-main--INFO -com.ctaf.accelerators.TestEngine:in login
2017-04-03 12:45:56-main--INFO -com.ctaf.accelerators.TestEngine:Successfully click on Click on Home Page Login
2017-04-03 12:45:56-main--INFO -com.ctaf.accelerators.TestEngine:Type  autosm2017@gmail.com in Email address
2017-04-03 12:45:57-main--INFO -com.ctaf.accelerators.TestEngine:Type  Automation2017 in Password
2017-04-03 12:45:57-main--INFO -com.ctaf.accelerators.TestEngine:Successfully click on Login button
2017-04-03 12:46:45-main--INFO -com.ctaf.accelerators.TestEngine:Successfully click on Select Dashboard
2017-04-03 12:47:12-main--INFO -com.ctaf.accelerators.TestEngine:Type  Automation2017 in New password
2017-04-03 12:47:12-main--INFO -com.ctaf.accelerators.TestEngine:Type  Automation2017 in New password
2017-04-03 12:48:52-main--INFO -com.ctaf.accelerators.TestEngine:Starting browser : chrome
2017-04-03 12:49:31-main--INFO -com.ctaf.accelerators.TestEngine:Current Test : TC06_loginviaFooter_CommonCheck_FooterLinks_SearchSite_CommunityUser
2017-04-03 12:49:31-main--INFO -com.ctaf.accelerators.TestEngine:in login
2017-04-03 12:49:31-main--INFO -com.ctaf.accelerators.TestEngine:Successfully click on Link to login from footer
2017-04-03 12:49:32-main--INFO -com.ctaf.accelerators.TestEngine:Type  autosu2017@gmail.com in Email address
2017-04-03 12:49:32-main--INFO -com.ctaf.accelerators.TestEngine:Type  Automation2017 in Password
2017-04-03 12:49:32-main--INFO -com.ctaf.accelerators.TestEngine:Successfully click on Login button
2017-04-03 12:49:52-main--INFO -com.ctaf.accelerators.TestEngine:in searchConsultation
2017-04-03 12:49:52-main--INFO -com.ctaf.accelerators.TestEngine:in scrollTo
2017-04-03 12:50:02-main--INFO -com.ctaf.accelerators.TestEngine:Successfully scroll on By.xpath: //a[@aria-label='navigation menu']
2017-04-03 12:50:07-main--INFO -com.ctaf.accelerators.TestEngine:in clickTo
2017-04-03 12:50:12-main--INFO -com.ctaf.accelerators.TestEngine:Successfully Click on By.xpath: //a[@aria-label='navigation menu']
2017-04-03 12:50:44-main--INFO -com.ctaf.accelerators.TestEngine:Successfully click on Menu/Consultation
2017-04-03 12:51:07-main--INFO -com.ctaf.accelerators.TestEngine:Successfully click on Clicked on search button
2017-04-03 12:51:07-main--INFO -com.ctaf.accelerators.TestEngine:in verifySearchResult
2017-04-03 12:51:12-main--INFO -com.ctaf.accelerators.TestEngine:Element By.xpath: //h1[contains(text(),'Consultations')] is present
2017-04-03 12:51:12-main--INFO -com.ctaf.accelerators.TestEngine:in clickOnBreadcrumbs
2017-04-03 12:51:49-main--INFO -com.ctaf.accelerators.TestEngine:in navigateConsultation
2017-04-03 12:52:12-main--INFO -com.ctaf.accelerators.TestEngine:Successfully click on Selected Project
2017-04-03 12:52:12-main--INFO -com.ctaf.accelerators.TestEngine:Element By.xpath: //li[contains(text(),'Testing on Chrome Browser - do not delete')] is present
2017-04-03 12:52:12-main--INFO -com.ctaf.accelerators.TestEngine:in verifySearchSite
2017-04-03 12:52:12-main--INFO -com.ctaf.accelerators.TestEngine:Type  Wimmera in Search String
2017-04-03 12:52:32-main--INFO -com.ctaf.accelerators.TestEngine:Element By.xpath: //h1[contains(text(),'Search')] is present
2017-04-03 12:52:32-main--INFO -com.ctaf.accelerators.TestEngine:Assert value of Query Textbox. Equal
2017-04-03 12:52:32-main--INFO -com.ctaf.accelerators.TestEngine:in clickOnBreadcrumbs
2017-04-03 12:53:09-main--INFO -com.ctaf.accelerators.TestEngine:in verifyFooterLinks
2017-04-03 12:53:24-main--INFO -com.ctaf.accelerators.TestEngine:Element By.xpath: //h1[contains(text(),'Copyright')] is present
2017-04-03 12:53:24-main--INFO -com.ctaf.accelerators.TestEngine:in clickOnBreadcrumbs
2017-04-03 12:54:16-main--INFO -com.ctaf.accelerators.TestEngine:Element By.xpath: //h1[@class='mod-lg' and contains(text(),'Privacy Policy')] is present
2017-04-03 12:54:16-main--INFO -com.ctaf.accelerators.TestEngine:in clickOnBreadcrumbs
2017-04-03 12:55:09-main--INFO -com.ctaf.accelerators.TestEngine:Element By.xpath: //h1[contains(text(),'Terms of Use')] is present
2017-04-03 12:55:09-main--INFO -com.ctaf.accelerators.TestEngine:in clickOnBreadcrumbs
2017-04-03 12:56:02-main--INFO -com.ctaf.accelerators.TestEngine:Element By.xpath: //h1[contains(text(),'Accessibility')] is present
2017-04-03 12:56:02-main--INFO -com.ctaf.accelerators.TestEngine:in clickOnBreadcrumbs
2017-04-03 12:56:55-main--INFO -com.ctaf.accelerators.TestEngine:Element By.xpath: //h1[contains(text(),'Moderation Policy')] is present
2017-04-03 12:56:55-main--INFO -com.ctaf.accelerators.TestEngine:in clickOnBreadcrumbs
2017-04-03 12:57:47-main--INFO -com.ctaf.accelerators.TestEngine:Element By.xpath: //h1[contains(text(),'Community Guidelines')] is present
2017-04-03 12:57:47-main--INFO -com.ctaf.accelerators.TestEngine:in clickOnBreadcrumbs
2017-04-03 12:58:40-main--INFO -com.ctaf.accelerators.TestEngine:Element By.xpath: //h1[contains(text(),'About')] is present
2017-04-03 12:58:40-main--INFO -com.ctaf.accelerators.TestEngine:in clickOnBreadcrumbs
2017-04-03 12:59:32-main--INFO -com.ctaf.accelerators.TestEngine:Element By.xpath: //h1[contains(text(),'Contact us')] is present
2017-04-03 12:59:32-main--INFO -com.ctaf.accelerators.TestEngine:in clickOnBreadcrumbs
2017-04-03 13:00:26-main--INFO -com.ctaf.accelerators.TestEngine:Element By.xpath: //h1[contains(text(),'Site map')] is present
2017-04-03 13:00:26-main--INFO -com.ctaf.accelerators.TestEngine:in clickOnBreadcrumbs
2017-04-03 13:01:03-main--INFO -com.ctaf.accelerators.TestEngine:in switchWindowByTitle
2017-04-03 13:03:05-main--INFO -com.ctaf.accelerators.TestEngine:Element By.xpath: //a[text()='Vic.gov.au'] is present
2017-04-03 13:03:05-main--INFO -com.ctaf.accelerators.TestEngine:in switchWindowByTitle
2017-04-03 13:03:05-main--INFO -com.ctaf.accelerators.TestEngine:in switchWindowByTitle
2017-04-03 13:03:20-main--INFO -com.ctaf.accelerators.TestEngine:Element By.xpath: //img[@id='the-hive-logo'] is present
2017-04-03 13:04:28-main--INFO -com.ctaf.accelerators.TestEngine:Starting browser : chrome
2017-04-03 13:05:04-main--INFO -com.ctaf.accelerators.TestEngine:Current Test : TC16_Contactus_SiteAdmin
2017-04-03 13:05:04-main--INFO -com.ctaf.accelerators.TestEngine:in login
2017-04-03 13:05:04-main--INFO -com.ctaf.accelerators.TestEngine:Successfully click on Click on Home Page Login
2017-04-03 13:05:04-main--INFO -com.ctaf.accelerators.TestEngine:Type  autosm2017@gmail.com in Email address
2017-04-03 13:05:04-main--INFO -com.ctaf.accelerators.TestEngine:Type  Automation2017 in Password
2017-04-03 13:05:04-main--INFO -com.ctaf.accelerators.TestEngine:Successfully click on Login button
2017-04-03 13:05:14-main--INFO -com.ctaf.accelerators.TestEngine:in verifyContactUs
2017-04-03 13:05:14-main--INFO -com.ctaf.accelerators.TestEngine:in getRandomString
2017-04-03 13:05:14-main--INFO -com.ctaf.accelerators.TestEngine:in getRandomString
2017-04-03 13:05:14-main--INFO -com.ctaf.accelerators.TestEngine:in getRandomString
2017-04-03 13:05:14-main--INFO -com.ctaf.accelerators.TestEngine:in randomNumber
2017-04-03 13:05:42-main--INFO -com.ctaf.accelerators.TestEngine:Successfully click on Menu
2017-04-03 13:05:55-main--INFO -com.ctaf.accelerators.TestEngine:Successfully click on Menu/Contact
2017-04-03 13:05:56-main--INFO -com.ctaf.accelerators.TestEngine:Type  hjRldRW in Name
2017-04-03 13:05:56-main--INFO -com.ctaf.accelerators.TestEngine:Type  autosm2017@gmail.com in Email Id
2017-04-03 13:05:56-main--INFO -com.ctaf.accelerators.TestEngine:Type  cKrUktIgybWF in Organisation
2017-04-03 13:05:56-main--INFO -com.ctaf.accelerators.TestEngine:Type  JVPYakRkUPM in Comment
2017-04-03 13:05:56-main--INFO -com.ctaf.accelerators.TestEngine:Successfully click on Checkbox for Accept Privacy
2017-04-03 13:05:56-main--INFO -com.ctaf.accelerators.TestEngine:Successfully click on Submit Button
2017-04-03 13:06:07-main--INFO -com.ctaf.accelerators.TestEngine:Success message is displaying
2017-04-03 13:06:17-main--INFO -com.ctaf.accelerators.TestEngine:in clickOnBreadcrumbs
2017-04-03 13:06:59-main--INFO -com.ctaf.accelerators.TestEngine:in verifyContactUs
2017-04-03 13:06:59-main--INFO -com.ctaf.accelerators.TestEngine:in getRandomString
2017-04-03 13:06:59-main--INFO -com.ctaf.accelerators.TestEngine:in getRandomString
2017-04-03 13:06:59-main--INFO -com.ctaf.accelerators.TestEngine:in getRandomString
2017-04-03 13:06:59-main--INFO -com.ctaf.accelerators.TestEngine:in randomNumber
2017-04-03 13:10:20-main--INFO -com.ctaf.accelerators.TestEngine:Starting browser : chrome
2017-04-03 13:10:56-main--INFO -com.ctaf.accelerators.TestEngine:Current Test : TC16_Contactus_SiteAdmin
2017-04-03 13:10:56-main--INFO -com.ctaf.accelerators.TestEngine:in login
2017-04-03 13:10:57-main--INFO -com.ctaf.accelerators.TestEngine:Successfully click on Click on Home Page Login
2017-04-03 13:10:57-main--INFO -com.ctaf.accelerators.TestEngine:Type  autosm2017@gmail.com in Email address
2017-04-03 13:10:57-main--INFO -com.ctaf.accelerators.TestEngine:Type  Automation2017 in Password
2017-04-03 13:10:57-main--INFO -com.ctaf.accelerators.TestEngine:Successfully click on Login button
2017-04-03 13:11:07-main--INFO -com.ctaf.accelerators.TestEngine:in verifyContactUs
2017-04-03 13:11:07-main--INFO -com.ctaf.accelerators.TestEngine:in getRandomString
2017-04-03 13:11:07-main--INFO -com.ctaf.accelerators.TestEngine:in getRandomString
2017-04-03 13:11:07-main--INFO -com.ctaf.accelerators.TestEngine:in getRandomString
2017-04-03 13:11:07-main--INFO -com.ctaf.accelerators.TestEngine:in randomNumber
2017-04-03 13:11:35-main--INFO -com.ctaf.accelerators.TestEngine:Successfully click on Menu
2017-04-03 13:11:49-main--INFO -com.ctaf.accelerators.TestEngine:Successfully click on Menu/Contact
2017-04-03 13:11:50-main--INFO -com.ctaf.accelerators.TestEngine:Type  FwnzPYf in Name
2017-04-03 13:11:50-main--INFO -com.ctaf.accelerators.TestEngine:Type  autosm2017@gmail.com in Email Id
2017-04-03 13:11:50-main--INFO -com.ctaf.accelerators.TestEngine:Type  kLEYeskPbQnD in Organisation
2017-04-03 13:11:50-main--INFO -com.ctaf.accelerators.TestEngine:Type  VkAsjcTKgut in Comment
2017-04-03 13:11:50-main--INFO -com.ctaf.accelerators.TestEngine:Successfully click on Checkbox for Accept Privacy
2017-04-03 13:11:50-main--INFO -com.ctaf.accelerators.TestEngine:Successfully click on Submit Button
2017-04-03 13:12:01-main--INFO -com.ctaf.accelerators.TestEngine:Success message is displaying
2017-04-03 13:12:11-main--INFO -com.ctaf.accelerators.TestEngine:in clickOnBreadcrumbs
2017-04-03 13:13:21-main--INFO -com.ctaf.accelerators.TestEngine:in verifyContactUs
2017-04-03 13:13:23-main--INFO -com.ctaf.accelerators.TestEngine:in getRandomString
2017-04-03 13:13:24-main--INFO -com.ctaf.accelerators.TestEngine:in getRandomString
2017-04-03 13:13:25-main--INFO -com.ctaf.accelerators.TestEngine:in getRandomString
2017-04-03 13:13:27-main--INFO -com.ctaf.accelerators.TestEngine:in randomNumber
2017-04-03 13:13:53-main--INFO -com.ctaf.accelerators.TestEngine:Type  UwCENKP in Name
2017-04-03 13:13:54-main--INFO -com.ctaf.accelerators.TestEngine:Type  autosm2017@gmail.com in Email Id
2017-04-03 13:13:54-main--INFO -com.ctaf.accelerators.TestEngine:Type  ibSFzHkVbIJA in Organisation
2017-04-03 13:13:56-main--INFO -com.ctaf.accelerators.TestEngine:Type  CkjUvkeWhvY in Comment
2017-04-03 13:13:57-main--INFO -com.ctaf.accelerators.TestEngine:Successfully click on Checkbox for Accept Privacy
2017-04-03 13:13:57-main--INFO -com.ctaf.accelerators.TestEngine:Successfully click on Submit Button
2017-04-03 13:14:15-main--INFO -com.ctaf.accelerators.TestEngine:Success message is displaying
2017-04-03 13:14:41-main--INFO -com.ctaf.accelerators.TestEngine:in clickOnBreadcrumbs
2017-04-03 13:16:08-main--INFO -com.ctaf.accelerators.TestEngine:Starting browser : chrome
2017-04-03 13:16:46-main--INFO -com.ctaf.accelerators.TestEngine:Current Test : TC17_Contactus_CommunityUser
2017-04-03 13:16:46-main--INFO -com.ctaf.accelerators.TestEngine:in login
2017-04-03 13:16:46-main--INFO -com.ctaf.accelerators.TestEngine:Successfully click on Click on Home Page Login
2017-04-03 13:16:46-main--INFO -com.ctaf.accelerators.TestEngine:Type  autosu2017@gmail.com in Email address
2017-04-03 13:16:46-main--INFO -com.ctaf.accelerators.TestEngine:Type  Automation2017 in Password
2017-04-03 13:16:46-main--INFO -com.ctaf.accelerators.TestEngine:Successfully click on Login button
2017-04-03 13:16:56-main--INFO -com.ctaf.accelerators.TestEngine:in verifyContactUs
2017-04-03 13:16:56-main--INFO -com.ctaf.accelerators.TestEngine:in getRandomString
2017-04-03 13:16:56-main--INFO -com.ctaf.accelerators.TestEngine:in getRandomString
2017-04-03 13:16:56-main--INFO -com.ctaf.accelerators.TestEngine:in getRandomString
2017-04-03 13:16:56-main--INFO -com.ctaf.accelerators.TestEngine:in randomNumber
2017-04-03 13:16:57-main--INFO -com.ctaf.accelerators.TestEngine:Successfully click on Menu
2017-04-03 13:17:07-main--INFO -com.ctaf.accelerators.TestEngine:Successfully click on Menu/Contact
2017-04-03 13:17:07-main--INFO -com.ctaf.accelerators.TestEngine:Type  SkYKbTn in Name
2017-04-03 13:17:07-main--INFO -com.ctaf.accelerators.TestEngine:Type  autosu2017@gmail.com in Email Id
2017-04-03 13:17:08-main--INFO -com.ctaf.accelerators.TestEngine:Type  FOislnQdFuBx in Organisation
2017-04-03 13:17:08-main--INFO -com.ctaf.accelerators.TestEngine:Type  mPWRBuKfYvF in Comment
2017-04-03 13:17:08-main--INFO -com.ctaf.accelerators.TestEngine:Successfully click on Checkbox for Accept Privacy
2017-04-03 13:17:08-main--INFO -com.ctaf.accelerators.TestEngine:Successfully click on Submit Button
2017-04-03 13:17:19-main--INFO -com.ctaf.accelerators.TestEngine:Success message is displaying
2017-04-03 13:17:29-main--INFO -com.ctaf.accelerators.TestEngine:in clickOnBreadcrumbs
2017-04-03 13:18:06-main--INFO -com.ctaf.accelerators.TestEngine:in verifyContactUs
2017-04-03 13:18:06-main--INFO -com.ctaf.accelerators.TestEngine:in getRandomString
2017-04-03 13:18:06-main--INFO -com.ctaf.accelerators.TestEngine:in getRandomString
2017-04-03 13:18:06-main--INFO -com.ctaf.accelerators.TestEngine:in getRandomString
2017-04-03 13:18:06-main--INFO -com.ctaf.accelerators.TestEngine:in randomNumber
2017-04-03 13:18:16-main--INFO -com.ctaf.accelerators.TestEngine:Type  kkYHyCE in Name
2017-04-03 13:18:16-main--INFO -com.ctaf.accelerators.TestEngine:Type  autosu2017@gmail.com in Email Id
2017-04-03 13:18:16-main--INFO -com.ctaf.accelerators.TestEngine:Type  ekbqMdlouaXH in Organisation
2017-04-03 13:18:16-main--INFO -com.ctaf.accelerators.TestEngine:Type  mWyNUjpVRQh in Comment
2017-04-03 13:18:17-main--INFO -com.ctaf.accelerators.TestEngine:Successfully click on Checkbox for Accept Privacy
2017-04-03 13:18:17-main--INFO -com.ctaf.accelerators.TestEngine:Successfully click on Submit Button
2017-04-03 13:18:28-main--INFO -com.ctaf.accelerators.TestEngine:Success message is displaying
2017-04-03 13:18:38-main--INFO -com.ctaf.accelerators.TestEngine:in clickOnBreadcrumbs
2017-04-03 13:21:07-main--INFO -com.ctaf.accelerators.TestEngine:Starting browser : chrome
2017-04-03 13:21:48-main--INFO -com.ctaf.accelerators.TestEngine:Current Test : TC49_CommonChecks_HomePage_HamburgerMenu_Login_Signout_SiteUser
2017-04-03 13:21:48-main--INFO -com.ctaf.accelerators.TestEngine:in login
2017-04-03 13:21:48-main--INFO -com.ctaf.accelerators.TestEngine:Successfully click on Click on Home Page Login
2017-04-03 13:21:48-main--INFO -com.ctaf.accelerators.TestEngine:Type  autoenmanager@harvestdp.com in Email address
2017-04-03 13:21:48-main--INFO -com.ctaf.accelerators.TestEngine:Type  Automation2017 in Password
2017-04-03 13:21:49-main--INFO -com.ctaf.accelerators.TestEngine:Successfully click on Login button
2017-04-03 13:22:04-main--INFO -com.ctaf.accelerators.TestEngine:in verifyWebElementHomePage
2017-04-03 13:22:27-main--INFO -com.ctaf.accelerators.TestEngine:Hamburger Menu is displaying
2017-04-03 13:22:27-main--INFO -com.ctaf.accelerators.TestEngine:Engage Victoria Logo is displaying
2017-04-03 13:22:27-main--INFO -com.ctaf.accelerators.TestEngine:Search Site is displaying
2017-04-03 13:22:27-main--INFO -com.ctaf.accelerators.TestEngine:Text - Engage Victoria' on hero block  is displaying
2017-04-03 13:22:27-main--INFO -com.ctaf.accelerators.TestEngine:Text - Share ideas here and have your say about what matters to you is displaying
2017-04-03 13:22:27-main--INFO -com.ctaf.accelerators.TestEngine:Image on hero block is displaying
2017-04-03 13:22:27-main--INFO -com.ctaf.accelerators.TestEngine:Text - I'm looking for consultations relating to is displaying
2017-04-03 13:22:27-main--INFO -com.ctaf.accelerators.TestEngine:Drop Down for Category is displaying
2017-04-03 13:22:27-main--INFO -com.ctaf.accelerators.TestEngine:Help me find a consultation is displaying
2017-04-03 13:22:27-main--INFO -com.ctaf.accelerators.TestEngine:WebSite feature section is displaying
2017-04-03 13:22:27-main--INFO -com.ctaf.accelerators.TestEngine:Active Consultation section is displaying
2017-04-03 13:22:27-main--INFO -com.ctaf.accelerators.TestEngine:Stay informed section is displaying
2017-04-03 13:22:27-main--INFO -com.ctaf.accelerators.TestEngine:Sign up email is displaying
2017-04-03 13:22:27-main--INFO -com.ctaf.accelerators.TestEngine:Sign up Today is displaying
2017-04-03 13:22:27-main--INFO -com.ctaf.accelerators.TestEngine:Footer section with Links is displaying
2017-04-03 13:22:27-main--INFO -com.ctaf.accelerators.TestEngine:Footer section with copyright message is displaying
2017-04-03 13:22:27-main--INFO -com.ctaf.accelerators.TestEngine:Footer Link - Copyright is displaying
2017-04-03 13:22:28-main--INFO -com.ctaf.accelerators.TestEngine:Footer Link - Privacy is displaying
2017-04-03 13:22:28-main--INFO -com.ctaf.accelerators.TestEngine:Footer Link - Terms of Use is displaying
2017-04-03 13:22:28-main--INFO -com.ctaf.accelerators.TestEngine:Footer Link - Accessibility is displaying
2017-04-03 13:22:28-main--INFO -com.ctaf.accelerators.TestEngine:Footer Link - Moderation is displaying
2017-04-03 13:22:28-main--INFO -com.ctaf.accelerators.TestEngine:Footer Link - Community Guidelines is displaying
2017-04-03 13:22:28-main--INFO -com.ctaf.accelerators.TestEngine:Footer Link - About Us is displaying
2017-04-03 13:22:28-main--INFO -com.ctaf.accelerators.TestEngine:Footer Link - Contact Us is displaying
2017-04-03 13:22:28-main--INFO -com.ctaf.accelerators.TestEngine:Footer Link - Site Map is displaying
2017-04-03 13:22:28-main--INFO -com.ctaf.accelerators.TestEngine:in verifyHamburger
2017-04-03 13:23:18-main--INFO -com.ctaf.accelerators.TestEngine:Successfully click on Menu
2017-04-03 13:23:28-main--INFO -com.ctaf.accelerators.TestEngine:Hamberger Menu/Home is displaying
2017-04-03 13:23:28-main--INFO -com.ctaf.accelerators.TestEngine:Hamberger Menu/About is displaying
2017-04-03 13:23:28-main--INFO -com.ctaf.accelerators.TestEngine:Hamberger Menu/Consultation is displaying
2017-04-03 13:23:28-main--INFO -com.ctaf.accelerators.TestEngine:Hamberger Menu/Contact us is displaying
2017-04-03 13:23:56-main--INFO -com.ctaf.accelerators.TestEngine:Successfully click on Menu/Home
2017-04-03 13:24:01-main--INFO -com.ctaf.accelerators.TestEngine:Element By.xpath: //div[contains(@style, 'background-image:url(/application/files/3214/8118/3884/FAMILY_Small.jpg);')] is present
2017-04-03 13:24:11-main--INFO -com.ctaf.accelerators.TestEngine:Successfully click on Menu
2017-04-03 13:24:35-main--INFO -com.ctaf.accelerators.TestEngine:Successfully click on Click on Menu/About
2017-04-03 13:24:40-main--INFO -com.ctaf.accelerators.TestEngine:Element By.xpath: //h1[contains(text(),'About')] is present
2017-04-03 13:24:40-main--INFO -com.ctaf.accelerators.TestEngine:in clickOnBreadcrumbs
2017-04-03 13:25:32-main--INFO -com.ctaf.accelerators.TestEngine:Successfully click on Menu
2017-04-03 13:26:03-main--INFO -com.ctaf.accelerators.TestEngine:Successfully click on Click on Menu/Consultation
2017-04-03 13:26:08-main--INFO -com.ctaf.accelerators.TestEngine:Element By.xpath: //h1[contains(text(),'Consultations')] is present
2017-04-03 13:26:08-main--INFO -com.ctaf.accelerators.TestEngine:in clickOnBreadcrumbs
2017-04-03 13:27:02-main--INFO -com.ctaf.accelerators.TestEngine:Successfully click on Menu
2017-04-03 13:27:21-main--INFO -com.ctaf.accelerators.TestEngine:Successfully click on Click on Menu/Contact us
2017-04-03 13:27:26-main--INFO -com.ctaf.accelerators.TestEngine:Element By.xpath: //h1[contains(text(),'Contact us')] is present
2017-04-03 13:27:26-main--INFO -com.ctaf.accelerators.TestEngine:in clickOnBreadcrumbs
2017-04-03 13:28:17-main--INFO -com.ctaf.accelerators.TestEngine:in navigateConsultation
2017-04-03 13:28:48-main--INFO -com.ctaf.accelerators.TestEngine:Successfully click on Selected Project
2017-04-03 13:28:48-main--INFO -com.ctaf.accelerators.TestEngine:Element By.xpath: //li[contains(text(),'Testing on Chrome Browser - do not delete')] is present
2017-04-03 13:28:48-main--INFO -com.ctaf.accelerators.TestEngine:in verifyAuthroing
2017-04-03 13:28:48-main--INFO -com.ctaf.accelerators.TestEngine:Authroing Toolbar is displaying
2017-04-03 16:40:01-main--INFO -com.ctaf.accelerators.TestEngine:Starting browser : chrome
2017-04-03 16:40:43-main--INFO -com.ctaf.accelerators.TestEngine:Current Test : TC49_CommonChecks_HomePage_HamburgerMenu_Login_Signout_SiteUser
2017-04-03 16:40:43-main--INFO -com.ctaf.accelerators.TestEngine:in login
2017-04-03 16:40:43-main--INFO -com.ctaf.accelerators.TestEngine:Successfully click on Click on Home Page Login
2017-04-03 16:40:43-main--INFO -com.ctaf.accelerators.TestEngine:Type  autoenmanager@harvestdp.com in Email address
2017-04-03 16:40:43-main--INFO -com.ctaf.accelerators.TestEngine:Type  Automation2017 in Password
2017-04-03 16:40:43-main--INFO -com.ctaf.accelerators.TestEngine:Successfully click on Login button
2017-04-03 16:40:58-main--INFO -com.ctaf.accelerators.TestEngine:in verifyWebElementHomePage
2017-04-03 16:41:31-main--INFO -com.ctaf.accelerators.TestEngine:Hamburger Menu is displaying
2017-04-03 16:41:31-main--INFO -com.ctaf.accelerators.TestEngine:Engage Victoria Logo is displaying
2017-04-03 16:41:31-main--INFO -com.ctaf.accelerators.TestEngine:Search Site is displaying
2017-04-03 16:41:31-main--INFO -com.ctaf.accelerators.TestEngine:Text - Engage Victoria' on hero block  is displaying
2017-04-03 16:41:31-main--INFO -com.ctaf.accelerators.TestEngine:Text - Share ideas here and have your say about what matters to you is displaying
2017-04-03 16:41:31-main--INFO -com.ctaf.accelerators.TestEngine:Image on hero block is displaying
2017-04-03 16:41:31-main--INFO -com.ctaf.accelerators.TestEngine:Text - I'm looking for consultations relating to is displaying
2017-04-03 16:41:31-main--INFO -com.ctaf.accelerators.TestEngine:Drop Down for Category is displaying
2017-04-03 16:41:31-main--INFO -com.ctaf.accelerators.TestEngine:Help me find a consultation is displaying
2017-04-03 16:41:31-main--INFO -com.ctaf.accelerators.TestEngine:WebSite feature section is displaying
2017-04-03 16:41:31-main--INFO -com.ctaf.accelerators.TestEngine:Active Consultation section is displaying
2017-04-03 16:41:31-main--INFO -com.ctaf.accelerators.TestEngine:Stay informed section is displaying
2017-04-03 16:41:31-main--INFO -com.ctaf.accelerators.TestEngine:Sign up email is displaying
2017-04-03 16:41:31-main--INFO -com.ctaf.accelerators.TestEngine:Sign up Today is displaying
2017-04-03 16:41:31-main--INFO -com.ctaf.accelerators.TestEngine:Footer section with Links is displaying
2017-04-03 16:41:32-main--INFO -com.ctaf.accelerators.TestEngine:Footer section with copyright message is displaying
2017-04-03 16:41:32-main--INFO -com.ctaf.accelerators.TestEngine:Footer Link - Copyright is displaying
2017-04-03 16:41:32-main--INFO -com.ctaf.accelerators.TestEngine:Footer Link - Privacy is displaying
2017-04-03 16:41:32-main--INFO -com.ctaf.accelerators.TestEngine:Footer Link - Terms of Use is displaying
2017-04-03 16:41:32-main--INFO -com.ctaf.accelerators.TestEngine:Footer Link - Accessibility is displaying
2017-04-03 16:41:32-main--INFO -com.ctaf.accelerators.TestEngine:Footer Link - Moderation is displaying
2017-04-03 16:41:32-main--INFO -com.ctaf.accelerators.TestEngine:Footer Link - Community Guidelines is displaying
2017-04-03 16:41:32-main--INFO -com.ctaf.accelerators.TestEngine:Footer Link - About Us is displaying
2017-04-03 16:41:32-main--INFO -com.ctaf.accelerators.TestEngine:Footer Link - Contact Us is displaying
2017-04-03 16:41:32-main--INFO -com.ctaf.accelerators.TestEngine:Footer Link - Site Map is displaying
2017-04-03 16:41:32-main--INFO -com.ctaf.accelerators.TestEngine:in verifyHamburger
2017-04-03 16:42:22-main--INFO -com.ctaf.accelerators.TestEngine:Successfully click on Menu
2017-04-03 16:42:32-main--INFO -com.ctaf.accelerators.TestEngine:Hamberger Menu/Home is displaying
2017-04-03 16:42:32-main--INFO -com.ctaf.accelerators.TestEngine:Hamberger Menu/About is displaying
2017-04-03 16:42:32-main--INFO -com.ctaf.accelerators.TestEngine:Hamberger Menu/Consultation is displaying
2017-04-03 16:42:32-main--INFO -com.ctaf.accelerators.TestEngine:Hamberger Menu/Contact us is displaying
2017-04-03 16:43:00-main--INFO -com.ctaf.accelerators.TestEngine:Successfully click on Menu/Home
2017-04-03 16:43:05-main--INFO -com.ctaf.accelerators.TestEngine:Element By.xpath: //div[contains(@style, 'background-image:url(/application/files/3214/8118/3884/FAMILY_Small.jpg);')] is present
2017-04-03 16:43:15-main--INFO -com.ctaf.accelerators.TestEngine:Successfully click on Menu
2017-04-03 16:43:40-main--INFO -com.ctaf.accelerators.TestEngine:Successfully click on Click on Menu/About
2017-04-03 16:43:45-main--INFO -com.ctaf.accelerators.TestEngine:Element By.xpath: //h1[contains(text(),'About')] is present
2017-04-03 16:43:45-main--INFO -com.ctaf.accelerators.TestEngine:in clickOnBreadcrumbs
2017-04-03 16:44:38-main--INFO -com.ctaf.accelerators.TestEngine:Successfully click on Menu
2017-04-03 16:45:10-main--INFO -com.ctaf.accelerators.TestEngine:Successfully click on Click on Menu/Consultation
2017-04-03 16:45:15-main--INFO -com.ctaf.accelerators.TestEngine:Element By.xpath: //h1[contains(text(),'Consultations')] is present
2017-04-03 16:45:15-main--INFO -com.ctaf.accelerators.TestEngine:in clickOnBreadcrumbs
2017-04-03 16:46:10-main--INFO -com.ctaf.accelerators.TestEngine:Successfully click on Menu
2017-04-03 16:46:30-main--INFO -com.ctaf.accelerators.TestEngine:Successfully click on Click on Menu/Contact us
2017-04-03 16:46:35-main--INFO -com.ctaf.accelerators.TestEngine:Element By.xpath: //h1[contains(text(),'Contact us')] is present
2017-04-03 16:46:35-main--INFO -com.ctaf.accelerators.TestEngine:in clickOnBreadcrumbs
2017-04-03 16:47:27-main--INFO -com.ctaf.accelerators.TestEngine:in navigateConsultation
2017-04-03 16:47:59-main--INFO -com.ctaf.accelerators.TestEngine:Successfully click on Selected Project
2017-04-03 16:47:59-main--INFO -com.ctaf.accelerators.TestEngine:Element By.xpath: //li[contains(text(),'Testing on Chrome Browser - do not delete')] is present
2017-04-03 16:47:59-main--INFO -com.ctaf.accelerators.TestEngine:in verifyAuthroing
2017-04-03 16:47:59-main--INFO -com.ctaf.accelerators.TestEngine:Authroing Toolbar is displaying
2017-04-03 16:47:59-main--INFO -com.ctaf.accelerators.TestEngine:Edit Page is displaying
2017-04-03 16:47:59-main--INFO -com.ctaf.accelerators.TestEngine:Page Setting is displaying
2017-04-03 16:47:59-main--INFO -com.ctaf.accelerators.TestEngine:Tools is displaying
2017-04-03 16:47:59-main--INFO -com.ctaf.accelerators.TestEngine:Add Update is displaying
2017-04-03 16:47:59-main--INFO -com.ctaf.accelerators.TestEngine:Dashboard is displaying
2017-04-03 16:47:59-main--INFO -com.ctaf.accelerators.TestEngine:Page is displaying
2017-04-03 16:47:59-main--INFO -com.ctaf.accelerators.TestEngine:in signOut
2017-04-03 16:52:33-main--INFO -com.ctaf.accelerators.TestEngine:Starting browser : chrome
2017-04-03 16:53:12-main--INFO -com.ctaf.accelerators.TestEngine:Current Test : TC49_CommonChecks_HomePage_HamburgerMenu_Login_Signout_SiteUser
2017-04-03 16:53:12-main--INFO -com.ctaf.accelerators.TestEngine:in login
2017-04-03 16:53:13-main--INFO -com.ctaf.accelerators.TestEngine:Successfully click on Click on Home Page Login
2017-04-03 16:53:13-main--INFO -com.ctaf.accelerators.TestEngine:Type  autoenmanager@harvestdp.com in Email address
2017-04-03 16:53:13-main--INFO -com.ctaf.accelerators.TestEngine:Type  Automation2017 in Password
2017-04-03 16:53:13-main--INFO -com.ctaf.accelerators.TestEngine:Successfully click on Login button
2017-04-03 16:53:28-main--INFO -com.ctaf.accelerators.TestEngine:in verifyWebElementHomePage
2017-04-03 16:53:52-main--INFO -com.ctaf.accelerators.TestEngine:Hamburger Menu is displaying
2017-04-03 16:53:52-main--INFO -com.ctaf.accelerators.TestEngine:Engage Victoria Logo is displaying
2017-04-03 16:53:52-main--INFO -com.ctaf.accelerators.TestEngine:Search Site is displaying
2017-04-03 16:53:52-main--INFO -com.ctaf.accelerators.TestEngine:Text - Engage Victoria' on hero block  is displaying
2017-04-03 16:53:52-main--INFO -com.ctaf.accelerators.TestEngine:Text - Share ideas here and have your say about what matters to you is displaying
2017-04-03 16:53:52-main--INFO -com.ctaf.accelerators.TestEngine:Image on hero block is displaying
2017-04-03 16:53:52-main--INFO -com.ctaf.accelerators.TestEngine:Text - I'm looking for consultations relating to is displaying
2017-04-03 16:53:52-main--INFO -com.ctaf.accelerators.TestEngine:Drop Down for Category is displaying
2017-04-03 16:53:52-main--INFO -com.ctaf.accelerators.TestEngine:Help me find a consultation is displaying
2017-04-03 16:53:52-main--INFO -com.ctaf.accelerators.TestEngine:WebSite feature section is displaying
2017-04-03 16:53:52-main--INFO -com.ctaf.accelerators.TestEngine:Active Consultation section is displaying
2017-04-03 16:53:52-main--INFO -com.ctaf.accelerators.TestEngine:Stay informed section is displaying
2017-04-03 16:53:53-main--INFO -com.ctaf.accelerators.TestEngine:Sign up email is displaying
2017-04-03 16:53:53-main--INFO -com.ctaf.accelerators.TestEngine:Sign up Today is displaying
2017-04-03 16:53:53-main--INFO -com.ctaf.accelerators.TestEngine:Footer section with Links is displaying
2017-04-03 16:53:53-main--INFO -com.ctaf.accelerators.TestEngine:Footer section with copyright message is displaying
2017-04-03 16:53:53-main--INFO -com.ctaf.accelerators.TestEngine:Footer Link - Copyright is displaying
2017-04-03 16:53:53-main--INFO -com.ctaf.accelerators.TestEngine:Footer Link - Privacy is displaying
2017-04-03 16:53:53-main--INFO -com.ctaf.accelerators.TestEngine:Footer Link - Terms of Use is displaying
2017-04-03 16:53:53-main--INFO -com.ctaf.accelerators.TestEngine:Footer Link - Accessibility is displaying
2017-04-03 16:53:53-main--INFO -com.ctaf.accelerators.TestEngine:Footer Link - Moderation is displaying
2017-04-03 16:53:53-main--INFO -com.ctaf.accelerators.TestEngine:Footer Link - Community Guidelines is displaying
2017-04-03 16:53:53-main--INFO -com.ctaf.accelerators.TestEngine:Footer Link - About Us is displaying
2017-04-03 16:53:53-main--INFO -com.ctaf.accelerators.TestEngine:Footer Link - Contact Us is displaying
2017-04-03 16:53:53-main--INFO -com.ctaf.accelerators.TestEngine:Footer Link - Site Map is displaying
2017-04-03 16:53:53-main--INFO -com.ctaf.accelerators.TestEngine:in verifyHamburger
2017-04-03 16:54:43-main--INFO -com.ctaf.accelerators.TestEngine:Successfully click on Menu
2017-04-03 16:54:53-main--INFO -com.ctaf.accelerators.TestEngine:Hamberger Menu/Home is displaying
2017-04-03 16:54:53-main--INFO -com.ctaf.accelerators.TestEngine:Hamberger Menu/About is displaying
2017-04-03 16:54:53-main--INFO -com.ctaf.accelerators.TestEngine:Hamberger Menu/Consultation is displaying
2017-04-03 16:54:53-main--INFO -com.ctaf.accelerators.TestEngine:Hamberger Menu/Contact us is displaying
2017-04-03 16:55:21-main--INFO -com.ctaf.accelerators.TestEngine:Successfully click on Menu/Home
2017-04-03 16:55:26-main--INFO -com.ctaf.accelerators.TestEngine:Element By.xpath: //div[contains(@style, 'background-image:url(/application/files/3214/8118/3884/FAMILY_Small.jpg);')] is present
2017-04-03 16:55:36-main--INFO -com.ctaf.accelerators.TestEngine:Successfully click on Menu
2017-04-03 16:56:00-main--INFO -com.ctaf.accelerators.TestEngine:Successfully click on Click on Menu/About
2017-04-03 16:56:05-main--INFO -com.ctaf.accelerators.TestEngine:Element By.xpath: //h1[contains(text(),'About')] is present
2017-04-03 16:56:05-main--INFO -com.ctaf.accelerators.TestEngine:in clickOnBreadcrumbs
2017-04-03 16:56:58-main--INFO -com.ctaf.accelerators.TestEngine:Successfully click on Menu
2017-04-03 16:57:31-main--INFO -com.ctaf.accelerators.TestEngine:Successfully click on Click on Menu/Consultation
2017-04-03 16:57:36-main--INFO -com.ctaf.accelerators.TestEngine:Element By.xpath: //h1[contains(text(),'Consultations')] is present
2017-04-03 16:57:36-main--INFO -com.ctaf.accelerators.TestEngine:in clickOnBreadcrumbs
2017-04-03 16:58:28-main--INFO -com.ctaf.accelerators.TestEngine:Successfully click on Menu
2017-04-03 16:58:47-main--INFO -com.ctaf.accelerators.TestEngine:Successfully click on Click on Menu/Contact us
2017-04-03 16:58:52-main--INFO -com.ctaf.accelerators.TestEngine:Element By.xpath: //h1[contains(text(),'Contact us')] is present
2017-04-03 16:58:52-main--INFO -com.ctaf.accelerators.TestEngine:in clickOnBreadcrumbs
2017-04-03 16:59:43-main--INFO -com.ctaf.accelerators.TestEngine:in navigateConsultation
2017-04-03 17:00:15-main--INFO -com.ctaf.accelerators.TestEngine:Successfully click on Selected Project
2017-04-03 17:00:16-main--INFO -com.ctaf.accelerators.TestEngine:Element By.xpath: //li[contains(text(),'Testing on Chrome Browser - do not delete')] is present
2017-04-03 17:00:16-main--INFO -com.ctaf.accelerators.TestEngine:in verifyAuthroing
2017-04-03 17:00:16-main--INFO -com.ctaf.accelerators.TestEngine:Authroing Toolbar is displaying
2017-04-03 17:00:16-main--INFO -com.ctaf.accelerators.TestEngine:Edit Page is displaying
2017-04-03 17:00:16-main--INFO -com.ctaf.accelerators.TestEngine:Page Setting is displaying
2017-04-03 17:00:16-main--INFO -com.ctaf.accelerators.TestEngine:Tools is displaying
2017-04-03 17:00:16-main--INFO -com.ctaf.accelerators.TestEngine:Add Update is displaying
2017-04-03 17:00:16-main--INFO -com.ctaf.accelerators.TestEngine:Dashboard is displaying
2017-04-03 17:00:16-main--INFO -com.ctaf.accelerators.TestEngine:Page is displaying
2017-04-03 17:00:16-main--INFO -com.ctaf.accelerators.TestEngine:in signOut
2017-04-03 17:12:56-main--INFO -com.ctaf.accelerators.TestEngine:Starting browser : chrome
2017-04-03 17:13:38-main--INFO -com.ctaf.accelerators.TestEngine:Current Test : TC57_Detail_Setting_Project_Desc
2017-04-03 17:13:38-main--INFO -com.ctaf.accelerators.TestEngine:in login
2017-04-03 17:13:38-main--INFO -com.ctaf.accelerators.TestEngine:Successfully click on Click on Home Page Login
2017-04-03 17:13:39-main--INFO -com.ctaf.accelerators.TestEngine:Type  autosm2017@gmail.com in Email address
2017-04-03 17:13:39-main--INFO -com.ctaf.accelerators.TestEngine:Type  Automation2017 in Password
2017-04-03 17:13:39-main--INFO -com.ctaf.accelerators.TestEngine:Successfully click on Login button
2017-04-03 17:13:54-main--INFO -com.ctaf.accelerators.TestEngine:in navigateConsultation
2017-04-03 17:14:46-main--INFO -com.ctaf.accelerators.TestEngine:Successfully click on Selected Project
2017-04-03 17:14:46-main--INFO -com.ctaf.accelerators.TestEngine:Element By.xpath: //li[contains(text(),'Testing on Chrome Browser - do not delete')] is present
2017-04-03 17:14:56-main--INFO -com.ctaf.accelerators.TestEngine:in navigateToSetting
2017-04-03 17:15:06-main--INFO -com.ctaf.accelerators.TestEngine:Successfully click on Settings
2017-04-03 17:16:04-main--INFO -com.ctaf.accelerators.TestEngine:in getRandomString
2017-04-03 17:16:05-main--INFO -com.ctaf.accelerators.TestEngine:in getRandomString
2017-04-03 17:16:05-main--INFO -com.ctaf.accelerators.TestEngine:Successfully click on Details
2017-04-03 17:20:52-main--INFO -com.ctaf.accelerators.TestEngine:Starting browser : chrome
2017-04-03 17:21:29-main--INFO -com.ctaf.accelerators.TestEngine:Current Test : TC57_Detail_Setting_Project_Desc
2017-04-03 17:21:29-main--INFO -com.ctaf.accelerators.TestEngine:in login
2017-04-03 17:21:29-main--INFO -com.ctaf.accelerators.TestEngine:Successfully click on Click on Home Page Login
2017-04-03 17:21:29-main--INFO -com.ctaf.accelerators.TestEngine:Type  autosm2017@gmail.com in Email address
2017-04-03 17:21:29-main--INFO -com.ctaf.accelerators.TestEngine:Type  Automation2017 in Password
2017-04-03 17:21:29-main--INFO -com.ctaf.accelerators.TestEngine:Successfully click on Login button
2017-04-03 17:21:44-main--INFO -com.ctaf.accelerators.TestEngine:in navigateConsultation
2017-04-03 17:22:35-main--INFO -com.ctaf.accelerators.TestEngine:Successfully click on Selected Project
2017-04-03 17:22:35-main--INFO -com.ctaf.accelerators.TestEngine:Element By.xpath: //li[contains(text(),'Testing on Chrome Browser - do not delete')] is present
2017-04-03 17:22:45-main--INFO -com.ctaf.accelerators.TestEngine:in navigateToSetting
2017-04-03 17:22:55-main--INFO -com.ctaf.accelerators.TestEngine:Successfully click on Settings
2017-04-03 17:23:05-main--INFO -com.ctaf.accelerators.TestEngine:in getRandomString
2017-04-03 17:23:05-main--INFO -com.ctaf.accelerators.TestEngine:in getRandomString
2017-04-03 17:23:06-main--INFO -com.ctaf.accelerators.TestEngine:Successfully click on Details
2017-04-03 17:25:58-main--INFO -com.ctaf.accelerators.TestEngine:Starting browser : chrome
2017-04-03 17:26:35-main--INFO -com.ctaf.accelerators.TestEngine:Current Test : TC49_CommonChecks_HomePage_HamburgerMenu_Login_Signout_SiteUser
2017-04-03 17:26:35-main--INFO -com.ctaf.accelerators.TestEngine:in login
2017-04-03 17:26:35-main--INFO -com.ctaf.accelerators.TestEngine:Successfully click on Click on Home Page Login
2017-04-03 17:26:35-main--INFO -com.ctaf.accelerators.TestEngine:Type  autoenmanager@harvestdp.com in Email address
2017-04-03 17:26:36-main--INFO -com.ctaf.accelerators.TestEngine:Type  Automation2017 in Password
2017-04-03 17:26:36-main--INFO -com.ctaf.accelerators.TestEngine:Successfully click on Login button
2017-04-03 17:26:51-main--INFO -com.ctaf.accelerators.TestEngine:in verifyWebElementHomePage
2017-04-03 17:27:12-main--INFO -com.ctaf.accelerators.TestEngine:Hamburger Menu is displaying
2017-04-03 17:27:12-main--INFO -com.ctaf.accelerators.TestEngine:Engage Victoria Logo is displaying
2017-04-03 17:27:12-main--INFO -com.ctaf.accelerators.TestEngine:Search Site is displaying
2017-04-03 17:27:12-main--INFO -com.ctaf.accelerators.TestEngine:Text - Engage Victoria' on hero block  is displaying
2017-04-03 17:27:13-main--INFO -com.ctaf.accelerators.TestEngine:Text - Share ideas here and have your say about what matters to you is displaying
2017-04-03 17:27:13-main--INFO -com.ctaf.accelerators.TestEngine:Image on hero block is displaying
2017-04-03 17:27:13-main--INFO -com.ctaf.accelerators.TestEngine:Text - I'm looking for consultations relating to is displaying
2017-04-03 17:27:13-main--INFO -com.ctaf.accelerators.TestEngine:Drop Down for Category is displaying
2017-04-03 17:27:13-main--INFO -com.ctaf.accelerators.TestEngine:Help me find a consultation is displaying
2017-04-03 17:27:13-main--INFO -com.ctaf.accelerators.TestEngine:WebSite feature section is displaying
2017-04-03 17:27:13-main--INFO -com.ctaf.accelerators.TestEngine:Active Consultation section is displaying
2017-04-03 17:27:13-main--INFO -com.ctaf.accelerators.TestEngine:Stay informed section is displaying
2017-04-03 17:27:13-main--INFO -com.ctaf.accelerators.TestEngine:Sign up email is displaying
2017-04-03 17:27:13-main--INFO -com.ctaf.accelerators.TestEngine:Sign up Today is displaying
2017-04-03 17:27:13-main--INFO -com.ctaf.accelerators.TestEngine:Footer section with Links is displaying
2017-04-03 17:27:13-main--INFO -com.ctaf.accelerators.TestEngine:Footer section with copyright message is displaying
2017-04-03 17:27:13-main--INFO -com.ctaf.accelerators.TestEngine:Footer Link - Copyright is displaying
2017-04-03 17:27:13-main--INFO -com.ctaf.accelerators.TestEngine:Footer Link - Privacy is displaying
2017-04-03 17:27:13-main--INFO -com.ctaf.accelerators.TestEngine:Footer Link - Terms of Use is displaying
2017-04-03 17:27:13-main--INFO -com.ctaf.accelerators.TestEngine:Footer Link - Accessibility is displaying
2017-04-03 17:27:13-main--INFO -com.ctaf.accelerators.TestEngine:Footer Link - Moderation is displaying
2017-04-03 17:27:13-main--INFO -com.ctaf.accelerators.TestEngine:Footer Link - Community Guidelines is displaying
2017-04-03 17:27:13-main--INFO -com.ctaf.accelerators.TestEngine:Footer Link - About Us is displaying
2017-04-03 17:27:13-main--INFO -com.ctaf.accelerators.TestEngine:Footer Link - Contact Us is displaying
2017-04-03 17:27:13-main--INFO -com.ctaf.accelerators.TestEngine:Footer Link - Site Map is displaying
2017-04-03 17:27:13-main--INFO -com.ctaf.accelerators.TestEngine:in verifyHamburger
2017-04-03 17:28:04-main--INFO -com.ctaf.accelerators.TestEngine:Successfully click on Menu
2017-04-03 17:28:14-main--INFO -com.ctaf.accelerators.TestEngine:Hamberger Menu/Home is displaying
2017-04-03 17:28:14-main--INFO -com.ctaf.accelerators.TestEngine:Hamberger Menu/About is displaying
2017-04-03 17:28:14-main--INFO -com.ctaf.accelerators.TestEngine:Hamberger Menu/Consultation is displaying
2017-04-03 17:28:14-main--INFO -com.ctaf.accelerators.TestEngine:Hamberger Menu/Contact us is displaying
2017-04-03 17:28:41-main--INFO -com.ctaf.accelerators.TestEngine:Successfully click on Menu/Home
2017-04-03 17:28:46-main--INFO -com.ctaf.accelerators.TestEngine:Element By.xpath: //div[contains(@style, 'background-image:url(/application/files/3214/8118/3884/FAMILY_Small.jpg);')] is present
2017-04-03 17:28:56-main--INFO -com.ctaf.accelerators.TestEngine:Successfully click on Menu
2017-04-03 17:29:20-main--INFO -com.ctaf.accelerators.TestEngine:Successfully click on Click on Menu/About
2017-04-03 17:29:25-main--INFO -com.ctaf.accelerators.TestEngine:Element By.xpath: //h1[contains(text(),'About')] is present
2017-04-03 17:29:25-main--INFO -com.ctaf.accelerators.TestEngine:in clickOnBreadcrumbs
2017-04-03 17:30:17-main--INFO -com.ctaf.accelerators.TestEngine:Successfully click on Menu
2017-04-03 17:30:49-main--INFO -com.ctaf.accelerators.TestEngine:Successfully click on Click on Menu/Consultation
2017-04-03 17:30:54-main--INFO -com.ctaf.accelerators.TestEngine:Element By.xpath: //h1[contains(text(),'Consultations')] is present
2017-04-03 17:30:54-main--INFO -com.ctaf.accelerators.TestEngine:in clickOnBreadcrumbs
2017-04-03 17:31:45-main--INFO -com.ctaf.accelerators.TestEngine:Successfully click on Menu
2017-04-03 17:32:05-main--INFO -com.ctaf.accelerators.TestEngine:Successfully click on Click on Menu/Contact us
2017-04-03 17:32:10-main--INFO -com.ctaf.accelerators.TestEngine:Element By.xpath: //h1[contains(text(),'Contact us')] is present
2017-04-03 17:32:10-main--INFO -com.ctaf.accelerators.TestEngine:in clickOnBreadcrumbs
2017-04-03 17:33:02-main--INFO -com.ctaf.accelerators.TestEngine:in navigateConsultation
2017-04-03 17:33:35-main--INFO -com.ctaf.accelerators.TestEngine:Successfully click on Selected Project
2017-04-03 17:33:35-main--INFO -com.ctaf.accelerators.TestEngine:Element By.xpath: //li[contains(text(),'Testing on Chrome Browser - do not delete')] is present
2017-04-03 17:33:35-main--INFO -com.ctaf.accelerators.TestEngine:in verifyAuthroing
2017-04-03 17:33:35-main--INFO -com.ctaf.accelerators.TestEngine:Authroing Toolbar is displaying
2017-04-03 17:33:35-main--INFO -com.ctaf.accelerators.TestEngine:Edit Page is displaying
2017-04-03 17:33:35-main--INFO -com.ctaf.accelerators.TestEngine:Page Setting is displaying
2017-04-03 17:33:35-main--INFO -com.ctaf.accelerators.TestEngine:Tools is displaying
2017-04-03 17:33:35-main--INFO -com.ctaf.accelerators.TestEngine:Add Update is displaying
2017-04-03 17:33:35-main--INFO -com.ctaf.accelerators.TestEngine:Dashboard is displaying
2017-04-03 17:33:35-main--INFO -com.ctaf.accelerators.TestEngine:Page is displaying
2017-04-03 17:33:35-main--INFO -com.ctaf.accelerators.TestEngine:in signOut
2017-04-03 17:33:35-main--INFO -com.ctaf.accelerators.TestEngine:Successfully click on Click on Avatar
2017-04-03 17:33:58-main--INFO -com.ctaf.accelerators.TestEngine:Successfully click on Avatar/Sign Out
2017-04-03 17:35:46-main--INFO -com.ctaf.accelerators.TestEngine:Starting browser : chrome
2017-04-03 17:36:22-main--INFO -com.ctaf.accelerators.TestEngine:Current Test : TC01_CommonChecks_HomePage_HambergerMenu_Login_Signout_SiteAdmin
2017-04-03 17:36:22-main--INFO -com.ctaf.accelerators.TestEngine:in login
2017-04-03 17:36:22-main--INFO -com.ctaf.accelerators.TestEngine:Successfully click on Click on Home Page Login
2017-04-03 17:36:22-main--INFO -com.ctaf.accelerators.TestEngine:Type  autosm2017@gmail.com in Email address
2017-04-03 17:36:22-main--INFO -com.ctaf.accelerators.TestEngine:Type  Automation2017 in Password
2017-04-03 17:36:22-main--INFO -com.ctaf.accelerators.TestEngine:Successfully click on Login button
2017-04-03 17:36:32-main--INFO -com.ctaf.accelerators.TestEngine:in signOut
2017-04-03 17:37:00-main--INFO -com.ctaf.accelerators.TestEngine:Successfully click on Click on Avatar
2017-04-03 17:37:24-main--INFO -com.ctaf.accelerators.TestEngine:Successfully click on Avatar/Sign Out
2017-04-03 17:39:43-main--INFO -com.ctaf.accelerators.TestEngine:Starting browser : chrome
2017-04-03 17:40:22-main--INFO -com.ctaf.accelerators.TestEngine:Current Test : TC57_Detail_Setting_Project_Desc
2017-04-03 17:40:22-main--INFO -com.ctaf.accelerators.TestEngine:in login
2017-04-03 17:40:22-main--INFO -com.ctaf.accelerators.TestEngine:Successfully click on Click on Home Page Login
2017-04-03 17:40:23-main--INFO -com.ctaf.accelerators.TestEngine:Type  autosm2017@gmail.com in Email address
2017-04-03 17:40:23-main--INFO -com.ctaf.accelerators.TestEngine:Type  Automation2017 in Password
2017-04-03 17:40:23-main--INFO -com.ctaf.accelerators.TestEngine:Successfully click on Login button
2017-04-03 17:40:38-main--INFO -com.ctaf.accelerators.TestEngine:in navigateConsultation
2017-04-03 17:41:29-main--INFO -com.ctaf.accelerators.TestEngine:Successfully click on Selected Project
2017-04-03 17:41:29-main--INFO -com.ctaf.accelerators.TestEngine:Element By.xpath: //li[contains(text(),'Testing on Chrome Browser - do not delete')] is present
2017-04-03 17:41:39-main--INFO -com.ctaf.accelerators.TestEngine:in navigateToSetting
2017-04-03 17:41:49-main--INFO -com.ctaf.accelerators.TestEngine:Successfully click on Settings
2017-04-03 17:41:59-main--INFO -com.ctaf.accelerators.TestEngine:in getRandomString
2017-04-03 17:41:59-main--INFO -com.ctaf.accelerators.TestEngine:in getRandomString
2017-04-03 17:41:59-main--INFO -com.ctaf.accelerators.TestEngine:Successfully click on Details
2017-04-03 17:49:49-main--INFO -com.ctaf.accelerators.TestEngine:Starting browser : chrome
2017-04-03 17:50:33-main--INFO -com.ctaf.accelerators.TestEngine:Current Test : TC57_Detail_Setting_Project_Desc
2017-04-03 17:50:33-main--INFO -com.ctaf.accelerators.TestEngine:in login
2017-04-03 17:50:33-main--INFO -com.ctaf.accelerators.TestEngine:Successfully click on Click on Home Page Login
2017-04-03 17:50:34-main--INFO -com.ctaf.accelerators.TestEngine:Type  autosm2017@gmail.com in Email address
2017-04-03 17:50:34-main--INFO -com.ctaf.accelerators.TestEngine:Type  Automation2017 in Password
2017-04-03 17:50:34-main--INFO -com.ctaf.accelerators.TestEngine:Successfully click on Login button
2017-04-03 17:50:49-main--INFO -com.ctaf.accelerators.TestEngine:in navigateConsultation
2017-04-03 17:51:38-main--INFO -com.ctaf.accelerators.TestEngine:Successfully click on Selected Project
2017-04-03 17:51:38-main--INFO -com.ctaf.accelerators.TestEngine:Element By.xpath: //li[contains(text(),'Testing on Chrome Browser - do not delete')] is present
2017-04-03 17:51:48-main--INFO -com.ctaf.accelerators.TestEngine:in navigateToSetting
2017-04-03 17:51:58-main--INFO -com.ctaf.accelerators.TestEngine:Successfully click on Settings
2017-04-03 17:52:08-main--INFO -com.ctaf.accelerators.TestEngine:in getRandomString
2017-04-03 17:52:08-main--INFO -com.ctaf.accelerators.TestEngine:in getRandomString
2017-04-03 17:52:10-main--INFO -com.ctaf.accelerators.TestEngine:Type  Testing on Chrome Browser - do not delete - Enex - mw in Project Desc
