2017-12-04 15:25:54-main--INFO -com.ctaf.accelerators.TestEngine:Starting browser : chrome
2017-12-04 15:26:13-main--INFO -com.ctaf.accelerators.TestEngine:Current Test : TC_018_VerifySchedulePassengerMessageTable
2017-12-04 15:26:13-main--INFO -com.ctaf.accelerators.TestEngine:in Indigo_Login()
2017-12-04 15:26:13-main--INFO -com.ctaf.accelerators.TestEngine:Type  seema.rani in username
2017-12-04 15:26:13-main--INFO -com.ctaf.accelerators.TestEngine:Type  Test@123 in password
2017-12-04 15:26:15-main--INFO -com.ctaf.accelerators.TestEngine:Successfully clicked on Log In
2017-12-04 15:26:15-main--INFO -com.ctaf.accelerators.TestEngine:in ClickMenuOptions()
2017-12-04 15:26:15-main--INFO -com.ctaf.accelerators.TestEngine:Successfully clicked on Menu Options
2017-12-04 15:26:15-main--INFO -com.ctaf.accelerators.TestEngine:in ClickMainMenu()
2017-12-04 15:26:15-main--INFO -com.ctaf.accelerators.TestEngine:Successfully clicked on Main Menu 	OCC
2017-12-04 15:26:15-main--INFO -com.ctaf.accelerators.TestEngine:in ClickSubMenu()
2017-12-04 15:27:29-main--INFO -com.ctaf.accelerators.TestEngine:Starting browser : chrome
2017-12-04 15:27:36-main--INFO -com.ctaf.accelerators.TestEngine:Current Test : TC_018_VerifySchedulePassengerMessageTable
2017-12-04 15:27:36-main--INFO -com.ctaf.accelerators.TestEngine:in Indigo_Login()
2017-12-04 15:27:36-main--INFO -com.ctaf.accelerators.TestEngine:Type  seema.rani in username
2017-12-04 15:27:36-main--INFO -com.ctaf.accelerators.TestEngine:Type  Test@123 in password
2017-12-04 15:27:37-main--INFO -com.ctaf.accelerators.TestEngine:Successfully clicked on Log In
2017-12-04 15:27:37-main--INFO -com.ctaf.accelerators.TestEngine:in ClickMenuOptions()
2017-12-04 15:27:37-main--INFO -com.ctaf.accelerators.TestEngine:Successfully clicked on Menu Options
2017-12-04 15:27:37-main--INFO -com.ctaf.accelerators.TestEngine:in ClickMainMenu()
2017-12-04 15:27:38-main--INFO -com.ctaf.accelerators.TestEngine:Successfully clicked on Main Menu 	OCC
2017-12-04 15:27:38-main--INFO -com.ctaf.accelerators.TestEngine:in ClickSubMenu()
2017-12-04 15:28:41-main--INFO -com.ctaf.accelerators.TestEngine:Starting browser : chrome
2017-12-04 15:28:50-main--INFO -com.ctaf.accelerators.TestEngine:Current Test : TC_018_VerifySchedulePassengerMessageTable
2017-12-04 15:28:50-main--INFO -com.ctaf.accelerators.TestEngine:in Indigo_Login()
2017-12-04 15:28:50-main--INFO -com.ctaf.accelerators.TestEngine:Type  seema.rani in username
2017-12-04 15:28:50-main--INFO -com.ctaf.accelerators.TestEngine:Type  Test@123 in password
2017-12-04 15:28:51-main--INFO -com.ctaf.accelerators.TestEngine:Successfully clicked on Log In
2017-12-04 15:28:51-main--INFO -com.ctaf.accelerators.TestEngine:in ClickMenuOptions()
2017-12-04 15:28:51-main--INFO -com.ctaf.accelerators.TestEngine:Successfully clicked on Menu Options
2017-12-04 15:28:51-main--INFO -com.ctaf.accelerators.TestEngine:in ClickMainMenu()
2017-12-04 15:28:51-main--INFO -com.ctaf.accelerators.TestEngine:Successfully clicked on Main Menu 	OCC
2017-12-04 15:28:51-main--INFO -com.ctaf.accelerators.TestEngine:in ClickSubMenu()
2017-12-04 15:29:35-main--INFO -com.ctaf.accelerators.TestEngine:Starting browser : chrome
2017-12-04 15:29:42-main--INFO -com.ctaf.accelerators.TestEngine:Current Test : TC_001
2017-12-04 15:29:42-main--INFO -com.ctaf.accelerators.TestEngine:in Indigo_Login()
2017-12-04 15:29:42-main--INFO -com.ctaf.accelerators.TestEngine:Type  seema.rani in username
2017-12-04 15:29:42-main--INFO -com.ctaf.accelerators.TestEngine:Type  Test@123 in password
2017-12-04 15:29:43-main--INFO -com.ctaf.accelerators.TestEngine:Successfully clicked on Log In
2017-12-04 15:29:43-main--INFO -com.ctaf.accelerators.TestEngine:in ClickMenuOptions()
2017-12-04 15:29:43-main--INFO -com.ctaf.accelerators.TestEngine:Successfully clicked on Menu Options
2017-12-04 15:29:43-main--INFO -com.ctaf.accelerators.TestEngine:in ClickMainMenu()
2017-12-04 15:29:43-main--INFO -com.ctaf.accelerators.TestEngine:Successfully clicked on Main Menu 	OCC
2017-12-04 15:29:43-main--INFO -com.ctaf.accelerators.TestEngine:in ClickSubMenu()
2017-12-04 15:29:49-main--INFO -com.ctaf.accelerators.TestEngine:Successfully clicked on Sub Menu 	Manual Flight Cancellation
2017-12-04 15:29:49-main--INFO -com.ctaf.accelerators.TestEngine:in SelectFromDate()
2017-12-04 15:29:50-main--INFO -com.ctaf.accelerators.TestEngine:in SelectToDate()
2017-12-04 15:29:52-main--INFO -com.ctaf.accelerators.TestEngine:in SelectOrigin()
2017-12-04 15:29:52-main--INFO -com.ctaf.accelerators.TestEngine:Successfully clicked on Origin
2017-12-04 15:35:37-main--INFO -com.ctaf.accelerators.TestEngine:Starting browser : chrome
2017-12-04 15:35:47-main--INFO -com.ctaf.accelerators.TestEngine:Current Test : TC_018_VerifySchedulePassengerMessageTable
2017-12-04 15:35:47-main--INFO -com.ctaf.accelerators.TestEngine:in Indigo_Login()
2017-12-04 15:35:47-main--INFO -com.ctaf.accelerators.TestEngine:Type  seema.rani in username
2017-12-04 15:35:48-main--INFO -com.ctaf.accelerators.TestEngine:Type  Test@123 in password
2017-12-04 15:35:49-main--INFO -com.ctaf.accelerators.TestEngine:Successfully clicked on Log In
2017-12-04 15:35:49-main--INFO -com.ctaf.accelerators.TestEngine:in ClickMenuOptions()
2017-12-04 15:35:49-main--INFO -com.ctaf.accelerators.TestEngine:Successfully clicked on Menu Options
2017-12-04 15:35:49-main--INFO -com.ctaf.accelerators.TestEngine:in ClickMainMenu()
2017-12-04 15:35:49-main--INFO -com.ctaf.accelerators.TestEngine:Successfully clicked on Main Menu 	OCC
2017-12-04 15:35:49-main--INFO -com.ctaf.accelerators.TestEngine:in ClickSubMenu()
2017-12-04 15:35:51-main--INFO -com.ctaf.accelerators.TestEngine:Successfully clicked on Sub Menu 	Scheduled Passenger
2017-12-04 15:35:52-main--INFO -com.ctaf.accelerators.TestEngine:in SPMM_ClickSearch()
2017-12-04 15:35:52-main--INFO -com.ctaf.accelerators.TestEngine:Type  BOM in Search parameter
2017-12-04 15:35:53-main--INFO -com.ctaf.accelerators.TestEngine:Successfully clicked on Search Button
2017-12-04 15:35:54-main--INFO -com.ctaf.accelerators.TestEngine:in VerifySchedulePassengerMessage()
