2017-03-04 00:02:07-main--INFO -com.ctaf.accelerators.TestEngine: Able to get TscreenShot
2017-03-04 00:02:48-main--INFO -com.ctaf.accelerators.TestEngine:Current Test : TC151_Location_Page_News_Page_Location_En
2017-03-04 00:02:48-main--INFO -com.ctaf.accelerators.TestEngine:in login
2017-03-04 00:02:48-main--INFO -com.ctaf.accelerators.TestEngine:Successfully click on Menu
2017-03-04 00:02:48-main--INFO -com.ctaf.accelerators.TestEngine:Successfully click on Click on Menu/Login
2017-03-04 00:02:48-main--INFO -com.ctaf.accelerators.TestEngine:Type  autoenmanager@harvestdp.com in Email address
2017-03-04 00:02:48-main--INFO -com.ctaf.accelerators.TestEngine:Type  Automation2017 in Password
2017-03-04 00:02:48-main--INFO -com.ctaf.accelerators.TestEngine:Successfully click on Login button
2017-03-04 00:02:58-main--INFO -com.ctaf.accelerators.TestEngine:in navigateToNewsPage
2017-03-04 00:03:27-main--INFO -com.ctaf.accelerators.TestEngine:Successfully click on Page
2017-03-04 00:03:57-main--INFO -com.ctaf.accelerators.TestEngine:Successfully click on More
2017-03-04 00:04:17-main--INFO -com.ctaf.accelerators.TestEngine:Successfully click on News Page
2017-03-04 00:04:27-main--INFO -com.ctaf.accelerators.TestEngine:in PageLocation
2017-03-04 00:05:12-main--INFO -com.ctaf.accelerators.TestEngine:Successfully click on Expand Home
2017-03-04 00:05:22-main--INFO -com.ctaf.accelerators.TestEngine:Successfully click on Project
2017-03-04 00:05:52-main--INFO -com.ctaf.accelerators.TestEngine:Successfully click on Page Name
2017-03-04 00:05:57-main--INFO -com.ctaf.accelerators.TestEngine:Type  Testing Location in Project Name
2017-03-04 00:06:17-main--INFO -com.ctaf.accelerators.TestEngine:Successfully click on Location
2017-03-04 00:06:22-main--INFO -com.ctaf.accelerators.TestEngine:Successfully click on Location
2017-03-04 00:07:00-main--INFO -com.ctaf.accelerators.TestEngine:Successfully click on Home
2017-03-04 00:07:05-main--INFO -com.ctaf.accelerators.TestEngine:Successfully click on Save Changes
2017-03-04 00:07:20-main--INFO -com.ctaf.accelerators.TestEngine:Successfully click on Save Page
2017-03-04 00:07:25-main--INFO -com.ctaf.accelerators.TestEngine:in workflow
2017-03-04 00:07:25-main--INFO -com.ctaf.accelerators.TestEngine:in sumbitWorkflow
2017-03-04 00:07:30-main--INFO -com.ctaf.accelerators.TestEngine:Type  Testing in Version Comment
2017-03-04 00:10:31-main--INFO -com.ctaf.accelerators.TestEngine: Able to get TscreenShot
2017-03-04 00:11:10-main--INFO -com.ctaf.accelerators.TestEngine:Current Test : TC152_Verify_Page_News_Page_Version_AutoApprove_En
2017-03-04 00:11:10-main--INFO -com.ctaf.accelerators.TestEngine:in login
2017-03-04 00:11:10-main--INFO -com.ctaf.accelerators.TestEngine:Successfully click on Menu
2017-03-04 00:11:10-main--INFO -com.ctaf.accelerators.TestEngine:Successfully click on Click on Menu/Login
2017-03-04 00:11:10-main--INFO -com.ctaf.accelerators.TestEngine:Type  autoenmanager@harvestdp.com in Email address
2017-03-04 00:11:11-main--INFO -com.ctaf.accelerators.TestEngine:Type  Automation2017 in Password
2017-03-04 00:11:11-main--INFO -com.ctaf.accelerators.TestEngine:Successfully click on Login button
2017-03-04 00:11:26-main--INFO -com.ctaf.accelerators.TestEngine:in navigateToNewsPage
2017-03-04 00:11:49-main--INFO -com.ctaf.accelerators.TestEngine:Successfully click on Page
2017-03-04 00:12:19-main--INFO -com.ctaf.accelerators.TestEngine:Successfully click on More
2017-03-04 00:12:38-main--INFO -com.ctaf.accelerators.TestEngine:Successfully click on News Page
2017-03-04 00:12:48-main--INFO -com.ctaf.accelerators.TestEngine:in PageLocation
2017-03-04 00:13:34-main--INFO -com.ctaf.accelerators.TestEngine:Successfully click on Expand Home
2017-03-04 00:13:44-main--INFO -com.ctaf.accelerators.TestEngine:Successfully click on Project
2017-03-04 00:14:14-main--INFO -com.ctaf.accelerators.TestEngine:in getRandomString
2017-03-04 00:14:14-main--INFO -com.ctaf.accelerators.TestEngine:Successfully click on Details
2017-03-04 00:14:19-main--INFO -com.ctaf.accelerators.TestEngine:Successfully click on Project Name
2017-03-04 00:14:19-main--INFO -com.ctaf.accelerators.TestEngine:Type  Testing Version Approve - MsBH in Project Name
2017-03-04 00:14:39-main--INFO -com.ctaf.accelerators.TestEngine:Successfully click on Submit
2017-03-04 00:14:54-main--INFO -com.ctaf.accelerators.TestEngine:Successfully click on Save Page
2017-03-04 00:14:59-main--INFO -com.ctaf.accelerators.TestEngine:in workflow
2017-03-04 00:14:59-main--INFO -com.ctaf.accelerators.TestEngine:in sumbitWorkflow
2017-03-04 00:15:04-main--INFO -com.ctaf.accelerators.TestEngine:Type  Testing in Version Comment
2017-03-04 00:15:04-main--INFO -com.ctaf.accelerators.TestEngine:Successfully click on Submit to Change
2017-03-04 00:15:44-main--INFO -com.ctaf.accelerators.TestEngine:in navigateToSetting
2017-03-04 00:15:54-main--INFO -com.ctaf.accelerators.TestEngine:Successfully click on Settings
2017-03-04 00:16:04-main--INFO -com.ctaf.accelerators.TestEngine:Successfully click on Version
2017-03-04 00:16:06-main--INFO -com.ctaf.accelerators.TestEngine: Able to get TscreenShot
2017-03-04 00:16:48-main--INFO -com.ctaf.accelerators.TestEngine:Current Test : TC153_Verify_Page_News_Page_Version_NewPage_En
2017-03-04 00:16:48-main--INFO -com.ctaf.accelerators.TestEngine:in login
2017-03-04 00:16:48-main--INFO -com.ctaf.accelerators.TestEngine:Successfully click on Menu
2017-03-04 00:16:48-main--INFO -com.ctaf.accelerators.TestEngine:Successfully click on Click on Menu/Login
2017-03-04 00:16:48-main--INFO -com.ctaf.accelerators.TestEngine:Type  autoenmanager@harvestdp.com in Email address
2017-03-04 00:16:48-main--INFO -com.ctaf.accelerators.TestEngine:Type  Automation2017 in Password
2017-03-04 00:16:48-main--INFO -com.ctaf.accelerators.TestEngine:Successfully click on Login button
2017-03-04 00:16:58-main--INFO -com.ctaf.accelerators.TestEngine:in navigateToNewsPage
2017-03-04 00:17:27-main--INFO -com.ctaf.accelerators.TestEngine:Successfully click on Page
2017-03-04 00:17:57-main--INFO -com.ctaf.accelerators.TestEngine:Successfully click on More
2017-03-04 00:18:17-main--INFO -com.ctaf.accelerators.TestEngine:Successfully click on News Page
2017-03-04 00:18:27-main--INFO -com.ctaf.accelerators.TestEngine:in PageLocation
2017-03-04 00:19:12-main--INFO -com.ctaf.accelerators.TestEngine:Successfully click on Expand Home
2017-03-04 00:19:22-main--INFO -com.ctaf.accelerators.TestEngine:Successfully click on Project
2017-03-04 00:19:52-main--INFO -com.ctaf.accelerators.TestEngine:in getRandomString
2017-03-04 00:19:52-main--INFO -com.ctaf.accelerators.TestEngine:Successfully click on Details
2017-03-04 00:19:57-main--INFO -com.ctaf.accelerators.TestEngine:Successfully click on Project Name
2017-03-04 00:19:57-main--INFO -com.ctaf.accelerators.TestEngine:Type  Testing Version New Page - eUSd in Project Name
2017-03-04 00:20:18-main--INFO -com.ctaf.accelerators.TestEngine:Successfully click on Submit
2017-03-04 00:20:33-main--INFO -com.ctaf.accelerators.TestEngine:Successfully click on Save Page
2017-03-04 00:20:38-main--INFO -com.ctaf.accelerators.TestEngine:in workflow
2017-03-04 00:20:38-main--INFO -com.ctaf.accelerators.TestEngine:in sumbitWorkflow
2017-03-04 00:20:43-main--INFO -com.ctaf.accelerators.TestEngine:Type  Testing in Version Comment
2017-03-04 00:20:43-main--INFO -com.ctaf.accelerators.TestEngine:Successfully click on Submit to Change
2017-03-04 00:21:23-main--INFO -com.ctaf.accelerators.TestEngine:in navigateToSetting
2017-03-04 00:21:33-main--INFO -com.ctaf.accelerators.TestEngine:Successfully click on Settings
2017-03-04 00:21:43-main--INFO -com.ctaf.accelerators.TestEngine:Successfully click on Version
2017-03-04 00:22:10-main--INFO -com.ctaf.accelerators.TestEngine:Successfully click on New Page
2017-03-04 00:22:50-main--INFO -com.ctaf.accelerators.TestEngine:Current Test : TC154_Verify_Page_News_Page_Version_Duplicate_Cm
2017-03-04 00:22:50-main--INFO -com.ctaf.accelerators.TestEngine:in login
2017-03-04 00:22:50-main--INFO -com.ctaf.accelerators.TestEngine:Successfully click on Menu
2017-03-04 00:22:50-main--INFO -com.ctaf.accelerators.TestEngine:Successfully click on Click on Menu/Login
2017-03-04 00:22:50-main--INFO -com.ctaf.accelerators.TestEngine:Type  autoconmanager@harvestdp.com in Email address
2017-03-04 00:22:50-main--INFO -com.ctaf.accelerators.TestEngine:Type  Automation2017 in Password
2017-03-04 00:22:50-main--INFO -com.ctaf.accelerators.TestEngine:Successfully click on Login button
2017-03-04 00:23:05-main--INFO -com.ctaf.accelerators.TestEngine:in navigateToNewsPage
2017-03-04 00:23:25-main--INFO -com.ctaf.accelerators.TestEngine:Successfully click on Page
2017-03-04 00:23:56-main--INFO -com.ctaf.accelerators.TestEngine:Successfully click on More
2017-03-04 00:24:12-main--INFO -com.ctaf.accelerators.TestEngine:Successfully click on News Page
2017-03-04 00:24:22-main--INFO -com.ctaf.accelerators.TestEngine:Type  Testing Version Duplicate in Project Name
2017-03-04 00:24:22-main--INFO -com.ctaf.accelerators.TestEngine:in PageLocation
2017-03-04 00:25:07-main--INFO -com.ctaf.accelerators.TestEngine:Successfully click on Expand Home
2017-03-04 00:25:17-main--INFO -com.ctaf.accelerators.TestEngine:Successfully click on Project
2017-03-04 00:25:52-main--INFO -com.ctaf.accelerators.TestEngine:Successfully click on Version
2017-03-04 00:28:13-main--INFO -com.ctaf.accelerators.TestEngine: Able to get TscreenShot
2017-03-04 00:28:54-main--INFO -com.ctaf.accelerators.TestEngine:Current Test : TC156_Design_Page_News_Page_Template_Cm
2017-03-04 00:28:54-main--INFO -com.ctaf.accelerators.TestEngine:in login
2017-03-04 00:28:54-main--INFO -com.ctaf.accelerators.TestEngine:Successfully click on Menu
2017-03-04 00:28:54-main--INFO -com.ctaf.accelerators.TestEngine:Successfully click on Click on Menu/Login
2017-03-04 00:28:54-main--INFO -com.ctaf.accelerators.TestEngine:Type  autoconmanager@harvestdp.com in Email address
2017-03-04 00:28:55-main--INFO -com.ctaf.accelerators.TestEngine:Type  Automation2017 in Password
2017-03-04 00:28:55-main--INFO -com.ctaf.accelerators.TestEngine:Successfully click on Login button
2017-03-04 00:29:05-main--INFO -com.ctaf.accelerators.TestEngine:in navigateToNewsPage
2017-03-04 00:29:30-main--INFO -com.ctaf.accelerators.TestEngine:Successfully click on Page
2017-03-04 00:30:00-main--INFO -com.ctaf.accelerators.TestEngine:Successfully click on More
2017-03-04 00:30:16-main--INFO -com.ctaf.accelerators.TestEngine:Successfully click on News Page
2017-03-04 00:30:26-main--INFO -com.ctaf.accelerators.TestEngine:in PageLocation
2017-03-04 00:31:11-main--INFO -com.ctaf.accelerators.TestEngine:Successfully click on Expand Home
2017-03-04 00:31:21-main--INFO -com.ctaf.accelerators.TestEngine:Successfully click on Project
2017-03-04 00:31:51-main--INFO -com.ctaf.accelerators.TestEngine:Successfully click on Page Name
2017-03-04 00:31:56-main--INFO -com.ctaf.accelerators.TestEngine:Type  Testing Design in Project Name
2017-03-04 00:32:46-main--INFO -com.ctaf.accelerators.TestEngine:Successfully click on Design
2017-03-04 00:32:49-main--INFO -com.ctaf.accelerators.TestEngine:News Full is displaying
2017-03-04 00:32:49-main--INFO -com.ctaf.accelerators.TestEngine:Successfully click on SaveChanges
2017-03-04 00:33:04-main--INFO -com.ctaf.accelerators.TestEngine:Successfully click on Save Page
2017-03-04 00:33:09-main--INFO -com.ctaf.accelerators.TestEngine:in workflow
2017-03-04 00:33:09-main--INFO -com.ctaf.accelerators.TestEngine:in sumbitWorkflow
2017-03-04 00:33:14-main--INFO -com.ctaf.accelerators.TestEngine:Type  Testing in Version Comment
2017-03-04 00:33:14-main--INFO -com.ctaf.accelerators.TestEngine:Successfully click on Submit to Change
2017-03-04 00:34:36-main--INFO -com.ctaf.accelerators.TestEngine:Current Test : TC158_Location_Page_News_Page_Location_Cm
2017-03-04 00:34:36-main--INFO -com.ctaf.accelerators.TestEngine:in login
2017-03-04 00:34:36-main--INFO -com.ctaf.accelerators.TestEngine:Successfully click on Menu
2017-03-04 00:34:37-main--INFO -com.ctaf.accelerators.TestEngine:Successfully click on Click on Menu/Login
2017-03-04 00:34:37-main--INFO -com.ctaf.accelerators.TestEngine:Type  autoconmanager@harvestdp.com in Email address
2017-03-04 00:34:37-main--INFO -com.ctaf.accelerators.TestEngine:Type  Automation2017 in Password
2017-03-04 00:34:37-main--INFO -com.ctaf.accelerators.TestEngine:Successfully click on Login button
2017-03-04 00:34:47-main--INFO -com.ctaf.accelerators.TestEngine:in navigateToNewsPage
2017-03-04 00:35:13-main--INFO -com.ctaf.accelerators.TestEngine:Successfully click on Page
2017-03-04 00:35:43-main--INFO -com.ctaf.accelerators.TestEngine:Successfully click on More
2017-03-04 00:35:59-main--INFO -com.ctaf.accelerators.TestEngine:Successfully click on News Page
2017-03-04 00:36:09-main--INFO -com.ctaf.accelerators.TestEngine:in PageLocation
2017-03-04 00:36:55-main--INFO -com.ctaf.accelerators.TestEngine:Successfully click on Expand Home
2017-03-04 00:37:05-main--INFO -com.ctaf.accelerators.TestEngine:Successfully click on Project
2017-03-04 00:37:35-main--INFO -com.ctaf.accelerators.TestEngine:Successfully click on Page Name
2017-03-04 00:37:40-main--INFO -com.ctaf.accelerators.TestEngine:Type  Testing Location in Project Name
2017-03-04 00:38:00-main--INFO -com.ctaf.accelerators.TestEngine:Successfully click on Location
2017-03-04 00:38:05-main--INFO -com.ctaf.accelerators.TestEngine:Successfully click on Location
2017-03-04 00:38:26-main--INFO -com.ctaf.accelerators.TestEngine:Successfully click on Home
2017-03-04 00:38:31-main--INFO -com.ctaf.accelerators.TestEngine:Successfully click on Save Changes
2017-03-04 00:38:46-main--INFO -com.ctaf.accelerators.TestEngine:Successfully click on Save Page
2017-03-04 00:38:51-main--INFO -com.ctaf.accelerators.TestEngine:in workflow
2017-03-04 00:38:51-main--INFO -com.ctaf.accelerators.TestEngine:in sumbitWorkflow
2017-03-04 00:38:56-main--INFO -com.ctaf.accelerators.TestEngine:Type  Testing in Version Comment
2017-03-04 00:41:57-main--INFO -com.ctaf.accelerators.TestEngine: Able to get TscreenShot
2017-03-04 00:42:38-main--INFO -com.ctaf.accelerators.TestEngine:Current Test : TC161_Verify_Project_News_Page_Delete_Cm
2017-03-04 00:42:38-main--INFO -com.ctaf.accelerators.TestEngine:in login
2017-03-04 00:42:38-main--INFO -com.ctaf.accelerators.TestEngine:Successfully click on Menu
2017-03-04 00:42:38-main--INFO -com.ctaf.accelerators.TestEngine:Successfully click on Click on Menu/Login
2017-03-04 00:42:38-main--INFO -com.ctaf.accelerators.TestEngine:Type  autoconmanager@harvestdp.com in Email address
2017-03-04 00:42:39-main--INFO -com.ctaf.accelerators.TestEngine:Type  Automation2017 in Password
2017-03-04 00:42:39-main--INFO -com.ctaf.accelerators.TestEngine:Successfully click on Login button
2017-03-04 00:43:16-main--INFO -com.ctaf.accelerators.TestEngine:Successfully click on Page
2017-03-04 00:43:46-main--INFO -com.ctaf.accelerators.TestEngine:Successfully click on More
2017-03-04 00:43:57-main--INFO -com.ctaf.accelerators.TestEngine:Successfully click on News Page
2017-03-04 00:43:57-main--INFO -com.ctaf.accelerators.TestEngine:in getRandomString
2017-03-04 00:43:57-main--INFO -com.ctaf.accelerators.TestEngine:in getRandomString
2017-03-04 00:43:57-main--INFO -com.ctaf.accelerators.TestEngine:Successfully click on Details
2017-03-04 00:44:03-main--INFO -com.ctaf.accelerators.TestEngine:Successfully click on Project Name
2017-03-04 00:44:03-main--INFO -com.ctaf.accelerators.TestEngine:Type  NewsPage - yCdqYI - ogfa in Project Name
2017-03-04 00:44:03-main--INFO -com.ctaf.accelerators.TestEngine:in PageLocation
2017-03-04 00:44:48-main--INFO -com.ctaf.accelerators.TestEngine:Successfully click on Expand Home
2017-03-04 00:44:58-main--INFO -com.ctaf.accelerators.TestEngine:Successfully click on Project
2017-03-04 00:45:28-main--INFO -com.ctaf.accelerators.TestEngine:Successfully click on Submit
2017-03-04 00:45:33-main--INFO -com.ctaf.accelerators.TestEngine:in navigateToSetting
2017-03-04 00:45:43-main--INFO -com.ctaf.accelerators.TestEngine:Successfully click on Settings
2017-03-04 00:49:54-main--INFO -com.ctaf.accelerators.TestEngine: Able to get TscreenShot
2017-03-04 00:50:34-main--INFO -com.ctaf.accelerators.TestEngine:Current Test : TC166_Design_Page_News_Page_Template_Pa
2017-03-04 00:50:34-main--INFO -com.ctaf.accelerators.TestEngine:in login
2017-03-04 00:50:34-main--INFO -com.ctaf.accelerators.TestEngine:Successfully click on Menu
2017-03-04 00:50:34-main--INFO -com.ctaf.accelerators.TestEngine:Successfully click on Click on Menu/Login
2017-03-04 00:50:34-main--INFO -com.ctaf.accelerators.TestEngine:Type  autoprauthor@harvestdp.com in Email address
2017-03-04 00:50:35-main--INFO -com.ctaf.accelerators.TestEngine:Type  Automation2017 in Password
2017-03-04 00:50:35-main--INFO -com.ctaf.accelerators.TestEngine:Successfully click on Login button
2017-03-04 00:50:45-main--INFO -com.ctaf.accelerators.TestEngine:in navigateToNewsPage
2017-03-04 00:51:12-main--INFO -com.ctaf.accelerators.TestEngine:Successfully click on Page
2017-03-04 00:51:42-main--INFO -com.ctaf.accelerators.TestEngine:Successfully click on More
2017-03-04 00:51:58-main--INFO -com.ctaf.accelerators.TestEngine:Successfully click on News Page
2017-03-04 00:52:08-main--INFO -com.ctaf.accelerators.TestEngine:in PageLocation
2017-03-04 00:52:54-main--INFO -com.ctaf.accelerators.TestEngine:Successfully click on Expand Home
2017-03-04 00:53:04-main--INFO -com.ctaf.accelerators.TestEngine:Successfully click on Project
2017-03-04 00:53:34-main--INFO -com.ctaf.accelerators.TestEngine:Successfully click on Page Name
2017-03-04 00:53:39-main--INFO -com.ctaf.accelerators.TestEngine:Type  Testing Design in Project Name
2017-03-04 00:54:29-main--INFO -com.ctaf.accelerators.TestEngine:Successfully click on Design
2017-03-04 00:54:31-main--INFO -com.ctaf.accelerators.TestEngine:News Full is displaying
2017-03-04 00:54:32-main--INFO -com.ctaf.accelerators.TestEngine:Successfully click on SaveChanges
2017-03-04 00:54:47-main--INFO -com.ctaf.accelerators.TestEngine:Successfully click on Save Page
2017-03-04 00:54:52-main--INFO -com.ctaf.accelerators.TestEngine:in workflow
2017-03-04 00:54:52-main--INFO -com.ctaf.accelerators.TestEngine:in saveChanges
2017-03-04 00:54:52-main--INFO -com.ctaf.accelerators.TestEngine:Type  Testing in Version Comment
2017-03-04 00:54:52-main--INFO -com.ctaf.accelerators.TestEngine:Successfully click on Save Change
2017-03-04 00:56:12-main--INFO -com.ctaf.accelerators.TestEngine:Current Test : TC170_Verify_Page_News_Page_Version_Duplicate_Pa
2017-03-04 00:56:12-main--INFO -com.ctaf.accelerators.TestEngine:in login
2017-03-04 00:56:12-main--INFO -com.ctaf.accelerators.TestEngine:Successfully click on Menu
2017-03-04 00:56:12-main--INFO -com.ctaf.accelerators.TestEngine:Successfully click on Click on Menu/Login
2017-03-04 00:56:12-main--INFO -com.ctaf.accelerators.TestEngine:Type  autoprauthor@harvestdp.com in Email address
2017-03-04 00:56:12-main--INFO -com.ctaf.accelerators.TestEngine:Type  Automation2017 in Password
2017-03-04 00:56:12-main--INFO -com.ctaf.accelerators.TestEngine:Successfully click on Login button
2017-03-04 00:56:27-main--INFO -com.ctaf.accelerators.TestEngine:in navigateToNewsPage
2017-03-04 00:56:49-main--INFO -com.ctaf.accelerators.TestEngine:Successfully click on Page
2017-03-04 00:57:19-main--INFO -com.ctaf.accelerators.TestEngine:Successfully click on More
2017-03-04 00:57:36-main--INFO -com.ctaf.accelerators.TestEngine:Successfully click on News Page
2017-03-04 00:57:46-main--INFO -com.ctaf.accelerators.TestEngine:Type  Testing Version Duplicate in Project Name
2017-03-04 00:57:46-main--INFO -com.ctaf.accelerators.TestEngine:in PageLocation
2017-03-04 00:58:31-main--INFO -com.ctaf.accelerators.TestEngine:Successfully click on Expand Home
2017-03-04 00:58:41-main--INFO -com.ctaf.accelerators.TestEngine:Successfully click on Project
2017-03-04 00:59:16-main--INFO -com.ctaf.accelerators.TestEngine:Successfully click on Version
2017-03-04 01:01:37-main--INFO -com.ctaf.accelerators.TestEngine: Able to get TscreenShot
2017-03-04 01:02:19-main--INFO -com.ctaf.accelerators.TestEngine:Current Test : TC179_WCCP_418_2
2017-03-04 01:02:19-main--INFO -com.ctaf.accelerators.TestEngine:in login
2017-03-04 01:02:19-main--INFO -com.ctaf.accelerators.TestEngine:Successfully click on Menu
2017-03-04 01:02:19-main--INFO -com.ctaf.accelerators.TestEngine:Successfully click on Click on Menu/Login
2017-03-04 01:02:20-main--INFO -com.ctaf.accelerators.TestEngine:Type  autosm2017@gmail.com in Email address
2017-03-04 01:02:20-main--INFO -com.ctaf.accelerators.TestEngine:Type  Automation2017 in Password
2017-03-04 01:02:20-main--INFO -com.ctaf.accelerators.TestEngine:Successfully click on Login button
2017-03-04 01:03:01-main--INFO -com.ctaf.accelerators.TestEngine:Successfully click on Dashboard
2017-03-04 01:03:59-main--INFO -com.ctaf.accelerators.TestEngine:Successfully click on Dashboard/Project
2017-03-04 01:04:03-main--INFO -com.ctaf.accelerators.TestEngine:Successfully click on Launch New Project
2017-03-04 01:04:03-main--INFO -com.ctaf.accelerators.TestEngine:in getRandomString
2017-03-04 01:04:03-main--INFO -com.ctaf.accelerators.TestEngine:Type  Automation Project - SnsK in Project Name
2017-03-04 01:04:03-main--INFO -com.ctaf.accelerators.TestEngine:Type  New Automation Project in Project Description
2017-03-04 01:04:53-main--INFO -com.ctaf.accelerators.TestEngine:Successfully click on Next Button
2017-03-04 01:04:58-main--INFO -com.ctaf.accelerators.TestEngine:in scrollandClick
2017-03-04 01:04:58-main--INFO -com.ctaf.accelerators.TestEngine:Select Department of Economic Development, Jobs, Transport and Resources from Project Department
2017-03-04 01:06:59-main--INFO -com.ctaf.accelerators.TestEngine: Able to get TscreenShot
2017-03-04 01:07:42-main--INFO -com.ctaf.accelerators.TestEngine:Current Test : TC180_WCCP_417_414
2017-03-04 01:07:42-main--INFO -com.ctaf.accelerators.TestEngine:in login
2017-03-04 01:07:42-main--INFO -com.ctaf.accelerators.TestEngine:Successfully click on Menu
2017-03-04 01:07:42-main--INFO -com.ctaf.accelerators.TestEngine:Successfully click on Click on Menu/Login
2017-03-04 01:07:42-main--INFO -com.ctaf.accelerators.TestEngine:Type  autosm2017@gmail.com in Email address
2017-03-04 01:07:43-main--INFO -com.ctaf.accelerators.TestEngine:Type  Automation2017 in Password
2017-03-04 01:07:43-main--INFO -com.ctaf.accelerators.TestEngine:Successfully click on Login button
2017-03-04 01:08:24-main--INFO -com.ctaf.accelerators.TestEngine:Successfully click on Dashboard
2017-03-04 01:09:21-main--INFO -com.ctaf.accelerators.TestEngine:Successfully click on Dashboard/Project
2017-03-04 01:09:25-main--INFO -com.ctaf.accelerators.TestEngine:Successfully click on Launch New Project
2017-03-04 01:09:25-main--INFO -com.ctaf.accelerators.TestEngine:in getRandomString
2017-03-04 01:09:25-main--INFO -com.ctaf.accelerators.TestEngine:Type  Automation Project - hLKG in Project Name
2017-03-04 01:09:25-main--INFO -com.ctaf.accelerators.TestEngine:Type  New Automation Project in Project Description
2017-03-04 01:10:15-main--INFO -com.ctaf.accelerators.TestEngine:Successfully click on Next Button
2017-03-04 01:10:20-main--INFO -com.ctaf.accelerators.TestEngine:in scrollandClick
2017-03-04 01:10:20-main--INFO -com.ctaf.accelerators.TestEngine:Select Department of Economic Development, Jobs, Transport and Resources from Project Department
2017-03-04 01:12:21-main--INFO -com.ctaf.accelerators.TestEngine: Able to get TscreenShot
2017-03-04 01:13:01-main--INFO -com.ctaf.accelerators.TestEngine:Current Test : TC181_WCCP_418_1
2017-03-04 01:13:01-main--INFO -com.ctaf.accelerators.TestEngine:in login
2017-03-04 01:13:01-main--INFO -com.ctaf.accelerators.TestEngine:Successfully click on Menu
2017-03-04 01:13:01-main--INFO -com.ctaf.accelerators.TestEngine:Successfully click on Click on Menu/Login
2017-03-04 01:13:02-main--INFO -com.ctaf.accelerators.TestEngine:Type  autosm2017@gmail.com in Email address
2017-03-04 01:13:02-main--INFO -com.ctaf.accelerators.TestEngine:Type  Automation2017 in Password
2017-03-04 01:13:02-main--INFO -com.ctaf.accelerators.TestEngine:Successfully click on Login button
2017-03-04 01:13:42-main--INFO -com.ctaf.accelerators.TestEngine:Successfully click on Dashboard
2017-03-04 01:14:40-main--INFO -com.ctaf.accelerators.TestEngine:Successfully click on Dashboard/Project
2017-03-04 01:14:44-main--INFO -com.ctaf.accelerators.TestEngine:Successfully click on Launch New Project
2017-03-04 01:14:44-main--INFO -com.ctaf.accelerators.TestEngine:in getRandomString
2017-03-04 01:14:44-main--INFO -com.ctaf.accelerators.TestEngine:Type  Automation Project - OuuR in Project Name
2017-03-04 01:14:44-main--INFO -com.ctaf.accelerators.TestEngine:Type  New Automation Project in Project Description
2017-03-04 01:15:34-main--INFO -com.ctaf.accelerators.TestEngine:Successfully click on Next Button
2017-03-04 01:15:39-main--INFO -com.ctaf.accelerators.TestEngine:in scrollandClick
2017-03-04 01:15:39-main--INFO -com.ctaf.accelerators.TestEngine:Select Department of Economic Development, Jobs, Transport and Resources from Project Department
2017-03-04 01:17:40-main--INFO -com.ctaf.accelerators.TestEngine: Able to get TscreenShot
2017-03-04 01:18:22-main--INFO -com.ctaf.accelerators.TestEngine:Current Test : TC186_Verify_Dashboard_Members_Unavailable_Pa
2017-03-04 01:18:22-main--INFO -com.ctaf.accelerators.TestEngine:in login
2017-03-04 01:18:22-main--INFO -com.ctaf.accelerators.TestEngine:Successfully click on Menu
2017-03-04 01:18:22-main--INFO -com.ctaf.accelerators.TestEngine:Successfully click on Click on Menu/Login
2017-03-04 01:18:22-main--INFO -com.ctaf.accelerators.TestEngine:Type  autoprauthor@harvestdp.com in Email address
2017-03-04 01:18:22-main--INFO -com.ctaf.accelerators.TestEngine:Type  Automation2017 in Password
2017-03-04 01:18:22-main--INFO -com.ctaf.accelerators.TestEngine:Successfully click on Login button
2017-03-04 01:18:58-main--INFO -com.ctaf.accelerators.TestEngine:Successfully click on Dashboard
2017-03-04 01:21:28-main--INFO -com.ctaf.accelerators.TestEngine:Element is Not Present
2017-03-04 01:22:11-main--INFO -com.ctaf.accelerators.TestEngine:Current Test : TC185_Verify_Dashboard_Members_Cm
2017-03-04 01:22:11-main--INFO -com.ctaf.accelerators.TestEngine:in login
2017-03-04 01:22:11-main--INFO -com.ctaf.accelerators.TestEngine:Successfully click on Menu
2017-03-04 01:22:11-main--INFO -com.ctaf.accelerators.TestEngine:Successfully click on Click on Menu/Login
2017-03-04 01:22:11-main--INFO -com.ctaf.accelerators.TestEngine:Type  autoconmanager@harvestdp.com in Email address
2017-03-04 01:22:11-main--INFO -com.ctaf.accelerators.TestEngine:Type  Automation2017 in Password
2017-03-04 01:22:11-main--INFO -com.ctaf.accelerators.TestEngine:Successfully click on Login button
2017-03-04 01:22:47-main--INFO -com.ctaf.accelerators.TestEngine:Successfully click on Dashboard
2017-03-04 01:25:17-main--INFO -com.ctaf.accelerators.TestEngine:Element is Not Present
